[ 2017-07-19T10:42:29+08:00 ] 192.168.1.240 /api/aproxy/stoneOrderListPage?tokenKey=9b102f07cfa13184ef5d88c82c543317
INFO: [ app_init ] --START--
INFO: Run Behavior\BuildLiteBehavior [ RunTime:0.000000s ]
INFO: [ app_init ] --END-- [ RunTime:0.003000s ]
INFO: [ app_begin ] --START--
INFO: Run Behavior\ReadHtmlCacheBehavior [ RunTime:0.003000s ]
INFO: [ app_begin ] --END-- [ RunTime:0.003000s ]
INFO: [ action_begin ] --START--
SQL: SHOW COLUMNS FROM `app_member` [ RunTime:0.0090s ]
SQL: SELECT `id`,`userName`,`tokenKey`,`orderErpId`,`salesErpId`,`phone` FROM `app_member` WHERE `tokenKey` = '9b102f07cfa13184ef5d88c82c543317'  [ RunTime:0.0080s ]
SQL: insert into app_user_active (member_id) VALUE (132) [ RunTime:0.0130s ]
INFO: Run Api\Behaviors\PurviewBehavior [ RunTime:0.543031s ]
INFO: Run Admin\Behaviors\AdminPurviewBehavior [ RunTime:0.009000s ]
INFO: [ action_begin ] --END-- [ RunTime:0.553031s ]
NOTIC: [2048] Non-static method Api\Controller\StoneController::stoneOrderListPage() should not be called statically, assuming $this from incompatible context D:\Apache HTTP Server\x64\WebApp\AppErp\Web\Api\Controller\Aproxy\Controller.Aproxy.stone.php 第 24 行.
SQL: SELECT `id`,`stoneAddtion` FROM `app_member` WHERE ( (IsMasterAccount=1 and id=132) or myMasterAccountMId=132 ) ORDER BY id desc  [ RunTime:0.0150s ]
SQL: SELECT `id`,`stoneAddtion` FROM `app_member` WHERE ( (IsMasterAccount=1 and id=132) or myMasterAccountMId=132 ) ORDER BY id desc  [ RunTime:0.0200s ]
SQL: SHOW COLUMNS FROM `app_member_address` [ RunTime:0.0100s ]
SQL: SELECT `id`,`name`,`province_id`,`city_id`,`area_id`,`phone`,`addr` FROM `app_member_address` WHERE `member_id` = 132 ORDER BY `isDefaultDate` desc,`id` desc LIMIT 1   [ RunTime:0.1900s ]
INFO: [ app_end ] --START--
INFO: Run Behavior\ShowPageTraceBehavior [ RunTime:0.024001s ]
INFO: [ app_end ] --END-- [ RunTime:0.025001s ]

[ 2017-07-19T10:43:15+08:00 ] 192.168.1.240 /api/aproxy/stoneOrderListPage?tokenKey=9b102f07cfa13184ef5d88c82c543317
INFO: [ app_init ] --START--
INFO: Run Behavior\BuildLiteBehavior [ RunTime:0.000000s ]
INFO: [ app_init ] --END-- [ RunTime:0.000000s ]
INFO: [ app_begin ] --START--
INFO: Run Behavior\ReadHtmlCacheBehavior [ RunTime:0.001000s ]
INFO: [ app_begin ] --END-- [ RunTime:0.001000s ]
INFO: [ action_begin ] --START--
SQL: SHOW COLUMNS FROM `app_member` [ RunTime:0.0090s ]
SQL: SELECT `id`,`userName`,`tokenKey`,`orderErpId`,`salesErpId`,`phone` FROM `app_member` WHERE `tokenKey` = '9b102f07cfa13184ef5d88c82c543317'  [ RunTime:0.0120s ]
SQL: insert into app_user_active (member_id) VALUE (132) [ RunTime:0.0100s ]
INFO: Run Api\Behaviors\PurviewBehavior [ RunTime:0.101006s ]
INFO: Run Admin\Behaviors\AdminPurviewBehavior [ RunTime:0.000000s ]
INFO: [ action_begin ] --END-- [ RunTime:0.101006s ]
NOTIC: [2048] Non-static method Api\Controller\StoneController::stoneOrderListPage() should not be called statically, assuming $this from incompatible context D:\Apache HTTP Server\x64\WebApp\AppErp\Web\Api\Controller\Aproxy\Controller.Aproxy.stone.php 第 24 行.
SQL: SELECT `id`,`stoneAddtion` FROM `app_member` WHERE ( (IsMasterAccount=1 and id=132) or myMasterAccountMId=132 ) ORDER BY id desc  [ RunTime:0.0070s ]
SQL: SELECT `id`,`stoneAddtion` FROM `app_member` WHERE ( (IsMasterAccount=1 and id=132) or myMasterAccountMId=132 ) ORDER BY id desc  [ RunTime:0.0160s ]
SQL: SHOW COLUMNS FROM `app_member_address` [ RunTime:0.0120s ]
SQL: SELECT `id`,`name`,`province_id`,`city_id`,`area_id`,`phone`,`addr` FROM `app_member_address` WHERE `member_id` = 132 ORDER BY `isDefaultDate` desc,`id` desc LIMIT 1   [ RunTime:0.0100s ]
INFO: [ app_end ] --START--
INFO: Run Behavior\ShowPageTraceBehavior [ RunTime:0.000000s ]
INFO: [ app_end ] --END-- [ RunTime:0.001000s ]

[ 2017-07-19T10:43:44+08:00 ] 192.168.1.240 /api/aproxy/stoneOrderListPage?tokenKey=9b102f07cfa13184ef5d88c82c543317
INFO: [ app_init ] --START--
INFO: Run Behavior\BuildLiteBehavior [ RunTime:0.000000s ]
INFO: [ app_init ] --END-- [ RunTime:0.000000s ]
INFO: [ app_begin ] --START--
INFO: Run Behavior\ReadHtmlCacheBehavior [ RunTime:0.000000s ]
INFO: [ app_begin ] --END-- [ RunTime:0.001000s ]
INFO: [ action_begin ] --START--
NOTIC: [8] Undefined index: Rejectordererpuser D:\Apache HTTP Server\x64\WebApp\AppErp\Web\Common\Common\Api\flow\UserCls\flow.UserCls.UserSessionManage.php 第 39 行.
SQL: SHOW COLUMNS FROM `app_member` [ RunTime:0.0210s ]
SQL: SELECT `id`,`userName`,`tokenKey`,`orderErpId`,`salesErpId`,`phone` FROM `app_member` WHERE `tokenKey` = '9b102f07cfa13184ef5d88c82c543317'  [ RunTime:0.0080s ]
SQL: insert into app_user_active (member_id) VALUE (132) [ RunTime:0.0090s ]
INFO: Run Api\Behaviors\PurviewBehavior [ RunTime:0.092005s ]
INFO: Run Admin\Behaviors\AdminPurviewBehavior [ RunTime:0.000000s ]
INFO: [ action_begin ] --END-- [ RunTime:0.093005s ]
NOTIC: [2048] Non-static method Api\Controller\StoneController::stoneOrderListPage() should not be called statically, assuming $this from incompatible context D:\Apache HTTP Server\x64\WebApp\AppErp\Web\Api\Controller\Aproxy\Controller.Aproxy.stone.php 第 24 行.
SQL: SELECT `id`,`stoneAddtion` FROM `app_member` WHERE ( (IsMasterAccount=1 and id=132) or myMasterAccountMId=132 ) ORDER BY id desc  [ RunTime:0.0100s ]
SQL: SELECT `id`,`stoneAddtion` FROM `app_member` WHERE ( (IsMasterAccount=1 and id=132) or myMasterAccountMId=132 ) ORDER BY id desc  [ RunTime:0.0130s ]
SQL: SHOW COLUMNS FROM `app_member_address` [ RunTime:0.0130s ]
SQL: SELECT `id`,`name`,`province_id`,`city_id`,`area_id`,`phone`,`addr` FROM `app_member_address` WHERE `member_id` = 132 ORDER BY `isDefaultDate` desc,`id` desc LIMIT 1   [ RunTime:0.0110s ]
INFO: [ app_end ] --START--
INFO: Run Behavior\ShowPageTraceBehavior [ RunTime:0.000000s ]
INFO: [ app_end ] --END-- [ RunTime:0.001000s ]

[ 2017-07-19T10:45:08+08:00 ] 192.168.1.240 /api/aproxy/stoneOrderListPage?tokenKey=81332ec7af46cd979918969c83545eb2
INFO: [ app_init ] --START--
INFO: Run Behavior\BuildLiteBehavior [ RunTime:0.000000s ]
INFO: [ app_init ] --END-- [ RunTime:0.000000s ]
INFO: [ app_begin ] --START--
INFO: Run Behavior\ReadHtmlCacheBehavior [ RunTime:0.000000s ]
INFO: [ app_begin ] --END-- [ RunTime:0.001000s ]
INFO: [ action_begin ] --START--
SQL: SHOW COLUMNS FROM `app_member` [ RunTime:0.0070s ]
SQL: SELECT `id`,`userName`,`tokenKey`,`orderErpId`,`salesErpId`,`phone` FROM `app_member` WHERE `tokenKey` = '81332ec7af46cd979918969c83545eb2'  [ RunTime:0.0070s ]
SQL: insert into app_user_active (member_id) VALUE (138) [ RunTime:0.0110s ]
INFO: Run Api\Behaviors\PurviewBehavior [ RunTime:0.067004s ]
INFO: Run Admin\Behaviors\AdminPurviewBehavior [ RunTime:0.000000s ]
INFO: [ action_begin ] --END-- [ RunTime:0.069004s ]
NOTIC: [2048] Non-static method Api\Controller\StoneController::stoneOrderListPage() should not be called statically, assuming $this from incompatible context D:\Apache HTTP Server\x64\WebApp\AppErp\Web\Api\Controller\Aproxy\Controller.Aproxy.stone.php 第 24 行.
SQL: SELECT `id`,`stoneAddtion` FROM `app_member` WHERE ( (IsMasterAccount=1 and id=138) or myMasterAccountMId=138 ) ORDER BY id desc  [ RunTime:0.0060s ]
SQL: SELECT `id`,`stoneAddtion` FROM `app_member` WHERE ( (IsMasterAccount=1 and id=138) or myMasterAccountMId=138 ) ORDER BY id desc  [ RunTime:0.0230s ]
SQL: SELECT `id`,`stoneAddtion` FROM `app_member` WHERE ( (IsMasterAccount=1 and id=138) or myMasterAccountMId=138 ) ORDER BY id desc  [ RunTime:0.0120s ]
SQL: SHOW COLUMNS FROM `app_member_address` [ RunTime:0.0240s ]
SQL: SELECT `id`,`name`,`province_id`,`city_id`,`area_id`,`phone`,`addr` FROM `app_member_address` WHERE `member_id` = 138 ORDER BY `isDefaultDate` desc,`id` desc LIMIT 1   [ RunTime:0.0390s ]
INFO: [ app_end ] --START--
INFO: Run Behavior\ShowPageTraceBehavior [ RunTime:0.001000s ]
INFO: [ app_end ] --END-- [ RunTime:0.001000s ]

[ 2017-07-19T11:36:14+08:00 ] 192.168.1.240 /api/aproxy/modelListPage?tokenKey=81332ec7af46cd979918969c83545eb2
INFO: [ app_init ] --START--
INFO: Run Behavior\BuildLiteBehavior [ RunTime:0.000000s ]
INFO: [ app_init ] --END-- [ RunTime:0.000000s ]
INFO: [ app_begin ] --START--
INFO: Run Behavior\ReadHtmlCacheBehavior [ RunTime:0.000000s ]
INFO: [ app_begin ] --END-- [ RunTime:0.001000s ]
INFO: [ action_begin ] --START--
SQL: SHOW COLUMNS FROM `app_member` [ RunTime:0.0120s ]
SQL: SELECT `id`,`userName`,`tokenKey`,`orderErpId`,`salesErpId`,`phone` FROM `app_member` WHERE `tokenKey` = '81332ec7af46cd979918969c83545eb2'  [ RunTime:0.0080s ]
SQL: insert into app_user_active (member_id) VALUE (138) [ RunTime:0.0370s ]
INFO: Run Api\Behaviors\PurviewBehavior [ RunTime:0.131008s ]
INFO: Run Admin\Behaviors\AdminPurviewBehavior [ RunTime:0.000000s ]
INFO: [ action_begin ] --END-- [ RunTime:0.131008s ]
NOTIC: [2048] Non-static method Api\Controller\ModelController::modelListPage() should not be called statically, assuming $this from incompatible context D:\Apache HTTP Server\x64\WebApp\AppErp\Web\Api\Controller\Aproxy\Controller.Aproxy.ModelProxy.php 第 14 行.
SQL: SELECT `id`,`stoneAddtion` FROM `app_member` WHERE ( (IsMasterAccount=1 and id=138) or myMasterAccountMId=138 ) ORDER BY id desc  [ RunTime:0.0280s ]
SQL: SELECT `id`,`stoneAddtion` FROM `app_member` WHERE ( (IsMasterAccount=1 and id=138) or myMasterAccountMId=138 ) ORDER BY id desc  [ RunTime:0.0570s ]
SQL: SELECT `id`,`modelAddtion` FROM `app_member` WHERE ( (IsMasterAccount=1 and id=138) or myMasterAccountMId=138 ) ORDER BY id desc  [ RunTime:0.0160s ]
SQL: SELECT `id`,`stoneAddtion` FROM `app_member` WHERE ( (IsMasterAccount=1 and id=138) or myMasterAccountMId=138 ) ORDER BY id desc  [ RunTime:0.0560s ]
SQL: SELECT `id`,`stoneAddtion` FROM `app_member` WHERE ( (IsMasterAccount=1 and id=138) or myMasterAccountMId=138 ) ORDER BY id desc  [ RunTime:0.0660s ]
SQL: SELECT `id`,`modelAddtion` FROM `app_member` WHERE ( (IsMasterAccount=1 and id=138) or myMasterAccountMId=138 ) ORDER BY id desc  [ RunTime:0.0150s ]
SQL: SELECT id,name as title,FORMAT(ifnull(price,0),2)*1 as price,CONCAT('http://124.172.169.117:9888/',pic) as pic FROM app_model_product c  order by priorSort desc,updateDateforSort desc,id desc limit 0,12 [ RunTime:0.0100s ]
NOTIC: [8] Undefined index: Rejectordererpuser D:\Apache HTTP Server\x64\WebApp\AppErp\Web\Common\Common\Api\flow\UserCls\flow.UserCls.UserSessionManage.php 第 39 行.
SQL: SELECT count(*) as cou FROM app_model_product c  [ RunTime:0.0060s ]
SQL: SHOW COLUMNS FROM `app_model_category` [ RunTime:0.0050s ]
SQL: SELECT `id`,name as title,`sort` FROM `app_model_category` WHERE `model_category_id` = 0 AND `group` = 'filter' ORDER BY `sort` asc  [ RunTime:0.0070s ]
SQL: SELECT `id`,name as title,id as  'value','category' as 'groupKey',0 as isSelect FROM `app_model_category` WHERE `model_category_id` = 179  [ RunTime:0.0090s ]
SQL: SHOW COLUMNS FROM `app_model_category` [ RunTime:0.0100s ]
SQL: SELECT `id`,name as title FROM app_model_category aa WHERE ( exists (select * from app_model_category a where aa.model_category_id = a.id and sign='custom') )  [ RunTime:0.0510s ]
SQL: SELECT
                    count(*) as cou
                FROM
                    app_model_main_order_current_detail a
                WHERE
                    EXISTS (
                        SELECT
                            *
                        FROM
                            app_model_product
                        WHERE
                            id = a.model_product_id
                    )
                 AND orderStatus =0  AND member_id=138 [ RunTime:0.0150s ]
INFO: [ app_end ] --START--
INFO: Run Behavior\ShowPageTraceBehavior [ RunTime:0.001000s ]
INFO: [ app_end ] --END-- [ RunTime:0.001000s ]

[ 2017-07-19T11:36:55+08:00 ] 192.168.1.240 /api/aproxy/modelListPage?tokenKey=81332ec7af46cd979918969c83545eb2
INFO: [ app_init ] --START--
INFO: Run Behavior\BuildLiteBehavior [ RunTime:0.000000s ]
INFO: [ app_init ] --END-- [ RunTime:0.001000s ]
INFO: [ app_begin ] --START--
INFO: Run Behavior\ReadHtmlCacheBehavior [ RunTime:0.000000s ]
INFO: [ app_begin ] --END-- [ RunTime:0.000000s ]
INFO: [ action_begin ] --START--
NOTIC: [8] Undefined index: Rejectordererpuser D:\Apache HTTP Server\x64\WebApp\AppErp\Web\Common\Common\Api\flow\UserCls\flow.UserCls.UserSessionManage.php 第 39 行.
INFO: Run Api\Behaviors\PurviewBehavior [ RunTime:0.010001s ]
INFO: Run Admin\Behaviors\AdminPurviewBehavior [ RunTime:0.001000s ]
INFO: [ action_begin ] --END-- [ RunTime:0.011001s ]
NOTIC: [2048] Non-static method Api\Controller\ModelController::modelListPage() should not be called statically, assuming $this from incompatible context D:\Apache HTTP Server\x64\WebApp\AppErp\Web\Api\Controller\Aproxy\Controller.Aproxy.ModelProxy.php 第 14 行.
SQL: SHOW COLUMNS FROM `app_member` [ RunTime:0.0120s ]
SQL: SELECT `id`,`stoneAddtion` FROM `app_member` WHERE ( (IsMasterAccount=1 and id=138) or myMasterAccountMId=138 ) ORDER BY id desc  [ RunTime:0.0060s ]
SQL: SELECT `id`,`stoneAddtion` FROM `app_member` WHERE ( (IsMasterAccount=1 and id=138) or myMasterAccountMId=138 ) ORDER BY id desc  [ RunTime:0.0110s ]
SQL: SELECT `id`,`modelAddtion` FROM `app_member` WHERE ( (IsMasterAccount=1 and id=138) or myMasterAccountMId=138 ) ORDER BY id desc  [ RunTime:0.0060s ]
SQL: SELECT `id`,`stoneAddtion` FROM `app_member` WHERE ( (IsMasterAccount=1 and id=138) or myMasterAccountMId=138 ) ORDER BY id desc  [ RunTime:0.0110s ]
SQL: SELECT `id`,`stoneAddtion` FROM `app_member` WHERE ( (IsMasterAccount=1 and id=138) or myMasterAccountMId=138 ) ORDER BY id desc  [ RunTime:0.0040s ]
SQL: SELECT `id`,`modelAddtion` FROM `app_member` WHERE ( (IsMasterAccount=1 and id=138) or myMasterAccountMId=138 ) ORDER BY id desc  [ RunTime:0.0090s ]
SQL: SELECT id,name as title,FORMAT(ifnull(price,0),2)*1 as price,CONCAT('http://124.172.169.117:9888/',pic) as pic FROM app_model_product c  order by priorSort desc,updateDateforSort desc,id desc limit 0,12 [ RunTime:0.0490s ]
NOTIC: [8] Undefined index: Rejectordererpuser D:\Apache HTTP Server\x64\WebApp\AppErp\Web\Common\Common\Api\flow\UserCls\flow.UserCls.UserSessionManage.php 第 39 行.
SQL: SELECT count(*) as cou FROM app_model_product c  [ RunTime:0.0110s ]
SQL: SHOW COLUMNS FROM `app_model_category` [ RunTime:0.0120s ]
SQL: SELECT `id`,name as title,`sort` FROM `app_model_category` WHERE `model_category_id` = 0 AND `group` = 'filter' ORDER BY `sort` asc  [ RunTime:0.0170s ]
SQL: SELECT `id`,name as title,id as  'value','category' as 'groupKey',0 as isSelect FROM `app_model_category` WHERE `model_category_id` = 179  [ RunTime:0.0110s ]
SQL: SHOW COLUMNS FROM `app_model_category` [ RunTime:0.0120s ]
SQL: SELECT
                    count(*) as cou
                FROM
                    app_model_main_order_current_detail a
                WHERE
                    EXISTS (
                        SELECT
                            *
                        FROM
                            app_model_product
                        WHERE
                            id = a.model_product_id
                    )
                 AND orderStatus =0  AND member_id=138 [ RunTime:0.0380s ]
INFO: [ app_end ] --START--
INFO: Run Behavior\ShowPageTraceBehavior [ RunTime:0.000000s ]
INFO: [ app_end ] --END-- [ RunTime:0.000000s ]

[ 2017-07-19T11:47:43+08:00 ] 192.168.1.240 /api/aproxy/modelListPage?tokenKey=81332ec7af46cd979918969c83545eb2
INFO: [ app_init ] --START--
INFO: Run Behavior\BuildLiteBehavior [ RunTime:0.000000s ]
INFO: [ app_init ] --END-- [ RunTime:0.001000s ]
INFO: [ app_begin ] --START--
INFO: Run Behavior\ReadHtmlCacheBehavior [ RunTime:0.000000s ]
INFO: [ app_begin ] --END-- [ RunTime:0.001000s ]
INFO: [ action_begin ] --START--
SQL: SHOW COLUMNS FROM `app_member` [ RunTime:0.0180s ]
SQL: SELECT `id`,`userName`,`tokenKey`,`orderErpId`,`salesErpId`,`phone` FROM `app_member` WHERE `tokenKey` = '81332ec7af46cd979918969c83545eb2'  [ RunTime:0.0080s ]
SQL: insert into app_user_active (member_id) VALUE (138) [ RunTime:0.0280s ]
INFO: Run Api\Behaviors\PurviewBehavior [ RunTime:0.132008s ]
INFO: Run Admin\Behaviors\AdminPurviewBehavior [ RunTime:0.000000s ]
INFO: [ action_begin ] --END-- [ RunTime:0.133008s ]
NOTIC: [2048] Non-static method Api\Controller\ModelController::modelListPage() should not be called statically, assuming $this from incompatible context D:\Apache HTTP Server\x64\WebApp\AppErp\Web\Api\Controller\Aproxy\Controller.Aproxy.ModelProxy.php 第 14 行.
SQL: SELECT `id`,`stoneAddtion` FROM `app_member` WHERE ( (IsMasterAccount=1 and id=138) or myMasterAccountMId=138 ) ORDER BY id desc  [ RunTime:0.0070s ]
SQL: SELECT `id`,`stoneAddtion` FROM `app_member` WHERE ( (IsMasterAccount=1 and id=138) or myMasterAccountMId=138 ) ORDER BY id desc  [ RunTime:0.0140s ]
SQL: SELECT `id`,`modelAddtion` FROM `app_member` WHERE ( (IsMasterAccount=1 and id=138) or myMasterAccountMId=138 ) ORDER BY id desc  [ RunTime:0.0120s ]
SQL: SELECT `id`,`stoneAddtion` FROM `app_member` WHERE ( (IsMasterAccount=1 and id=138) or myMasterAccountMId=138 ) ORDER BY id desc  [ RunTime:0.0610s ]
SQL: SELECT `id`,`stoneAddtion` FROM `app_member` WHERE ( (IsMasterAccount=1 and id=138) or myMasterAccountMId=138 ) ORDER BY id desc  [ RunTime:0.0080s ]
SQL: SELECT `id`,`modelAddtion` FROM `app_member` WHERE ( (IsMasterAccount=1 and id=138) or myMasterAccountMId=138 ) ORDER BY id desc  [ RunTime:0.0180s ]
SQL: SELECT id,name as title,FORMAT(ifnull(price,0),2)*1 as price,CONCAT('http://124.172.169.117:9888/',pic) as pic,CONCAT('http://124.172.169.117:9888/',picm) as picm,CONCAT('http://124.172.169.117:9888/',picb) as picb FROM app_model_product c  order by priorSort desc,updateDateforSort desc,id desc limit 0,12 [ RunTime:0.0110s ]
NOTIC: [8] Undefined index: Rejectordererpuser D:\Apache HTTP Server\x64\WebApp\AppErp\Web\Common\Common\Api\flow\UserCls\flow.UserCls.UserSessionManage.php 第 39 行.
SQL: SELECT count(*) as cou FROM app_model_product c  [ RunTime:0.0090s ]
SQL: SHOW COLUMNS FROM `app_model_category` [ RunTime:0.0250s ]
SQL: SELECT `id`,name as title,`sort` FROM `app_model_category` WHERE `model_category_id` = 0 AND `group` = 'filter' ORDER BY `sort` asc  [ RunTime:0.0170s ]
SQL: SELECT `id`,name as title,id as  'value','category' as 'groupKey',0 as isSelect FROM `app_model_category` WHERE `model_category_id` = 179  [ RunTime:0.0610s ]
SQL: SHOW COLUMNS FROM `app_model_category` [ RunTime:0.0070s ]
SQL: SELECT `id`,name as title FROM app_model_category aa WHERE ( exists (select * from app_model_category a where aa.model_category_id = a.id and sign='custom') )  [ RunTime:0.0090s ]
SQL: SELECT
                    count(*) as cou
                FROM
                    app_model_main_order_current_detail a
                WHERE
                    EXISTS (
                        SELECT
                            *
                        FROM
                            app_model_product
                        WHERE
                            id = a.model_product_id
                    )
                 AND orderStatus =0  AND member_id=138 [ RunTime:0.0310s ]
INFO: [ app_end ] --START--
INFO: Run Behavior\ShowPageTraceBehavior [ RunTime:0.000000s ]
INFO: [ app_end ] --END-- [ RunTime:0.000000s ]

[ 2017-07-19T11:51:56+08:00 ] 192.168.1.240 /api/aproxy/modelListPage?tokenKey=81332ec7af46cd979918969c83545eb2&QxVersion=1.4
INFO: [ app_init ] --START--
INFO: Run Behavior\BuildLiteBehavior [ RunTime:0.000000s ]
INFO: [ app_init ] --END-- [ RunTime:0.000000s ]
INFO: [ app_begin ] --START--
INFO: Run Behavior\ReadHtmlCacheBehavior [ RunTime:0.000000s ]
INFO: [ app_begin ] --END-- [ RunTime:0.001001s ]
INFO: [ action_begin ] --START--
SQL: SHOW COLUMNS FROM `app_member` [ RunTime:0.0080s ]
SQL: SELECT `id`,`userName`,`tokenKey`,`orderErpId`,`salesErpId`,`phone` FROM `app_member` WHERE `tokenKey` = '81332ec7af46cd979918969c83545eb2'  [ RunTime:0.0200s ]
SQL: insert into app_user_active (member_id) VALUE (138) [ RunTime:0.0200s ]
INFO: Run Api\Behaviors\PurviewBehavior [ RunTime:0.110006s ]
INFO: Run Admin\Behaviors\AdminPurviewBehavior [ RunTime:0.001000s ]
INFO: [ action_begin ] --END-- [ RunTime:0.111006s ]
NOTIC: [2048] Non-static method Api\Controller\ModelController::modelListPage() should not be called statically, assuming $this from incompatible context D:\Apache HTTP Server\x64\WebApp\AppErp\Web\Api\Controller\Aproxy\Controller.Aproxy.ModelProxy.php 第 14 行.
SQL: SELECT `id`,`stoneAddtion` FROM `app_member` WHERE ( (IsMasterAccount=1 and id=138) or myMasterAccountMId=138 ) ORDER BY id desc  [ RunTime:0.0090s ]
SQL: SELECT `id`,`stoneAddtion` FROM `app_member` WHERE ( (IsMasterAccount=1 and id=138) or myMasterAccountMId=138 ) ORDER BY id desc  [ RunTime:0.0110s ]
SQL: SELECT `id`,`modelAddtion` FROM `app_member` WHERE ( (IsMasterAccount=1 and id=138) or myMasterAccountMId=138 ) ORDER BY id desc  [ RunTime:0.0160s ]
SQL: SELECT `id`,`stoneAddtion` FROM `app_member` WHERE ( (IsMasterAccount=1 and id=138) or myMasterAccountMId=138 ) ORDER BY id desc  [ RunTime:0.0200s ]
SQL: SELECT `id`,`stoneAddtion` FROM `app_member` WHERE ( (IsMasterAccount=1 and id=138) or myMasterAccountMId=138 ) ORDER BY id desc  [ RunTime:0.0190s ]
SQL: SELECT `id`,`modelAddtion` FROM `app_member` WHERE ( (IsMasterAccount=1 and id=138) or myMasterAccountMId=138 ) ORDER BY id desc  [ RunTime:0.0070s ]
SQL: SELECT id,name as title,FORMAT(ifnull(price,0),2)*1 as price,CONCAT('http://124.172.169.117:9888/',pic) as pic,CONCAT('http://124.172.169.117:9888/',picm) as picm,CONCAT('http://124.172.169.117:9888/',picb) as picb FROM app_model_product c  order by priorSort desc,updateDateforSort desc,id desc limit 0,12 [ RunTime:0.0080s ]
NOTIC: [8] Undefined index: Rejectordererpuser D:\Apache HTTP Server\x64\WebApp\AppErp\Web\Common\Common\Api\flow\UserCls\flow.UserCls.UserSessionManage.php 第 39 行.
SQL: SELECT count(*) as cou FROM app_model_product c  [ RunTime:0.0170s ]
SQL: SHOW COLUMNS FROM `app_model_category` [ RunTime:0.0230s ]
SQL: SELECT `id`,name as title,`sort` FROM `app_model_category` WHERE `model_category_id` = 0 AND `group` = 'filter' ORDER BY `sort` asc  [ RunTime:0.0090s ]
SQL: SELECT `id`,name as title,id as  'value','category' as 'groupKey',0 as isSelect FROM `app_model_category` WHERE `model_category_id` = 179  [ RunTime:0.0150s ]
SQL: SHOW COLUMNS FROM `app_model_category` [ RunTime:0.0100s ]
SQL: SELECT `id`,name as title FROM app_model_category aa WHERE ( exists (select * from app_model_category a where aa.model_category_id = a.id and sign='custom') )  [ RunTime:0.0070s ]
SQL: SELECT
                    count(*) as cou
                FROM
                    app_model_main_order_current_detail a
                WHERE
                    EXISTS (
                        SELECT
                            *
                        FROM
                            app_model_product
                        WHERE
                            id = a.model_product_id
                    )
                 AND orderStatus =0  AND member_id=138 [ RunTime:0.0070s ]
INFO: [ app_end ] --START--
INFO: Run Behavior\ShowPageTraceBehavior [ RunTime:0.000000s ]
INFO: [ app_end ] --END-- [ RunTime:0.000000s ]

[ 2017-07-19T14:22:06+08:00 ] 192.168.1.240 /api/public/test
INFO: [ app_init ] --START--
INFO: Run Behavior\BuildLiteBehavior [ RunTime:0.001000s ]
INFO: [ app_init ] --END-- [ RunTime:0.001000s ]
INFO: [ app_begin ] --START--
INFO: Run Behavior\ReadHtmlCacheBehavior [ RunTime:0.000000s ]
INFO: [ app_begin ] --END-- [ RunTime:0.001000s ]
INFO: [ action_begin ] --START--
NOTIC: [8] Undefined index: test D:\Apache HTTP Server\x64\WebApp\AppErp\Web\Api\Behaviors\PurviewBehavior.class.php 第 52 行.
NOTIC: [8] Undefined index: test D:\Apache HTTP Server\x64\WebApp\AppErp\Web\Api\Behaviors\PurviewBehavior.class.php 第 58 行.
NOTIC: [8] Undefined index: test D:\Apache HTTP Server\x64\WebApp\AppErp\Web\Api\Behaviors\PurviewBehavior.class.php 第 64 行.
INFO: Run Api\Behaviors\PurviewBehavior [ RunTime:0.003000s ]
INFO: Run Admin\Behaviors\AdminPurviewBehavior [ RunTime:0.000000s ]
INFO: [ action_begin ] --END-- [ RunTime:0.004000s ]
INFO: [ app_end ] --START--
INFO: Run Behavior\ShowPageTraceBehavior [ RunTime:0.001000s ]
INFO: [ app_end ] --END-- [ RunTime:0.001000s ]

[ 2017-07-19T14:22:24+08:00 ] 192.168.1.240 /api/public/test
INFO: [ app_init ] --START--
INFO: Run Behavior\BuildLiteBehavior [ RunTime:0.000000s ]
INFO: [ app_init ] --END-- [ RunTime:0.001000s ]
INFO: [ app_begin ] --START--
INFO: Run Behavior\ReadHtmlCacheBehavior [ RunTime:0.001000s ]
INFO: [ app_begin ] --END-- [ RunTime:0.001000s ]
INFO: [ action_begin ] --START--
NOTIC: [8] Undefined index: test D:\Apache HTTP Server\x64\WebApp\AppErp\Web\Api\Behaviors\PurviewBehavior.class.php 第 52 行.
NOTIC: [8] Undefined index: test D:\Apache HTTP Server\x64\WebApp\AppErp\Web\Api\Behaviors\PurviewBehavior.class.php 第 58 行.
NOTIC: [8] Undefined index: test D:\Apache HTTP Server\x64\WebApp\AppErp\Web\Api\Behaviors\PurviewBehavior.class.php 第 64 行.
INFO: Run Api\Behaviors\PurviewBehavior [ RunTime:0.004000s ]
INFO: Run Admin\Behaviors\AdminPurviewBehavior [ RunTime:0.000000s ]
INFO: [ action_begin ] --END-- [ RunTime:0.004000s ]
INFO: [ app_end ] --START--
INFO: Run Behavior\ShowPageTraceBehavior [ RunTime:0.001000s ]
INFO: [ app_end ] --END-- [ RunTime:0.001000s ]

[ 2017-07-19T14:24:05+08:00 ] 192.168.1.240 /api/public/test
INFO: [ app_init ] --START--
INFO: Run Behavior\BuildLiteBehavior [ RunTime:0.000000s ]
INFO: [ app_init ] --END-- [ RunTime:0.001001s ]
INFO: [ app_begin ] --START--
INFO: Run Behavior\ReadHtmlCacheBehavior [ RunTime:0.001000s ]
INFO: [ app_begin ] --END-- [ RunTime:0.001000s ]
INFO: [ action_begin ] --START--
NOTIC: [8] Undefined index: test D:\Apache HTTP Server\x64\WebApp\AppErp\Web\Api\Behaviors\PurviewBehavior.class.php 第 52 行.
NOTIC: [8] Undefined index: test D:\Apache HTTP Server\x64\WebApp\AppErp\Web\Api\Behaviors\PurviewBehavior.class.php 第 58 行.
NOTIC: [8] Undefined index: test D:\Apache HTTP Server\x64\WebApp\AppErp\Web\Api\Behaviors\PurviewBehavior.class.php 第 64 行.
INFO: Run Api\Behaviors\PurviewBehavior [ RunTime:0.002000s ]
INFO: Run Admin\Behaviors\AdminPurviewBehavior [ RunTime:0.001000s ]
INFO: [ action_begin ] --END-- [ RunTime:0.003000s ]
INFO: [ app_end ] --START--
INFO: Run Behavior\ShowPageTraceBehavior [ RunTime:0.001000s ]
INFO: [ app_end ] --END-- [ RunTime:0.001000s ]

[ 2017-07-19T14:24:56+08:00 ] 192.168.1.240 /api/public/test
INFO: [ app_init ] --START--
INFO: Run Behavior\BuildLiteBehavior [ RunTime:0.000000s ]
INFO: [ app_init ] --END-- [ RunTime:0.001000s ]
INFO: [ app_begin ] --START--
INFO: Run Behavior\ReadHtmlCacheBehavior [ RunTime:0.001000s ]
INFO: [ app_begin ] --END-- [ RunTime:0.001000s ]
INFO: [ action_begin ] --START--
NOTIC: [8] Undefined index: test D:\Apache HTTP Server\x64\WebApp\AppErp\Web\Api\Behaviors\PurviewBehavior.class.php 第 52 行.
NOTIC: [8] Undefined index: test D:\Apache HTTP Server\x64\WebApp\AppErp\Web\Api\Behaviors\PurviewBehavior.class.php 第 58 行.
NOTIC: [8] Undefined index: test D:\Apache HTTP Server\x64\WebApp\AppErp\Web\Api\Behaviors\PurviewBehavior.class.php 第 64 行.
INFO: Run Api\Behaviors\PurviewBehavior [ RunTime:0.007000s ]
INFO: Run Admin\Behaviors\AdminPurviewBehavior [ RunTime:0.001000s ]
INFO: [ action_begin ] --END-- [ RunTime:0.009000s ]
INFO: [ app_end ] --START--
INFO: Run Behavior\ShowPageTraceBehavior [ RunTime:0.000000s ]
INFO: [ app_end ] --END-- [ RunTime:0.001000s ]

[ 2017-07-19T14:30:24+08:00 ] 192.168.1.240 /api/Aproxy/stoneList?tokenKey=e9884c4435d75a135ce41fb668788827&cpage=1&purity=vvs2&color=h,f
INFO: [ app_init ] --START--
INFO: Run Behavior\BuildLiteBehavior [ RunTime:0.000000s ]
INFO: [ app_init ] --END-- [ RunTime:0.001000s ]
INFO: [ app_begin ] --START--
INFO: Run Behavior\ReadHtmlCacheBehavior [ RunTime:0.000000s ]
INFO: [ app_begin ] --END-- [ RunTime:0.000000s ]
INFO: [ action_begin ] --START--
SQL: SHOW COLUMNS FROM `app_member` [ RunTime:0.0160s ]
SQL: SELECT `id`,`userName`,`tokenKey`,`orderErpId`,`salesErpId`,`phone` FROM `app_member` WHERE `tokenKey` = 'e9884c4435d75a135ce41fb668788827'  [ RunTime:0.0110s ]
NOTIC: [8] Undefined offset: 0 D:\Apache HTTP Server\x64\WebApp\AppErp\Web\Common\Common\Api\flow\UserCls\UserPurview\flow.UserCls.UserPurview.UserPurviewCode.php 第 14 行.
NOTIC: [8] Undefined offset: 0 D:\Apache HTTP Server\x64\WebApp\AppErp\Web\Common\Common\Api\flow\UserCls\UserPurview\flow.UserCls.UserPurview.UserPurviewCode.php 第 15 行.
NOTIC: [8] Undefined offset: 0 D:\Apache HTTP Server\x64\WebApp\AppErp\Web\Common\Common\Api\flow\UserCls\UserPurview\flow.UserCls.UserPurview.UserPurviewCode.php 第 16 行.
NOTIC: [8] Undefined offset: 0 D:\Apache HTTP Server\x64\WebApp\AppErp\Web\Common\Common\Api\flow\UserCls\UserPurview\flow.UserCls.UserPurview.UserPurviewCode.php 第 17 行.
NOTIC: [8] Undefined offset: 0 D:\Apache HTTP Server\x64\WebApp\AppErp\Web\Common\Common\Api\flow\UserCls\UserPurview\flow.UserCls.UserPurview.UserPurviewCode.php 第 18 行.

[ 2017-07-19T14:47:53+08:00 ] 192.168.1.240 /api/public/test
INFO: [ app_init ] --START--
INFO: Run Behavior\BuildLiteBehavior [ RunTime:0.000000s ]
INFO: [ app_init ] --END-- [ RunTime:0.001000s ]
INFO: [ app_begin ] --START--
INFO: Run Behavior\ReadHtmlCacheBehavior [ RunTime:0.001000s ]
INFO: [ app_begin ] --END-- [ RunTime:0.001000s ]
INFO: [ action_begin ] --START--
NOTIC: [8] Undefined index: test D:\Apache HTTP Server\x64\WebApp\AppErp\Web\Api\Behaviors\PurviewBehavior.class.php 第 52 行.
NOTIC: [8] Undefined index: test D:\Apache HTTP Server\x64\WebApp\AppErp\Web\Api\Behaviors\PurviewBehavior.class.php 第 58 行.
NOTIC: [8] Undefined index: test D:\Apache HTTP Server\x64\WebApp\AppErp\Web\Api\Behaviors\PurviewBehavior.class.php 第 64 行.
INFO: Run Api\Behaviors\PurviewBehavior [ RunTime:0.054004s ]
INFO: Run Admin\Behaviors\AdminPurviewBehavior [ RunTime:0.023001s ]
INFO: [ action_begin ] --END-- [ RunTime:0.078005s ]
INFO: [ app_end ] --START--
INFO: Run Behavior\ShowPageTraceBehavior [ RunTime:0.001000s ]
INFO: [ app_end ] --END-- [ RunTime:0.001000s ]

[ 2017-07-19T14:48:02+08:00 ] 192.168.1.240 /api/public/test
INFO: [ app_init ] --START--
INFO: Run Behavior\BuildLiteBehavior [ RunTime:0.000000s ]
INFO: [ app_init ] --END-- [ RunTime:0.000000s ]
INFO: [ app_begin ] --START--
INFO: Run Behavior\ReadHtmlCacheBehavior [ RunTime:0.000000s ]
INFO: [ app_begin ] --END-- [ RunTime:0.000000s ]
INFO: [ action_begin ] --START--
NOTIC: [8] Undefined index: test D:\Apache HTTP Server\x64\WebApp\AppErp\Web\Api\Behaviors\PurviewBehavior.class.php 第 52 行.
NOTIC: [8] Undefined index: test D:\Apache HTTP Server\x64\WebApp\AppErp\Web\Api\Behaviors\PurviewBehavior.class.php 第 58 行.
NOTIC: [8] Undefined index: test D:\Apache HTTP Server\x64\WebApp\AppErp\Web\Api\Behaviors\PurviewBehavior.class.php 第 64 行.
INFO: Run Api\Behaviors\PurviewBehavior [ RunTime:0.002000s ]
INFO: Run Admin\Behaviors\AdminPurviewBehavior [ RunTime:0.000000s ]
INFO: [ action_begin ] --END-- [ RunTime:0.004000s ]
INFO: [ app_end ] --START--
INFO: Run Behavior\ShowPageTraceBehavior [ RunTime:0.000000s ]
INFO: [ app_end ] --END-- [ RunTime:0.000000s ]

[ 2017-07-19T14:48:04+08:00 ] 192.168.1.240 /api/public/test
INFO: [ app_init ] --START--
INFO: Run Behavior\BuildLiteBehavior [ RunTime:0.000000s ]
INFO: [ app_init ] --END-- [ RunTime:0.000000s ]
INFO: [ app_begin ] --START--
INFO: Run Behavior\ReadHtmlCacheBehavior [ RunTime:0.000000s ]
INFO: [ app_begin ] --END-- [ RunTime:0.001000s ]
INFO: [ action_begin ] --START--
NOTIC: [8] Undefined index: test D:\Apache HTTP Server\x64\WebApp\AppErp\Web\Api\Behaviors\PurviewBehavior.class.php 第 52 行.
NOTIC: [8] Undefined index: test D:\Apache HTTP Server\x64\WebApp\AppErp\Web\Api\Behaviors\PurviewBehavior.class.php 第 58 行.
NOTIC: [8] Undefined index: test D:\Apache HTTP Server\x64\WebApp\AppErp\Web\Api\Behaviors\PurviewBehavior.class.php 第 64 行.
INFO: Run Api\Behaviors\PurviewBehavior [ RunTime:0.005000s ]
INFO: Run Admin\Behaviors\AdminPurviewBehavior [ RunTime:0.001001s ]
INFO: [ action_begin ] --END-- [ RunTime:0.006001s ]
INFO: [ app_end ] --START--
INFO: Run Behavior\ShowPageTraceBehavior [ RunTime:0.001000s ]
INFO: [ app_end ] --END-- [ RunTime:0.001000s ]

[ 2017-07-19T15:11:14+08:00 ] 192.168.1.240 /api/public/test
INFO: [ app_init ] --START--
INFO: Run Behavior\BuildLiteBehavior [ RunTime:0.000000s ]
INFO: [ app_init ] --END-- [ RunTime:0.000000s ]
INFO: [ app_begin ] --START--
INFO: Run Behavior\ReadHtmlCacheBehavior [ RunTime:0.001000s ]
INFO: [ app_begin ] --END-- [ RunTime:0.001000s ]
INFO: [ action_begin ] --START--
NOTIC: [8] Undefined index: test D:\Apache HTTP Server\x64\WebApp\AppErp\Web\Api\Behaviors\PurviewBehavior.class.php 第 52 行.
NOTIC: [8] Undefined index: test D:\Apache HTTP Server\x64\WebApp\AppErp\Web\Api\Behaviors\PurviewBehavior.class.php 第 58 行.
NOTIC: [8] Undefined index: test D:\Apache HTTP Server\x64\WebApp\AppErp\Web\Api\Behaviors\PurviewBehavior.class.php 第 64 行.
INFO: Run Api\Behaviors\PurviewBehavior [ RunTime:0.014000s ]
INFO: Run Admin\Behaviors\AdminPurviewBehavior [ RunTime:0.001000s ]
INFO: [ action_begin ] --END-- [ RunTime:0.015000s ]
INFO: [ app_end ] --START--
INFO: Run Behavior\ShowPageTraceBehavior [ RunTime:0.000000s ]
INFO: [ app_end ] --END-- [ RunTime:0.001000s ]

[ 2017-07-19T15:12:44+08:00 ] 192.168.1.240 /api/public/test
INFO: [ app_init ] --START--
INFO: Run Behavior\BuildLiteBehavior [ RunTime:0.000000s ]
INFO: [ app_init ] --END-- [ RunTime:0.001000s ]
INFO: [ app_begin ] --START--
INFO: Run Behavior\ReadHtmlCacheBehavior [ RunTime:0.000000s ]
INFO: [ app_begin ] --END-- [ RunTime:0.000000s ]
INFO: [ action_begin ] --START--
NOTIC: [8] Undefined index: test D:\Apache HTTP Server\x64\WebApp\AppErp\Web\Api\Behaviors\PurviewBehavior.class.php 第 52 行.
NOTIC: [8] Undefined index: test D:\Apache HTTP Server\x64\WebApp\AppErp\Web\Api\Behaviors\PurviewBehavior.class.php 第 58 行.
NOTIC: [8] Undefined index: test D:\Apache HTTP Server\x64\WebApp\AppErp\Web\Api\Behaviors\PurviewBehavior.class.php 第 64 行.
INFO: Run Api\Behaviors\PurviewBehavior [ RunTime:0.002000s ]
INFO: Run Admin\Behaviors\AdminPurviewBehavior [ RunTime:0.000000s ]
INFO: [ action_begin ] --END-- [ RunTime:0.003000s ]
INFO: [ app_end ] --START--
INFO: Run Behavior\ShowPageTraceBehavior [ RunTime:0.000000s ]
INFO: [ app_end ] --END-- [ RunTime:0.000000s ]

[ 2017-07-19T15:36:08+08:00 ] 192.168.1.240 /api/aproxy/ModelOrderSearch?QxVersion=1.3&tokenKey=22e664f792f28aaaf48454bd7599f08a&customerID=-1&skeyid=1&keyword=&sscopeid=2&sdate=2017-06-19&edate=2017-07-19&cpage=1
INFO: [ app_init ] --START--
INFO: Run Behavior\BuildLiteBehavior [ RunTime:0.001000s ]
INFO: [ app_init ] --END-- [ RunTime:0.001000s ]
INFO: [ app_begin ] --START--
INFO: Run Behavior\ReadHtmlCacheBehavior [ RunTime:0.000000s ]
INFO: [ app_begin ] --END-- [ RunTime:0.000000s ]
INFO: [ action_begin ] --START--
SQL: SHOW COLUMNS FROM `app_member` [ RunTime:0.0090s ]
SQL: SELECT `id`,`userName`,`tokenKey`,`orderErpId`,`salesErpId`,`phone` FROM `app_member` WHERE `tokenKey` = '22e664f792f28aaaf48454bd7599f08a'  [ RunTime:0.0130s ]
NOTIC: [8] Undefined offset: 0 D:\Apache HTTP Server\x64\WebApp\AppErp\Web\Common\Common\Api\flow\UserCls\UserPurview\flow.UserCls.UserPurview.UserPurviewCode.php 第 14 行.
NOTIC: [8] Undefined offset: 0 D:\Apache HTTP Server\x64\WebApp\AppErp\Web\Common\Common\Api\flow\UserCls\UserPurview\flow.UserCls.UserPurview.UserPurviewCode.php 第 15 行.
NOTIC: [8] Undefined offset: 0 D:\Apache HTTP Server\x64\WebApp\AppErp\Web\Common\Common\Api\flow\UserCls\UserPurview\flow.UserCls.UserPurview.UserPurviewCode.php 第 16 行.
NOTIC: [8] Undefined offset: 0 D:\Apache HTTP Server\x64\WebApp\AppErp\Web\Common\Common\Api\flow\UserCls\UserPurview\flow.UserCls.UserPurview.UserPurviewCode.php 第 17 行.
NOTIC: [8] Undefined offset: 0 D:\Apache HTTP Server\x64\WebApp\AppErp\Web\Common\Common\Api\flow\UserCls\UserPurview\flow.UserCls.UserPurview.UserPurviewCode.php 第 18 行.

[ 2017-07-19T15:37:10+08:00 ] 192.168.1.240 /api/aproxy/ModelOrderSearch?QxVersion=1.3&tokenKey=22e664f792f28aaaf48454bd7599f08a&customerID=-1&skeyid=1&keyword=&sscopeid=2&sdate=2017-06-19&edate=2017-07-19&cpage=1
INFO: [ app_init ] --START--
INFO: Run Behavior\BuildLiteBehavior [ RunTime:0.000000s ]
INFO: [ app_init ] --END-- [ RunTime:0.000000s ]
INFO: [ app_begin ] --START--
INFO: Run Behavior\ReadHtmlCacheBehavior [ RunTime:0.000000s ]
INFO: [ app_begin ] --END-- [ RunTime:0.000000s ]
INFO: [ action_begin ] --START--

[ 2017-07-19T15:37:16+08:00 ] 192.168.1.240 /api/aproxy/ModelOrderSearch?QxVersion=1.3&tokenKey=22e664f792f28aaaf48454bd7599f08a&customerID=-1&skeyid=1&keyword=&sscopeid=2&sdate=2017-06-19&edate=2017-07-19&cpage=1
INFO: [ app_init ] --START--
INFO: Run Behavior\BuildLiteBehavior [ RunTime:0.000000s ]
INFO: [ app_init ] --END-- [ RunTime:0.000000s ]
INFO: [ app_begin ] --START--
INFO: Run Behavior\ReadHtmlCacheBehavior [ RunTime:0.000000s ]
INFO: [ app_begin ] --END-- [ RunTime:0.000000s ]
INFO: [ action_begin ] --START--

[ 2017-07-19T15:41:52+08:00 ] 192.168.1.240 /api/aproxy/ModelOrderSearch?QxVersion=1.3&tokenKey=22e664f792f28aaaf48454bd7599f08a&customerID=-1&skeyid=1&keyword=&sscopeid=2&sdate=2017-06-19&edate=2017-07-19&cpage=1
INFO: [ app_init ] --START--
INFO: Run Behavior\BuildLiteBehavior [ RunTime:0.000000s ]
INFO: [ app_init ] --END-- [ RunTime:0.000000s ]
INFO: [ app_begin ] --START--
INFO: Run Behavior\ReadHtmlCacheBehavior [ RunTime:0.000000s ]
INFO: [ app_begin ] --END-- [ RunTime:0.001000s ]
INFO: [ action_begin ] --START--
SQL: SHOW COLUMNS FROM `app_member` [ RunTime:0.0080s ]
SQL: SELECT `id`,`userName`,`tokenKey`,`orderErpId`,`salesErpId`,`phone` FROM `app_member` WHERE `tokenKey` = '22e664f792f28aaaf48454bd7599f08a'  [ RunTime:0.0070s ]
SQL: insert into app_user_active (member_id) VALUE (136) [ RunTime:0.0120s ]
INFO: Run Api\Behaviors\PurviewBehavior [ RunTime:0.093005s ]
INFO: Run Admin\Behaviors\AdminPurviewBehavior [ RunTime:0.015001s ]
INFO: [ action_begin ] --END-- [ RunTime:0.108006s ]
INFO: [ app_end ] --START--
INFO: Run Behavior\ShowPageTraceBehavior [ RunTime:0.001000s ]
INFO: [ app_end ] --END-- [ RunTime:0.001000s ]

[ 2017-07-19T15:41:53+08:00 ] 192.168.1.240 /api/aproxy/ModelOrderSearch?tokenKey=22e664f792f28aaaf48454bd7599f08a&customerID=-1&skeyid=1&keyword=&sscopeid=2&sdate=2017-06-19&edate=2017-07-19&cpage=1
INFO: [ app_init ] --START--
INFO: Run Behavior\BuildLiteBehavior [ RunTime:0.000000s ]
INFO: [ app_init ] --END-- [ RunTime:0.001000s ]
INFO: [ app_begin ] --START--
INFO: Run Behavior\ReadHtmlCacheBehavior [ RunTime:0.001001s ]
INFO: [ app_begin ] --END-- [ RunTime:0.001001s ]
INFO: [ action_begin ] --START--
NOTIC: [8] Undefined index: Rejectordererpuser D:\Apache HTTP Server\x64\WebApp\AppErp\Web\Common\Common\Api\flow\UserCls\flow.UserCls.UserSessionManage.php 第 39 行.
INFO: Run Api\Behaviors\PurviewBehavior [ RunTime:0.005000s ]
INFO: Run Admin\Behaviors\AdminPurviewBehavior [ RunTime:0.000000s ]
INFO: [ action_begin ] --END-- [ RunTime:0.006000s ]
INFO: [ app_end ] --START--
INFO: Run Behavior\ShowPageTraceBehavior [ RunTime:0.001000s ]
INFO: [ app_end ] --END-- [ RunTime:0.001000s ]

[ 2017-07-19T15:48:56+08:00 ] 192.168.1.240 /api/aproxy/ModelOrderSearch?tokenKey=22e664f792f28aaaf48454bd7599f08a&customerID=-1&skeyid=1&keyword=&sscopeid=2&sdate=2017-06-19&edate=2017-07-19&cpage=1
INFO: [ app_init ] --START--
INFO: Run Behavior\BuildLiteBehavior [ RunTime:0.000000s ]
INFO: [ app_init ] --END-- [ RunTime:0.001000s ]
INFO: [ app_begin ] --START--
INFO: Run Behavior\ReadHtmlCacheBehavior [ RunTime:0.000000s ]
INFO: [ app_begin ] --END-- [ RunTime:0.000000s ]
INFO: [ action_begin ] --START--
NOTIC: [8] Undefined index: Rejectordererpuser D:\Apache HTTP Server\x64\WebApp\AppErp\Web\Common\Common\Api\flow\UserCls\flow.UserCls.UserSessionManage.php 第 39 行.
INFO: Run Api\Behaviors\PurviewBehavior [ RunTime:0.005001s ]
INFO: Run Admin\Behaviors\AdminPurviewBehavior [ RunTime:0.000000s ]
INFO: [ action_begin ] --END-- [ RunTime:0.005001s ]
INFO: [ app_end ] --START--
INFO: Run Behavior\ShowPageTraceBehavior [ RunTime:0.000000s ]
INFO: [ app_end ] --END-- [ RunTime:0.000000s ]

[ 2017-07-19T15:52:05+08:00 ] 192.168.1.240 /api/aproxy/ModelOrderSearch?tokenKey=22e664f792f28aaaf48454bd7599f08a&customerID=-1&skeyid=1&keyword=&sscopeid=2&sdate=2017-06-19&edate=2017-07-19&cpage=1
INFO: [ app_init ] --START--
INFO: Run Behavior\BuildLiteBehavior [ RunTime:0.000000s ]
INFO: [ app_init ] --END-- [ RunTime:0.000000s ]
INFO: [ app_begin ] --START--
INFO: Run Behavior\ReadHtmlCacheBehavior [ RunTime:0.000000s ]
INFO: [ app_begin ] --END-- [ RunTime:0.000000s ]
INFO: [ action_begin ] --START--
SQL: SHOW COLUMNS FROM `app_member` [ RunTime:0.0110s ]
SQL: SELECT `id`,`userName`,`tokenKey`,`orderErpId`,`salesErpId`,`phone` FROM `app_member` WHERE `tokenKey` = '22e664f792f28aaaf48454bd7599f08a'  [ RunTime:0.0110s ]
SQL: insert into app_user_active (member_id) VALUE (136) [ RunTime:0.0390s ]
INFO: Run Api\Behaviors\PurviewBehavior [ RunTime:0.135008s ]
INFO: Run Admin\Behaviors\AdminPurviewBehavior [ RunTime:0.001000s ]
INFO: [ action_begin ] --END-- [ RunTime:0.137008s ]
INFO: [ app_end ] --START--
INFO: Run Behavior\ShowPageTraceBehavior [ RunTime:0.000000s ]
INFO: [ app_end ] --END-- [ RunTime:0.000000s ]

[ 2017-07-19T15:53:27+08:00 ] 192.168.1.240 /api/aproxy/ModelOrderSearch?tokenKey=22e664f792f28aaaf48454bd7599f08a&customerID=-1&skeyid=1&keyword=&sscopeid=2&sdate=2017-06-19&edate=2017-07-19&cpage=1
INFO: [ app_init ] --START--
INFO: Run Behavior\BuildLiteBehavior [ RunTime:0.000000s ]
INFO: [ app_init ] --END-- [ RunTime:0.000000s ]
INFO: [ app_begin ] --START--
INFO: Run Behavior\ReadHtmlCacheBehavior [ RunTime:0.001000s ]
INFO: [ app_begin ] --END-- [ RunTime:0.001000s ]
INFO: [ action_begin ] --START--
NOTIC: [8] Undefined index: Rejectordererpuser D:\Apache HTTP Server\x64\WebApp\AppErp\Web\Common\Common\Api\flow\UserCls\flow.UserCls.UserSessionManage.php 第 39 行.
INFO: Run Api\Behaviors\PurviewBehavior [ RunTime:0.005000s ]
INFO: Run Admin\Behaviors\AdminPurviewBehavior [ RunTime:0.000000s ]
INFO: [ action_begin ] --END-- [ RunTime:0.005000s ]
INFO: [ app_end ] --START--
INFO: Run Behavior\ShowPageTraceBehavior [ RunTime:0.000000s ]
INFO: [ app_end ] --END-- [ RunTime:0.001000s ]

[ 2017-07-19T15:54:40+08:00 ] 192.168.1.240 /api/aproxy/ModelOrderSearch?tokenKey=22e664f792f28aaaf48454bd7599f08a&customerID=-1&skeyid=1&keyword=&sscopeid=2&sdate=2017-06-19&edate=2017-07-19&cpage=1
INFO: [ app_init ] --START--
INFO: Run Behavior\BuildLiteBehavior [ RunTime:0.000000s ]
INFO: [ app_init ] --END-- [ RunTime:0.000000s ]
INFO: [ app_begin ] --START--
INFO: Run Behavior\ReadHtmlCacheBehavior [ RunTime:0.000000s ]
INFO: [ app_begin ] --END-- [ RunTime:0.001000s ]
INFO: [ action_begin ] --START--
SQL: SHOW COLUMNS FROM `app_member` [ RunTime:0.0440s ]
SQL: SELECT `id`,`userName`,`tokenKey`,`orderErpId`,`salesErpId`,`phone` FROM `app_member` WHERE `tokenKey` = '22e664f792f28aaaf48454bd7599f08a'  [ RunTime:0.0540s ]
SQL: insert into app_user_active (member_id) VALUE (136) [ RunTime:0.0130s ]
INFO: Run Api\Behaviors\PurviewBehavior [ RunTime:0.178010s ]
INFO: Run Admin\Behaviors\AdminPurviewBehavior [ RunTime:0.000000s ]
INFO: [ action_begin ] --END-- [ RunTime:0.179010s ]
INFO: [ app_end ] --START--
INFO: Run Behavior\ShowPageTraceBehavior [ RunTime:0.001000s ]
INFO: [ app_end ] --END-- [ RunTime:0.001000s ]

[ 2017-07-19T16:10:03+08:00 ] 192.168.1.240 /api/aproxy/ModelOrderSearch?tokenKey=22e664f792f28aaaf48454bd7599f08a&customerID=-1&skeyid=1&keyword=&sscopeid=2&sdate=2017-06-19&edate=2017-07-19&cpage=1
INFO: [ app_init ] --START--
INFO: Run Behavior\BuildLiteBehavior [ RunTime:0.000000s ]
INFO: [ app_init ] --END-- [ RunTime:0.000000s ]
INFO: [ app_begin ] --START--
INFO: Run Behavior\ReadHtmlCacheBehavior [ RunTime:0.000000s ]
INFO: [ app_begin ] --END-- [ RunTime:0.001000s ]
INFO: [ action_begin ] --START--
NOTIC: [8] Undefined index: Rejectordererpuser D:\Apache HTTP Server\x64\WebApp\AppErp\Web\Common\Common\Api\flow\UserCls\flow.UserCls.UserSessionManage.php 第 39 行.
INFO: Run Api\Behaviors\PurviewBehavior [ RunTime:0.006000s ]
INFO: Run Admin\Behaviors\AdminPurviewBehavior [ RunTime:0.000000s ]
INFO: [ action_begin ] --END-- [ RunTime:0.006000s ]
INFO: [ app_end ] --START--
INFO: Run Behavior\ShowPageTraceBehavior [ RunTime:0.001000s ]
INFO: [ app_end ] --END-- [ RunTime:0.001000s ]

[ 2017-07-19T16:12:11+08:00 ] 192.168.1.240 /api/aproxy/ModelOrderSearch?tokenKey=22e664f792f28aaaf48454bd7599f08a&customerID=-1&skeyid=1&keyword=&sscopeid=2&sdate=2017-06-19&edate=2017-07-19&cpage=1
INFO: [ app_init ] --START--
INFO: Run Behavior\BuildLiteBehavior [ RunTime:0.000000s ]
INFO: [ app_init ] --END-- [ RunTime:0.000000s ]
INFO: [ app_begin ] --START--
INFO: Run Behavior\ReadHtmlCacheBehavior [ RunTime:0.000000s ]
INFO: [ app_begin ] --END-- [ RunTime:0.000000s ]
INFO: [ action_begin ] --START--
SQL: SHOW COLUMNS FROM `app_member` [ RunTime:0.1890s ]
SQL: SELECT `id`,`userName`,`tokenKey`,`orderErpId`,`salesErpId`,`phone` FROM `app_member` WHERE `tokenKey` = '22e664f792f28aaaf48454bd7599f08a'  [ RunTime:0.0080s ]
SQL: insert into app_user_active (member_id) VALUE (136) [ RunTime:0.2120s ]
INFO: Run Api\Behaviors\PurviewBehavior [ RunTime:1.905109s ]
INFO: Run Admin\Behaviors\AdminPurviewBehavior [ RunTime:0.000000s ]
INFO: [ action_begin ] --END-- [ RunTime:1.905109s ]
INFO: [ app_end ] --START--
INFO: Run Behavior\ShowPageTraceBehavior [ RunTime:0.000000s ]
INFO: [ app_end ] --END-- [ RunTime:0.001000s ]

[ 2017-07-19T16:18:03+08:00 ] 192.168.1.240 /api/aproxy/ModelOrderSearch?tokenKey=22e664f792f28aaaf48454bd7599f08a&customerID=-1&skeyid=1&keyword=&sscopeid=2&sdate=2017-06-19&edate=2017-07-19&cpage=1
INFO: [ app_init ] --START--
INFO: Run Behavior\BuildLiteBehavior [ RunTime:0.000000s ]
INFO: [ app_init ] --END-- [ RunTime:0.001000s ]
INFO: [ app_begin ] --START--
INFO: Run Behavior\ReadHtmlCacheBehavior [ RunTime:0.000000s ]
INFO: [ app_begin ] --END-- [ RunTime:0.000000s ]
INFO: [ action_begin ] --START--
SQL: SHOW COLUMNS FROM `app_member` [ RunTime:0.0080s ]
SQL: SELECT `id`,`userName`,`tokenKey`,`orderErpId`,`salesErpId`,`phone` FROM `app_member` WHERE `tokenKey` = '22e664f792f28aaaf48454bd7599f08a'  [ RunTime:0.0080s ]
SQL: insert into app_user_active (member_id) VALUE (136) [ RunTime:0.0210s ]
INFO: Run Api\Behaviors\PurviewBehavior [ RunTime:0.087005s ]
INFO: Run Admin\Behaviors\AdminPurviewBehavior [ RunTime:0.001000s ]
INFO: [ action_begin ] --END-- [ RunTime:0.088005s ]
INFO: [ app_end ] --START--
INFO: Run Behavior\ShowPageTraceBehavior [ RunTime:0.001000s ]
INFO: [ app_end ] --END-- [ RunTime:0.001000s ]

[ 2017-07-19T16:20:20+08:00 ] 192.168.1.240 /api/aproxy/ModelOrderSearch?tokenKey=22e664f792f28aaaf48454bd7599f08a&customerID=-1&skeyid=1&keyword=&sscopeid=2&sdate=2017-06-19&edate=2017-07-19&cpage=1
INFO: [ app_init ] --START--
INFO: Run Behavior\BuildLiteBehavior [ RunTime:0.000000s ]
INFO: [ app_init ] --END-- [ RunTime:0.000000s ]
INFO: [ app_begin ] --START--
INFO: Run Behavior\ReadHtmlCacheBehavior [ RunTime:0.000000s ]
INFO: [ app_begin ] --END-- [ RunTime:0.001000s ]
INFO: [ action_begin ] --START--
SQL: SHOW COLUMNS FROM `app_member` [ RunTime:0.0080s ]
SQL: SELECT `id`,`userName`,`tokenKey`,`orderErpId`,`salesErpId`,`phone` FROM `app_member` WHERE `tokenKey` = '22e664f792f28aaaf48454bd7599f08a'  [ RunTime:0.0160s ]
SQL: insert into app_user_active (member_id) VALUE (136) [ RunTime:0.0410s ]
INFO: Run Api\Behaviors\PurviewBehavior [ RunTime:0.132007s ]
INFO: Run Admin\Behaviors\AdminPurviewBehavior [ RunTime:0.001000s ]
INFO: [ action_begin ] --END-- [ RunTime:0.133007s ]
INFO: [ app_end ] --START--
INFO: Run Behavior\ShowPageTraceBehavior [ RunTime:0.000000s ]
INFO: [ app_end ] --END-- [ RunTime:0.001000s ]

[ 2017-07-19T16:23:35+08:00 ] 192.168.1.240 /api/aproxy/ModelOrderSearch?tokenKey=22e664f792f28aaaf48454bd7599f08a&customerID=-1&skeyid=1&keyword=&sscopeid=2&sdate=2017-06-19&edate=2017-07-19&cpage=1
INFO: [ app_init ] --START--
INFO: Run Behavior\BuildLiteBehavior [ RunTime:0.000000s ]
INFO: [ app_init ] --END-- [ RunTime:0.000000s ]
INFO: [ app_begin ] --START--
INFO: Run Behavior\ReadHtmlCacheBehavior [ RunTime:0.000000s ]
INFO: [ app_begin ] --END-- [ RunTime:0.001000s ]
INFO: [ action_begin ] --START--
SQL: SHOW COLUMNS FROM `app_member` [ RunTime:0.0080s ]
SQL: SELECT `id`,`userName`,`tokenKey`,`orderErpId`,`salesErpId`,`phone` FROM `app_member` WHERE `tokenKey` = '22e664f792f28aaaf48454bd7599f08a'  [ RunTime:0.0140s ]
SQL: insert into app_user_active (member_id) VALUE (136) [ RunTime:0.0080s ]
INFO: Run Api\Behaviors\PurviewBehavior [ RunTime:0.072004s ]
INFO: Run Admin\Behaviors\AdminPurviewBehavior [ RunTime:0.000000s ]
INFO: [ action_begin ] --END-- [ RunTime:0.072004s ]
INFO: [ app_end ] --START--
INFO: Run Behavior\ShowPageTraceBehavior [ RunTime:0.001000s ]
INFO: [ app_end ] --END-- [ RunTime:0.001000s ]

[ 2017-07-19T16:50:09+08:00 ] 192.168.1.240 /api/Aproxy/stoneList?tokenKey=e9884c4435d75a135ce41fb668788827&cpage=1&purity=vvs2&color=h,f
INFO: [ app_init ] --START--
INFO: Run Behavior\BuildLiteBehavior [ RunTime:0.000000s ]
INFO: [ app_init ] --END-- [ RunTime:0.000000s ]
INFO: [ app_begin ] --START--
INFO: Run Behavior\ReadHtmlCacheBehavior [ RunTime:0.000000s ]
INFO: [ app_begin ] --END-- [ RunTime:0.001000s ]
INFO: [ action_begin ] --START--
SQL: SHOW COLUMNS FROM `app_member` [ RunTime:0.0100s ]
SQL: SELECT `id`,`userName`,`tokenKey`,`orderErpId`,`salesErpId`,`phone` FROM `app_member` WHERE `tokenKey` = 'e9884c4435d75a135ce41fb668788827'  [ RunTime:0.0090s ]
NOTIC: [8] Undefined offset: 0 D:\Apache HTTP Server\x64\WebApp\AppErp\Web\Common\Common\Api\flow\UserCls\UserPurview\flow.UserCls.UserPurview.UserPurviewCode.php 第 14 行.
NOTIC: [8] Undefined offset: 0 D:\Apache HTTP Server\x64\WebApp\AppErp\Web\Common\Common\Api\flow\UserCls\UserPurview\flow.UserCls.UserPurview.UserPurviewCode.php 第 15 行.
NOTIC: [8] Undefined offset: 0 D:\Apache HTTP Server\x64\WebApp\AppErp\Web\Common\Common\Api\flow\UserCls\UserPurview\flow.UserCls.UserPurview.UserPurviewCode.php 第 16 行.
NOTIC: [8] Undefined offset: 0 D:\Apache HTTP Server\x64\WebApp\AppErp\Web\Common\Common\Api\flow\UserCls\UserPurview\flow.UserCls.UserPurview.UserPurviewCode.php 第 17 行.
NOTIC: [8] Undefined offset: 0 D:\Apache HTTP Server\x64\WebApp\AppErp\Web\Common\Common\Api\flow\UserCls\UserPurview\flow.UserCls.UserPurview.UserPurviewCode.php 第 18 行.

[ 2017-07-19T16:50:18+08:00 ] 192.168.1.240 /api/Aproxy/stoneList?tokenKey=e9884c4435d75a135ce41fb668788827
INFO: [ app_init ] --START--
INFO: Run Behavior\BuildLiteBehavior [ RunTime:0.000000s ]
INFO: [ app_init ] --END-- [ RunTime:0.000000s ]
INFO: [ app_begin ] --START--
INFO: Run Behavior\ReadHtmlCacheBehavior [ RunTime:0.000000s ]
INFO: [ app_begin ] --END-- [ RunTime:0.000000s ]
INFO: [ action_begin ] --START--

[ 2017-07-19T16:51:37+08:00 ] 192.168.1.240 /api/Aproxy/stoneList?tokenKey=be5fc01f10a42d5d8d5d4537ed808bad
INFO: [ app_init ] --START--
INFO: Run Behavior\BuildLiteBehavior [ RunTime:0.000000s ]
INFO: [ app_init ] --END-- [ RunTime:0.000000s ]
INFO: [ app_begin ] --START--
INFO: Run Behavior\ReadHtmlCacheBehavior [ RunTime:0.000000s ]
INFO: [ app_begin ] --END-- [ RunTime:0.000000s ]
INFO: [ action_begin ] --START--
SQL: SHOW COLUMNS FROM `app_member` [ RunTime:0.0440s ]
SQL: SELECT `id`,`userName`,`tokenKey`,`orderErpId`,`salesErpId`,`phone` FROM `app_member` WHERE `tokenKey` = 'be5fc01f10a42d5d8d5d4537ed808bad'  [ RunTime:0.0080s ]
SQL: insert into app_user_active (member_id) VALUE (10) [ RunTime:0.0210s ]
INFO: Run Api\Behaviors\PurviewBehavior [ RunTime:0.226013s ]
INFO: Run Admin\Behaviors\AdminPurviewBehavior [ RunTime:0.008001s ]
INFO: [ action_begin ] --END-- [ RunTime:0.234014s ]
NOTIC: [2048] Non-static method Api\Controller\StoneController::stoneList() should not be called statically, assuming $this from incompatible context D:\Apache HTTP Server\x64\WebApp\AppErp\Web\Api\Controller\Aproxy\Controller.Aproxy.stone.php 第 16 行.
NOTIC: [8] Undefined variable: mywayPost_Var D:\Apache HTTP Server\x64\WebApp\AppErp\Web\Common\Common\PublicCode\FunctionCode.class.php 第 316 行.
NOTIC: [2] Invalid argument supplied for foreach() D:\Apache HTTP Server\x64\WebApp\AppErp\Web\Common\Common\PublicCode\FunctionCode.class.php 第 316 行.
NOTIC: [8] Undefined index: HTTP_REFERER D:\Apache HTTP Server\x64\WebApp\AppErp\Web\Common\Common\PublicCode\FunctionCode.class.php 第 320 行.
SQL: SELECT `id`,`stoneAddtion` FROM `app_member` WHERE ( (IsMasterAccount=1 and id=10) or myMasterAccountMId=10 ) ORDER BY id desc  [ RunTime:0.0140s ]
SQL: SELECT `id`,`stoneAddtion` FROM `app_member` WHERE ( (IsMasterAccount=1 and id=10) or myMasterAccountMId=10 ) ORDER BY id desc  [ RunTime:0.0170s ]
NOTIC: [8] Undefined offset: 1 D:\Apache HTTP Server\x64\WebApp\AppErp\Web\Common\Common\Api\flow\Stone\flow.stone.class.php 第 46 行.
NOTIC: [8] Undefined offset: 1 D:\Apache HTTP Server\x64\WebApp\AppErp\Web\Common\Common\Api\flow\Stone\flow.stone.class.php 第 47 行.
NOTIC: [8] Undefined offset: 1 D:\Apache HTTP Server\x64\WebApp\AppErp\Web\Common\Common\Api\flow\Stone\flow.stone.class.php 第 194 行.
NOTIC: [8] Undefined offset: 1 D:\Apache HTTP Server\x64\WebApp\AppErp\Web\Common\Common\Api\flow\Stone\flow.stone.class.php 第 207 行.
INFO: [ app_end ] --START--
INFO: Run Behavior\ShowPageTraceBehavior [ RunTime:0.000000s ]
INFO: [ app_end ] --END-- [ RunTime:0.000000s ]

[ 2017-07-19T16:55:12+08:00 ] 192.168.1.240 /api/Aproxy/stoneList?tokenKey=be5fc01f10a42d5d8d5d4537ed808bad&QxVersion=1.3
INFO: [ app_init ] --START--
INFO: Run Behavior\BuildLiteBehavior [ RunTime:0.000000s ]
INFO: [ app_init ] --END-- [ RunTime:0.001000s ]
INFO: [ app_begin ] --START--
INFO: Run Behavior\ReadHtmlCacheBehavior [ RunTime:0.000000s ]
INFO: [ app_begin ] --END-- [ RunTime:0.001000s ]
INFO: [ action_begin ] --START--
NOTIC: [8] Undefined index: Rejectordererpuser D:\Apache HTTP Server\x64\WebApp\AppErp\Web\Common\Common\Api\flow\UserCls\flow.UserCls.UserSessionManage.php 第 39 行.
INFO: Run Api\Behaviors\PurviewBehavior [ RunTime:0.005001s ]
INFO: Run Admin\Behaviors\AdminPurviewBehavior [ RunTime:0.000000s ]
INFO: [ action_begin ] --END-- [ RunTime:0.006001s ]
NOTIC: [2048] Non-static method Api\Controller\StoneController::stoneList() should not be called statically, assuming $this from incompatible context D:\Apache HTTP Server\x64\WebApp\AppErp\Web\Api\Controller\Aproxy\Controller.Aproxy.stone.php 第 16 行.
NOTIC: [8] Undefined variable: mywayPost_Var D:\Apache HTTP Server\x64\WebApp\AppErp\Web\Common\Common\PublicCode\FunctionCode.class.php 第 316 行.
NOTIC: [2] Invalid argument supplied for foreach() D:\Apache HTTP Server\x64\WebApp\AppErp\Web\Common\Common\PublicCode\FunctionCode.class.php 第 316 行.
NOTIC: [8] Undefined index: HTTP_REFERER D:\Apache HTTP Server\x64\WebApp\AppErp\Web\Common\Common\PublicCode\FunctionCode.class.php 第 320 行.
SQL: SHOW COLUMNS FROM `app_member` [ RunTime:0.0120s ]
SQL: SELECT `id`,`stoneAddtion` FROM `app_member` WHERE ( (IsMasterAccount=1 and id=10) or myMasterAccountMId=10 ) ORDER BY id desc  [ RunTime:0.0100s ]
SQL: SELECT `id`,`stoneAddtion` FROM `app_member` WHERE ( (IsMasterAccount=1 and id=10) or myMasterAccountMId=10 ) ORDER BY id desc  [ RunTime:0.0080s ]
NOTIC: [8] Undefined offset: 1 D:\Apache HTTP Server\x64\WebApp\AppErp\Web\Common\Common\Api\flow\Stone\flow.stone.class.php 第 46 行.
NOTIC: [8] Undefined offset: 1 D:\Apache HTTP Server\x64\WebApp\AppErp\Web\Common\Common\Api\flow\Stone\flow.stone.class.php 第 47 行.
NOTIC: [8] Undefined offset: 1 D:\Apache HTTP Server\x64\WebApp\AppErp\Web\Common\Common\Api\flow\Stone\flow.stone.class.php 第 194 行.
NOTIC: [8] Undefined offset: 1 D:\Apache HTTP Server\x64\WebApp\AppErp\Web\Common\Common\Api\flow\Stone\flow.stone.class.php 第 207 行.
NOTIC: [8] Trying to get property of non-object D:\Apache HTTP Server\x64\WebApp\AppErp\Web\Common\Common\Api\flow\Stone\flow.stone.class.php 第 54 行.
NOTIC: [8] Trying to get property of non-object D:\Apache HTTP Server\x64\WebApp\AppErp\Web\Common\Common\Api\flow\Stone\flow.stone.class.php 第 54 行.
INFO: [ app_end ] --START--
INFO: Run Behavior\ShowPageTraceBehavior [ RunTime:0.001000s ]
INFO: [ app_end ] --END-- [ RunTime:0.001000s ]

[ 2017-07-19T16:57:25+08:00 ] 192.168.1.240 /api/Aproxy/stoneList?tokenKey=be5fc01f10a42d5d8d5d4537ed808bad&QxVersion=1.3
INFO: [ app_init ] --START--
INFO: Run Behavior\BuildLiteBehavior [ RunTime:0.000000s ]
INFO: [ app_init ] --END-- [ RunTime:0.000000s ]
INFO: [ app_begin ] --START--
INFO: Run Behavior\ReadHtmlCacheBehavior [ RunTime:0.001000s ]
INFO: [ app_begin ] --END-- [ RunTime:0.001000s ]
INFO: [ action_begin ] --START--
SQL: SHOW COLUMNS FROM `app_member` [ RunTime:0.0180s ]
SQL: SELECT `id`,`userName`,`tokenKey`,`orderErpId`,`salesErpId`,`phone` FROM `app_member` WHERE `tokenKey` = 'be5fc01f10a42d5d8d5d4537ed808bad'  [ RunTime:0.0100s ]
SQL: insert into app_user_active (member_id) VALUE (10) [ RunTime:0.0090s ]
INFO: Run Api\Behaviors\PurviewBehavior [ RunTime:0.127007s ]
INFO: Run Admin\Behaviors\AdminPurviewBehavior [ RunTime:0.000000s ]
INFO: [ action_begin ] --END-- [ RunTime:0.127007s ]
NOTIC: [2048] Non-static method Api\Controller\StoneController::stoneList() should not be called statically, assuming $this from incompatible context D:\Apache HTTP Server\x64\WebApp\AppErp\Web\Api\Controller\Aproxy\Controller.Aproxy.stone.php 第 16 行.
NOTIC: [8] Undefined variable: mywayPost_Var D:\Apache HTTP Server\x64\WebApp\AppErp\Web\Common\Common\PublicCode\FunctionCode.class.php 第 316 行.
NOTIC: [2] Invalid argument supplied for foreach() D:\Apache HTTP Server\x64\WebApp\AppErp\Web\Common\Common\PublicCode\FunctionCode.class.php 第 316 行.
NOTIC: [8] Undefined index: HTTP_REFERER D:\Apache HTTP Server\x64\WebApp\AppErp\Web\Common\Common\PublicCode\FunctionCode.class.php 第 320 行.
SQL: SELECT `id`,`stoneAddtion` FROM `app_member` WHERE ( (IsMasterAccount=1 and id=10) or myMasterAccountMId=10 ) ORDER BY id desc  [ RunTime:0.0150s ]
SQL: SELECT `id`,`stoneAddtion` FROM `app_member` WHERE ( (IsMasterAccount=1 and id=10) or myMasterAccountMId=10 ) ORDER BY id desc  [ RunTime:0.0140s ]
NOTIC: [8] Undefined offset: 1 D:\Apache HTTP Server\x64\WebApp\AppErp\Web\Common\Common\Api\flow\Stone\flow.stone.class.php 第 46 行.
NOTIC: [8] Undefined offset: 1 D:\Apache HTTP Server\x64\WebApp\AppErp\Web\Common\Common\Api\flow\Stone\flow.stone.class.php 第 47 行.
NOTIC: [8] Undefined offset: 1 D:\Apache HTTP Server\x64\WebApp\AppErp\Web\Common\Common\Api\flow\Stone\flow.stone.class.php 第 194 行.
NOTIC: [8] Undefined offset: 1 D:\Apache HTTP Server\x64\WebApp\AppErp\Web\Common\Common\Api\flow\Stone\flow.stone.class.php 第 207 行.
NOTIC: [8] Trying to get property of non-object D:\Apache HTTP Server\x64\WebApp\AppErp\Web\Common\Common\Api\flow\Stone\flow.stone.class.php 第 54 行.
NOTIC: [8] Trying to get property of non-object D:\Apache HTTP Server\x64\WebApp\AppErp\Web\Common\Common\Api\flow\Stone\flow.stone.class.php 第 54 行.
INFO: [ app_end ] --START--
INFO: Run Behavior\ShowPageTraceBehavior [ RunTime:0.001000s ]
INFO: [ app_end ] --END-- [ RunTime:0.001000s ]

[ 2017-07-19T16:58:28+08:00 ] 192.168.1.240 /api/Aproxy/stoneList?tokenKey=be5fc01f10a42d5d8d5d4537ed808bad&QxVersion=1.3
INFO: [ app_init ] --START--
INFO: Run Behavior\BuildLiteBehavior [ RunTime:0.000000s ]
INFO: [ app_init ] --END-- [ RunTime:0.000000s ]
INFO: [ app_begin ] --START--
INFO: Run Behavior\ReadHtmlCacheBehavior [ RunTime:0.001000s ]
INFO: [ app_begin ] --END-- [ RunTime:0.001000s ]
INFO: [ action_begin ] --START--
NOTIC: [8] Undefined index: Rejectordererpuser D:\Apache HTTP Server\x64\WebApp\AppErp\Web\Common\Common\Api\flow\UserCls\flow.UserCls.UserSessionManage.php 第 39 行.
INFO: Run Api\Behaviors\PurviewBehavior [ RunTime:0.006000s ]
INFO: Run Admin\Behaviors\AdminPurviewBehavior [ RunTime:0.001000s ]
INFO: [ action_begin ] --END-- [ RunTime:0.007000s ]
NOTIC: [2048] Non-static method Api\Controller\StoneController::stoneList() should not be called statically, assuming $this from incompatible context D:\Apache HTTP Server\x64\WebApp\AppErp\Web\Api\Controller\Aproxy\Controller.Aproxy.stone.php 第 16 行.
NOTIC: [8] Undefined variable: mywayPost_Var D:\Apache HTTP Server\x64\WebApp\AppErp\Web\Common\Common\PublicCode\FunctionCode.class.php 第 316 行.
NOTIC: [2] Invalid argument supplied for foreach() D:\Apache HTTP Server\x64\WebApp\AppErp\Web\Common\Common\PublicCode\FunctionCode.class.php 第 316 行.
NOTIC: [8] Undefined index: HTTP_REFERER D:\Apache HTTP Server\x64\WebApp\AppErp\Web\Common\Common\PublicCode\FunctionCode.class.php 第 320 行.
SQL: SHOW COLUMNS FROM `app_member` [ RunTime:0.0090s ]
SQL: SELECT `id`,`stoneAddtion` FROM `app_member` WHERE ( (IsMasterAccount=1 and id=10) or myMasterAccountMId=10 ) ORDER BY id desc  [ RunTime:0.0270s ]
SQL: SELECT `id`,`stoneAddtion` FROM `app_member` WHERE ( (IsMasterAccount=1 and id=10) or myMasterAccountMId=10 ) ORDER BY id desc  [ RunTime:0.0090s ]
NOTIC: [8] Undefined offset: 1 D:\Apache HTTP Server\x64\WebApp\AppErp\Web\Common\Common\Api\flow\Stone\flow.stone.class.php 第 46 行.
NOTIC: [8] Undefined offset: 1 D:\Apache HTTP Server\x64\WebApp\AppErp\Web\Common\Common\Api\flow\Stone\flow.stone.class.php 第 47 行.
NOTIC: [8] Undefined offset: 1 D:\Apache HTTP Server\x64\WebApp\AppErp\Web\Common\Common\Api\flow\Stone\flow.stone.class.php 第 194 行.
NOTIC: [8] Undefined offset: 1 D:\Apache HTTP Server\x64\WebApp\AppErp\Web\Common\Common\Api\flow\Stone\flow.stone.class.php 第 207 行.
NOTIC: [8] Trying to get property of non-object D:\Apache HTTP Server\x64\WebApp\AppErp\Web\Common\Common\Api\flow\Stone\flow.stone.class.php 第 54 行.
NOTIC: [8] Trying to get property of non-object D:\Apache HTTP Server\x64\WebApp\AppErp\Web\Common\Common\Api\flow\Stone\flow.stone.class.php 第 54 行.
INFO: [ app_end ] --START--
INFO: Run Behavior\ShowPageTraceBehavior [ RunTime:0.000000s ]
INFO: [ app_end ] --END-- [ RunTime:0.000000s ]

[ 2017-07-19T17:02:17+08:00 ] 192.168.1.240 /api/Aproxy/stoneList?tokenKey=be5fc01f10a42d5d8d5d4537ed808bad&QxVersion=1.3
INFO: [ app_init ] --START--
INFO: Run Behavior\BuildLiteBehavior [ RunTime:0.000000s ]
INFO: [ app_init ] --END-- [ RunTime:0.001000s ]
INFO: [ app_begin ] --START--
INFO: Run Behavior\ReadHtmlCacheBehavior [ RunTime:0.001001s ]
INFO: [ app_begin ] --END-- [ RunTime:0.001001s ]
INFO: [ action_begin ] --START--
NOTIC: [8] Undefined index: Rejectordererpuser D:\Apache HTTP Server\x64\WebApp\AppErp\Web\Common\Common\Api\flow\UserCls\flow.UserCls.UserSessionManage.php 第 39 行.
INFO: Run Api\Behaviors\PurviewBehavior [ RunTime:0.005000s ]
INFO: Run Admin\Behaviors\AdminPurviewBehavior [ RunTime:0.000000s ]
INFO: [ action_begin ] --END-- [ RunTime:0.005000s ]
NOTIC: [2048] Non-static method Api\Controller\StoneController::stoneList() should not be called statically, assuming $this from incompatible context D:\Apache HTTP Server\x64\WebApp\AppErp\Web\Api\Controller\Aproxy\Controller.Aproxy.stone.php 第 16 行.
NOTIC: [8] Undefined variable: mywayPost_Var D:\Apache HTTP Server\x64\WebApp\AppErp\Web\Common\Common\PublicCode\FunctionCode.class.php 第 316 行.
NOTIC: [2] Invalid argument supplied for foreach() D:\Apache HTTP Server\x64\WebApp\AppErp\Web\Common\Common\PublicCode\FunctionCode.class.php 第 316 行.
NOTIC: [8] Undefined index: HTTP_REFERER D:\Apache HTTP Server\x64\WebApp\AppErp\Web\Common\Common\PublicCode\FunctionCode.class.php 第 320 行.
SQL: SHOW COLUMNS FROM `app_member` [ RunTime:0.0080s ]
SQL: SELECT `id`,`stoneAddtion` FROM `app_member` WHERE ( (IsMasterAccount=1 and id=10) or myMasterAccountMId=10 ) ORDER BY id desc  [ RunTime:0.0070s ]
SQL: SELECT `id`,`stoneAddtion` FROM `app_member` WHERE ( (IsMasterAccount=1 and id=10) or myMasterAccountMId=10 ) ORDER BY id desc  [ RunTime:0.0210s ]
NOTIC: [8] Undefined offset: 1 D:\Apache HTTP Server\x64\WebApp\AppErp\Web\Common\Common\Api\flow\Stone\flow.stone.class.php 第 46 行.
NOTIC: [8] Undefined offset: 1 D:\Apache HTTP Server\x64\WebApp\AppErp\Web\Common\Common\Api\flow\Stone\flow.stone.class.php 第 47 行.
NOTIC: [8] Undefined offset: 1 D:\Apache HTTP Server\x64\WebApp\AppErp\Web\Common\Common\Api\flow\Stone\flow.stone.class.php 第 194 行.
NOTIC: [8] Undefined offset: 1 D:\Apache HTTP Server\x64\WebApp\AppErp\Web\Common\Common\Api\flow\Stone\flow.stone.class.php 第 207 行.
NOTIC: [8] Trying to get property of non-object D:\Apache HTTP Server\x64\WebApp\AppErp\Web\Common\Common\Api\flow\Stone\flow.stone.class.php 第 54 行.
NOTIC: [8] Trying to get property of non-object D:\Apache HTTP Server\x64\WebApp\AppErp\Web\Common\Common\Api\flow\Stone\flow.stone.class.php 第 54 行.
INFO: [ app_end ] --START--
INFO: Run Behavior\ShowPageTraceBehavior [ RunTime:0.000000s ]
INFO: [ app_end ] --END-- [ RunTime:0.001000s ]

[ 2017-07-19T17:02:46+08:00 ] 192.168.1.240 /api/Aproxy/stoneList?tokenKey=be5fc01f10a42d5d8d5d4537ed808bad&QxVersion=1.3
INFO: [ app_init ] --START--
INFO: Run Behavior\BuildLiteBehavior [ RunTime:0.000000s ]
INFO: [ app_init ] --END-- [ RunTime:0.000000s ]
INFO: [ app_begin ] --START--
INFO: Run Behavior\ReadHtmlCacheBehavior [ RunTime:0.000000s ]
INFO: [ app_begin ] --END-- [ RunTime:0.001000s ]
INFO: [ action_begin ] --START--
SQL: SHOW COLUMNS FROM `app_member` [ RunTime:0.0170s ]
SQL: SELECT `id`,`userName`,`tokenKey`,`orderErpId`,`salesErpId`,`phone` FROM `app_member` WHERE `tokenKey` = 'be5fc01f10a42d5d8d5d4537ed808bad'  [ RunTime:0.0630s ]
SQL: insert into app_user_active (member_id) VALUE (10) [ RunTime:0.0130s ]
INFO: Run Api\Behaviors\PurviewBehavior [ RunTime:0.261015s ]
INFO: Run Admin\Behaviors\AdminPurviewBehavior [ RunTime:0.001000s ]
INFO: [ action_begin ] --END-- [ RunTime:0.262015s ]
NOTIC: [2048] Non-static method Api\Controller\StoneController::stoneList() should not be called statically, assuming $this from incompatible context D:\Apache HTTP Server\x64\WebApp\AppErp\Web\Api\Controller\Aproxy\Controller.Aproxy.stone.php 第 16 行.
NOTIC: [8] Undefined variable: mywayPost_Var D:\Apache HTTP Server\x64\WebApp\AppErp\Web\Common\Common\PublicCode\FunctionCode.class.php 第 316 行.
NOTIC: [2] Invalid argument supplied for foreach() D:\Apache HTTP Server\x64\WebApp\AppErp\Web\Common\Common\PublicCode\FunctionCode.class.php 第 316 行.
NOTIC: [8] Undefined index: HTTP_REFERER D:\Apache HTTP Server\x64\WebApp\AppErp\Web\Common\Common\PublicCode\FunctionCode.class.php 第 320 行.
SQL: SELECT `id`,`stoneAddtion` FROM `app_member` WHERE ( (IsMasterAccount=1 and id=10) or myMasterAccountMId=10 ) ORDER BY id desc  [ RunTime:0.0090s ]
SQL: SELECT `id`,`stoneAddtion` FROM `app_member` WHERE ( (IsMasterAccount=1 and id=10) or myMasterAccountMId=10 ) ORDER BY id desc  [ RunTime:0.0100s ]
NOTIC: [8] Undefined offset: 1 D:\Apache HTTP Server\x64\WebApp\AppErp\Web\Common\Common\Api\flow\Stone\flow.stone.class.php 第 46 行.
NOTIC: [8] Undefined offset: 1 D:\Apache HTTP Server\x64\WebApp\AppErp\Web\Common\Common\Api\flow\Stone\flow.stone.class.php 第 47 行.
NOTIC: [8] Undefined offset: 1 D:\Apache HTTP Server\x64\WebApp\AppErp\Web\Common\Common\Api\flow\Stone\flow.stone.class.php 第 194 行.
NOTIC: [8] Undefined offset: 1 D:\Apache HTTP Server\x64\WebApp\AppErp\Web\Common\Common\Api\flow\Stone\flow.stone.class.php 第 207 行.
NOTIC: [8] Trying to get property of non-object D:\Apache HTTP Server\x64\WebApp\AppErp\Web\Common\Common\Api\flow\Stone\flow.stone.class.php 第 54 行.
NOTIC: [8] Trying to get property of non-object D:\Apache HTTP Server\x64\WebApp\AppErp\Web\Common\Common\Api\flow\Stone\flow.stone.class.php 第 54 行.
INFO: [ app_end ] --START--
INFO: Run Behavior\ShowPageTraceBehavior [ RunTime:0.001000s ]
INFO: [ app_end ] --END-- [ RunTime:0.001000s ]

[ 2017-07-19T17:05:35+08:00 ] 192.168.1.240 /api/Aproxy/stoneList?tokenKey=be5fc01f10a42d5d8d5d4537ed808bad&QxVersion=1.3
INFO: [ app_init ] --START--
INFO: Run Behavior\BuildLiteBehavior [ RunTime:0.000000s ]
INFO: [ app_init ] --END-- [ RunTime:0.001000s ]
INFO: [ app_begin ] --START--
INFO: Run Behavior\ReadHtmlCacheBehavior [ RunTime:0.001000s ]
INFO: [ app_begin ] --END-- [ RunTime:0.001000s ]
INFO: [ action_begin ] --START--
NOTIC: [8] Undefined index: Rejectordererpuser D:\Apache HTTP Server\x64\WebApp\AppErp\Web\Common\Common\Api\flow\UserCls\flow.UserCls.UserSessionManage.php 第 39 行.
INFO: Run Api\Behaviors\PurviewBehavior [ RunTime:0.005000s ]
INFO: Run Admin\Behaviors\AdminPurviewBehavior [ RunTime:0.000000s ]
INFO: [ action_begin ] --END-- [ RunTime:0.005000s ]
NOTIC: [2048] Non-static method Api\Controller\StoneController::stoneList() should not be called statically, assuming $this from incompatible context D:\Apache HTTP Server\x64\WebApp\AppErp\Web\Api\Controller\Aproxy\Controller.Aproxy.stone.php 第 16 行.
NOTIC: [8] Undefined variable: mywayPost_Var D:\Apache HTTP Server\x64\WebApp\AppErp\Web\Common\Common\PublicCode\FunctionCode.class.php 第 316 行.
NOTIC: [2] Invalid argument supplied for foreach() D:\Apache HTTP Server\x64\WebApp\AppErp\Web\Common\Common\PublicCode\FunctionCode.class.php 第 316 行.
NOTIC: [8] Undefined index: HTTP_REFERER D:\Apache HTTP Server\x64\WebApp\AppErp\Web\Common\Common\PublicCode\FunctionCode.class.php 第 320 行.
SQL: SHOW COLUMNS FROM `app_member` [ RunTime:0.0080s ]
SQL: SELECT `id`,`stoneAddtion` FROM `app_member` WHERE ( (IsMasterAccount=1 and id=10) or myMasterAccountMId=10 ) ORDER BY id desc  [ RunTime:0.0120s ]
SQL: SELECT `id`,`stoneAddtion` FROM `app_member` WHERE ( (IsMasterAccount=1 and id=10) or myMasterAccountMId=10 ) ORDER BY id desc  [ RunTime:0.0080s ]
NOTIC: [8] Undefined offset: 1 D:\Apache HTTP Server\x64\WebApp\AppErp\Web\Common\Common\Api\flow\Stone\flow.stone.class.php 第 46 行.
NOTIC: [8] Undefined offset: 1 D:\Apache HTTP Server\x64\WebApp\AppErp\Web\Common\Common\Api\flow\Stone\flow.stone.class.php 第 47 行.
NOTIC: [8] Undefined offset: 1 D:\Apache HTTP Server\x64\WebApp\AppErp\Web\Common\Common\Api\flow\Stone\flow.stone.class.php 第 194 行.
NOTIC: [8] Undefined offset: 1 D:\Apache HTTP Server\x64\WebApp\AppErp\Web\Common\Common\Api\flow\Stone\flow.stone.class.php 第 207 行.
INFO: [ app_end ] --START--
INFO: Run Behavior\ShowPageTraceBehavior [ RunTime:0.001000s ]
INFO: [ app_end ] --END-- [ RunTime:0.001000s ]

