[ 2017-07-24T09:53:43+08:00 ] 192.168.1.240 /api/public/test
INFO: [ app_init ] --START--
INFO: Run Behavior\BuildLiteBehavior [ RunTime:0.000000s ]
INFO: [ app_init ] --END-- [ RunTime:0.003001s ]
INFO: [ app_begin ] --START--
INFO: Run Behavior\ReadHtmlCacheBehavior [ RunTime:0.003000s ]
INFO: [ app_begin ] --END-- [ RunTime:0.003000s ]
INFO: [ action_begin ] --START--
NOTIC: [8] Undefined index: test D:\Apache HTTP Server\x64\WebApp\AppErp\Web\Api\Behaviors\PurviewBehavior.class.php 第 52 行.
NOTIC: [8] Undefined index: test D:\Apache HTTP Server\x64\WebApp\AppErp\Web\Api\Behaviors\PurviewBehavior.class.php 第 58 行.
NOTIC: [8] Undefined index: test D:\Apache HTTP Server\x64\WebApp\AppErp\Web\Api\Behaviors\PurviewBehavior.class.php 第 64 行.
INFO: Run Api\Behaviors\PurviewBehavior [ RunTime:0.083005s ]
INFO: Run Admin\Behaviors\AdminPurviewBehavior [ RunTime:0.017001s ]
INFO: [ action_begin ] --END-- [ RunTime:0.101006s ]
INFO: [ app_end ] --START--
INFO: Run Behavior\ShowPageTraceBehavior [ RunTime:0.037002s ]
INFO: [ app_end ] --END-- [ RunTime:0.038002s ]

[ 2017-07-24T09:56:19+08:00 ] 192.168.1.240 /api/public/test
INFO: [ app_init ] --START--
INFO: Run Behavior\BuildLiteBehavior [ RunTime:0.000000s ]
INFO: [ app_init ] --END-- [ RunTime:0.001000s ]
INFO: [ app_begin ] --START--
INFO: Run Behavior\ReadHtmlCacheBehavior [ RunTime:0.001000s ]
INFO: [ app_begin ] --END-- [ RunTime:0.001000s ]
INFO: [ action_begin ] --START--
NOTIC: [8] Undefined index: test D:\Apache HTTP Server\x64\WebApp\AppErp\Web\Api\Behaviors\PurviewBehavior.class.php 第 52 行.
NOTIC: [8] Undefined index: test D:\Apache HTTP Server\x64\WebApp\AppErp\Web\Api\Behaviors\PurviewBehavior.class.php 第 58 行.
NOTIC: [8] Undefined index: test D:\Apache HTTP Server\x64\WebApp\AppErp\Web\Api\Behaviors\PurviewBehavior.class.php 第 64 行.
INFO: Run Api\Behaviors\PurviewBehavior [ RunTime:0.004000s ]
INFO: Run Admin\Behaviors\AdminPurviewBehavior [ RunTime:0.001000s ]
INFO: [ action_begin ] --END-- [ RunTime:0.005000s ]
NOTIC: [8] Undefined property: stdClass::$modelPuritys D:\Apache HTTP Server\x64\WebApp\AppErp\Web\Api\Controller\PublicController.class.php 第 38 行.
NOTIC: [2] Invalid argument supplied for foreach() D:\Apache HTTP Server\x64\WebApp\AppErp\Web\Api\Controller\PublicController.class.php 第 38 行.
INFO: [ app_end ] --START--
INFO: Run Behavior\ShowPageTraceBehavior [ RunTime:0.001000s ]
INFO: [ app_end ] --END-- [ RunTime:0.002000s ]

[ 2017-07-24T09:57:12+08:00 ] 192.168.1.240 /api/public/test
INFO: [ app_init ] --START--
INFO: Run Behavior\BuildLiteBehavior [ RunTime:0.000000s ]
INFO: [ app_init ] --END-- [ RunTime:0.001000s ]
INFO: [ app_begin ] --START--
INFO: Run Behavior\ReadHtmlCacheBehavior [ RunTime:0.001000s ]
INFO: [ app_begin ] --END-- [ RunTime:0.001000s ]
INFO: [ action_begin ] --START--
NOTIC: [8] Undefined index: test D:\Apache HTTP Server\x64\WebApp\AppErp\Web\Api\Behaviors\PurviewBehavior.class.php 第 52 行.
NOTIC: [8] Undefined index: test D:\Apache HTTP Server\x64\WebApp\AppErp\Web\Api\Behaviors\PurviewBehavior.class.php 第 58 行.
NOTIC: [8] Undefined index: test D:\Apache HTTP Server\x64\WebApp\AppErp\Web\Api\Behaviors\PurviewBehavior.class.php 第 64 行.
INFO: Run Api\Behaviors\PurviewBehavior [ RunTime:0.003000s ]
INFO: Run Admin\Behaviors\AdminPurviewBehavior [ RunTime:0.001000s ]
INFO: [ action_begin ] --END-- [ RunTime:0.004000s ]
NOTIC: [8] Undefined property: stdClass::$modelPuritys D:\Apache HTTP Server\x64\WebApp\AppErp\Web\Api\Controller\PublicController.class.php 第 38 行.
NOTIC: [2] Invalid argument supplied for foreach() D:\Apache HTTP Server\x64\WebApp\AppErp\Web\Api\Controller\PublicController.class.php 第 38 行.

[ 2017-07-24T09:57:28+08:00 ] 192.168.1.240 /api/public/test
INFO: [ app_init ] --START--
INFO: Run Behavior\BuildLiteBehavior [ RunTime:0.000000s ]
INFO: [ app_init ] --END-- [ RunTime:0.000000s ]
INFO: [ app_begin ] --START--
INFO: Run Behavior\ReadHtmlCacheBehavior [ RunTime:0.000000s ]
INFO: [ app_begin ] --END-- [ RunTime:0.000000s ]
INFO: [ action_begin ] --START--
NOTIC: [8] Undefined index: test D:\Apache HTTP Server\x64\WebApp\AppErp\Web\Api\Behaviors\PurviewBehavior.class.php 第 52 行.
NOTIC: [8] Undefined index: test D:\Apache HTTP Server\x64\WebApp\AppErp\Web\Api\Behaviors\PurviewBehavior.class.php 第 58 行.
NOTIC: [8] Undefined index: test D:\Apache HTTP Server\x64\WebApp\AppErp\Web\Api\Behaviors\PurviewBehavior.class.php 第 64 行.
INFO: Run Api\Behaviors\PurviewBehavior [ RunTime:0.001000s ]
INFO: Run Admin\Behaviors\AdminPurviewBehavior [ RunTime:0.000000s ]
INFO: [ action_begin ] --END-- [ RunTime:0.002000s ]
INFO: [ app_end ] --START--
INFO: Run Behavior\ShowPageTraceBehavior [ RunTime:0.000000s ]
INFO: [ app_end ] --END-- [ RunTime:0.002000s ]

[ 2017-07-24T09:58:13+08:00 ] 192.168.1.240 /api/public/test
INFO: [ app_init ] --START--
INFO: Run Behavior\BuildLiteBehavior [ RunTime:0.001000s ]
INFO: [ app_init ] --END-- [ RunTime:0.001000s ]
INFO: [ app_begin ] --START--
INFO: Run Behavior\ReadHtmlCacheBehavior [ RunTime:0.001000s ]
INFO: [ app_begin ] --END-- [ RunTime:0.001000s ]
INFO: [ action_begin ] --START--
NOTIC: [8] Undefined index: test D:\Apache HTTP Server\x64\WebApp\AppErp\Web\Api\Behaviors\PurviewBehavior.class.php 第 52 行.
NOTIC: [8] Undefined index: test D:\Apache HTTP Server\x64\WebApp\AppErp\Web\Api\Behaviors\PurviewBehavior.class.php 第 58 行.
NOTIC: [8] Undefined index: test D:\Apache HTTP Server\x64\WebApp\AppErp\Web\Api\Behaviors\PurviewBehavior.class.php 第 64 行.
INFO: Run Api\Behaviors\PurviewBehavior [ RunTime:0.001001s ]
INFO: Run Admin\Behaviors\AdminPurviewBehavior [ RunTime:0.000000s ]
INFO: [ action_begin ] --END-- [ RunTime:0.001001s ]

[ 2017-07-24T09:58:26+08:00 ] 192.168.1.240 /api/public/test
INFO: [ app_init ] --START--
INFO: Run Behavior\BuildLiteBehavior [ RunTime:0.000000s ]
INFO: [ app_init ] --END-- [ RunTime:0.000000s ]
INFO: [ app_begin ] --START--
INFO: Run Behavior\ReadHtmlCacheBehavior [ RunTime:0.001000s ]
INFO: [ app_begin ] --END-- [ RunTime:0.001000s ]
INFO: [ action_begin ] --START--
NOTIC: [8] Undefined index: test D:\Apache HTTP Server\x64\WebApp\AppErp\Web\Api\Behaviors\PurviewBehavior.class.php 第 52 行.
NOTIC: [8] Undefined index: test D:\Apache HTTP Server\x64\WebApp\AppErp\Web\Api\Behaviors\PurviewBehavior.class.php 第 58 行.
NOTIC: [8] Undefined index: test D:\Apache HTTP Server\x64\WebApp\AppErp\Web\Api\Behaviors\PurviewBehavior.class.php 第 64 行.
INFO: Run Api\Behaviors\PurviewBehavior [ RunTime:0.001000s ]
INFO: Run Admin\Behaviors\AdminPurviewBehavior [ RunTime:0.001000s ]
INFO: [ action_begin ] --END-- [ RunTime:0.003000s ]
INFO: [ app_end ] --START--
INFO: Run Behavior\ShowPageTraceBehavior [ RunTime:0.002000s ]
INFO: [ app_end ] --END-- [ RunTime:0.002000s ]

[ 2017-07-24T09:59:21+08:00 ] 192.168.1.240 /api/public/test
INFO: [ app_init ] --START--
INFO: Run Behavior\BuildLiteBehavior [ RunTime:0.000000s ]
INFO: [ app_init ] --END-- [ RunTime:0.001000s ]
INFO: [ app_begin ] --START--
INFO: Run Behavior\ReadHtmlCacheBehavior [ RunTime:0.000000s ]
INFO: [ app_begin ] --END-- [ RunTime:0.001000s ]
INFO: [ action_begin ] --START--
NOTIC: [8] Undefined index: test D:\Apache HTTP Server\x64\WebApp\AppErp\Web\Api\Behaviors\PurviewBehavior.class.php 第 52 行.
NOTIC: [8] Undefined index: test D:\Apache HTTP Server\x64\WebApp\AppErp\Web\Api\Behaviors\PurviewBehavior.class.php 第 58 行.
NOTIC: [8] Undefined index: test D:\Apache HTTP Server\x64\WebApp\AppErp\Web\Api\Behaviors\PurviewBehavior.class.php 第 64 行.
INFO: Run Api\Behaviors\PurviewBehavior [ RunTime:0.002000s ]
INFO: Run Admin\Behaviors\AdminPurviewBehavior [ RunTime:0.001000s ]
INFO: [ action_begin ] --END-- [ RunTime:0.003000s ]
INFO: [ app_end ] --START--
INFO: Run Behavior\ShowPageTraceBehavior [ RunTime:0.001000s ]
INFO: [ app_end ] --END-- [ RunTime:0.001000s ]

[ 2017-07-24T10:47:31+08:00 ] 192.168.1.240 //api/aproxy/ModelDetailPage?QxVersion=1.5&tokenKey=9b102f07cfa13184ef5d88c82c543317&id=102868
INFO: [ app_init ] --START--
INFO: Run Behavior\BuildLiteBehavior [ RunTime:0.000000s ]
INFO: [ app_init ] --END-- [ RunTime:0.001000s ]
INFO: [ app_begin ] --START--
INFO: Run Behavior\ReadHtmlCacheBehavior [ RunTime:0.001000s ]
INFO: [ app_begin ] --END-- [ RunTime:0.001000s ]
INFO: [ action_begin ] --START--
SQL: SHOW COLUMNS FROM `app_member` [ RunTime:0.0150s ]
SQL: SELECT `id`,`userName`,`tokenKey`,`orderErpId`,`salesErpId`,`phone` FROM `app_member` WHERE `tokenKey` = '9b102f07cfa13184ef5d88c82c543317'  [ RunTime:0.0090s ]
SQL: insert into app_user_active (member_id) VALUE (132) [ RunTime:0.0080s ]
INFO: Run Api\Behaviors\PurviewBehavior [ RunTime:0.253015s ]
INFO: Run Admin\Behaviors\AdminPurviewBehavior [ RunTime:0.000000s ]
INFO: [ action_begin ] --END-- [ RunTime:0.254015s ]
NOTIC: [2048] Non-static method Api\Controller\ModelController::ModelDetailPage() should not be called statically, assuming $this from incompatible context D:\Apache HTTP Server\x64\WebApp\AppErp\Web\Api\Controller\Aproxy\Controller.Aproxy.ModelProxy.php 第 22 行.
SQL: select a.*,
                IFNULL(p.price ,'') AS sprice,
                IFNULL(pa.price ,'') AS saprice,
                IFNULL(pb.price ,'') AS sbprice,
                IFNULL(pb.price ,'') AS scprice
                 from app_model_product a
                    LEFT JOIN app_stone_price p ON p.stone_category_id = a.stone_category_id
                    AND p.stone_color_id = a.stone_color_id
                    AND p.stone_purity_id = a.stone_purity_id
                    AND p.stone_spec_id = a.stone_spec_id
                    LEFT JOIN app_stone_price pa ON pa.stone_category_id = a.stone_category_id_A
                    AND pa.stone_color_id = a.stone_color_id_A
                    AND pa.stone_purity_id = a.stone_purity_id_A
                    AND pa.stone_spec_id = a.stone_spec_id_A
                    LEFT JOIN app_stone_price pb ON pb.stone_category_id = a.stone_category_id_B
                    AND pb.stone_color_id = a.stone_color_id_B
                    AND pb.stone_purity_id = a.stone_purity_id_B
                    AND pb.stone_spec_id = a.stone_spec_id_B
                    LEFT JOIN app_stone_price pc ON pc.stone_category_id = a.stone_category_id_C
                    AND pc.stone_color_id = a.stone_color_id_C
                    AND pc.stone_purity_id = a.stone_purity_id_C
                    AND pc.stone_spec_id = a.stone_spec_id_C
                    where a.id=102868 [ RunTime:0.0180s ]
SQL: SELECT
                    model_category_id
                FROM
                    app_model_product_category c1
                WHERE
                model_product_id = 102868
                AND
                    EXISTS (
                        SELECT
                            *
                        FROM
                            app_model_category c2
                        WHERE
                            EXISTS (
                                SELECT
                                    *
                                FROM
                                    app_model_category
                                WHERE
                                    c2.model_category_id = id
                                AND sign = 'mode'
                            )
                        AND c1.model_category_id = c2.id
                    ) LIMIT 1 [ RunTime:0.0060s ]
SQL: SHOW COLUMNS FROM `app_model_puroduct_file` [ RunTime:0.0090s ]
SQL: SELECT `id`,CONCAT('http://124.172.169.117:9888/',file) as pic,CONCAT('http://124.172.169.117:9888/',file1) as picm,CONCAT('http://124.172.169.117:9888/',file2) as picb FROM `app_model_puroduct_file` WHERE ( model_product_id=102868 and isShow>0 and `group`='productPic' ) ORDER BY sort  [ RunTime:0.0080s ]
SQL: SHOW COLUMNS FROM `app_model_category` [ RunTime:0.0110s ]
SQL: SELECT `id`,name as title,`erpTypeId` FROM app_model_category aa WHERE ( exists (select * from app_model_category a where aa.model_category_id = a.id and sign='mode') )  [ RunTime:0.0090s ]

[ 2017-07-24T10:49:40+08:00 ] 192.168.1.240 //api/aproxy/ModelDetailPage?QxVersion=1.5&tokenKey=9b102f07cfa13184ef5d88c82c543317&id=102868
INFO: [ app_init ] --START--
INFO: Run Behavior\BuildLiteBehavior [ RunTime:0.000000s ]
INFO: [ app_init ] --END-- [ RunTime:0.000000s ]
INFO: [ app_begin ] --START--
INFO: Run Behavior\ReadHtmlCacheBehavior [ RunTime:0.000000s ]
INFO: [ app_begin ] --END-- [ RunTime:0.001000s ]
INFO: [ action_begin ] --START--
NOTIC: [8] Undefined index: Rejectordererpuser D:\Apache HTTP Server\x64\WebApp\AppErp\Web\Common\Common\Api\flow\UserCls\flow.UserCls.UserSessionManage.php 第 39 行.
SQL: SHOW COLUMNS FROM `app_member` [ RunTime:0.0070s ]
SQL: SELECT `id`,`userName`,`tokenKey`,`orderErpId`,`salesErpId`,`phone` FROM `app_member` WHERE `tokenKey` = '9b102f07cfa13184ef5d88c82c543317'  [ RunTime:0.0060s ]
SQL: insert into app_user_active (member_id) VALUE (132) [ RunTime:0.0070s ]
INFO: Run Api\Behaviors\PurviewBehavior [ RunTime:0.065004s ]
INFO: Run Admin\Behaviors\AdminPurviewBehavior [ RunTime:0.000000s ]
INFO: [ action_begin ] --END-- [ RunTime:0.066004s ]
NOTIC: [2048] Non-static method Api\Controller\ModelController::ModelDetailPage() should not be called statically, assuming $this from incompatible context D:\Apache HTTP Server\x64\WebApp\AppErp\Web\Api\Controller\Aproxy\Controller.Aproxy.ModelProxy.php 第 22 行.
SQL: select a.*,
                IFNULL(p.price ,'') AS sprice,
                IFNULL(pa.price ,'') AS saprice,
                IFNULL(pb.price ,'') AS sbprice,
                IFNULL(pb.price ,'') AS scprice
                 from app_model_product a
                    LEFT JOIN app_stone_price p ON p.stone_category_id = a.stone_category_id
                    AND p.stone_color_id = a.stone_color_id
                    AND p.stone_purity_id = a.stone_purity_id
                    AND p.stone_spec_id = a.stone_spec_id
                    LEFT JOIN app_stone_price pa ON pa.stone_category_id = a.stone_category_id_A
                    AND pa.stone_color_id = a.stone_color_id_A
                    AND pa.stone_purity_id = a.stone_purity_id_A
                    AND pa.stone_spec_id = a.stone_spec_id_A
                    LEFT JOIN app_stone_price pb ON pb.stone_category_id = a.stone_category_id_B
                    AND pb.stone_color_id = a.stone_color_id_B
                    AND pb.stone_purity_id = a.stone_purity_id_B
                    AND pb.stone_spec_id = a.stone_spec_id_B
                    LEFT JOIN app_stone_price pc ON pc.stone_category_id = a.stone_category_id_C
                    AND pc.stone_color_id = a.stone_color_id_C
                    AND pc.stone_purity_id = a.stone_purity_id_C
                    AND pc.stone_spec_id = a.stone_spec_id_C
                    where a.id=102868 [ RunTime:0.0090s ]
SQL: SELECT
                    model_category_id
                FROM
                    app_model_product_category c1
                WHERE
                model_product_id = 102868
                AND
                    EXISTS (
                        SELECT
                            *
                        FROM
                            app_model_category c2
                        WHERE
                            EXISTS (
                                SELECT
                                    *
                                FROM
                                    app_model_category
                                WHERE
                                    c2.model_category_id = id
                                AND sign = 'mode'
                            )
                        AND c1.model_category_id = c2.id
                    ) LIMIT 1 [ RunTime:0.0060s ]
SQL: SHOW COLUMNS FROM `app_model_puroduct_file` [ RunTime:0.0070s ]
SQL: SELECT `id`,CONCAT('http://124.172.169.117:9888/',file) as pic,CONCAT('http://124.172.169.117:9888/',file1) as picm,CONCAT('http://124.172.169.117:9888/',file2) as picb FROM `app_model_puroduct_file` WHERE ( model_product_id=102868 and isShow>0 and `group`='productPic' ) ORDER BY sort  [ RunTime:0.0080s ]
SQL: SHOW COLUMNS FROM `app_model_category` [ RunTime:0.0060s ]
SQL: SELECT `id`,name as title,`erpTypeId` FROM app_model_category aa WHERE ( exists (select * from app_model_category a where aa.model_category_id = a.id and sign='mode') )  [ RunTime:0.0070s ]

[ 2017-07-24T10:49:55+08:00 ] 192.168.1.240 //api/aproxy/ModelDetailPage?QxVersion=1.5&tokenKey=9b102f07cfa13184ef5d88c82c543317&id=102868
INFO: [ app_init ] --START--
INFO: Run Behavior\BuildLiteBehavior [ RunTime:0.000000s ]
INFO: [ app_init ] --END-- [ RunTime:0.001000s ]
INFO: [ app_begin ] --START--
INFO: Run Behavior\ReadHtmlCacheBehavior [ RunTime:0.000000s ]
INFO: [ app_begin ] --END-- [ RunTime:0.001000s ]
INFO: [ action_begin ] --START--
NOTIC: [8] Undefined index: Rejectordererpuser D:\Apache HTTP Server\x64\WebApp\AppErp\Web\Common\Common\Api\flow\UserCls\flow.UserCls.UserSessionManage.php 第 39 行.
SQL: SHOW COLUMNS FROM `app_member` [ RunTime:0.0120s ]
SQL: SELECT `id`,`userName`,`tokenKey`,`orderErpId`,`salesErpId`,`phone` FROM `app_member` WHERE `tokenKey` = '9b102f07cfa13184ef5d88c82c543317'  [ RunTime:0.0110s ]
SQL: insert into app_user_active (member_id) VALUE (132) [ RunTime:0.0080s ]
INFO: Run Api\Behaviors\PurviewBehavior [ RunTime:0.075004s ]
INFO: Run Admin\Behaviors\AdminPurviewBehavior [ RunTime:0.001000s ]
INFO: [ action_begin ] --END-- [ RunTime:0.076004s ]
NOTIC: [2048] Non-static method Api\Controller\ModelController::ModelDetailPage() should not be called statically, assuming $this from incompatible context D:\Apache HTTP Server\x64\WebApp\AppErp\Web\Api\Controller\Aproxy\Controller.Aproxy.ModelProxy.php 第 22 行.
SQL: select a.*,
                IFNULL(p.price ,'') AS sprice,
                IFNULL(pa.price ,'') AS saprice,
                IFNULL(pb.price ,'') AS sbprice,
                IFNULL(pb.price ,'') AS scprice
                 from app_model_product a
                    LEFT JOIN app_stone_price p ON p.stone_category_id = a.stone_category_id
                    AND p.stone_color_id = a.stone_color_id
                    AND p.stone_purity_id = a.stone_purity_id
                    AND p.stone_spec_id = a.stone_spec_id
                    LEFT JOIN app_stone_price pa ON pa.stone_category_id = a.stone_category_id_A
                    AND pa.stone_color_id = a.stone_color_id_A
                    AND pa.stone_purity_id = a.stone_purity_id_A
                    AND pa.stone_spec_id = a.stone_spec_id_A
                    LEFT JOIN app_stone_price pb ON pb.stone_category_id = a.stone_category_id_B
                    AND pb.stone_color_id = a.stone_color_id_B
                    AND pb.stone_purity_id = a.stone_purity_id_B
                    AND pb.stone_spec_id = a.stone_spec_id_B
                    LEFT JOIN app_stone_price pc ON pc.stone_category_id = a.stone_category_id_C
                    AND pc.stone_color_id = a.stone_color_id_C
                    AND pc.stone_purity_id = a.stone_purity_id_C
                    AND pc.stone_spec_id = a.stone_spec_id_C
                    where a.id=102868 [ RunTime:0.0110s ]
SQL: SELECT
                    model_category_id
                FROM
                    app_model_product_category c1
                WHERE
                model_product_id = 102868
                AND
                    EXISTS (
                        SELECT
                            *
                        FROM
                            app_model_category c2
                        WHERE
                            EXISTS (
                                SELECT
                                    *
                                FROM
                                    app_model_category
                                WHERE
                                    c2.model_category_id = id
                                AND sign = 'mode'
                            )
                        AND c1.model_category_id = c2.id
                    ) LIMIT 1 [ RunTime:0.0080s ]
SQL: SHOW COLUMNS FROM `app_model_puroduct_file` [ RunTime:0.0100s ]
SQL: SELECT `id`,CONCAT('http://124.172.169.117:9888/',file) as pic,CONCAT('http://124.172.169.117:9888/',file1) as picm,CONCAT('http://124.172.169.117:9888/',file2) as picb FROM `app_model_puroduct_file` WHERE ( model_product_id=102868 and isShow>0 and `group`='productPic' ) ORDER BY sort  [ RunTime:0.0100s ]
SQL: SHOW COLUMNS FROM `app_model_category` [ RunTime:0.0110s ]
SQL: SELECT `id`,name as title,`erpTypeId` FROM app_model_category aa WHERE ( exists (select * from app_model_category a where aa.model_category_id = a.id and sign='mode') )  [ RunTime:0.0090s ]
SQL: SHOW COLUMNS FROM `app_stone_purity` [ RunTime:0.0090s ]
SQL: SELECT `id`,name as title FROM `app_stone_purity`  [ RunTime:0.0090s ]
SQL: SHOW COLUMNS FROM `app_stone_color` [ RunTime:0.0080s ]
SQL: SELECT `id`,name as title FROM `app_stone_color`  [ RunTime:0.0070s ]
SQL: SHOW COLUMNS FROM `app_model_remarks` [ RunTime:0.0070s ]
SQL: SELECT `id`,`title`,`content` FROM `app_model_remarks`  [ RunTime:0.0080s ]
SQL: SHOW COLUMNS FROM `app_stone_spec` [ RunTime:0.0110s ]
SQL: SELECT `id`,if(up=0,`down`,CONCAT(down,'-',up)) as title,`down`,`up` FROM `app_stone_spec`  [ RunTime:0.0130s ]
NOTIC: [8] Undefined index: stone_out_A D:\Apache HTTP Server\x64\WebApp\AppErp\Web\Common\Common\Api\flow\Model\ModelCls\flow.Model.ModelCls.ModelDetail.php 第 75 行.
NOTIC: [8] Undefined variable: valueTemp D:\Apache HTTP Server\x64\WebApp\AppErp\Web\Common\Common\PublicCode\BllPublic.class.php 第 91 行.
NOTIC: [8] Undefined index: stone_out_B D:\Apache HTTP Server\x64\WebApp\AppErp\Web\Common\Common\Api\flow\Model\ModelCls\flow.Model.ModelCls.ModelDetail.php 第 93 行.
NOTIC: [8] Undefined variable: valueTemp D:\Apache HTTP Server\x64\WebApp\AppErp\Web\Common\Common\PublicCode\BllPublic.class.php 第 91 行.
NOTIC: [8] Undefined index: stone_out_C D:\Apache HTTP Server\x64\WebApp\AppErp\Web\Common\Common\Api\flow\Model\ModelCls\flow.Model.ModelCls.ModelDetail.php 第 111 行.
NOTIC: [8] Undefined variable: valueTemp D:\Apache HTTP Server\x64\WebApp\AppErp\Web\Common\Common\PublicCode\BllPublic.class.php 第 91 行.
SQL: SELECT `id`,`stoneAddtion` FROM `app_member` WHERE ( (IsMasterAccount=1 and id=132) or myMasterAccountMId=132 ) ORDER BY id desc  [ RunTime:0.0240s ]
SQL: SELECT `id`,`stoneAddtion` FROM `app_member` WHERE ( (IsMasterAccount=1 and id=132) or myMasterAccountMId=132 ) ORDER BY id desc  [ RunTime:0.0110s ]
SQL: SELECT `id`,`modelAddtion` FROM `app_member` WHERE ( (IsMasterAccount=1 and id=132) or myMasterAccountMId=132 ) ORDER BY id desc  [ RunTime:0.0070s ]
SQL: SELECT `id`,`stoneAddtion` FROM `app_member` WHERE ( (IsMasterAccount=1 and id=132) or myMasterAccountMId=132 ) ORDER BY id desc  [ RunTime:0.0130s ]
SQL: SELECT `id`,`stoneAddtion` FROM `app_member` WHERE ( (IsMasterAccount=1 and id=132) or myMasterAccountMId=132 ) ORDER BY id desc  [ RunTime:0.0060s ]
INFO: [ app_end ] --START--
INFO: Run Behavior\ShowPageTraceBehavior [ RunTime:0.001000s ]
INFO: [ app_end ] --END-- [ RunTime:0.001000s ]

[ 2017-07-24T10:50:35+08:00 ] 192.168.1.240 //api/aproxy/ModelDetailPage?QxVersion=1.5&tokenKey=9b102f07cfa13184ef5d88c82c543317&id=102868
INFO: [ app_init ] --START--
INFO: Run Behavior\BuildLiteBehavior [ RunTime:0.000000s ]
INFO: [ app_init ] --END-- [ RunTime:0.001000s ]
INFO: [ app_begin ] --START--
INFO: Run Behavior\ReadHtmlCacheBehavior [ RunTime:0.000000s ]
INFO: [ app_begin ] --END-- [ RunTime:0.001000s ]
INFO: [ action_begin ] --START--
NOTIC: [8] Undefined index: Rejectordererpuser D:\Apache HTTP Server\x64\WebApp\AppErp\Web\Common\Common\Api\flow\UserCls\flow.UserCls.UserSessionManage.php 第 39 行.
SQL: SHOW COLUMNS FROM `app_member` [ RunTime:0.0090s ]
SQL: SELECT `id`,`userName`,`tokenKey`,`orderErpId`,`salesErpId`,`phone` FROM `app_member` WHERE `tokenKey` = '9b102f07cfa13184ef5d88c82c543317'  [ RunTime:0.0070s ]
SQL: insert into app_user_active (member_id) VALUE (132) [ RunTime:0.0100s ]
INFO: Run Api\Behaviors\PurviewBehavior [ RunTime:0.102005s ]
INFO: Run Admin\Behaviors\AdminPurviewBehavior [ RunTime:0.000000s ]
INFO: [ action_begin ] --END-- [ RunTime:0.103005s ]
NOTIC: [2048] Non-static method Api\Controller\ModelController::ModelDetailPage() should not be called statically, assuming $this from incompatible context D:\Apache HTTP Server\x64\WebApp\AppErp\Web\Api\Controller\Aproxy\Controller.Aproxy.ModelProxy.php 第 22 行.
SQL: select a.*,
                IFNULL(p.price ,'') AS sprice,
                IFNULL(pa.price ,'') AS saprice,
                IFNULL(pb.price ,'') AS sbprice,
                IFNULL(pb.price ,'') AS scprice
                 from app_model_product a
                    LEFT JOIN app_stone_price p ON p.stone_category_id = a.stone_category_id
                    AND p.stone_color_id = a.stone_color_id
                    AND p.stone_purity_id = a.stone_purity_id
                    AND p.stone_spec_id = a.stone_spec_id
                    LEFT JOIN app_stone_price pa ON pa.stone_category_id = a.stone_category_id_A
                    AND pa.stone_color_id = a.stone_color_id_A
                    AND pa.stone_purity_id = a.stone_purity_id_A
                    AND pa.stone_spec_id = a.stone_spec_id_A
                    LEFT JOIN app_stone_price pb ON pb.stone_category_id = a.stone_category_id_B
                    AND pb.stone_color_id = a.stone_color_id_B
                    AND pb.stone_purity_id = a.stone_purity_id_B
                    AND pb.stone_spec_id = a.stone_spec_id_B
                    LEFT JOIN app_stone_price pc ON pc.stone_category_id = a.stone_category_id_C
                    AND pc.stone_color_id = a.stone_color_id_C
                    AND pc.stone_purity_id = a.stone_purity_id_C
                    AND pc.stone_spec_id = a.stone_spec_id_C
                    where a.id=102868 [ RunTime:0.0280s ]
SQL: SELECT
                    model_category_id
                FROM
                    app_model_product_category c1
                WHERE
                model_product_id = 102868
                AND
                    EXISTS (
                        SELECT
                            *
                        FROM
                            app_model_category c2
                        WHERE
                            EXISTS (
                                SELECT
                                    *
                                FROM
                                    app_model_category
                                WHERE
                                    c2.model_category_id = id
                                AND sign = 'mode'
                            )
                        AND c1.model_category_id = c2.id
                    ) LIMIT 1 [ RunTime:0.0160s ]
SQL: SHOW COLUMNS FROM `app_model_puroduct_file` [ RunTime:0.0090s ]
SQL: SELECT `id`,CONCAT('http://124.172.169.117:9888/',file) as pic,CONCAT('http://124.172.169.117:9888/',file1) as picm,CONCAT('http://124.172.169.117:9888/',file2) as picb FROM `app_model_puroduct_file` WHERE ( model_product_id=102868 and isShow>0 and `group`='productPic' ) ORDER BY sort  [ RunTime:0.0060s ]
SQL: SHOW COLUMNS FROM `app_model_category` [ RunTime:0.0090s ]
NOTIC: [8] Undefined property: stdClass::$stoneShape D:\Apache HTTP Server\x64\WebApp\AppErp\Web\Common\Common\Api\flow\BaseCls\flow.baseCls.CacheForModel.php 第 73 行.
NOTIC: [2] Invalid argument supplied for foreach() D:\Apache HTTP Server\x64\WebApp\AppErp\Web\Common\Common\Api\flow\BaseCls\flow.baseCls.CacheForModel.php 第 73 行.
SQL: SHOW COLUMNS FROM `app_stone_purity` [ RunTime:0.0190s ]
SQL: SHOW COLUMNS FROM `app_stone_color` [ RunTime:0.0050s ]
SQL: SHOW COLUMNS FROM `app_model_remarks` [ RunTime:0.0080s ]
SQL: SELECT `id`,`title`,`content` FROM `app_model_remarks`  [ RunTime:0.0120s ]
SQL: SHOW COLUMNS FROM `app_stone_spec` [ RunTime:0.0090s ]
NOTIC: [8] Undefined index: stone_out_A D:\Apache HTTP Server\x64\WebApp\AppErp\Web\Common\Common\Api\flow\Model\ModelCls\flow.Model.ModelCls.ModelDetail.php 第 75 行.
NOTIC: [8] Undefined variable: valueTemp D:\Apache HTTP Server\x64\WebApp\AppErp\Web\Common\Common\PublicCode\BllPublic.class.php 第 91 行.
NOTIC: [8] Undefined index: stone_out_B D:\Apache HTTP Server\x64\WebApp\AppErp\Web\Common\Common\Api\flow\Model\ModelCls\flow.Model.ModelCls.ModelDetail.php 第 93 行.
NOTIC: [8] Undefined variable: valueTemp D:\Apache HTTP Server\x64\WebApp\AppErp\Web\Common\Common\PublicCode\BllPublic.class.php 第 91 行.
NOTIC: [8] Undefined index: stone_out_C D:\Apache HTTP Server\x64\WebApp\AppErp\Web\Common\Common\Api\flow\Model\ModelCls\flow.Model.ModelCls.ModelDetail.php 第 111 行.
NOTIC: [8] Undefined variable: valueTemp D:\Apache HTTP Server\x64\WebApp\AppErp\Web\Common\Common\PublicCode\BllPublic.class.php 第 91 行.
SQL: SELECT `id`,`stoneAddtion` FROM `app_member` WHERE ( (IsMasterAccount=1 and id=132) or myMasterAccountMId=132 ) ORDER BY id desc  [ RunTime:0.0080s ]
SQL: SELECT `id`,`stoneAddtion` FROM `app_member` WHERE ( (IsMasterAccount=1 and id=132) or myMasterAccountMId=132 ) ORDER BY id desc  [ RunTime:0.0140s ]
SQL: SELECT `id`,`stoneAddtion` FROM `app_member` WHERE ( (IsMasterAccount=1 and id=132) or myMasterAccountMId=132 ) ORDER BY id desc  [ RunTime:0.0070s ]
SQL: SELECT `id`,`stoneAddtion` FROM `app_member` WHERE ( (IsMasterAccount=1 and id=132) or myMasterAccountMId=132 ) ORDER BY id desc  [ RunTime:0.0100s ]
INFO: [ app_end ] --START--
INFO: Run Behavior\ShowPageTraceBehavior [ RunTime:0.000000s ]
INFO: [ app_end ] --END-- [ RunTime:0.001000s ]

[ 2017-07-24T10:51:50+08:00 ] 192.168.1.240 //api/aproxy/ModelDetailPage?QxVersion=1.5&tokenKey=9b102f07cfa13184ef5d88c82c543317&id=102868
INFO: [ app_init ] --START--
INFO: Run Behavior\BuildLiteBehavior [ RunTime:0.000000s ]
INFO: [ app_init ] --END-- [ RunTime:0.000000s ]
INFO: [ app_begin ] --START--
INFO: Run Behavior\ReadHtmlCacheBehavior [ RunTime:0.000000s ]
INFO: [ app_begin ] --END-- [ RunTime:0.001000s ]
INFO: [ action_begin ] --START--
NOTIC: [8] Undefined index: Rejectordererpuser D:\Apache HTTP Server\x64\WebApp\AppErp\Web\Common\Common\Api\flow\UserCls\flow.UserCls.UserSessionManage.php 第 39 行.
SQL: SHOW COLUMNS FROM `app_member` [ RunTime:0.3350s ]
SQL: SELECT `id`,`userName`,`tokenKey`,`orderErpId`,`salesErpId`,`phone` FROM `app_member` WHERE `tokenKey` = '9b102f07cfa13184ef5d88c82c543317'  [ RunTime:0.9591s ]
SQL: insert into app_user_active (member_id) VALUE (132) [ RunTime:1.2731s ]
INFO: Run Api\Behaviors\PurviewBehavior [ RunTime:4.054232s ]
INFO: Run Admin\Behaviors\AdminPurviewBehavior [ RunTime:0.002000s ]
INFO: [ action_begin ] --END-- [ RunTime:4.057232s ]
NOTIC: [2048] Non-static method Api\Controller\ModelController::ModelDetailPage() should not be called statically, assuming $this from incompatible context D:\Apache HTTP Server\x64\WebApp\AppErp\Web\Api\Controller\Aproxy\Controller.Aproxy.ModelProxy.php 第 22 行.
SQL: select a.*,
                IFNULL(p.price ,'') AS sprice,
                IFNULL(pa.price ,'') AS saprice,
                IFNULL(pb.price ,'') AS sbprice,
                IFNULL(pb.price ,'') AS scprice
                 from app_model_product a
                    LEFT JOIN app_stone_price p ON p.stone_category_id = a.stone_category_id
                    AND p.stone_color_id = a.stone_color_id
                    AND p.stone_purity_id = a.stone_purity_id
                    AND p.stone_spec_id = a.stone_spec_id
                    LEFT JOIN app_stone_price pa ON pa.stone_category_id = a.stone_category_id_A
                    AND pa.stone_color_id = a.stone_color_id_A
                    AND pa.stone_purity_id = a.stone_purity_id_A
                    AND pa.stone_spec_id = a.stone_spec_id_A
                    LEFT JOIN app_stone_price pb ON pb.stone_category_id = a.stone_category_id_B
                    AND pb.stone_color_id = a.stone_color_id_B
                    AND pb.stone_purity_id = a.stone_purity_id_B
                    AND pb.stone_spec_id = a.stone_spec_id_B
                    LEFT JOIN app_stone_price pc ON pc.stone_category_id = a.stone_category_id_C
                    AND pc.stone_color_id = a.stone_color_id_C
                    AND pc.stone_purity_id = a.stone_purity_id_C
                    AND pc.stone_spec_id = a.stone_spec_id_C
                    where a.id=102868 [ RunTime:0.3630s ]
SQL: SELECT
                    model_category_id
                FROM
                    app_model_product_category c1
                WHERE
                model_product_id = 102868
                AND
                    EXISTS (
                        SELECT
                            *
                        FROM
                            app_model_category c2
                        WHERE
                            EXISTS (
                                SELECT
                                    *
                                FROM
                                    app_model_category
                                WHERE
                                    c2.model_category_id = id
                                AND sign = 'mode'
                            )
                        AND c1.model_category_id = c2.id
                    ) LIMIT 1 [ RunTime:0.1480s ]
SQL: SHOW COLUMNS FROM `app_model_puroduct_file` [ RunTime:0.0390s ]
SQL: SELECT `id`,CONCAT('http://124.172.169.117:9888/',file) as pic,CONCAT('http://124.172.169.117:9888/',file1) as picm,CONCAT('http://124.172.169.117:9888/',file2) as picb FROM `app_model_puroduct_file` WHERE ( model_product_id=102868 and isShow>0 and `group`='productPic' ) ORDER BY sort  [ RunTime:0.2620s ]
SQL: SHOW COLUMNS FROM `app_model_category` [ RunTime:0.0420s ]
SQL: SELECT `id`,name as title,`erpTypeId` FROM app_model_category aa WHERE ( exists (select * from app_model_category a where aa.model_category_id = a.id and sign='mode') )  [ RunTime:0.8110s ]
NOTIC: [8] Undefined property: stdClass::$stoneShape D:\Apache HTTP Server\x64\WebApp\AppErp\Web\Common\Common\Api\flow\BaseCls\flow.baseCls.CacheForModel.php 第 73 行.
NOTIC: [2] Invalid argument supplied for foreach() D:\Apache HTTP Server\x64\WebApp\AppErp\Web\Common\Common\Api\flow\BaseCls\flow.baseCls.CacheForModel.php 第 73 行.

[ 2017-07-24T10:52:11+08:00 ] 192.168.1.240 //api/aproxy/ModelDetailPage?QxVersion=1.5&tokenKey=9b102f07cfa13184ef5d88c82c543317&id=102868
INFO: [ app_init ] --START--
INFO: Run Behavior\BuildLiteBehavior [ RunTime:0.000000s ]
INFO: [ app_init ] --END-- [ RunTime:0.000000s ]
INFO: [ app_begin ] --START--
INFO: Run Behavior\ReadHtmlCacheBehavior [ RunTime:0.001000s ]
INFO: [ app_begin ] --END-- [ RunTime:0.001000s ]
INFO: [ action_begin ] --START--
NOTIC: [8] Undefined index: Rejectordererpuser D:\Apache HTTP Server\x64\WebApp\AppErp\Web\Common\Common\Api\flow\UserCls\flow.UserCls.UserSessionManage.php 第 39 行.
SQL: SHOW COLUMNS FROM `app_member` [ RunTime:0.0140s ]
SQL: SELECT `id`,`userName`,`tokenKey`,`orderErpId`,`salesErpId`,`phone` FROM `app_member` WHERE `tokenKey` = '9b102f07cfa13184ef5d88c82c543317'  [ RunTime:0.0270s ]
SQL: insert into app_user_active (member_id) VALUE (132) [ RunTime:0.0100s ]
INFO: Run Api\Behaviors\PurviewBehavior [ RunTime:0.163009s ]
INFO: Run Admin\Behaviors\AdminPurviewBehavior [ RunTime:0.001001s ]
INFO: [ action_begin ] --END-- [ RunTime:0.165010s ]
NOTIC: [2048] Non-static method Api\Controller\ModelController::ModelDetailPage() should not be called statically, assuming $this from incompatible context D:\Apache HTTP Server\x64\WebApp\AppErp\Web\Api\Controller\Aproxy\Controller.Aproxy.ModelProxy.php 第 22 行.
SQL: select a.*,
                IFNULL(p.price ,'') AS sprice,
                IFNULL(pa.price ,'') AS saprice,
                IFNULL(pb.price ,'') AS sbprice,
                IFNULL(pb.price ,'') AS scprice
                 from app_model_product a
                    LEFT JOIN app_stone_price p ON p.stone_category_id = a.stone_category_id
                    AND p.stone_color_id = a.stone_color_id
                    AND p.stone_purity_id = a.stone_purity_id
                    AND p.stone_spec_id = a.stone_spec_id
                    LEFT JOIN app_stone_price pa ON pa.stone_category_id = a.stone_category_id_A
                    AND pa.stone_color_id = a.stone_color_id_A
                    AND pa.stone_purity_id = a.stone_purity_id_A
                    AND pa.stone_spec_id = a.stone_spec_id_A
                    LEFT JOIN app_stone_price pb ON pb.stone_category_id = a.stone_category_id_B
                    AND pb.stone_color_id = a.stone_color_id_B
                    AND pb.stone_purity_id = a.stone_purity_id_B
                    AND pb.stone_spec_id = a.stone_spec_id_B
                    LEFT JOIN app_stone_price pc ON pc.stone_category_id = a.stone_category_id_C
                    AND pc.stone_color_id = a.stone_color_id_C
                    AND pc.stone_purity_id = a.stone_purity_id_C
                    AND pc.stone_spec_id = a.stone_spec_id_C
                    where a.id=102868 [ RunTime:0.0290s ]
SQL: SELECT
                    model_category_id
                FROM
                    app_model_product_category c1
                WHERE
                model_product_id = 102868
                AND
                    EXISTS (
                        SELECT
                            *
                        FROM
                            app_model_category c2
                        WHERE
                            EXISTS (
                                SELECT
                                    *
                                FROM
                                    app_model_category
                                WHERE
                                    c2.model_category_id = id
                                AND sign = 'mode'
                            )
                        AND c1.model_category_id = c2.id
                    ) LIMIT 1 [ RunTime:0.0190s ]
SQL: SHOW COLUMNS FROM `app_model_puroduct_file` [ RunTime:0.0180s ]
SQL: SELECT `id`,CONCAT('http://124.172.169.117:9888/',file) as pic,CONCAT('http://124.172.169.117:9888/',file1) as picm,CONCAT('http://124.172.169.117:9888/',file2) as picb FROM `app_model_puroduct_file` WHERE ( model_product_id=102868 and isShow>0 and `group`='productPic' ) ORDER BY sort  [ RunTime:0.0660s ]
SQL: SHOW COLUMNS FROM `app_model_category` [ RunTime:0.0080s ]
SQL: SHOW COLUMNS FROM `app_stone_purity` [ RunTime:0.0090s ]
SQL: SELECT `id`,name as title FROM `app_stone_purity`  [ RunTime:0.0170s ]
SQL: SHOW COLUMNS FROM `app_stone_color` [ RunTime:0.0240s ]
SQL: SELECT `id`,name as title FROM `app_stone_color`  [ RunTime:0.0140s ]
SQL: SHOW COLUMNS FROM `app_model_remarks` [ RunTime:0.0170s ]
SQL: SELECT `id`,`title`,`content` FROM `app_model_remarks`  [ RunTime:0.0180s ]
SQL: SHOW COLUMNS FROM `app_stone_spec` [ RunTime:0.0080s ]
SQL: SELECT `id`,if(up=0,`down`,CONCAT(down,'-',up)) as title,`down`,`up` FROM `app_stone_spec`  [ RunTime:0.0140s ]
NOTIC: [8] Undefined index: stone_out_A D:\Apache HTTP Server\x64\WebApp\AppErp\Web\Common\Common\Api\flow\Model\ModelCls\flow.Model.ModelCls.ModelDetail.php 第 75 行.
NOTIC: [8] Undefined variable: valueTemp D:\Apache HTTP Server\x64\WebApp\AppErp\Web\Common\Common\PublicCode\BllPublic.class.php 第 91 行.
NOTIC: [8] Undefined index: stone_out_B D:\Apache HTTP Server\x64\WebApp\AppErp\Web\Common\Common\Api\flow\Model\ModelCls\flow.Model.ModelCls.ModelDetail.php 第 93 行.
NOTIC: [8] Undefined variable: valueTemp D:\Apache HTTP Server\x64\WebApp\AppErp\Web\Common\Common\PublicCode\BllPublic.class.php 第 91 行.
NOTIC: [8] Undefined index: stone_out_C D:\Apache HTTP Server\x64\WebApp\AppErp\Web\Common\Common\Api\flow\Model\ModelCls\flow.Model.ModelCls.ModelDetail.php 第 111 行.
NOTIC: [8] Undefined variable: valueTemp D:\Apache HTTP Server\x64\WebApp\AppErp\Web\Common\Common\PublicCode\BllPublic.class.php 第 91 行.
SQL: SELECT `id`,`stoneAddtion` FROM `app_member` WHERE ( (IsMasterAccount=1 and id=132) or myMasterAccountMId=132 ) ORDER BY id desc  [ RunTime:0.0220s ]
SQL: SELECT `id`,`stoneAddtion` FROM `app_member` WHERE ( (IsMasterAccount=1 and id=132) or myMasterAccountMId=132 ) ORDER BY id desc  [ RunTime:0.0120s ]
SQL: SELECT `id`,`stoneAddtion` FROM `app_member` WHERE ( (IsMasterAccount=1 and id=132) or myMasterAccountMId=132 ) ORDER BY id desc  [ RunTime:0.0110s ]
SQL: SELECT `id`,`stoneAddtion` FROM `app_member` WHERE ( (IsMasterAccount=1 and id=132) or myMasterAccountMId=132 ) ORDER BY id desc  [ RunTime:0.0180s ]
INFO: [ app_end ] --START--
INFO: Run Behavior\ShowPageTraceBehavior [ RunTime:0.001000s ]
INFO: [ app_end ] --END-- [ RunTime:0.001000s ]

[ 2017-07-24T16:44:15+08:00 ] 192.168.1.240 //api/aproxy/ModelDetailPage?QxVersion=1.5&tokenKey=9b102f07cfa13184ef5d88c82c543317&id=102868
INFO: [ app_init ] --START--
INFO: Run Behavior\BuildLiteBehavior [ RunTime:0.000000s ]
INFO: [ app_init ] --END-- [ RunTime:0.003000s ]
INFO: [ app_begin ] --START--
INFO: Run Behavior\ReadHtmlCacheBehavior [ RunTime:0.001000s ]
INFO: [ app_begin ] --END-- [ RunTime:0.001000s ]
INFO: [ action_begin ] --START--
SQL: SHOW COLUMNS FROM `app_member` [ RunTime:0.0060s ]
SQL: SELECT `id`,`userName`,`tokenKey`,`orderErpId`,`salesErpId`,`phone` FROM `app_member` WHERE `tokenKey` = '9b102f07cfa13184ef5d88c82c543317'  [ RunTime:0.0060s ]
SQL: insert into app_user_active (member_id) VALUE (132) [ RunTime:0.0090s ]
INFO: Run Api\Behaviors\PurviewBehavior [ RunTime:0.401023s ]
INFO: Run Admin\Behaviors\AdminPurviewBehavior [ RunTime:0.025002s ]
INFO: [ action_begin ] --END-- [ RunTime:0.427025s ]
NOTIC: [2048] Non-static method Api\Controller\ModelController::ModelDetailPage() should not be called statically, assuming $this from incompatible context D:\Apache HTTP Server\x64\WebApp\AppErp\Web\Api\Controller\Aproxy\Controller.Aproxy.ModelProxy.php 第 22 行.
SQL: select a.*,
                IFNULL(p.price ,'') AS sprice,
                IFNULL(pa.price ,'') AS saprice,
                IFNULL(pb.price ,'') AS sbprice,
                IFNULL(pb.price ,'') AS scprice
                 from app_model_product a
                    LEFT JOIN app_stone_price p ON p.stone_category_id = a.stone_category_id
                    AND p.stone_color_id = a.stone_color_id
                    AND p.stone_purity_id = a.stone_purity_id
                    AND p.stone_spec_id = a.stone_spec_id
                    LEFT JOIN app_stone_price pa ON pa.stone_category_id = a.stone_category_id_A
                    AND pa.stone_color_id = a.stone_color_id_A
                    AND pa.stone_purity_id = a.stone_purity_id_A
                    AND pa.stone_spec_id = a.stone_spec_id_A
                    LEFT JOIN app_stone_price pb ON pb.stone_category_id = a.stone_category_id_B
                    AND pb.stone_color_id = a.stone_color_id_B
                    AND pb.stone_purity_id = a.stone_purity_id_B
                    AND pb.stone_spec_id = a.stone_spec_id_B
                    LEFT JOIN app_stone_price pc ON pc.stone_category_id = a.stone_category_id_C
                    AND pc.stone_color_id = a.stone_color_id_C
                    AND pc.stone_purity_id = a.stone_purity_id_C
                    AND pc.stone_spec_id = a.stone_spec_id_C
                    where a.id=102868 [ RunTime:0.0070s ]
SQL: SELECT
                    model_category_id
                FROM
                    app_model_product_category c1
                WHERE
                model_product_id = 102868
                AND
                    EXISTS (
                        SELECT
                            *
                        FROM
                            app_model_category c2
                        WHERE
                            EXISTS (
                                SELECT
                                    *
                                FROM
                                    app_model_category
                                WHERE
                                    c2.model_category_id = id
                                AND sign = 'mode'
                            )
                        AND c1.model_category_id = c2.id
                    ) LIMIT 1 [ RunTime:0.0050s ]
SQL: SHOW COLUMNS FROM `app_model_puroduct_file` [ RunTime:0.0050s ]
SQL: SELECT `id`,CONCAT('http://124.172.169.117:9888/',file) as pic,CONCAT('http://124.172.169.117:9888/',file1) as picm,CONCAT('http://124.172.169.117:9888/',file2) as picb FROM `app_model_puroduct_file` WHERE ( model_product_id=102868 and isShow>0 and `group`='productPic' ) ORDER BY sort  [ RunTime:0.0090s ]
SQL: SHOW COLUMNS FROM `app_model_category` [ RunTime:0.0050s ]
SQL: SELECT `id`,name as title,`erpTypeId` FROM app_model_category aa WHERE ( exists (select * from app_model_category a where aa.model_category_id = a.id and sign='mode') )  [ RunTime:0.0050s ]
SQL: SHOW COLUMNS FROM `app_stone_purity` [ RunTime:0.0060s ]
SQL: SELECT `id`,name as title FROM `app_stone_purity`  [ RunTime:0.0040s ]
SQL: SHOW COLUMNS FROM `app_stone_color` [ RunTime:0.0040s ]
SQL: SELECT `id`,name as title FROM `app_stone_color`  [ RunTime:0.0050s ]
SQL: SHOW COLUMNS FROM `app_model_remarks` [ RunTime:0.0040s ]
SQL: SELECT `id`,`title`,`content` FROM `app_model_remarks`  [ RunTime:0.0050s ]
SQL: SHOW COLUMNS FROM `app_stone_spec` [ RunTime:0.0030s ]
SQL: SELECT `id`,if(up=0,`down`,CONCAT(down,'-',up)) as title,`down`,`up` FROM `app_stone_spec`  [ RunTime:0.0040s ]
NOTIC: [8] Undefined index: stone_out_A D:\Apache HTTP Server\x64\WebApp\AppErp\Web\Common\Common\Api\flow\Model\ModelCls\flow.Model.ModelCls.ModelDetail.php 第 75 行.
NOTIC: [8] Undefined variable: valueTemp D:\Apache HTTP Server\x64\WebApp\AppErp\Web\Common\Common\PublicCode\BllPublic.class.php 第 91 行.
NOTIC: [8] Undefined index: stone_out_B D:\Apache HTTP Server\x64\WebApp\AppErp\Web\Common\Common\Api\flow\Model\ModelCls\flow.Model.ModelCls.ModelDetail.php 第 93 行.
NOTIC: [8] Undefined variable: valueTemp D:\Apache HTTP Server\x64\WebApp\AppErp\Web\Common\Common\PublicCode\BllPublic.class.php 第 91 行.
NOTIC: [8] Undefined index: stone_out_C D:\Apache HTTP Server\x64\WebApp\AppErp\Web\Common\Common\Api\flow\Model\ModelCls\flow.Model.ModelCls.ModelDetail.php 第 111 行.
NOTIC: [8] Undefined variable: valueTemp D:\Apache HTTP Server\x64\WebApp\AppErp\Web\Common\Common\PublicCode\BllPublic.class.php 第 91 行.
SQL: SELECT `id`,`stoneAddtion` FROM `app_member` WHERE ( (IsMasterAccount=1 and id=132) or myMasterAccountMId=132 ) ORDER BY id desc  [ RunTime:0.0040s ]
SQL: SELECT `id`,`stoneAddtion` FROM `app_member` WHERE ( (IsMasterAccount=1 and id=132) or myMasterAccountMId=132 ) ORDER BY id desc  [ RunTime:0.0050s ]
SQL: SELECT `id`,`modelAddtion` FROM `app_member` WHERE ( (IsMasterAccount=1 and id=132) or myMasterAccountMId=132 ) ORDER BY id desc  [ RunTime:0.0040s ]
SQL: SELECT `id`,`stoneAddtion` FROM `app_member` WHERE ( (IsMasterAccount=1 and id=132) or myMasterAccountMId=132 ) ORDER BY id desc  [ RunTime:0.0040s ]
SQL: SELECT `id`,`stoneAddtion` FROM `app_member` WHERE ( (IsMasterAccount=1 and id=132) or myMasterAccountMId=132 ) ORDER BY id desc  [ RunTime:0.0050s ]
INFO: [ app_end ] --START--
INFO: Run Behavior\ShowPageTraceBehavior [ RunTime:0.015001s ]
INFO: [ app_end ] --END-- [ RunTime:0.015001s ]

[ 2017-07-24T17:06:15+08:00 ] 192.168.1.240 //api/aproxy/ModelDetailPage?QxVersion=1.5&tokenKey=9b102f07cfa13184ef5d88c82c543317&id=102868
INFO: [ app_init ] --START--
INFO: Run Behavior\BuildLiteBehavior [ RunTime:0.000000s ]
INFO: [ app_init ] --END-- [ RunTime:0.001000s ]
INFO: [ app_begin ] --START--
INFO: Run Behavior\ReadHtmlCacheBehavior [ RunTime:0.001000s ]
INFO: [ app_begin ] --END-- [ RunTime:0.001000s ]
INFO: [ action_begin ] --START--
SQL: SHOW COLUMNS FROM `app_member` [ RunTime:0.0060s ]
SQL: SELECT `id`,`userName`,`tokenKey`,`orderErpId`,`salesErpId`,`phone` FROM `app_member` WHERE `tokenKey` = '9b102f07cfa13184ef5d88c82c543317'  [ RunTime:0.0040s ]
SQL: insert into app_user_active (member_id) VALUE (132) [ RunTime:0.0060s ]
INFO: Run Api\Behaviors\PurviewBehavior [ RunTime:0.049003s ]
INFO: Run Admin\Behaviors\AdminPurviewBehavior [ RunTime:0.000000s ]
INFO: [ action_begin ] --END-- [ RunTime:0.050003s ]
NOTIC: [2048] Non-static method Api\Controller\ModelController::ModelDetailPage() should not be called statically, assuming $this from incompatible context D:\Apache HTTP Server\x64\WebApp\AppErp\Web\Api\Controller\Aproxy\Controller.Aproxy.ModelProxy.php 第 22 行.
SQL: select a.*,
                IFNULL(p.price ,'') AS sprice,
                IFNULL(pa.price ,'') AS saprice,
                IFNULL(pb.price ,'') AS sbprice,
                IFNULL(pb.price ,'') AS scprice
                 from app_model_product a
                    LEFT JOIN app_stone_price p ON p.stone_category_id = a.stone_category_id
                    AND p.stone_color_id = a.stone_color_id
                    AND p.stone_purity_id = a.stone_purity_id
                    AND p.stone_spec_id = a.stone_spec_id
                    LEFT JOIN app_stone_price pa ON pa.stone_category_id = a.stone_category_id_A
                    AND pa.stone_color_id = a.stone_color_id_A
                    AND pa.stone_purity_id = a.stone_purity_id_A
                    AND pa.stone_spec_id = a.stone_spec_id_A
                    LEFT JOIN app_stone_price pb ON pb.stone_category_id = a.stone_category_id_B
                    AND pb.stone_color_id = a.stone_color_id_B
                    AND pb.stone_purity_id = a.stone_purity_id_B
                    AND pb.stone_spec_id = a.stone_spec_id_B
                    LEFT JOIN app_stone_price pc ON pc.stone_category_id = a.stone_category_id_C
                    AND pc.stone_color_id = a.stone_color_id_C
                    AND pc.stone_purity_id = a.stone_purity_id_C
                    AND pc.stone_spec_id = a.stone_spec_id_C
                    where a.id=102868 [ RunTime:0.0060s ]
SQL: SELECT
                    model_category_id
                FROM
                    app_model_product_category c1
                WHERE
                model_product_id = 102868
                AND
                    EXISTS (
                        SELECT
                            *
                        FROM
                            app_model_category c2
                        WHERE
                            EXISTS (
                                SELECT
                                    *
                                FROM
                                    app_model_category
                                WHERE
                                    c2.model_category_id = id
                                AND sign = 'mode'
                            )
                        AND c1.model_category_id = c2.id
                    ) LIMIT 1 [ RunTime:0.0050s ]
SQL: SHOW COLUMNS FROM `app_model_puroduct_file` [ RunTime:0.0050s ]
SQL: SELECT `id`,CONCAT('http://124.172.169.117:9888/',file) as pic,CONCAT('http://124.172.169.117:9888/',file1) as picm,CONCAT('http://124.172.169.117:9888/',file2) as picb FROM `app_model_puroduct_file` WHERE ( model_product_id=102868 and isShow>0 and `group`='productPic' ) ORDER BY sort  [ RunTime:0.0050s ]
SQL: SHOW COLUMNS FROM `app_model_category` [ RunTime:0.0050s ]
SQL: SELECT `id`,name as title,`erpTypeId` FROM app_model_category aa WHERE ( exists (select * from app_model_category a where aa.model_category_id = a.id and sign='mode') )  [ RunTime:0.0050s ]
SQL: SHOW COLUMNS FROM `app_stone_purity` [ RunTime:0.0040s ]
SQL: SELECT `id`,name as title FROM `app_stone_purity`  [ RunTime:0.0070s ]
SQL: SHOW COLUMNS FROM `app_stone_color` [ RunTime:0.0060s ]
SQL: SELECT `id`,name as title FROM `app_stone_color`  [ RunTime:0.0040s ]
SQL: SHOW COLUMNS FROM `app_model_remarks` [ RunTime:0.0040s ]
SQL: SELECT `id`,`title`,`content` FROM `app_model_remarks`  [ RunTime:0.0080s ]
SQL: SHOW COLUMNS FROM `app_stone_spec` [ RunTime:0.0050s ]
SQL: SELECT `id`,if(up=0,`down`,CONCAT(down,'-',up)) as title,`down`,`up` FROM `app_stone_spec`  [ RunTime:0.0050s ]
NOTIC: [8] Undefined index: stone_out_A D:\Apache HTTP Server\x64\WebApp\AppErp\Web\Common\Common\Api\flow\Model\ModelCls\flow.Model.ModelCls.ModelDetail.php 第 75 行.
NOTIC: [8] Undefined variable: valueTemp D:\Apache HTTP Server\x64\WebApp\AppErp\Web\Common\Common\PublicCode\BllPublic.class.php 第 91 行.
NOTIC: [8] Undefined index: stone_out_B D:\Apache HTTP Server\x64\WebApp\AppErp\Web\Common\Common\Api\flow\Model\ModelCls\flow.Model.ModelCls.ModelDetail.php 第 93 行.
NOTIC: [8] Undefined variable: valueTemp D:\Apache HTTP Server\x64\WebApp\AppErp\Web\Common\Common\PublicCode\BllPublic.class.php 第 91 行.
NOTIC: [8] Undefined index: stone_out_C D:\Apache HTTP Server\x64\WebApp\AppErp\Web\Common\Common\Api\flow\Model\ModelCls\flow.Model.ModelCls.ModelDetail.php 第 111 行.
NOTIC: [8] Undefined variable: valueTemp D:\Apache HTTP Server\x64\WebApp\AppErp\Web\Common\Common\PublicCode\BllPublic.class.php 第 91 行.
SQL: SELECT `id`,`stoneAddtion` FROM `app_member` WHERE ( (IsMasterAccount=1 and id=132) or myMasterAccountMId=132 ) ORDER BY id desc  [ RunTime:0.0050s ]
SQL: SELECT `id`,`stoneAddtion` FROM `app_member` WHERE ( (IsMasterAccount=1 and id=132) or myMasterAccountMId=132 ) ORDER BY id desc  [ RunTime:0.0040s ]
SQL: SELECT `id`,`modelAddtion` FROM `app_member` WHERE ( (IsMasterAccount=1 and id=132) or myMasterAccountMId=132 ) ORDER BY id desc  [ RunTime:0.0040s ]
SQL: SELECT `id`,`stoneAddtion` FROM `app_member` WHERE ( (IsMasterAccount=1 and id=132) or myMasterAccountMId=132 ) ORDER BY id desc  [ RunTime:0.0050s ]
SQL: SELECT `id`,`stoneAddtion` FROM `app_member` WHERE ( (IsMasterAccount=1 and id=132) or myMasterAccountMId=132 ) ORDER BY id desc  [ RunTime:0.0050s ]
SQL: SELECT `userName`,`headPic`,`phone`,`trueName`,`modelAddtion`,`stoneAddtion`,`IsMasterAccount`,`IsCanSelectStone` FROM `app_member` WHERE `tokenKey` = '9b102f07cfa13184ef5d88c82c543317'  [ RunTime:0.0050s ]
NOTIC: [8] Undefined index: HTTPS D:\Apache HTTP Server\x64\WebApp\AppErp\Web\Common\Common\PublicCode\FunctionCode.class.php 第 339 行.
NOTIC: [8] Undefined index: IsCanSelectStone D:\Apache HTTP Server\x64\WebApp\AppErp\Web\Common\Common\Api\flow\UserCls\flow.UserCls.UserInfo.php 第 35 行.
INFO: [ app_end ] --START--
INFO: Run Behavior\ShowPageTraceBehavior [ RunTime:0.000000s ]
INFO: [ app_end ] --END-- [ RunTime:0.000000s ]

