[ 2017-07-04T15:35:18+08:00 ] 192.168.1.240 /api/aproxy/ModelOrderWaitCheckDetail?QxVersion=1.3&orderId=3324&tokenKey=91da3aa50e35609023c0dac46c850376
INFO: [ app_init ] --START--
INFO: Run Behavior\BuildLiteBehavior [ RunTime:0.000000s ]
INFO: [ app_init ] --END-- [ RunTime:0.001000s ]
INFO: [ app_begin ] --START--
INFO: Run Behavior\ReadHtmlCacheBehavior [ RunTime:0.000000s ]
INFO: [ app_begin ] --END-- [ RunTime:0.000000s ]
INFO: [ action_begin ] --START--
NOTIC: [8] Undefined index: Rejectordererpuser D:\Apache HTTP Server\x64\WebApp\AppErp\Web\Common\Common\Api\flow\UserCls\flow.UserCls.UserSessionManage.php 第 39 行.
SQL: SHOW COLUMNS FROM `app_member` [ RunTime:0.0070s ]
SQL: SELECT `id`,`userName`,`tokenKey`,`orderErpId`,`salesErpId`,`phone` FROM `app_member` WHERE `tokenKey` = '91da3aa50e35609023c0dac46c850376'  [ RunTime:0.0350s ]
SQL: insert into app_user_active (member_id) VALUE (32) [ RunTime:0.0130s ]
INFO: Run Api\Behaviors\PurviewBehavior [ RunTime:0.137008s ]
INFO: Run Admin\Behaviors\AdminPurviewBehavior [ RunTime:0.000000s ]
INFO: [ action_begin ] --END-- [ RunTime:0.138008s ]
NOTIC: [2048] Non-static method Api\Controller\ModelController::ModelOrderWaitCheckDetail() should not be called statically, assuming $this from incompatible context D:\Apache HTTP Server\x64\WebApp\AppErp\Web\Api\Controller\Aproxy\Controller.Aproxy.ModelProxy.php 第 70 行.
SQL: SHOW COLUMNS FROM `app_model_main_order_current` [ RunTime:0.0180s ]
SQL: SELECT a.*,(select sum(amount) as finishPrice from app_payment_to_log where objid=a.id and isPaySuccess=1) as finishPrice FROM app_model_main_order_current a WHERE `member_id` = 32 AND `id` = 3324  [ RunTime:0.0300s ]
SQL: SHOW COLUMNS FROM `app_model_category` [ RunTime:0.0070s ]
SQL: SHOW COLUMNS FROM `app_stone_spec` [ RunTime:0.0450s ]
SQL: SHOW COLUMNS FROM `app_stone_purity` [ RunTime:0.0060s ]
SQL: SHOW COLUMNS FROM `app_stone_color` [ RunTime:0.0300s ]
NOTIC: [8] Undefined variable: limit D:\Apache HTTP Server\x64\WebApp\AppErp\Web\Common\Common\Api\flow\Model\ModelOrderCls\UserModelOrder\flow.Model.ModelOrderCls.UserModelOrder.ModelUserOrderWaitCheckSql.php 第 34 行.
SQL: SELECT
                        b.`name`,
                        b.modelNum,
                        b.weight,
                        ifnull(b.price,0) as price,
                        top1c.model_category_id,
                        top1c.erpTypeId,
                        CONCAT('http://124.172.169.117:9888/',b.pic) as pic,
                        IFNULL(p.price, 0) * IFNULL(a.stone_number, 0) + IFNULL(pa.price, 0) * IFNULL(a.stone_number_A, 0) + IFNULL(pb.price, 0) * IFNULL(a.stone_number_B, 0) + IFNULL(pc.price, 0) * IFNULL(a.stone_number_C, 0) AS stonePrice,
                        a.*,concat('http://124.172.169.117:9888/',b.pic) as fpic,ifnull(b.price,0) as modelPrice
                    FROM
                        app_model_main_order_current_detail a
                    LEFT JOIN (
                        SELECT
                            ampc.id,
                            ampc.model_category_id,
                            ampc.model_product_id,
                            amc11.erpTypeId,
                            amc11.name as categoryName
                        FROM
                            app_model_product_category ampc
                        INNER JOIN (
                            SELECT
                                *
                            FROM
                                app_model_category amc1
                            WHERE
                                EXISTS (
                                    SELECT
                                        *
                                    FROM
                                        app_model_category
                                    WHERE
                                        sign = 'mode'
                                    AND amc1.model_category_id = id
                                )
                        ) amc11 ON ampc.model_category_id = amc11.id
                        WHERE
                            EXISTS (
                                SELECT
                                    *
                                FROM
                                    app_model_main_order_current_detail
                                WHERE
                                    member_id = 32
                                AND model_main_order_current_id=3324 AND orderStatus>0 AND orderStatus <=1000 
                                AND model_product_id = ampc.model_product_id
                            )
                        GROUP BY
                            model_product_id
                    ) top1c ON top1c.model_product_id = a.model_product_id
                    INNER JOIN app_model_product b ON a.model_product_id = b.id  LEFT JOIN app_stone_price p ON p.stone_category_id = a.stone_category_id
                    AND p.stone_color_id = a.stone_color_id
                    AND p.stone_purity_id = a.stone_purity_id
                    AND p.stone_spec_id = a.stone_spec_id
                    LEFT JOIN app_stone_price pa ON pa.stone_category_id = a.stone_category_id_A
                    AND pa.stone_color_id = a.stone_color_id_A
                    AND pa.stone_purity_id = a.stone_purity_id_A
                    AND pa.stone_spec_id = a.stone_spec_id_A
                    LEFT JOIN app_stone_price pb ON pb.stone_category_id = a.stone_category_id_B
                    AND pb.stone_color_id = a.stone_color_id_B
                    AND pb.stone_purity_id = a.stone_purity_id_B
                    AND pb.stone_spec_id = a.stone_spec_id_B
                    LEFT JOIN app_stone_price pc ON pc.stone_category_id = a.stone_category_id_C
                    AND pc.stone_color_id = a.stone_color_id_C
                    AND pc.stone_purity_id = a.stone_purity_id_C
                    AND pc.stone_spec_id = a.stone_spec_id_C
                     WHERE
                        a.member_id = 32
                        AND model_main_order_current_id=3324 AND orderStatus>0 AND orderStatus <=1000 
                        
                    ORDER BY
                        id DESC [ RunTime:0.4240s ]
SQL: SELECT `payPercent` FROM `app_member` WHERE `id` = 32  [ RunTime:0.0070s ]
SQL: SHOW COLUMNS FROM `app_model_order_jewel_stone_log` [ RunTime:0.0430s ]
SQL: SELECT * FROM `app_model_order_jewel_stone_log` WHERE ( model_main_order_current_id=3324 )  [ RunTime:0.0060s ]
SQL: SELECT `id`,`modelAddtion` FROM `app_member` WHERE ( (IsMasterAccount=1 and id=32) or myMasterAccountMId=32 ) ORDER BY id desc  [ RunTime:0.0060s ]

[ 2017-07-04T15:57:23+08:00 ] 192.168.1.240 /api/aproxy/ModelOrderWaitCheckDetail?QxVersion=1.3&orderId=3324&tokenKey=91da3aa50e35609023c0dac46c850376
INFO: [ app_init ] --START--
INFO: Run Behavior\BuildLiteBehavior [ RunTime:0.000000s ]
INFO: [ app_init ] --END-- [ RunTime:0.001000s ]
INFO: [ app_begin ] --START--
INFO: Run Behavior\ReadHtmlCacheBehavior [ RunTime:0.001000s ]
INFO: [ app_begin ] --END-- [ RunTime:0.001000s ]
INFO: [ action_begin ] --START--
SQL: SHOW COLUMNS FROM `app_member` [ RunTime:0.0070s ]
SQL: SELECT `id`,`userName`,`tokenKey`,`orderErpId`,`salesErpId`,`phone` FROM `app_member` WHERE `tokenKey` = '91da3aa50e35609023c0dac46c850376'  [ RunTime:0.0070s ]
SQL: insert into app_user_active (member_id) VALUE (32) [ RunTime:0.0090s ]
INFO: Run Api\Behaviors\PurviewBehavior [ RunTime:0.062003s ]
INFO: Run Admin\Behaviors\AdminPurviewBehavior [ RunTime:0.001000s ]
INFO: [ action_begin ] --END-- [ RunTime:0.063003s ]
NOTIC: [2048] Non-static method Api\Controller\ModelController::ModelOrderWaitCheckDetail() should not be called statically, assuming $this from incompatible context D:\Apache HTTP Server\x64\WebApp\AppErp\Web\Api\Controller\Aproxy\Controller.Aproxy.ModelProxy.php 第 70 行.
SQL: SHOW COLUMNS FROM `app_model_main_order_current` [ RunTime:0.0060s ]
SQL: SELECT a.*,(select sum(amount) as finishPrice from app_payment_to_log where objid=a.id and isPaySuccess=1) as finishPrice FROM app_model_main_order_current a WHERE `member_id` = 32 AND `id` = 3324  [ RunTime:0.0070s ]
SQL: SHOW COLUMNS FROM `app_model_category` [ RunTime:0.0100s ]
SQL: SELECT `id`,name as title,`erpTypeId` FROM app_model_category aa WHERE ( exists (select * from app_model_category a where aa.model_category_id = a.id and sign='mode') )  [ RunTime:0.0100s ]
SQL: SHOW COLUMNS FROM `app_stone_spec` [ RunTime:0.0140s ]
SQL: SELECT `id`,if(up=0,`down`,CONCAT(down,'-',up)) as title,`down`,`up` FROM `app_stone_spec`  [ RunTime:0.0120s ]
SQL: SHOW COLUMNS FROM `app_stone_purity` [ RunTime:0.0110s ]
SQL: SELECT `id`,name as title FROM `app_stone_purity`  [ RunTime:0.0110s ]
SQL: SHOW COLUMNS FROM `app_stone_color` [ RunTime:0.0100s ]
SQL: SELECT `id`,name as title FROM `app_stone_color`  [ RunTime:0.0110s ]
NOTIC: [8] Undefined variable: limit D:\Apache HTTP Server\x64\WebApp\AppErp\Web\Common\Common\Api\flow\Model\ModelOrderCls\UserModelOrder\flow.Model.ModelOrderCls.UserModelOrder.ModelUserOrderWaitCheckSql.php 第 34 行.
SQL: SELECT
                        b.`name`,
                        b.modelNum,
                        b.weight,
                        ifnull(b.price,0) as price,
                        top1c.model_category_id,
                        top1c.erpTypeId,
                        CONCAT('http://124.172.169.117:9888/',b.pic) as pic,
                        IFNULL(p.price, 0) * IFNULL(a.stone_number, 0) + IFNULL(pa.price, 0) * IFNULL(a.stone_number_A, 0) + IFNULL(pb.price, 0) * IFNULL(a.stone_number_B, 0) + IFNULL(pc.price, 0) * IFNULL(a.stone_number_C, 0) AS stonePrice,
                        a.*,concat('http://124.172.169.117:9888/',b.pic) as fpic,ifnull(b.price,0) as modelPrice
                    FROM
                        app_model_main_order_current_detail a
                    LEFT JOIN (
                        SELECT
                            ampc.id,
                            ampc.model_category_id,
                            ampc.model_product_id,
                            amc11.erpTypeId,
                            amc11.name as categoryName
                        FROM
                            app_model_product_category ampc
                        INNER JOIN (
                            SELECT
                                *
                            FROM
                                app_model_category amc1
                            WHERE
                                EXISTS (
                                    SELECT
                                        *
                                    FROM
                                        app_model_category
                                    WHERE
                                        sign = 'mode'
                                    AND amc1.model_category_id = id
                                )
                        ) amc11 ON ampc.model_category_id = amc11.id
                        WHERE
                            EXISTS (
                                SELECT
                                    *
                                FROM
                                    app_model_main_order_current_detail
                                WHERE
                                    member_id = 32
                                AND model_main_order_current_id=3324 AND orderStatus>0 AND orderStatus <=1000 
                                AND model_product_id = ampc.model_product_id
                            )
                        GROUP BY
                            model_product_id
                    ) top1c ON top1c.model_product_id = a.model_product_id
                    INNER JOIN app_model_product b ON a.model_product_id = b.id  LEFT JOIN app_stone_price p ON p.stone_category_id = a.stone_category_id
                    AND p.stone_color_id = a.stone_color_id
                    AND p.stone_purity_id = a.stone_purity_id
                    AND p.stone_spec_id = a.stone_spec_id
                    LEFT JOIN app_stone_price pa ON pa.stone_category_id = a.stone_category_id_A
                    AND pa.stone_color_id = a.stone_color_id_A
                    AND pa.stone_purity_id = a.stone_purity_id_A
                    AND pa.stone_spec_id = a.stone_spec_id_A
                    LEFT JOIN app_stone_price pb ON pb.stone_category_id = a.stone_category_id_B
                    AND pb.stone_color_id = a.stone_color_id_B
                    AND pb.stone_purity_id = a.stone_purity_id_B
                    AND pb.stone_spec_id = a.stone_spec_id_B
                    LEFT JOIN app_stone_price pc ON pc.stone_category_id = a.stone_category_id_C
                    AND pc.stone_color_id = a.stone_color_id_C
                    AND pc.stone_purity_id = a.stone_purity_id_C
                    AND pc.stone_spec_id = a.stone_spec_id_C
                     WHERE
                        a.member_id = 32
                        AND model_main_order_current_id=3324 AND orderStatus>0 AND orderStatus <=1000 
                        
                    ORDER BY
                        id DESC [ RunTime:0.3910s ]
SQL: SELECT `payPercent` FROM `app_member` WHERE `id` = 32  [ RunTime:0.0070s ]
SQL: SHOW COLUMNS FROM `app_model_order_jewel_stone_log` [ RunTime:0.0080s ]
SQL: SELECT * FROM `app_model_order_jewel_stone_log` WHERE ( model_main_order_current_id=3324 )  [ RunTime:0.0060s ]
SQL: SELECT `id`,`modelAddtion` FROM `app_member` WHERE ( (IsMasterAccount=1 and id=32) or myMasterAccountMId=32 ) ORDER BY id desc  [ RunTime:0.0070s ]

[ 2017-07-04T15:58:23+08:00 ] 192.168.1.240 /api/aproxy/ModelOrderWaitCheckDetail?QxVersion=1.3&orderId=3324&tokenKey=91da3aa50e35609023c0dac46c850376
INFO: [ app_init ] --START--
INFO: Run Behavior\BuildLiteBehavior [ RunTime:0.000000s ]
INFO: [ app_init ] --END-- [ RunTime:0.001000s ]
INFO: [ app_begin ] --START--
INFO: Run Behavior\ReadHtmlCacheBehavior [ RunTime:0.000000s ]
INFO: [ app_begin ] --END-- [ RunTime:0.001000s ]
INFO: [ action_begin ] --START--
SQL: SHOW COLUMNS FROM `app_member` [ RunTime:0.0060s ]
SQL: SELECT `id`,`userName`,`tokenKey`,`orderErpId`,`salesErpId`,`phone` FROM `app_member` WHERE `tokenKey` = '91da3aa50e35609023c0dac46c850376'  [ RunTime:0.0110s ]
SQL: insert into app_user_active (member_id) VALUE (32) [ RunTime:0.0380s ]
INFO: Run Api\Behaviors\PurviewBehavior [ RunTime:0.145008s ]
INFO: Run Admin\Behaviors\AdminPurviewBehavior [ RunTime:0.001000s ]
INFO: [ action_begin ] --END-- [ RunTime:0.147008s ]
NOTIC: [2048] Non-static method Api\Controller\ModelController::ModelOrderWaitCheckDetail() should not be called statically, assuming $this from incompatible context D:\Apache HTTP Server\x64\WebApp\AppErp\Web\Api\Controller\Aproxy\Controller.Aproxy.ModelProxy.php 第 70 行.
SQL: SHOW COLUMNS FROM `app_model_main_order_current` [ RunTime:0.0360s ]
SQL: SELECT a.*,(select sum(amount) as finishPrice from app_payment_to_log where objid=a.id and isPaySuccess=1) as finishPrice FROM app_model_main_order_current a WHERE `member_id` = 32 AND `id` = 3324  [ RunTime:0.0060s ]
SQL: SHOW COLUMNS FROM `app_model_category` [ RunTime:0.0410s ]
SQL: SELECT `id`,name as title,`erpTypeId` FROM app_model_category aa WHERE ( exists (select * from app_model_category a where aa.model_category_id = a.id and sign='mode') )  [ RunTime:0.0380s ]
SQL: SHOW COLUMNS FROM `app_stone_spec` [ RunTime:0.0050s ]
SQL: SELECT `id`,if(up=0,`down`,CONCAT(down,'-',up)) as title,`down`,`up` FROM `app_stone_spec`  [ RunTime:0.0420s ]
SQL: SHOW COLUMNS FROM `app_stone_purity` [ RunTime:0.0060s ]
SQL: SELECT `id`,name as title FROM `app_stone_purity`  [ RunTime:0.0330s ]
SQL: SHOW COLUMNS FROM `app_stone_color` [ RunTime:0.0130s ]
SQL: SELECT `id`,name as title FROM `app_stone_color`  [ RunTime:0.0050s ]
NOTIC: [8] Undefined variable: limit D:\Apache HTTP Server\x64\WebApp\AppErp\Web\Common\Common\Api\flow\Model\ModelOrderCls\UserModelOrder\flow.Model.ModelOrderCls.UserModelOrder.ModelUserOrderWaitCheckSql.php 第 34 行.
SQL: SELECT
                        b.`name`,
                        b.modelNum,
                        b.weight,
                        ifnull(b.price,0) as price,
                        top1c.model_category_id,
                        top1c.erpTypeId,
                        CONCAT('http://124.172.169.117:9888/',b.pic) as pic,
                        IFNULL(p.price, 0) * IFNULL(a.stone_number, 0) + IFNULL(pa.price, 0) * IFNULL(a.stone_number_A, 0) + IFNULL(pb.price, 0) * IFNULL(a.stone_number_B, 0) + IFNULL(pc.price, 0) * IFNULL(a.stone_number_C, 0) AS stonePrice,
                        a.*,concat('http://124.172.169.117:9888/',b.pic) as fpic,ifnull(b.price,0) as modelPrice
                    FROM
                        app_model_main_order_current_detail a
                    LEFT JOIN (
                        SELECT
                            ampc.id,
                            ampc.model_category_id,
                            ampc.model_product_id,
                            amc11.erpTypeId,
                            amc11.name as categoryName
                        FROM
                            app_model_product_category ampc
                        INNER JOIN (
                            SELECT
                                *
                            FROM
                                app_model_category amc1
                            WHERE
                                EXISTS (
                                    SELECT
                                        *
                                    FROM
                                        app_model_category
                                    WHERE
                                        sign = 'mode'
                                    AND amc1.model_category_id = id
                                )
                        ) amc11 ON ampc.model_category_id = amc11.id
                        WHERE
                            EXISTS (
                                SELECT
                                    *
                                FROM
                                    app_model_main_order_current_detail
                                WHERE
                                    member_id = 32
                                AND model_main_order_current_id=3324 AND orderStatus>0 AND orderStatus <=1000 
                                AND model_product_id = ampc.model_product_id
                            )
                        GROUP BY
                            model_product_id
                    ) top1c ON top1c.model_product_id = a.model_product_id
                    INNER JOIN app_model_product b ON a.model_product_id = b.id  LEFT JOIN app_stone_price p ON p.stone_category_id = a.stone_category_id
                    AND p.stone_color_id = a.stone_color_id
                    AND p.stone_purity_id = a.stone_purity_id
                    AND p.stone_spec_id = a.stone_spec_id
                    LEFT JOIN app_stone_price pa ON pa.stone_category_id = a.stone_category_id_A
                    AND pa.stone_color_id = a.stone_color_id_A
                    AND pa.stone_purity_id = a.stone_purity_id_A
                    AND pa.stone_spec_id = a.stone_spec_id_A
                    LEFT JOIN app_stone_price pb ON pb.stone_category_id = a.stone_category_id_B
                    AND pb.stone_color_id = a.stone_color_id_B
                    AND pb.stone_purity_id = a.stone_purity_id_B
                    AND pb.stone_spec_id = a.stone_spec_id_B
                    LEFT JOIN app_stone_price pc ON pc.stone_category_id = a.stone_category_id_C
                    AND pc.stone_color_id = a.stone_color_id_C
                    AND pc.stone_purity_id = a.stone_purity_id_C
                    AND pc.stone_spec_id = a.stone_spec_id_C
                     WHERE
                        a.member_id = 32
                        AND model_main_order_current_id=3324 AND orderStatus>0 AND orderStatus <=1000 
                        
                    ORDER BY
                        id DESC [ RunTime:0.4460s ]
SQL: SELECT `payPercent` FROM `app_member` WHERE `id` = 32  [ RunTime:0.0050s ]
SQL: SHOW COLUMNS FROM `app_model_order_jewel_stone_log` [ RunTime:0.0200s ]
SQL: SELECT * FROM `app_model_order_jewel_stone_log` WHERE ( model_main_order_current_id=3324 )  [ RunTime:0.0280s ]
SQL: SELECT `id`,`modelAddtion` FROM `app_member` WHERE ( (IsMasterAccount=1 and id=32) or myMasterAccountMId=32 ) ORDER BY id desc  [ RunTime:0.0060s ]
SQL: SELECT `id`,`stoneAddtion` FROM `app_member` WHERE ( (IsMasterAccount=1 and id=32) or myMasterAccountMId=32 ) ORDER BY id desc  [ RunTime:0.0050s ]
NOTIC: [8] Undefined variable: stonePrice D:\Apache HTTP Server\x64\WebApp\AppErp\Web\Common\Common\Api\flow\Model\ModelOrderCls\UserModelOrder\flow.Model.ModelOrderCls.UserModelOrder.ModelOrderWaitCheckPage.php 第 137 行.
SQL: SHOW COLUMNS FROM `app_member_address` [ RunTime:0.0070s ]
SQL: SELECT `id`,`name`,`province_id`,`city_id`,`area_id`,`phone`,`addr` FROM `app_member_address` WHERE `id` = 121 AND `member_id` = 32  [ RunTime:0.0070s ]
SQL: SHOW COLUMNS FROM `app_province` [ RunTime:0.0050s ]
SQL: SELECT `id`,`name` FROM `app_province` WHERE `id` = 5  [ RunTime:0.0050s ]
SQL: SHOW COLUMNS FROM `app_city` [ RunTime:0.0060s ]
SQL: SELECT `id`,`name` FROM `app_city` WHERE `id` = 95  [ RunTime:0.0060s ]
SQL: SHOW COLUMNS FROM `app_area` [ RunTime:0.0060s ]
SQL: SELECT `id`,`name` FROM `app_area` WHERE `id` = 1419  [ RunTime:0.0040s ]
SQL: SELECT
                    count(*) as cou
                FROM
                    app_model_main_order_current_detail a
                WHERE
                    EXISTS (
                        SELECT
                            *
                        FROM
                            app_model_product
                        WHERE
                            id = a.model_product_id
                    )
                AND model_main_order_current_id=3324 AND orderStatus>0 AND orderStatus <=1000  AND member_id=32 [ RunTime:0.0060s ]
INFO: [ app_end ] --START--
INFO: Run Behavior\ShowPageTraceBehavior [ RunTime:0.000000s ]
INFO: [ app_end ] --END-- [ RunTime:0.001000s ]

[ 2017-07-04T16:24:39+08:00 ] 192.168.1.240 /api/aproxy/stoneList?QxVersion=1.3&cpage=1&tokenKey=be5fc01f10a42d5d8d5d4537ed808bad
INFO: [ app_init ] --START--
INFO: Run Behavior\BuildLiteBehavior [ RunTime:0.000000s ]
INFO: [ app_init ] --END-- [ RunTime:0.001000s ]
INFO: [ app_begin ] --START--
INFO: Run Behavior\ReadHtmlCacheBehavior [ RunTime:0.000000s ]
INFO: [ app_begin ] --END-- [ RunTime:0.001000s ]
INFO: [ action_begin ] --START--
SQL: SHOW COLUMNS FROM `app_member` [ RunTime:0.0090s ]
SQL: SELECT `id`,`userName`,`tokenKey`,`orderErpId`,`salesErpId`,`phone` FROM `app_member` WHERE `tokenKey` = 'be5fc01f10a42d5d8d5d4537ed808bad'  [ RunTime:0.0120s ]
SQL: insert into app_user_active (member_id) VALUE (10) [ RunTime:0.0080s ]
INFO: Run Api\Behaviors\PurviewBehavior [ RunTime:0.087004s ]
INFO: Run Admin\Behaviors\AdminPurviewBehavior [ RunTime:0.001001s ]
INFO: [ action_begin ] --END-- [ RunTime:0.088005s ]
NOTIC: [2048] Non-static method Api\Controller\StoneController::stoneList() should not be called statically, assuming $this from incompatible context D:\Apache HTTP Server\x64\WebApp\AppErp\Web\Api\Controller\Aproxy\Controller.Aproxy.stone.php 第 16 行.
NOTIC: [8] Undefined variable: mywayPost_Var D:\Apache HTTP Server\x64\WebApp\AppErp\Web\Common\Common\PublicCode\FunctionCode.class.php 第 316 行.
NOTIC: [2] Invalid argument supplied for foreach() D:\Apache HTTP Server\x64\WebApp\AppErp\Web\Common\Common\PublicCode\FunctionCode.class.php 第 316 行.
NOTIC: [8] Undefined index: HTTP_REFERER D:\Apache HTTP Server\x64\WebApp\AppErp\Web\Common\Common\PublicCode\FunctionCode.class.php 第 320 行.
SQL: SELECT `id`,`stoneAddtion` FROM `app_member` WHERE ( (IsMasterAccount=1 and id=10) or myMasterAccountMId=10 ) ORDER BY id desc  [ RunTime:0.0070s ]
NOTIC: [8] Undefined offset: 1 D:\Apache HTTP Server\x64\WebApp\AppErp\Web\Common\Common\Api\flow\Stone\flow.stone.class.php 第 45 行.
NOTIC: [8] Undefined offset: 1 D:\Apache HTTP Server\x64\WebApp\AppErp\Web\Common\Common\Api\flow\Stone\flow.stone.class.php 第 46 行.
INFO: [ app_end ] --START--
INFO: Run Behavior\ShowPageTraceBehavior [ RunTime:0.001000s ]
INFO: [ app_end ] --END-- [ RunTime:0.001000s ]

[ 2017-07-04T16:25:23+08:00 ] 192.168.1.240 /api/aproxy/stoneList?QxVersion=1.3&cpage=1&tokenKey=be5fc01f10a42d5d8d5d4537ed808bad
INFO: [ app_init ] --START--
INFO: Run Behavior\BuildLiteBehavior [ RunTime:0.000000s ]
INFO: [ app_init ] --END-- [ RunTime:0.001000s ]
INFO: [ app_begin ] --START--
INFO: Run Behavior\ReadHtmlCacheBehavior [ RunTime:0.000000s ]
INFO: [ app_begin ] --END-- [ RunTime:0.001000s ]
INFO: [ action_begin ] --START--
NOTIC: [8] Undefined index: Rejectordererpuser D:\Apache HTTP Server\x64\WebApp\AppErp\Web\Common\Common\Api\flow\UserCls\flow.UserCls.UserSessionManage.php 第 39 行.
INFO: Run Api\Behaviors\PurviewBehavior [ RunTime:0.004000s ]
INFO: Run Admin\Behaviors\AdminPurviewBehavior [ RunTime:0.001000s ]
INFO: [ action_begin ] --END-- [ RunTime:0.005000s ]
NOTIC: [2048] Non-static method Api\Controller\StoneController::stoneList() should not be called statically, assuming $this from incompatible context D:\Apache HTTP Server\x64\WebApp\AppErp\Web\Api\Controller\Aproxy\Controller.Aproxy.stone.php 第 16 行.
NOTIC: [8] Undefined variable: mywayPost_Var D:\Apache HTTP Server\x64\WebApp\AppErp\Web\Common\Common\PublicCode\FunctionCode.class.php 第 316 行.
NOTIC: [2] Invalid argument supplied for foreach() D:\Apache HTTP Server\x64\WebApp\AppErp\Web\Common\Common\PublicCode\FunctionCode.class.php 第 316 行.
NOTIC: [8] Undefined index: HTTP_REFERER D:\Apache HTTP Server\x64\WebApp\AppErp\Web\Common\Common\PublicCode\FunctionCode.class.php 第 320 行.

[ 2017-07-04T16:25:53+08:00 ] 192.168.1.240 /api/aproxy/stoneList?QxVersion=1.3&cpage=1&tokenKey=be5fc01f10a42d5d8d5d4537ed808bad
INFO: [ app_init ] --START--
INFO: Run Behavior\BuildLiteBehavior [ RunTime:0.000000s ]
INFO: [ app_init ] --END-- [ RunTime:0.000000s ]
INFO: [ app_begin ] --START--
INFO: Run Behavior\ReadHtmlCacheBehavior [ RunTime:0.000000s ]
INFO: [ app_begin ] --END-- [ RunTime:0.000000s ]
INFO: [ action_begin ] --START--
NOTIC: [8] Undefined index: Rejectordererpuser D:\Apache HTTP Server\x64\WebApp\AppErp\Web\Common\Common\Api\flow\UserCls\flow.UserCls.UserSessionManage.php 第 39 行.
INFO: Run Api\Behaviors\PurviewBehavior [ RunTime:0.005000s ]
INFO: Run Admin\Behaviors\AdminPurviewBehavior [ RunTime:0.001000s ]
INFO: [ action_begin ] --END-- [ RunTime:0.006000s ]
NOTIC: [2048] Non-static method Api\Controller\StoneController::stoneList() should not be called statically, assuming $this from incompatible context D:\Apache HTTP Server\x64\WebApp\AppErp\Web\Api\Controller\Aproxy\Controller.Aproxy.stone.php 第 16 行.
NOTIC: [8] Undefined variable: mywayPost_Var D:\Apache HTTP Server\x64\WebApp\AppErp\Web\Common\Common\PublicCode\FunctionCode.class.php 第 316 行.
NOTIC: [2] Invalid argument supplied for foreach() D:\Apache HTTP Server\x64\WebApp\AppErp\Web\Common\Common\PublicCode\FunctionCode.class.php 第 316 行.
NOTIC: [8] Undefined index: HTTP_REFERER D:\Apache HTTP Server\x64\WebApp\AppErp\Web\Common\Common\PublicCode\FunctionCode.class.php 第 320 行.

[ 2017-07-04T16:26:22+08:00 ] 192.168.1.240 /api/aproxy/stoneList?QxVersion=1.3&cpage=1&tokenKey=be5fc01f10a42d5d8d5d4537ed808bad
INFO: [ app_init ] --START--
INFO: Run Behavior\BuildLiteBehavior [ RunTime:0.000000s ]
INFO: [ app_init ] --END-- [ RunTime:0.000000s ]
INFO: [ app_begin ] --START--
INFO: Run Behavior\ReadHtmlCacheBehavior [ RunTime:0.001000s ]
INFO: [ app_begin ] --END-- [ RunTime:0.001000s ]
INFO: [ action_begin ] --START--
NOTIC: [8] Undefined index: Rejectordererpuser D:\Apache HTTP Server\x64\WebApp\AppErp\Web\Common\Common\Api\flow\UserCls\flow.UserCls.UserSessionManage.php 第 39 行.
INFO: Run Api\Behaviors\PurviewBehavior [ RunTime:0.004000s ]
INFO: Run Admin\Behaviors\AdminPurviewBehavior [ RunTime:0.001000s ]
INFO: [ action_begin ] --END-- [ RunTime:0.005000s ]
NOTIC: [2048] Non-static method Api\Controller\StoneController::stoneList() should not be called statically, assuming $this from incompatible context D:\Apache HTTP Server\x64\WebApp\AppErp\Web\Api\Controller\Aproxy\Controller.Aproxy.stone.php 第 16 行.
NOTIC: [8] Undefined variable: mywayPost_Var D:\Apache HTTP Server\x64\WebApp\AppErp\Web\Common\Common\PublicCode\FunctionCode.class.php 第 316 行.
NOTIC: [2] Invalid argument supplied for foreach() D:\Apache HTTP Server\x64\WebApp\AppErp\Web\Common\Common\PublicCode\FunctionCode.class.php 第 316 行.
NOTIC: [8] Undefined index: HTTP_REFERER D:\Apache HTTP Server\x64\WebApp\AppErp\Web\Common\Common\PublicCode\FunctionCode.class.php 第 320 行.

[ 2017-07-04T16:29:04+08:00 ] 192.168.1.240 /api/aproxy/stoneList?QxVersion=1.3&cpage=1&tokenKey=be5fc01f10a42d5d8d5d4537ed808bad
INFO: [ app_init ] --START--
INFO: Run Behavior\BuildLiteBehavior [ RunTime:0.001001s ]
INFO: [ app_init ] --END-- [ RunTime:0.001001s ]
INFO: [ app_begin ] --START--
INFO: Run Behavior\ReadHtmlCacheBehavior [ RunTime:0.001000s ]
INFO: [ app_begin ] --END-- [ RunTime:0.001000s ]
INFO: [ action_begin ] --START--
NOTIC: [8] Undefined index: Rejectordererpuser D:\Apache HTTP Server\x64\WebApp\AppErp\Web\Common\Common\Api\flow\UserCls\flow.UserCls.UserSessionManage.php 第 39 行.
INFO: Run Api\Behaviors\PurviewBehavior [ RunTime:0.004000s ]
INFO: Run Admin\Behaviors\AdminPurviewBehavior [ RunTime:0.000000s ]
INFO: [ action_begin ] --END-- [ RunTime:0.004000s ]
NOTIC: [2048] Non-static method Api\Controller\StoneController::stoneList() should not be called statically, assuming $this from incompatible context D:\Apache HTTP Server\x64\WebApp\AppErp\Web\Api\Controller\Aproxy\Controller.Aproxy.stone.php 第 16 行.
NOTIC: [8] Undefined variable: mywayPost_Var D:\Apache HTTP Server\x64\WebApp\AppErp\Web\Common\Common\PublicCode\FunctionCode.class.php 第 316 行.
NOTIC: [2] Invalid argument supplied for foreach() D:\Apache HTTP Server\x64\WebApp\AppErp\Web\Common\Common\PublicCode\FunctionCode.class.php 第 316 行.
NOTIC: [8] Undefined index: HTTP_REFERER D:\Apache HTTP Server\x64\WebApp\AppErp\Web\Common\Common\PublicCode\FunctionCode.class.php 第 320 行.

[ 2017-07-04T16:29:13+08:00 ] 192.168.1.240 /api/aproxy/stoneList?QxVersion=1.3&cpage=1&tokenKey=be5fc01f10a42d5d8d5d4537ed808bad
INFO: [ app_init ] --START--
INFO: Run Behavior\BuildLiteBehavior [ RunTime:0.000000s ]
INFO: [ app_init ] --END-- [ RunTime:0.000000s ]
INFO: [ app_begin ] --START--
INFO: Run Behavior\ReadHtmlCacheBehavior [ RunTime:0.000000s ]
INFO: [ app_begin ] --END-- [ RunTime:0.000000s ]
INFO: [ action_begin ] --START--
SQL: SHOW COLUMNS FROM `app_member` [ RunTime:0.0080s ]
SQL: SELECT `id`,`userName`,`tokenKey`,`orderErpId`,`salesErpId`,`phone` FROM `app_member` WHERE `tokenKey` = 'be5fc01f10a42d5d8d5d4537ed808bad'  [ RunTime:0.0070s ]
SQL: insert into app_user_active (member_id) VALUE (10) [ RunTime:0.0080s ]
INFO: Run Api\Behaviors\PurviewBehavior [ RunTime:0.062003s ]
INFO: Run Admin\Behaviors\AdminPurviewBehavior [ RunTime:0.000000s ]
INFO: [ action_begin ] --END-- [ RunTime:0.062003s ]
NOTIC: [2048] Non-static method Api\Controller\StoneController::stoneList() should not be called statically, assuming $this from incompatible context D:\Apache HTTP Server\x64\WebApp\AppErp\Web\Api\Controller\Aproxy\Controller.Aproxy.stone.php 第 16 行.
NOTIC: [8] Undefined variable: mywayPost_Var D:\Apache HTTP Server\x64\WebApp\AppErp\Web\Common\Common\PublicCode\FunctionCode.class.php 第 316 行.
NOTIC: [2] Invalid argument supplied for foreach() D:\Apache HTTP Server\x64\WebApp\AppErp\Web\Common\Common\PublicCode\FunctionCode.class.php 第 316 行.
NOTIC: [8] Undefined index: HTTP_REFERER D:\Apache HTTP Server\x64\WebApp\AppErp\Web\Common\Common\PublicCode\FunctionCode.class.php 第 320 行.
SQL: SELECT `id`,`stoneAddtion` FROM `app_member` WHERE ( (IsMasterAccount=1 and id=10) or myMasterAccountMId=10 ) ORDER BY id desc  [ RunTime:0.0070s ]
NOTIC: [8] Undefined offset: 1 D:\Apache HTTP Server\x64\WebApp\AppErp\Web\Common\Common\Api\flow\Stone\flow.stone.class.php 第 45 行.
NOTIC: [8] Undefined offset: 1 D:\Apache HTTP Server\x64\WebApp\AppErp\Web\Common\Common\Api\flow\Stone\flow.stone.class.php 第 46 行.
INFO: [ app_end ] --START--
INFO: Run Behavior\ShowPageTraceBehavior [ RunTime:0.000000s ]
INFO: [ app_end ] --END-- [ RunTime:0.000000s ]

[ 2017-07-04T16:30:42+08:00 ] 192.168.1.240 /api/aproxy/stoneList?QxVersion=1.3&cpage=1&tokenKey=be5fc01f10a42d5d8d5d4537ed808bad
INFO: [ app_init ] --START--
INFO: Run Behavior\BuildLiteBehavior [ RunTime:0.000000s ]
INFO: [ app_init ] --END-- [ RunTime:0.001000s ]
INFO: [ app_begin ] --START--
INFO: Run Behavior\ReadHtmlCacheBehavior [ RunTime:0.000000s ]
INFO: [ app_begin ] --END-- [ RunTime:0.000000s ]
INFO: [ action_begin ] --START--
NOTIC: [8] Undefined index: Rejectordererpuser D:\Apache HTTP Server\x64\WebApp\AppErp\Web\Common\Common\Api\flow\UserCls\flow.UserCls.UserSessionManage.php 第 39 行.
INFO: Run Api\Behaviors\PurviewBehavior [ RunTime:0.003000s ]
INFO: Run Admin\Behaviors\AdminPurviewBehavior [ RunTime:0.001000s ]
INFO: [ action_begin ] --END-- [ RunTime:0.004000s ]
NOTIC: [2048] Non-static method Api\Controller\StoneController::stoneList() should not be called statically, assuming $this from incompatible context D:\Apache HTTP Server\x64\WebApp\AppErp\Web\Api\Controller\Aproxy\Controller.Aproxy.stone.php 第 16 行.
NOTIC: [8] Undefined variable: mywayPost_Var D:\Apache HTTP Server\x64\WebApp\AppErp\Web\Common\Common\PublicCode\FunctionCode.class.php 第 316 行.
NOTIC: [2] Invalid argument supplied for foreach() D:\Apache HTTP Server\x64\WebApp\AppErp\Web\Common\Common\PublicCode\FunctionCode.class.php 第 316 行.
NOTIC: [8] Undefined index: HTTP_REFERER D:\Apache HTTP Server\x64\WebApp\AppErp\Web\Common\Common\PublicCode\FunctionCode.class.php 第 320 行.
NOTIC: [8] Undefined offset: 1 D:\Apache HTTP Server\x64\WebApp\AppErp\Web\Common\Common\Api\flow\Stone\flow.stone.class.php 第 45 行.
NOTIC: [8] Undefined offset: 1 D:\Apache HTTP Server\x64\WebApp\AppErp\Web\Common\Common\Api\flow\Stone\flow.stone.class.php 第 46 行.
INFO: [ app_end ] --START--
INFO: Run Behavior\ShowPageTraceBehavior [ RunTime:0.001000s ]
INFO: [ app_end ] --END-- [ RunTime:0.001000s ]

[ 2017-07-04T16:31:16+08:00 ] 192.168.1.240 /api/aproxy/stoneList?QxVersion=1.3&cpage=1&tokenKey=91da3aa50e35609023c0dac46c850376
INFO: [ app_init ] --START--
INFO: Run Behavior\BuildLiteBehavior [ RunTime:0.000000s ]
INFO: [ app_init ] --END-- [ RunTime:0.000000s ]
INFO: [ app_begin ] --START--
INFO: Run Behavior\ReadHtmlCacheBehavior [ RunTime:0.001000s ]
INFO: [ app_begin ] --END-- [ RunTime:0.001000s ]
INFO: [ action_begin ] --START--
SQL: SHOW COLUMNS FROM `app_member` [ RunTime:0.0060s ]
SQL: SELECT `id`,`userName`,`tokenKey`,`orderErpId`,`salesErpId`,`phone` FROM `app_member` WHERE `tokenKey` = '91da3aa50e35609023c0dac46c850376'  [ RunTime:0.0420s ]
SQL: insert into app_user_active (member_id) VALUE (32) [ RunTime:0.0070s ]
INFO: Run Api\Behaviors\PurviewBehavior [ RunTime:0.170010s ]
INFO: Run Admin\Behaviors\AdminPurviewBehavior [ RunTime:0.001000s ]
INFO: [ action_begin ] --END-- [ RunTime:0.171010s ]
NOTIC: [2048] Non-static method Api\Controller\StoneController::stoneList() should not be called statically, assuming $this from incompatible context D:\Apache HTTP Server\x64\WebApp\AppErp\Web\Api\Controller\Aproxy\Controller.Aproxy.stone.php 第 16 行.
NOTIC: [8] Undefined variable: mywayPost_Var D:\Apache HTTP Server\x64\WebApp\AppErp\Web\Common\Common\PublicCode\FunctionCode.class.php 第 316 行.
NOTIC: [2] Invalid argument supplied for foreach() D:\Apache HTTP Server\x64\WebApp\AppErp\Web\Common\Common\PublicCode\FunctionCode.class.php 第 316 行.
NOTIC: [8] Undefined index: HTTP_REFERER D:\Apache HTTP Server\x64\WebApp\AppErp\Web\Common\Common\PublicCode\FunctionCode.class.php 第 320 行.
NOTIC: [8] Undefined offset: 1 D:\Apache HTTP Server\x64\WebApp\AppErp\Web\Common\Common\Api\flow\Stone\flow.stone.class.php 第 45 行.
NOTIC: [8] Undefined offset: 1 D:\Apache HTTP Server\x64\WebApp\AppErp\Web\Common\Common\Api\flow\Stone\flow.stone.class.php 第 46 行.
INFO: [ app_end ] --START--
INFO: Run Behavior\ShowPageTraceBehavior [ RunTime:0.000000s ]
INFO: [ app_end ] --END-- [ RunTime:0.001000s ]

[ 2017-07-04T16:31:58+08:00 ] 192.168.1.240 /api/aproxy/stoneList?QxVersion=1.3&cpage=1&tokenKey=91da3aa50e35609023c0dac46c850376
INFO: [ app_init ] --START--
INFO: Run Behavior\BuildLiteBehavior [ RunTime:0.000000s ]
INFO: [ app_init ] --END-- [ RunTime:0.000000s ]
INFO: [ app_begin ] --START--
INFO: Run Behavior\ReadHtmlCacheBehavior [ RunTime:0.000000s ]
INFO: [ app_begin ] --END-- [ RunTime:0.000000s ]
INFO: [ action_begin ] --START--
NOTIC: [8] Undefined index: Rejectordererpuser D:\Apache HTTP Server\x64\WebApp\AppErp\Web\Common\Common\Api\flow\UserCls\flow.UserCls.UserSessionManage.php 第 39 行.
SQL: SHOW COLUMNS FROM `app_member` [ RunTime:0.0070s ]
SQL: SELECT `id`,`userName`,`tokenKey`,`orderErpId`,`salesErpId`,`phone` FROM `app_member` WHERE `tokenKey` = '91da3aa50e35609023c0dac46c850376'  [ RunTime:0.0050s ]
SQL: insert into app_user_active (member_id) VALUE (32) [ RunTime:0.0080s ]
INFO: Run Api\Behaviors\PurviewBehavior [ RunTime:0.058004s ]
INFO: Run Admin\Behaviors\AdminPurviewBehavior [ RunTime:0.001000s ]
INFO: [ action_begin ] --END-- [ RunTime:0.059004s ]
NOTIC: [2048] Non-static method Api\Controller\StoneController::stoneList() should not be called statically, assuming $this from incompatible context D:\Apache HTTP Server\x64\WebApp\AppErp\Web\Api\Controller\Aproxy\Controller.Aproxy.stone.php 第 16 行.
NOTIC: [8] Undefined variable: mywayPost_Var D:\Apache HTTP Server\x64\WebApp\AppErp\Web\Common\Common\PublicCode\FunctionCode.class.php 第 316 行.
NOTIC: [2] Invalid argument supplied for foreach() D:\Apache HTTP Server\x64\WebApp\AppErp\Web\Common\Common\PublicCode\FunctionCode.class.php 第 316 行.
NOTIC: [8] Undefined index: HTTP_REFERER D:\Apache HTTP Server\x64\WebApp\AppErp\Web\Common\Common\PublicCode\FunctionCode.class.php 第 320 行.

[ 2017-07-04T16:32:41+08:00 ] 192.168.1.240 /api/aproxy/stoneList?QxVersion=1.3&cpage=1&tokenKey=91da3aa50e35609023c0dac46c850376
INFO: [ app_init ] --START--
INFO: Run Behavior\BuildLiteBehavior [ RunTime:0.000000s ]
INFO: [ app_init ] --END-- [ RunTime:0.000000s ]
INFO: [ app_begin ] --START--
INFO: Run Behavior\ReadHtmlCacheBehavior [ RunTime:0.001000s ]
INFO: [ app_begin ] --END-- [ RunTime:0.001000s ]
INFO: [ action_begin ] --START--
NOTIC: [8] Undefined index: Rejectordererpuser D:\Apache HTTP Server\x64\WebApp\AppErp\Web\Common\Common\Api\flow\UserCls\flow.UserCls.UserSessionManage.php 第 39 行.
SQL: SHOW COLUMNS FROM `app_member` [ RunTime:0.0120s ]
SQL: SELECT `id`,`userName`,`tokenKey`,`orderErpId`,`salesErpId`,`phone` FROM `app_member` WHERE `tokenKey` = '91da3aa50e35609023c0dac46c850376'  [ RunTime:0.0060s ]
SQL: insert into app_user_active (member_id) VALUE (32) [ RunTime:0.0070s ]
INFO: Run Api\Behaviors\PurviewBehavior [ RunTime:0.067004s ]
INFO: Run Admin\Behaviors\AdminPurviewBehavior [ RunTime:0.000000s ]
INFO: [ action_begin ] --END-- [ RunTime:0.067004s ]
NOTIC: [2048] Non-static method Api\Controller\StoneController::stoneList() should not be called statically, assuming $this from incompatible context D:\Apache HTTP Server\x64\WebApp\AppErp\Web\Api\Controller\Aproxy\Controller.Aproxy.stone.php 第 16 行.
NOTIC: [8] Undefined variable: mywayPost_Var D:\Apache HTTP Server\x64\WebApp\AppErp\Web\Common\Common\PublicCode\FunctionCode.class.php 第 316 行.
NOTIC: [2] Invalid argument supplied for foreach() D:\Apache HTTP Server\x64\WebApp\AppErp\Web\Common\Common\PublicCode\FunctionCode.class.php 第 316 行.
NOTIC: [8] Undefined index: HTTP_REFERER D:\Apache HTTP Server\x64\WebApp\AppErp\Web\Common\Common\PublicCode\FunctionCode.class.php 第 320 行.
SQL: SELECT `id`,`stoneAddtion` FROM `app_member` WHERE ( (IsMasterAccount=1 and id=32) or myMasterAccountMId=32 ) ORDER BY id desc  [ RunTime:0.0130s ]
NOTIC: [8] Undefined offset: 1 D:\Apache HTTP Server\x64\WebApp\AppErp\Web\Common\Common\Api\flow\Stone\flow.stone.class.php 第 45 行.
NOTIC: [8] Undefined offset: 1 D:\Apache HTTP Server\x64\WebApp\AppErp\Web\Common\Common\Api\flow\Stone\flow.stone.class.php 第 46 行.
INFO: [ app_end ] --START--
INFO: Run Behavior\ShowPageTraceBehavior [ RunTime:0.000000s ]
INFO: [ app_end ] --END-- [ RunTime:0.000000s ]

[ 2017-07-04T16:33:14+08:00 ] 192.168.1.240 /api/aproxy/stoneList?QxVersion=1.3&cpage=1&tokenKey=be5fc01f10a42d5d8d5d4537ed808bad
INFO: [ app_init ] --START--
INFO: Run Behavior\BuildLiteBehavior [ RunTime:0.000000s ]
INFO: [ app_init ] --END-- [ RunTime:0.000000s ]
INFO: [ app_begin ] --START--
INFO: Run Behavior\ReadHtmlCacheBehavior [ RunTime:0.000000s ]
INFO: [ app_begin ] --END-- [ RunTime:0.000000s ]
INFO: [ action_begin ] --START--
SQL: SHOW COLUMNS FROM `app_member` [ RunTime:0.0190s ]
SQL: SELECT `id`,`userName`,`tokenKey`,`orderErpId`,`salesErpId`,`phone` FROM `app_member` WHERE `tokenKey` = 'be5fc01f10a42d5d8d5d4537ed808bad'  [ RunTime:0.0330s ]
SQL: insert into app_user_active (member_id) VALUE (10) [ RunTime:0.0100s ]
INFO: Run Api\Behaviors\PurviewBehavior [ RunTime:0.151008s ]
INFO: Run Admin\Behaviors\AdminPurviewBehavior [ RunTime:0.000000s ]
INFO: [ action_begin ] --END-- [ RunTime:0.151008s ]
NOTIC: [2048] Non-static method Api\Controller\StoneController::stoneList() should not be called statically, assuming $this from incompatible context D:\Apache HTTP Server\x64\WebApp\AppErp\Web\Api\Controller\Aproxy\Controller.Aproxy.stone.php 第 16 行.
NOTIC: [8] Undefined variable: mywayPost_Var D:\Apache HTTP Server\x64\WebApp\AppErp\Web\Common\Common\PublicCode\FunctionCode.class.php 第 316 行.
NOTIC: [2] Invalid argument supplied for foreach() D:\Apache HTTP Server\x64\WebApp\AppErp\Web\Common\Common\PublicCode\FunctionCode.class.php 第 316 行.
NOTIC: [8] Undefined index: HTTP_REFERER D:\Apache HTTP Server\x64\WebApp\AppErp\Web\Common\Common\PublicCode\FunctionCode.class.php 第 320 行.
SQL: SELECT `id`,`stoneAddtion` FROM `app_member` WHERE ( (IsMasterAccount=1 and id=10) or myMasterAccountMId=10 ) ORDER BY id desc  [ RunTime:0.0400s ]
NOTIC: [8] Undefined offset: 1 D:\Apache HTTP Server\x64\WebApp\AppErp\Web\Common\Common\Api\flow\Stone\flow.stone.class.php 第 45 行.
NOTIC: [8] Undefined offset: 1 D:\Apache HTTP Server\x64\WebApp\AppErp\Web\Common\Common\Api\flow\Stone\flow.stone.class.php 第 46 行.
INFO: [ app_end ] --START--
INFO: Run Behavior\ShowPageTraceBehavior [ RunTime:0.000000s ]
INFO: [ app_end ] --END-- [ RunTime:0.000000s ]

