[ 2017-07-03T14:31:21+08:00 ] 192.168.1.240 /api/Aproxy/OrderDoCurrentModelItemDo?QxVersion=1.3&tokenKey=1a27831ce31f2a64b71ad4e97d394ca3&productId=101086&categoryId=108&number=1&handSize=%E6%89%8B%E5%AF%B8&stone=1|1|1|1|1|1&stoneA=&stoneB=&stoneC=&isSelfStone=0&remarks=&jewelStoneId=1158302
INFO: [ app_init ] --START--
INFO: Run Behavior\BuildLiteBehavior [ RunTime:0.000000s ]
INFO: [ app_init ] --END-- [ RunTime:0.004000s ]
INFO: [ app_begin ] --START--
INFO: Run Behavior\ReadHtmlCacheBehavior [ RunTime:0.002000s ]
INFO: [ app_begin ] --END-- [ RunTime:0.002000s ]
INFO: [ action_begin ] --START--
SQL: SHOW COLUMNS FROM `app_member` [ RunTime:0.0130s ]
SQL: SELECT `id`,`userName`,`tokenKey`,`orderErpId`,`salesErpId`,`phone` FROM `app_member` WHERE `tokenKey` = '1a27831ce31f2a64b71ad4e97d394ca3'  [ RunTime:0.0640s ]
SQL: insert into app_user_active (member_id) VALUE (131) [ RunTime:0.0150s ]
INFO: Run Api\Behaviors\PurviewBehavior [ RunTime:0.574032s ]
INFO: Run Admin\Behaviors\AdminPurviewBehavior [ RunTime:0.012001s ]
INFO: [ action_begin ] --END-- [ RunTime:0.587033s ]
SQL: SHOW COLUMNS FROM `app_model_product` [ RunTime:0.0100s ]
SQL: SELECT COUNT(*) AS tp_count FROM `app_model_product` WHERE `id` = 101086 LIMIT 1   [ RunTime:0.0080s ]
SQL: SHOW COLUMNS FROM `app_model_main_order_current_detail` [ RunTime:0.0130s ]
SQL: SELECT `id`,`number` FROM `app_model_main_order_current_detail` WHERE `member_id` = 131 AND `model_product_id` = 101086 AND `handSize` = 0 AND `orderStatus` = 0 AND `jewelStoneId` = 1158302 AND `stone_category_id` = 0 AND `stone_category_id_A` = -1 AND `stone_category_id_B` = -1 AND `stone_category_id_C` = -1 AND `stone_spec_id` = 0 AND `stone_spec_id_A` = 0 AND `stone_spec_id_B` = 0 AND `stone_spec_id_C` = 0 AND `stone_spec_value` = null AND `stone_spec_value_A` = null AND `stone_spec_value_B` = null AND `stone_spec_value_C` = null AND `stone_shape_id` = 0 AND `stone_shape_id_A` = 0 AND `stone_shape_id_B` = 0 AND `stone_shape_id_C` = 0 AND `stone_color_id` = 0 AND `stone_color_id_A` = 0 AND `stone_color_id_B` = 0 AND `stone_color_id_C` = 0 AND `stone_purity_id` = 0 AND `stone_purity_id_A` = 0 AND `stone_purity_id_B` = 0 AND `stone_purity_id_C` = 0 AND `stone_number` = 1 AND `stone_number_A` = 0 AND `stone_number_B` = 0 AND `stone_number_C` = 0 AND `stone_out_A` = 0 AND `stone_out_B` = 0 AND `stone_out_C` = 0 AND `isSelfStone` = null  [ RunTime:0.0130s ]
NOTIC: [8] Undefined property: stdClass::$sNumber D:\Apache HTTP Server\x64\WebApp\AppErp\Web\Common\Common\PublicCode\ErpPublicCode.class.php 第 286 行.
NOTIC: [8] Trying to get property of non-object D:\Apache HTTP Server\x64\WebApp\AppErp\Web\Common\Common\Api\flow\Model\ModelOrderCls\flow.Model.ModelOrderCls.ModelCurrentOrderDo.php 第 114 行.
INFO: [ app_end ] --START--
INFO: Run Behavior\ShowPageTraceBehavior [ RunTime:0.027001s ]
INFO: [ app_end ] --END-- [ RunTime:0.028001s ]

[ 2017-07-03T14:33:52+08:00 ] 192.168.1.240 /api/Aproxy/OrderDoCurrentModelItemDo?QxVersion=1.3&tokenKey=1a27831ce31f2a64b71ad4e97d394ca3&productId=101086&categoryId=108&number=1&handSize=%E6%89%8B%E5%AF%B8&stone=1|1|1|1|1|1&stoneA=&stoneB=&stoneC=&isSelfStone=0&remarks=&jewelStoneId=1158302
INFO: [ app_init ] --START--
INFO: Run Behavior\BuildLiteBehavior [ RunTime:0.000000s ]
INFO: [ app_init ] --END-- [ RunTime:0.001000s ]
INFO: [ app_begin ] --START--
INFO: Run Behavior\ReadHtmlCacheBehavior [ RunTime:0.000000s ]
INFO: [ app_begin ] --END-- [ RunTime:0.001001s ]
INFO: [ action_begin ] --START--
NOTIC: [8] Undefined index: Rejectordererpuser D:\Apache HTTP Server\x64\WebApp\AppErp\Web\Common\Common\Api\flow\UserCls\flow.UserCls.UserSessionManage.php 第 39 行.
SQL: SHOW COLUMNS FROM `app_member` [ RunTime:0.0090s ]
SQL: SELECT `id`,`userName`,`tokenKey`,`orderErpId`,`salesErpId`,`phone` FROM `app_member` WHERE `tokenKey` = '1a27831ce31f2a64b71ad4e97d394ca3'  [ RunTime:0.0160s ]
SQL: insert into app_user_active (member_id) VALUE (131) [ RunTime:0.0140s ]
INFO: Run Api\Behaviors\PurviewBehavior [ RunTime:0.316018s ]
INFO: Run Admin\Behaviors\AdminPurviewBehavior [ RunTime:0.004000s ]
INFO: [ action_begin ] --END-- [ RunTime:0.322018s ]
SQL: SHOW COLUMNS FROM `app_model_product` [ RunTime:0.0120s ]
SQL: SELECT COUNT(*) AS tp_count FROM `app_model_product` WHERE `id` = 101086 LIMIT 1   [ RunTime:0.0250s ]
SQL: SHOW COLUMNS FROM `app_model_main_order_current_detail` [ RunTime:0.0100s ]
SQL: SELECT `id`,`number` FROM `app_model_main_order_current_detail` WHERE `member_id` = 131 AND `model_product_id` = 101086 AND `handSize` = 0 AND `orderStatus` = 0 AND `jewelStoneId` = 1158302 AND `stone_category_id` = 0 AND `stone_category_id_A` = -1 AND `stone_category_id_B` = -1 AND `stone_category_id_C` = -1 AND `stone_spec_id` = 0 AND `stone_spec_id_A` = 0 AND `stone_spec_id_B` = 0 AND `stone_spec_id_C` = 0 AND `stone_spec_value` = null AND `stone_spec_value_A` = null AND `stone_spec_value_B` = null AND `stone_spec_value_C` = null AND `stone_shape_id` = 0 AND `stone_shape_id_A` = 0 AND `stone_shape_id_B` = 0 AND `stone_shape_id_C` = 0 AND `stone_color_id` = 0 AND `stone_color_id_A` = 0 AND `stone_color_id_B` = 0 AND `stone_color_id_C` = 0 AND `stone_purity_id` = 0 AND `stone_purity_id_A` = 0 AND `stone_purity_id_B` = 0 AND `stone_purity_id_C` = 0 AND `stone_number` = 1 AND `stone_number_A` = 0 AND `stone_number_B` = 0 AND `stone_number_C` = 0 AND `stone_out_A` = 0 AND `stone_out_B` = 0 AND `stone_out_C` = 0 AND `isSelfStone` = null  [ RunTime:0.0110s ]
NOTIC: [8] Undefined index: jewelStoneCode xdebug://debug-eval 第 1 行.
NOTIC: [8] Undefined property: stdClass::$BarCode D:\Apache HTTP Server\x64\WebApp\AppErp\Web\Common\Common\Api\flow\Model\ModelOrderCls\flow.Model.ModelOrderCls.ModelCurrentOrderDo.php 第 124 行.
SQL: INSERT INTO `app_model_main_order_current_detail` (`model_product_id`,`member_id`,`number`,`handSize`,`jewelStoneId`,`jewelStoneCode`,`stone_category_id`,`stone_category_id_A`,`stone_category_id_B`,`stone_category_id_C`,`stone_spec_id`,`stone_spec_id_A`,`stone_spec_id_B`,`stone_spec_id_C`,`stone_shape_id`,`stone_shape_id_A`,`stone_shape_id_B`,`stone_shape_id_C`,`stone_spec_value`,`stone_spec_value_A`,`stone_spec_value_B`,`stone_spec_value_C`,`stone_color_id`,`stone_color_id_A`,`stone_color_id_B`,`stone_color_id_C`,`stone_purity_id`,`stone_purity_id_A`,`stone_purity_id_B`,`stone_purity_id_C`,`stone_number`,`stone_number_A`,`stone_number_B`,`stone_number_C`,`stone_out_A`,`stone_out_B`,`stone_out_C`,`remarks`,`isSelfStone`,`updateDate`,`createDate`) VALUES ('101086','131','1','0','1158302','7116305476','0','0','0','0','0','0','0','0','0','0','0','0',NULL,NULL,NULL,NULL,'0','0','0','0','0','0','0','0','1','0','0','0','0','0','0',NULL,NULL,'2017-07-03 14:33:52','2017-07-03 14:33:52') [ RunTime:0.0150s ]
SQL: SHOW COLUMNS FROM `app_model_order_jewel_stone_log` [ RunTime:0.0100s ]
SQL: INSERT INTO `app_model_order_jewel_stone_log` (`CertAuth`,`CertCode`,`Weight`,`Price`,`discountPrice`,`BarCode`,`Shape`,`Color`,`Purity`,`Cut`,`Polishing`,`Symmetric`,`Fluorescence`,`Source`,`StoreName`,`member_Id`,`jewel_stone_id`,`indate`,`number`,`model_main_order_current_detail_id`) VALUES ('GIA','7116305476','2.03','69500','69500',NULL,'','H','VS2','','','','','0','鄂尔多斯每天百货','131','1158302','2010-09-29 08:49:59','1','4529') [ RunTime:0.0140s ]
SQL: SELECT
                    count(*) as cou
                FROM
                    app_model_main_order_current_detail a
                WHERE
                    EXISTS (
                        SELECT
                            *
                        FROM
                            app_model_product
                        WHERE
                            id = a.model_product_id
                    )
                 AND orderStatus =0  AND member_id=131 [ RunTime:0.0080s ]
INFO: [ app_end ] --START--
INFO: Run Behavior\ShowPageTraceBehavior [ RunTime:0.001000s ]
INFO: [ app_end ] --END-- [ RunTime:0.001000s ]

[ 2017-07-03T14:38:34+08:00 ] 192.168.1.240 /api/Aproxy/OrderListPage?tokenKey=1a27831ce31f2a64b71ad4e97d394ca3
INFO: [ app_init ] --START--
INFO: Run Behavior\BuildLiteBehavior [ RunTime:0.000000s ]
INFO: [ app_init ] --END-- [ RunTime:0.001000s ]
INFO: [ app_begin ] --START--
INFO: Run Behavior\ReadHtmlCacheBehavior [ RunTime:0.001000s ]
INFO: [ app_begin ] --END-- [ RunTime:0.001000s ]
INFO: [ action_begin ] --START--
SQL: SHOW COLUMNS FROM `app_member` [ RunTime:0.0090s ]
SQL: SELECT `id`,`userName`,`tokenKey`,`orderErpId`,`salesErpId`,`phone` FROM `app_member` WHERE `tokenKey` = '1a27831ce31f2a64b71ad4e97d394ca3'  [ RunTime:0.0090s ]
SQL: insert into app_user_active (member_id) VALUE (131) [ RunTime:0.0090s ]
INFO: Run Api\Behaviors\PurviewBehavior [ RunTime:0.105006s ]
INFO: Run Admin\Behaviors\AdminPurviewBehavior [ RunTime:0.001000s ]
INFO: [ action_begin ] --END-- [ RunTime:0.106006s ]
SQL: SHOW COLUMNS FROM `app_model_category` [ RunTime:0.0110s ]
SQL: SELECT `id`,name as title,`erpTypeId` FROM app_model_category aa WHERE ( exists (select * from app_model_category a where aa.model_category_id = a.id and sign='mode') )  [ RunTime:0.0110s ]
SQL: SHOW COLUMNS FROM `app_stone_spec` [ RunTime:0.0080s ]
SQL: SELECT `id`,if(up=0,`down`,CONCAT(down,'-',up)) as title,`down`,`up` FROM `app_stone_spec`  [ RunTime:0.0140s ]
SQL: SHOW COLUMNS FROM `app_stone_purity` [ RunTime:0.0140s ]
SQL: SELECT `id`,name as title FROM `app_stone_purity`  [ RunTime:0.0100s ]
SQL: SHOW COLUMNS FROM `app_stone_color` [ RunTime:0.0100s ]
SQL: SELECT `id`,name as title FROM `app_stone_color`  [ RunTime:0.0080s ]
NOTIC: [8] Undefined variable: limit D:\Apache HTTP Server\x64\WebApp\AppErp\Web\Common\Common\Api\flow\Model\ModelOrderCls\flow.Model.ModelOrderCls.ModelOrderSql.php 第 159 行.
SQL: SELECT
                        b.`name`,
                        b.modelNum,
                        b.weight,
                        ifnull(b.price,0) as price,
                        top1c.model_category_id,
                        top1c.erpTypeId,
                        CONCAT('http://124.172.169.117:9888/',b.pic) as pic,
                        IFNULL(p.price, 0) * IFNULL(a.stone_number, 0) + IFNULL(pa.price, 0) * IFNULL(a.stone_number_A, 0) + IFNULL(pb.price, 0) * IFNULL(a.stone_number_B, 0) + IFNULL(pc.price, 0) * IFNULL(a.stone_number_C, 0) AS stonePrice,
                        a.*
                    FROM
                        app_model_main_order_current_detail a
                    LEFT JOIN (
                        SELECT
                            ampc.id,
                            ampc.model_category_id,
                            ampc.model_product_id,
                            amc11.erpTypeId,
                            amc11.name as categoryName
                        FROM
                            app_model_product_category ampc
                        INNER JOIN (
                            SELECT
                                *
                            FROM
                                app_model_category amc1
                            WHERE
                                EXISTS (
                                    SELECT
                                        *
                                    FROM
                                        app_model_category
                                    WHERE
                                        sign = 'mode'
                                    AND amc1.model_category_id = id
                                )
                        ) amc11 ON ampc.model_category_id = amc11.id
                        WHERE
                            EXISTS (
                                SELECT
                                    *
                                FROM
                                    app_model_main_order_current_detail
                                WHERE
                                    member_id = 131
                                 AND orderStatus =0 
                                AND model_product_id = ampc.model_product_id
                            )
                        GROUP BY
                            model_product_id
                    ) top1c ON top1c.model_product_id = a.model_product_id
                    INNER JOIN app_model_product b ON a.model_product_id = b.id  LEFT JOIN app_stone_price p ON p.stone_category_id = a.stone_category_id
                    AND p.stone_color_id = a.stone_color_id
                    AND p.stone_purity_id = a.stone_purity_id
                    AND p.stone_spec_id = a.stone_spec_id
                    LEFT JOIN app_stone_price pa ON pa.stone_category_id = a.stone_category_id_A
                    AND pa.stone_color_id = a.stone_color_id_A
                    AND pa.stone_purity_id = a.stone_purity_id_A
                    AND pa.stone_spec_id = a.stone_spec_id_A
                    LEFT JOIN app_stone_price pb ON pb.stone_category_id = a.stone_category_id_B
                    AND pb.stone_color_id = a.stone_color_id_B
                    AND pb.stone_purity_id = a.stone_purity_id_B
                    AND pb.stone_spec_id = a.stone_spec_id_B
                    LEFT JOIN app_stone_price pc ON pc.stone_category_id = a.stone_category_id_C
                    AND pc.stone_color_id = a.stone_color_id_C
                    AND pc.stone_purity_id = a.stone_purity_id_C
                    AND pc.stone_spec_id = a.stone_spec_id_C
                     WHERE
                        a.member_id = 131
                         AND orderStatus =0 
                        
                    ORDER BY
                        id DESC [ RunTime:0.4330s ]
SQL: SHOW COLUMNS FROM `app_model_order_jewel_stone_log` [ RunTime:0.0100s ]
SQL: SELECT * FROM app_model_order_jewel_stone_log a WHERE ( member_Id=131 AND exists (select * from app_model_main_order_current_detail where a.model_main_order_current_detail_id=id AND orderStatus =0) )  [ RunTime:0.0200s ]
SQL: SHOW COLUMNS FROM `app_member_address` [ RunTime:0.0190s ]
SQL: SELECT `id`,`name`,`province_id`,`city_id`,`area_id`,`phone`,`addr` FROM `app_member_address` WHERE `member_id` = 131 ORDER BY `isDefaultDate` desc,`id` desc LIMIT 1   [ RunTime:0.0100s ]
SQL: SELECT
                    count(*) as cou
                FROM
                    app_model_main_order_current_detail a
                WHERE
                    EXISTS (
                        SELECT
                            *
                        FROM
                            app_model_product
                        WHERE
                            id = a.model_product_id
                    )
                 AND orderStatus =0  AND member_id=131 [ RunTime:0.0120s ]
INFO: [ app_end ] --START--
INFO: Run Behavior\ShowPageTraceBehavior [ RunTime:0.000000s ]
INFO: [ app_end ] --END-- [ RunTime:0.001000s ]

