[ 2017-07-06T12:03:43+08:00 ] 192.168.1.240 /api/Update/UpdateFromErpModelByStringList
INFO: [ app_init ] --START--
INFO: Run Behavior\BuildLiteBehavior [ RunTime:0.001000s ]
INFO: [ app_init ] --END-- [ RunTime:0.001000s ]
INFO: [ app_begin ] --START--
INFO: Run Behavior\ReadHtmlCacheBehavior [ RunTime:0.001001s ]
INFO: [ app_begin ] --END-- [ RunTime:0.002001s ]
INFO: [ action_begin ] --START--
NOTIC: [8] Undefined index: UpdateFromErpModelByStringList D:\Apache HTTP Server\x64\WebApp\AppErp\Web\Api\Behaviors\PurviewBehavior.class.php 第 52 行.
NOTIC: [8] Undefined index: UpdateFromErpModelByStringList D:\Apache HTTP Server\x64\WebApp\AppErp\Web\Api\Behaviors\PurviewBehavior.class.php 第 58 行.
NOTIC: [8] Undefined index: UpdateFromErpModelByStringList D:\Apache HTTP Server\x64\WebApp\AppErp\Web\Api\Behaviors\PurviewBehavior.class.php 第 64 行.
INFO: Run Api\Behaviors\PurviewBehavior [ RunTime:0.002000s ]
INFO: Run Admin\Behaviors\AdminPurviewBehavior [ RunTime:0.001000s ]
INFO: [ action_begin ] --END-- [ RunTime:0.004000s ]
SQL: SHOW COLUMNS FROM `app_model_category` [ RunTime:0.0100s ]
SQL: SELECT a.id,a.erpTypeId,a.name FROM app_model_category a,app_model_category b WHERE ( a.erpTypeId in (1,2,3,4,8,13) and b.sign='mode' and a.model_category_id=b.id )  [ RunTime:0.0190s ]
NOTIC: [2] Creating default object from empty value D:\Apache HTTP Server\x64\WebApp\AppErp\Web\Common\Common\Api\flow\UpdateCls\flow.UpdateCls.Model.php 第 277 行.
NOTIC: [2] Creating default object from empty value D:\Apache HTTP Server\x64\WebApp\AppErp\Web\Common\Common\Api\flow\UpdateCls\flow.UpdateCls.Model.php 第 277 行.
NOTIC: [2] Creating default object from empty value D:\Apache HTTP Server\x64\WebApp\AppErp\Web\Common\Common\Api\flow\UpdateCls\flow.UpdateCls.Model.php 第 277 行.
NOTIC: [2] Creating default object from empty value D:\Apache HTTP Server\x64\WebApp\AppErp\Web\Common\Common\Api\flow\UpdateCls\flow.UpdateCls.Model.php 第 277 行.
NOTIC: [2] Creating default object from empty value D:\Apache HTTP Server\x64\WebApp\AppErp\Web\Common\Common\Api\flow\UpdateCls\flow.UpdateCls.Model.php 第 277 行.
NOTIC: [2] Creating default object from empty value D:\Apache HTTP Server\x64\WebApp\AppErp\Web\Common\Common\Api\flow\UpdateCls\flow.UpdateCls.Model.php 第 277 行.
NOTIC: [8] Use of undefined constant data - assumed 'data' D:\Apache HTTP Server\x64\WebApp\AppErp\Web\Common\Common\Api\flow\UpdateCls\flow.UpdateCls.Model.php 第 292 行.
SQL: SHOW COLUMNS FROM `app_model_product` [ RunTime:0.0250s ]
SQL: SELECT `id`,`modelNum` FROM `app_model_product` WHERE ( modelNum in ('A0001','A0002','A0003','A0004') )  [ RunTime:0.0090s ]
SQL: SHOW COLUMNS FROM `app_model_category` [ RunTime:0.0090s ]

[ 2017-07-06T12:04:44+08:00 ] 192.168.1.240 /api/Update/UpdateFromErpModelByStringList
INFO: [ app_init ] --START--
INFO: Run Behavior\BuildLiteBehavior [ RunTime:0.000000s ]
INFO: [ app_init ] --END-- [ RunTime:0.001000s ]
INFO: [ app_begin ] --START--
INFO: Run Behavior\ReadHtmlCacheBehavior [ RunTime:0.001000s ]
INFO: [ app_begin ] --END-- [ RunTime:0.001000s ]
INFO: [ action_begin ] --START--
NOTIC: [8] Undefined index: UpdateFromErpModelByStringList D:\Apache HTTP Server\x64\WebApp\AppErp\Web\Api\Behaviors\PurviewBehavior.class.php 第 52 行.
NOTIC: [8] Undefined index: UpdateFromErpModelByStringList D:\Apache HTTP Server\x64\WebApp\AppErp\Web\Api\Behaviors\PurviewBehavior.class.php 第 58 行.
NOTIC: [8] Undefined index: UpdateFromErpModelByStringList D:\Apache HTTP Server\x64\WebApp\AppErp\Web\Api\Behaviors\PurviewBehavior.class.php 第 64 行.
INFO: Run Api\Behaviors\PurviewBehavior [ RunTime:0.005000s ]
INFO: Run Admin\Behaviors\AdminPurviewBehavior [ RunTime:0.001000s ]
INFO: [ action_begin ] --END-- [ RunTime:0.008000s ]
SQL: SHOW COLUMNS FROM `app_model_category` [ RunTime:0.0140s ]
SQL: SELECT a.id,a.erpTypeId,a.name FROM app_model_category a,app_model_category b WHERE ( a.erpTypeId in (1,2,3,4,8,13) and b.sign='mode' and a.model_category_id=b.id )  [ RunTime:0.0070s ]
NOTIC: [2] Creating default object from empty value D:\Apache HTTP Server\x64\WebApp\AppErp\Web\Common\Common\Api\flow\UpdateCls\flow.UpdateCls.Model.php 第 277 行.
NOTIC: [2] Creating default object from empty value D:\Apache HTTP Server\x64\WebApp\AppErp\Web\Common\Common\Api\flow\UpdateCls\flow.UpdateCls.Model.php 第 277 行.
NOTIC: [2] Creating default object from empty value D:\Apache HTTP Server\x64\WebApp\AppErp\Web\Common\Common\Api\flow\UpdateCls\flow.UpdateCls.Model.php 第 277 行.
NOTIC: [2] Creating default object from empty value D:\Apache HTTP Server\x64\WebApp\AppErp\Web\Common\Common\Api\flow\UpdateCls\flow.UpdateCls.Model.php 第 277 行.
NOTIC: [2] Creating default object from empty value D:\Apache HTTP Server\x64\WebApp\AppErp\Web\Common\Common\Api\flow\UpdateCls\flow.UpdateCls.Model.php 第 277 行.
NOTIC: [2] Creating default object from empty value D:\Apache HTTP Server\x64\WebApp\AppErp\Web\Common\Common\Api\flow\UpdateCls\flow.UpdateCls.Model.php 第 277 行.
NOTIC: [8] Use of undefined constant data - assumed 'data' D:\Apache HTTP Server\x64\WebApp\AppErp\Web\Common\Common\Api\flow\UpdateCls\flow.UpdateCls.Model.php 第 292 行.
SQL: SHOW COLUMNS FROM `app_model_product` [ RunTime:0.0090s ]
SQL: SELECT `id`,`modelNum` FROM `app_model_product` WHERE ( modelNum in ('A0001','A0002','A0003','A0004') )  [ RunTime:0.0070s ]

[ 2017-07-06T12:08:07+08:00 ] 192.168.1.240 /api/Update/UpdateFromErpModelByStringList
INFO: [ app_init ] --START--
INFO: Run Behavior\BuildLiteBehavior [ RunTime:0.000000s ]
INFO: [ app_init ] --END-- [ RunTime:0.002000s ]
INFO: [ app_begin ] --START--
INFO: Run Behavior\ReadHtmlCacheBehavior [ RunTime:0.001000s ]
INFO: [ app_begin ] --END-- [ RunTime:0.002000s ]
INFO: [ action_begin ] --START--
NOTIC: [8] Undefined index: UpdateFromErpModelByStringList D:\Apache HTTP Server\x64\WebApp\AppErp\Web\Api\Behaviors\PurviewBehavior.class.php 第 52 行.
NOTIC: [8] Undefined index: UpdateFromErpModelByStringList D:\Apache HTTP Server\x64\WebApp\AppErp\Web\Api\Behaviors\PurviewBehavior.class.php 第 58 行.
NOTIC: [8] Undefined index: UpdateFromErpModelByStringList D:\Apache HTTP Server\x64\WebApp\AppErp\Web\Api\Behaviors\PurviewBehavior.class.php 第 64 行.
INFO: Run Api\Behaviors\PurviewBehavior [ RunTime:0.005000s ]
INFO: Run Admin\Behaviors\AdminPurviewBehavior [ RunTime:0.001000s ]
INFO: [ action_begin ] --END-- [ RunTime:0.008000s ]
SQL: SHOW COLUMNS FROM `app_model_category` [ RunTime:0.0270s ]
SQL: SELECT a.id,a.erpTypeId,a.name FROM app_model_category a,app_model_category b WHERE ( a.erpTypeId in (1,2,3,4,8,13) and b.sign='mode' and a.model_category_id=b.id )  [ RunTime:0.0260s ]
NOTIC: [2] Creating default object from empty value D:\Apache HTTP Server\x64\WebApp\AppErp\Web\Common\Common\Api\flow\UpdateCls\flow.UpdateCls.Model.php 第 278 行.
NOTIC: [2] Creating default object from empty value D:\Apache HTTP Server\x64\WebApp\AppErp\Web\Common\Common\Api\flow\UpdateCls\flow.UpdateCls.Model.php 第 278 行.
NOTIC: [2] Creating default object from empty value D:\Apache HTTP Server\x64\WebApp\AppErp\Web\Common\Common\Api\flow\UpdateCls\flow.UpdateCls.Model.php 第 278 行.
NOTIC: [2] Creating default object from empty value D:\Apache HTTP Server\x64\WebApp\AppErp\Web\Common\Common\Api\flow\UpdateCls\flow.UpdateCls.Model.php 第 278 行.
NOTIC: [2] Creating default object from empty value D:\Apache HTTP Server\x64\WebApp\AppErp\Web\Common\Common\Api\flow\UpdateCls\flow.UpdateCls.Model.php 第 278 行.
NOTIC: [2] Creating default object from empty value D:\Apache HTTP Server\x64\WebApp\AppErp\Web\Common\Common\Api\flow\UpdateCls\flow.UpdateCls.Model.php 第 278 行.
NOTIC: [8] Use of undefined constant data - assumed 'data' D:\Apache HTTP Server\x64\WebApp\AppErp\Web\Common\Common\Api\flow\UpdateCls\flow.UpdateCls.Model.php 第 293 行.
SQL: SHOW COLUMNS FROM `app_model_product` [ RunTime:0.1160s ]
SQL: SELECT `id`,`modelNum` FROM `app_model_product` WHERE ( modelNum in ('A0001','A0002','A0003','A0004') )  [ RunTime:0.0240s ]

[ 2017-07-06T12:08:25+08:00 ] 192.168.1.240 /api/Update/UpdateFromErpModelByStringList
INFO: [ app_init ] --START--
INFO: Run Behavior\BuildLiteBehavior [ RunTime:0.000000s ]
INFO: [ app_init ] --END-- [ RunTime:0.000000s ]
INFO: [ app_begin ] --START--
INFO: Run Behavior\ReadHtmlCacheBehavior [ RunTime:0.000000s ]
INFO: [ app_begin ] --END-- [ RunTime:0.000000s ]
INFO: [ action_begin ] --START--
NOTIC: [8] Undefined index: UpdateFromErpModelByStringList D:\Apache HTTP Server\x64\WebApp\AppErp\Web\Api\Behaviors\PurviewBehavior.class.php 第 52 行.
NOTIC: [8] Undefined index: UpdateFromErpModelByStringList D:\Apache HTTP Server\x64\WebApp\AppErp\Web\Api\Behaviors\PurviewBehavior.class.php 第 58 行.
NOTIC: [8] Undefined index: UpdateFromErpModelByStringList D:\Apache HTTP Server\x64\WebApp\AppErp\Web\Api\Behaviors\PurviewBehavior.class.php 第 64 行.
INFO: Run Api\Behaviors\PurviewBehavior [ RunTime:0.002000s ]
INFO: Run Admin\Behaviors\AdminPurviewBehavior [ RunTime:0.001000s ]
INFO: [ action_begin ] --END-- [ RunTime:0.003000s ]
SQL: SHOW COLUMNS FROM `app_model_category` [ RunTime:0.0130s ]
SQL: SELECT a.id,a.erpTypeId,a.name FROM app_model_category a,app_model_category b WHERE ( a.erpTypeId in (1,2,3,4,8,13) and b.sign='mode' and a.model_category_id=b.id )  [ RunTime:0.0080s ]
NOTIC: [2] Creating default object from empty value D:\Apache HTTP Server\x64\WebApp\AppErp\Web\Common\Common\Api\flow\UpdateCls\flow.UpdateCls.Model.php 第 278 行.
NOTIC: [2] Creating default object from empty value D:\Apache HTTP Server\x64\WebApp\AppErp\Web\Common\Common\Api\flow\UpdateCls\flow.UpdateCls.Model.php 第 278 行.
NOTIC: [2] Creating default object from empty value D:\Apache HTTP Server\x64\WebApp\AppErp\Web\Common\Common\Api\flow\UpdateCls\flow.UpdateCls.Model.php 第 278 行.
NOTIC: [2] Creating default object from empty value D:\Apache HTTP Server\x64\WebApp\AppErp\Web\Common\Common\Api\flow\UpdateCls\flow.UpdateCls.Model.php 第 278 行.
NOTIC: [2] Creating default object from empty value D:\Apache HTTP Server\x64\WebApp\AppErp\Web\Common\Common\Api\flow\UpdateCls\flow.UpdateCls.Model.php 第 278 行.
NOTIC: [2] Creating default object from empty value D:\Apache HTTP Server\x64\WebApp\AppErp\Web\Common\Common\Api\flow\UpdateCls\flow.UpdateCls.Model.php 第 278 行.
NOTIC: [8] Use of undefined constant data - assumed 'data' D:\Apache HTTP Server\x64\WebApp\AppErp\Web\Common\Common\Api\flow\UpdateCls\flow.UpdateCls.Model.php 第 293 行.
SQL: SHOW COLUMNS FROM `app_model_product` [ RunTime:0.0140s ]
SQL: SELECT `id`,`modelNum` FROM `app_model_product` WHERE ( modelNum in ('A0001','A0002','A0003','A0004') )  [ RunTime:0.0110s ]
NOTIC: [8] Undefined property: stdClass::$createDate,name,erpTypeId D:\Apache HTTP Server\x64\WebApp\AppErp\Web\Common\Common\PublicCode\FunctionCode.class.php 第 202 行.
NOTIC: [8] Undefined property: stdClass::$createDate,name,erpTypeId D:\Apache HTTP Server\x64\WebApp\AppErp\Web\Common\Common\PublicCode\FunctionCode.class.php 第 202 行.
NOTIC: [8] Undefined property: stdClass::$createDate,name,erpTypeId D:\Apache HTTP Server\x64\WebApp\AppErp\Web\Common\Common\PublicCode\FunctionCode.class.php 第 202 行.
NOTIC: [8] Undefined property: stdClass::$createDate,name,erpTypeId D:\Apache HTTP Server\x64\WebApp\AppErp\Web\Common\Common\PublicCode\FunctionCode.class.php 第 202 行.
NOTIC: [8] Undefined property: stdClass::$createDate,name,erpTypeId D:\Apache HTTP Server\x64\WebApp\AppErp\Web\Common\Common\PublicCode\FunctionCode.class.php 第 202 行.
NOTIC: [8] Undefined property: stdClass::$createDate,name,erpTypeId D:\Apache HTTP Server\x64\WebApp\AppErp\Web\Common\Common\PublicCode\FunctionCode.class.php 第 202 行.

[ 2017-07-06T12:08:57+08:00 ] 192.168.1.240 /api/Update/UpdateFromErpModelByStringList
INFO: [ app_init ] --START--
INFO: Run Behavior\BuildLiteBehavior [ RunTime:0.000000s ]
INFO: [ app_init ] --END-- [ RunTime:0.001001s ]
INFO: [ app_begin ] --START--
INFO: Run Behavior\ReadHtmlCacheBehavior [ RunTime:0.000000s ]
INFO: [ app_begin ] --END-- [ RunTime:0.001000s ]
INFO: [ action_begin ] --START--
NOTIC: [8] Undefined index: UpdateFromErpModelByStringList D:\Apache HTTP Server\x64\WebApp\AppErp\Web\Api\Behaviors\PurviewBehavior.class.php 第 52 行.
NOTIC: [8] Undefined index: UpdateFromErpModelByStringList D:\Apache HTTP Server\x64\WebApp\AppErp\Web\Api\Behaviors\PurviewBehavior.class.php 第 58 行.
NOTIC: [8] Undefined index: UpdateFromErpModelByStringList D:\Apache HTTP Server\x64\WebApp\AppErp\Web\Api\Behaviors\PurviewBehavior.class.php 第 64 行.
INFO: Run Api\Behaviors\PurviewBehavior [ RunTime:0.001000s ]
INFO: Run Admin\Behaviors\AdminPurviewBehavior [ RunTime:0.000000s ]
INFO: [ action_begin ] --END-- [ RunTime:0.001000s ]
SQL: SHOW COLUMNS FROM `app_model_category` [ RunTime:0.0090s ]
SQL: SELECT a.id,a.erpTypeId,a.name FROM app_model_category a,app_model_category b WHERE ( a.erpTypeId in (1,2,3,4,8,13) and b.sign='mode' and a.model_category_id=b.id )  [ RunTime:0.0110s ]
NOTIC: [2] Creating default object from empty value D:\Apache HTTP Server\x64\WebApp\AppErp\Web\Common\Common\Api\flow\UpdateCls\flow.UpdateCls.Model.php 第 278 行.
NOTIC: [2] Creating default object from empty value D:\Apache HTTP Server\x64\WebApp\AppErp\Web\Common\Common\Api\flow\UpdateCls\flow.UpdateCls.Model.php 第 278 行.
NOTIC: [2] Creating default object from empty value D:\Apache HTTP Server\x64\WebApp\AppErp\Web\Common\Common\Api\flow\UpdateCls\flow.UpdateCls.Model.php 第 278 行.
NOTIC: [2] Creating default object from empty value D:\Apache HTTP Server\x64\WebApp\AppErp\Web\Common\Common\Api\flow\UpdateCls\flow.UpdateCls.Model.php 第 278 行.
NOTIC: [2] Creating default object from empty value D:\Apache HTTP Server\x64\WebApp\AppErp\Web\Common\Common\Api\flow\UpdateCls\flow.UpdateCls.Model.php 第 278 行.
NOTIC: [2] Creating default object from empty value D:\Apache HTTP Server\x64\WebApp\AppErp\Web\Common\Common\Api\flow\UpdateCls\flow.UpdateCls.Model.php 第 278 行.
NOTIC: [8] Use of undefined constant data - assumed 'data' D:\Apache HTTP Server\x64\WebApp\AppErp\Web\Common\Common\Api\flow\UpdateCls\flow.UpdateCls.Model.php 第 293 行.
SQL: SHOW COLUMNS FROM `app_model_product` [ RunTime:0.0150s ]
SQL: SELECT `id`,`modelNum` FROM `app_model_product` WHERE ( modelNum in ('A0001','A0002','A0003','A0004') )  [ RunTime:0.0080s ]
NOTIC: [8] Undefined property: stdClass::$createDate,name,erpTypeId D:\Apache HTTP Server\x64\WebApp\AppErp\Web\Common\Common\PublicCode\FunctionCode.class.php 第 202 行.
NOTIC: [8] Undefined property: stdClass::$createDate,name,erpTypeId D:\Apache HTTP Server\x64\WebApp\AppErp\Web\Common\Common\PublicCode\FunctionCode.class.php 第 202 行.
NOTIC: [8] Undefined property: stdClass::$createDate,name,erpTypeId D:\Apache HTTP Server\x64\WebApp\AppErp\Web\Common\Common\PublicCode\FunctionCode.class.php 第 202 行.
NOTIC: [8] Undefined property: stdClass::$createDate,name,erpTypeId D:\Apache HTTP Server\x64\WebApp\AppErp\Web\Common\Common\PublicCode\FunctionCode.class.php 第 202 行.
NOTIC: [8] Undefined property: stdClass::$createDate,name,erpTypeId D:\Apache HTTP Server\x64\WebApp\AppErp\Web\Common\Common\PublicCode\FunctionCode.class.php 第 202 行.
NOTIC: [8] Undefined property: stdClass::$createDate,name,erpTypeId D:\Apache HTTP Server\x64\WebApp\AppErp\Web\Common\Common\PublicCode\FunctionCode.class.php 第 202 行.
SQL: SHOW COLUMNS FROM `app_model_category` [ RunTime:0.0080s ]
SQL: INSERT INTO `app_model_category` () VALUES (),(),(),(),(),() [ RunTime:0.0130s ]
ERR: 1054:Unknown column 'EGT' in 'where clause'
 [ SQL语句 ] : SELECT `id`,`name` FROM `app_model_category` WHERE (  id ) AND (  (  EGT ) AND (  161 ) ) 
ERR: 1054:Unknown column 'EGT' in 'where clause'
 [ SQL语句 ] : SELECT `id`,`name` FROM `app_model_category` WHERE (  id ) AND (  (  EGT ) AND (  161 ) ) 

[ 2017-07-06T12:10:16+08:00 ] 192.168.1.240 /api/Update/UpdateFromErpModelByStringList
INFO: [ app_init ] --START--
INFO: Run Behavior\BuildLiteBehavior [ RunTime:0.000000s ]
INFO: [ app_init ] --END-- [ RunTime:0.001000s ]
INFO: [ app_begin ] --START--
INFO: Run Behavior\ReadHtmlCacheBehavior [ RunTime:0.000000s ]
INFO: [ app_begin ] --END-- [ RunTime:0.001001s ]
INFO: [ action_begin ] --START--
NOTIC: [8] Undefined index: UpdateFromErpModelByStringList D:\Apache HTTP Server\x64\WebApp\AppErp\Web\Api\Behaviors\PurviewBehavior.class.php 第 52 行.
NOTIC: [8] Undefined index: UpdateFromErpModelByStringList D:\Apache HTTP Server\x64\WebApp\AppErp\Web\Api\Behaviors\PurviewBehavior.class.php 第 58 行.
NOTIC: [8] Undefined index: UpdateFromErpModelByStringList D:\Apache HTTP Server\x64\WebApp\AppErp\Web\Api\Behaviors\PurviewBehavior.class.php 第 64 行.
INFO: Run Api\Behaviors\PurviewBehavior [ RunTime:0.003000s ]
INFO: Run Admin\Behaviors\AdminPurviewBehavior [ RunTime:0.001000s ]
INFO: [ action_begin ] --END-- [ RunTime:0.005000s ]
SQL: SHOW COLUMNS FROM `app_model_category` [ RunTime:0.0090s ]
SQL: SELECT a.id,a.erpTypeId,a.name FROM app_model_category a,app_model_category b WHERE ( a.erpTypeId in (1,2,3,4,8,13) and b.sign='mode' and a.model_category_id=b.id )  [ RunTime:0.0120s ]
NOTIC: [2] Creating default object from empty value D:\Apache HTTP Server\x64\WebApp\AppErp\Web\Common\Common\Api\flow\UpdateCls\flow.UpdateCls.Model.php 第 278 行.
NOTIC: [2] Creating default object from empty value D:\Apache HTTP Server\x64\WebApp\AppErp\Web\Common\Common\Api\flow\UpdateCls\flow.UpdateCls.Model.php 第 278 行.
NOTIC: [2] Creating default object from empty value D:\Apache HTTP Server\x64\WebApp\AppErp\Web\Common\Common\Api\flow\UpdateCls\flow.UpdateCls.Model.php 第 278 行.
NOTIC: [2] Creating default object from empty value D:\Apache HTTP Server\x64\WebApp\AppErp\Web\Common\Common\Api\flow\UpdateCls\flow.UpdateCls.Model.php 第 278 行.
NOTIC: [2] Creating default object from empty value D:\Apache HTTP Server\x64\WebApp\AppErp\Web\Common\Common\Api\flow\UpdateCls\flow.UpdateCls.Model.php 第 278 行.
NOTIC: [2] Creating default object from empty value D:\Apache HTTP Server\x64\WebApp\AppErp\Web\Common\Common\Api\flow\UpdateCls\flow.UpdateCls.Model.php 第 278 行.
NOTIC: [8] Use of undefined constant data - assumed 'data' D:\Apache HTTP Server\x64\WebApp\AppErp\Web\Common\Common\Api\flow\UpdateCls\flow.UpdateCls.Model.php 第 293 行.
SQL: SHOW COLUMNS FROM `app_model_product` [ RunTime:0.0090s ]
SQL: SELECT `id`,`modelNum` FROM `app_model_product` WHERE ( modelNum in ('A0001','A0002','A0003','A0004') )  [ RunTime:0.0070s ]
NOTIC: [8] Undefined property: stdClass::$createDate,name,erpTypeId D:\Apache HTTP Server\x64\WebApp\AppErp\Web\Common\Common\PublicCode\FunctionCode.class.php 第 202 行.
NOTIC: [8] Undefined property: stdClass::$createDate,name,erpTypeId D:\Apache HTTP Server\x64\WebApp\AppErp\Web\Common\Common\PublicCode\FunctionCode.class.php 第 202 行.
NOTIC: [8] Undefined property: stdClass::$createDate,name,erpTypeId D:\Apache HTTP Server\x64\WebApp\AppErp\Web\Common\Common\PublicCode\FunctionCode.class.php 第 202 行.
NOTIC: [8] Undefined property: stdClass::$createDate,name,erpTypeId D:\Apache HTTP Server\x64\WebApp\AppErp\Web\Common\Common\PublicCode\FunctionCode.class.php 第 202 行.
NOTIC: [8] Undefined property: stdClass::$createDate,name,erpTypeId D:\Apache HTTP Server\x64\WebApp\AppErp\Web\Common\Common\PublicCode\FunctionCode.class.php 第 202 行.
NOTIC: [8] Undefined property: stdClass::$createDate,name,erpTypeId D:\Apache HTTP Server\x64\WebApp\AppErp\Web\Common\Common\PublicCode\FunctionCode.class.php 第 202 行.

[ 2017-07-06T12:11:37+08:00 ] 192.168.1.240 /api/Update/UpdateFromErpModelByStringList
INFO: [ app_init ] --START--
INFO: Run Behavior\BuildLiteBehavior [ RunTime:0.000000s ]
INFO: [ app_init ] --END-- [ RunTime:0.000000s ]
INFO: [ app_begin ] --START--
INFO: Run Behavior\ReadHtmlCacheBehavior [ RunTime:0.001000s ]
INFO: [ app_begin ] --END-- [ RunTime:0.001000s ]
INFO: [ action_begin ] --START--
NOTIC: [8] Undefined index: UpdateFromErpModelByStringList D:\Apache HTTP Server\x64\WebApp\AppErp\Web\Api\Behaviors\PurviewBehavior.class.php 第 52 行.
NOTIC: [8] Undefined index: UpdateFromErpModelByStringList D:\Apache HTTP Server\x64\WebApp\AppErp\Web\Api\Behaviors\PurviewBehavior.class.php 第 58 行.
NOTIC: [8] Undefined index: UpdateFromErpModelByStringList D:\Apache HTTP Server\x64\WebApp\AppErp\Web\Api\Behaviors\PurviewBehavior.class.php 第 64 行.
INFO: Run Api\Behaviors\PurviewBehavior [ RunTime:0.003000s ]
INFO: Run Admin\Behaviors\AdminPurviewBehavior [ RunTime:0.000000s ]
INFO: [ action_begin ] --END-- [ RunTime:0.004000s ]
SQL: SHOW COLUMNS FROM `app_model_category` [ RunTime:0.0110s ]
SQL: SELECT a.id,a.erpTypeId,a.name FROM app_model_category a,app_model_category b WHERE ( a.erpTypeId in (1,2,3,4,8,13) and b.sign='mode' and a.model_category_id=b.id )  [ RunTime:0.0080s ]
NOTIC: [2] Creating default object from empty value D:\Apache HTTP Server\x64\WebApp\AppErp\Web\Common\Common\Api\flow\UpdateCls\flow.UpdateCls.Model.php 第 278 行.
NOTIC: [2] Creating default object from empty value D:\Apache HTTP Server\x64\WebApp\AppErp\Web\Common\Common\Api\flow\UpdateCls\flow.UpdateCls.Model.php 第 278 行.
NOTIC: [2] Creating default object from empty value D:\Apache HTTP Server\x64\WebApp\AppErp\Web\Common\Common\Api\flow\UpdateCls\flow.UpdateCls.Model.php 第 278 行.
NOTIC: [2] Creating default object from empty value D:\Apache HTTP Server\x64\WebApp\AppErp\Web\Common\Common\Api\flow\UpdateCls\flow.UpdateCls.Model.php 第 278 行.
NOTIC: [2] Creating default object from empty value D:\Apache HTTP Server\x64\WebApp\AppErp\Web\Common\Common\Api\flow\UpdateCls\flow.UpdateCls.Model.php 第 278 行.
NOTIC: [2] Creating default object from empty value D:\Apache HTTP Server\x64\WebApp\AppErp\Web\Common\Common\Api\flow\UpdateCls\flow.UpdateCls.Model.php 第 278 行.
NOTIC: [8] Use of undefined constant data - assumed 'data' D:\Apache HTTP Server\x64\WebApp\AppErp\Web\Common\Common\Api\flow\UpdateCls\flow.UpdateCls.Model.php 第 293 行.
SQL: SHOW COLUMNS FROM `app_model_product` [ RunTime:0.0100s ]
SQL: SELECT `id`,`modelNum` FROM `app_model_product` WHERE ( modelNum in ('A0001','A0002','A0003','A0004') )  [ RunTime:0.0080s ]
SQL: SHOW COLUMNS FROM `app_model_category` [ RunTime:0.0120s ]
SQL: INSERT INTO `app_model_category` (`createDate`,`name`,`erpTypeId`) VALUES ('2017-07-06 12:10:28','男戒','1'),('2017-07-06 12:10:28','女戒','2'),('2017-07-06 12:10:28','情侣戒','3'),('2017-07-06 12:10:28','吊坠','4'),('2017-07-06 12:10:28','项链','8'),('2017-07-06 12:10:28','耳环','13') [ RunTime:0.0110s ]
ERR: 1054:Unknown column 'EGT' in 'where clause'
 [ SQL语句 ] : SELECT `id`,`name` FROM `app_model_category` WHERE (  id ) AND (  (  EGT ) AND (  167 ) ) 
ERR: 1054:Unknown column 'EGT' in 'where clause'
 [ SQL语句 ] : SELECT `id`,`name` FROM `app_model_category` WHERE (  id ) AND (  (  EGT ) AND (  167 ) ) 

[ 2017-07-06T12:15:15+08:00 ] 192.168.1.240 /api/Update/UpdateFromErpModelByStringList
INFO: [ app_init ] --START--
INFO: Run Behavior\BuildLiteBehavior [ RunTime:0.000000s ]
INFO: [ app_init ] --END-- [ RunTime:0.001000s ]
INFO: [ app_begin ] --START--
INFO: Run Behavior\ReadHtmlCacheBehavior [ RunTime:0.001000s ]
INFO: [ app_begin ] --END-- [ RunTime:0.001000s ]
INFO: [ action_begin ] --START--
NOTIC: [8] Undefined index: UpdateFromErpModelByStringList D:\Apache HTTP Server\x64\WebApp\AppErp\Web\Api\Behaviors\PurviewBehavior.class.php 第 52 行.
NOTIC: [8] Undefined index: UpdateFromErpModelByStringList D:\Apache HTTP Server\x64\WebApp\AppErp\Web\Api\Behaviors\PurviewBehavior.class.php 第 58 行.
NOTIC: [8] Undefined index: UpdateFromErpModelByStringList D:\Apache HTTP Server\x64\WebApp\AppErp\Web\Api\Behaviors\PurviewBehavior.class.php 第 64 行.
INFO: Run Api\Behaviors\PurviewBehavior [ RunTime:0.002001s ]
INFO: Run Admin\Behaviors\AdminPurviewBehavior [ RunTime:0.001000s ]
INFO: [ action_begin ] --END-- [ RunTime:0.003001s ]
SQL: SHOW COLUMNS FROM `app_model_category` [ RunTime:0.0120s ]
SQL: SELECT a.id,a.erpTypeId,a.name FROM app_model_category a,app_model_category b WHERE ( a.erpTypeId in (1,2,3,4,8,13) and b.sign='mode' and a.model_category_id=b.id )  [ RunTime:0.0100s ]
NOTIC: [2] Creating default object from empty value D:\Apache HTTP Server\x64\WebApp\AppErp\Web\Common\Common\Api\flow\UpdateCls\flow.UpdateCls.Model.php 第 278 行.
NOTIC: [2] Creating default object from empty value D:\Apache HTTP Server\x64\WebApp\AppErp\Web\Common\Common\Api\flow\UpdateCls\flow.UpdateCls.Model.php 第 278 行.
NOTIC: [2] Creating default object from empty value D:\Apache HTTP Server\x64\WebApp\AppErp\Web\Common\Common\Api\flow\UpdateCls\flow.UpdateCls.Model.php 第 278 行.
NOTIC: [2] Creating default object from empty value D:\Apache HTTP Server\x64\WebApp\AppErp\Web\Common\Common\Api\flow\UpdateCls\flow.UpdateCls.Model.php 第 278 行.
NOTIC: [2] Creating default object from empty value D:\Apache HTTP Server\x64\WebApp\AppErp\Web\Common\Common\Api\flow\UpdateCls\flow.UpdateCls.Model.php 第 278 行.
NOTIC: [2] Creating default object from empty value D:\Apache HTTP Server\x64\WebApp\AppErp\Web\Common\Common\Api\flow\UpdateCls\flow.UpdateCls.Model.php 第 278 行.
NOTIC: [8] Use of undefined constant data - assumed 'data' D:\Apache HTTP Server\x64\WebApp\AppErp\Web\Common\Common\Api\flow\UpdateCls\flow.UpdateCls.Model.php 第 293 行.
SQL: SHOW COLUMNS FROM `app_model_product` [ RunTime:0.0110s ]
SQL: SELECT `id`,`modelNum` FROM `app_model_product` WHERE ( modelNum in ('A0001','A0002','A0003','A0004') )  [ RunTime:0.0070s ]
SQL: SHOW COLUMNS FROM `app_model_category` [ RunTime:0.0100s ]
SQL: INSERT INTO `app_model_category` (`createDate`,`name`,`erpTypeId`) VALUES ('2017-07-06 12:13:54','男戒','1'),('2017-07-06 12:13:54','女戒','2'),('2017-07-06 12:13:54','情侣戒','3'),('2017-07-06 12:13:54','吊坠','4'),('2017-07-06 12:13:54','项链','8'),('2017-07-06 12:13:54','耳环','13') [ RunTime:0.0110s ]
SQL: SELECT `id`,`name` FROM `app_model_category` WHERE ( id>=173 )  [ RunTime:0.0090s ]
SQL: INSERT INTO `app_model_product` (`modelNum`,`name`,`pic`,`picb`,`picm`,`price`,`memo`,`weight`,`stone_category_id`,`stone_category_id_A`,`stone_category_id_B`,`stone_category_id_C`,`stone_spec_value`,`stone_spec_value_A`,`stone_spec_value_B`,`stone_spec_value_C`,`stone_shape_id`,`stone_shape_id_A`,`stone_shape_id_B`,`stone_shape_id_C`,`stone_number`,`stone_number_A`,`stone_number_B`,`stone_number_C`,`createDate`) VALUES ('A0001','A0001','220X220/Module/Image1/1/A0001.jpg','800X800/Module/Image1/1/A0001.jpg','480X480/Module/Image1/1/A0001.jpg','0',NULL,NULL,'1',NULL,NULL,NULL,'0.2',NULL,NULL,NULL,'1',NULL,NULL,NULL,'1',NULL,NULL,NULL,'2017-07-05 00:00:00'),('A0002','A0002','220X220/Module/Image1/1/A0002.jpg','800X800/Module/Image1/1/A0002.jpg','480X480/Module/Image1/1/A0002.jpg','0',NULL,NULL,'1',NULL,NULL,NULL,'0.3',NULL,NULL,NULL,'1',NULL,NULL,NULL,'1',NULL,NULL,NULL,'2017-07-05 00:00:00'),('A0003','A0003','220X220/Module/Image1/1/A0003.jpg','800X800/Module/Image1/1/A0003.jpg','480X480/Module/Image1/1/A0003.jpg','0',NULL,NULL,'2',NULL,NULL,NULL,'0.4',NULL,NULL,NULL,'3',NULL,NULL,NULL,'1',NULL,NULL,NULL,'2017-07-05 00:00:00'),('A0004','A0004',NULL,NULL,NULL,'0',NULL,NULL,'6',NULL,NULL,NULL,'0.5',NULL,NULL,NULL,'4',NULL,NULL,NULL,'1',NULL,NULL,NULL,'2017-07-05 00:00:00') [ RunTime:0.0150s ]
SQL: SELECT `modelNum` FROM `app_model_product` WHERE `id` >= '102864'  [ RunTime:0.0120s ]
SQL: select b.id,c.id as model_category_id,a.id as model_product_id,a.modelNum from app_model_product a
        left join app_model_product_category b on a.id=b.model_product_id
				left join (select * from app_model_category aa where EXISTS (select * from app_model_category where sign='mode'
        and aa.model_category_id = id)) c on c.id=b.model_category_id
        where a.modelNum in ('A0001','A0002','A0003','A0004') [ RunTime:0.0200s ]
SQL: SHOW COLUMNS FROM `app_model_category` [ RunTime:0.0140s ]
SQL: SELECT `id`,name as title,`erpTypeId` FROM app_model_category aa WHERE ( exists (select * from app_model_category a where aa.model_category_id = a.id and sign='mode') )  [ RunTime:0.0100s ]
SQL: update app_model_product set priorSort=1000 where modelNum in ('A0001','A0002','A0003') [ RunTime:0.0320s ]
SQL: SHOW COLUMNS FROM `app_update_model_log` [ RunTime:0.0080s ]
SQL: INSERT INTO `app_update_model_log` (`updateData`,`ishaveUpdate`,`type`) VALUES ('{\"response\":\"\",\"error\":0,\"message\":\"\\u540c\\u6b65\\u6210\\u529f\",\"data\":{\"updateCategory\":\"\\u6ca1\\u6709\\u4efb\\u4f55\\u66f4\\u65b0\\u7684\\u6b3e\\u53f7\\u7c7b\\u578b\\u6570\\u636e\",\"addCategory\":\"\\u65b0\\u589e\\u4e86\\uff1a6\\u6761\\u6b3e\\u53f7\\u7c7b\\u578b\\u8bb0\\u5f55,\\u5206\\u522b\\u662f[173,\\u7537\\u6212],[174,\\u5973\\u6212],[175,\\u60c5\\u4fa3\\u6212],[176,\\u540a\\u5760],[177,\\u9879\\u94fe],[178,\\u8033\\u73af]\",\"updateData\":\"\\u6ca1\\u6709\\u4efb\\u4f55\\u66f4\\u65b0\\u6b3e\\u53f7\\u6570\\u636e\",\"addData\":\"\\u65b0\\u589e\\u4e86\\uff1a4\\u6761\\u6b3e\\u53f7\\u8bb0\\u5f55,\\u6b3e\\u53f7\\u662fA0001,A0002,A0003,A0004\",\"updateModelCategory\":\"\\u6ca1\\u6709\\u4efb\\u4f55\\u6b3e\\u53f7\\u7c7b\\u578b\\u6570\\u636e\\u6dfb\\u52a0\",\"addModelCategory\":\"\\u6ca1\\u6709\\u4efb\\u4f55\\u6b3e\\u53f7\\u7c7b\\u578b\\u6570\\u636e\\u66f4\\u65b0\",\"upriPicObj\":null,\"apriPicObj\":null}}','1','手动款号更新数据') [ RunTime:0.0110s ]
INFO: [ app_end ] --START--
INFO: Run Behavior\ShowPageTraceBehavior [ RunTime:0.000000s ]
INFO: [ app_end ] --END-- [ RunTime:0.001000s ]

[ 2017-07-06T14:59:41+08:00 ] 192.168.1.240 /api/aproxy/userModifyPage?QxVersion=1.3&tokenKey=9b102f07cfa13184ef5d88c82c543317
INFO: [ app_init ] --START--
INFO: Run Behavior\BuildLiteBehavior [ RunTime:0.000000s ]
INFO: [ app_init ] --END-- [ RunTime:0.001000s ]
INFO: [ app_begin ] --START--
INFO: Run Behavior\ReadHtmlCacheBehavior [ RunTime:0.000000s ]
INFO: [ app_begin ] --END-- [ RunTime:0.000000s ]
INFO: [ action_begin ] --START--
NOTIC: [8] Undefined index: userModifyPage D:\Apache HTTP Server\x64\WebApp\AppErp\Web\Api\Behaviors\PurviewBehavior.class.php 第 52 行.
NOTIC: [8] Undefined index: userModifyPage D:\Apache HTTP Server\x64\WebApp\AppErp\Web\Api\Behaviors\PurviewBehavior.class.php 第 58 行.
SQL: SHOW COLUMNS FROM `app_member` [ RunTime:0.0090s ]
SQL: SELECT `id`,`userName`,`tokenKey`,`orderErpId`,`salesErpId`,`phone` FROM `app_member` WHERE `tokenKey` = '9b102f07cfa13184ef5d88c82c543317'  [ RunTime:0.0060s ]
NOTIC: [8] Undefined offset: 0 D:\Apache HTTP Server\x64\WebApp\AppErp\Web\Common\Common\Api\flow\UserCls\UserPurview\flow.UserCls.UserPurview.UserPurviewCode.php 第 14 行.
NOTIC: [8] Undefined offset: 0 D:\Apache HTTP Server\x64\WebApp\AppErp\Web\Common\Common\Api\flow\UserCls\UserPurview\flow.UserCls.UserPurview.UserPurviewCode.php 第 15 行.
NOTIC: [8] Undefined offset: 0 D:\Apache HTTP Server\x64\WebApp\AppErp\Web\Common\Common\Api\flow\UserCls\UserPurview\flow.UserCls.UserPurview.UserPurviewCode.php 第 16 行.
NOTIC: [8] Undefined offset: 0 D:\Apache HTTP Server\x64\WebApp\AppErp\Web\Common\Common\Api\flow\UserCls\UserPurview\flow.UserCls.UserPurview.UserPurviewCode.php 第 17 行.
NOTIC: [8] Undefined offset: 0 D:\Apache HTTP Server\x64\WebApp\AppErp\Web\Common\Common\Api\flow\UserCls\UserPurview\flow.UserCls.UserPurview.UserPurviewCode.php 第 18 行.

[ 2017-07-06T15:00:20+08:00 ] 192.168.1.240 /api/aproxy/userModifyPage?QxVersion=1.3&tokenKey=9b102f07cfa13184ef5d88c82c543317
INFO: [ app_init ] --START--
INFO: Run Behavior\BuildLiteBehavior [ RunTime:0.000000s ]
INFO: [ app_init ] --END-- [ RunTime:0.001000s ]
INFO: [ app_begin ] --START--
INFO: Run Behavior\ReadHtmlCacheBehavior [ RunTime:0.000000s ]
INFO: [ app_begin ] --END-- [ RunTime:0.000000s ]
INFO: [ action_begin ] --START--
NOTIC: [8] Undefined index: userModifyPage D:\Apache HTTP Server\x64\WebApp\AppErp\Web\Api\Behaviors\PurviewBehavior.class.php 第 52 行.
NOTIC: [8] Undefined index: userModifyPage D:\Apache HTTP Server\x64\WebApp\AppErp\Web\Api\Behaviors\PurviewBehavior.class.php 第 58 行.

[ 2017-07-06T15:00:23+08:00 ] 192.168.1.240 /api/aproxy/userModifyPage?QxVersion=1.3&tokenKey=9b102f07cfa13184ef5d88c82c543317
INFO: [ app_init ] --START--
INFO: Run Behavior\BuildLiteBehavior [ RunTime:0.000000s ]
INFO: [ app_init ] --END-- [ RunTime:0.001000s ]
INFO: [ app_begin ] --START--
INFO: Run Behavior\ReadHtmlCacheBehavior [ RunTime:0.001000s ]
INFO: [ app_begin ] --END-- [ RunTime:0.001000s ]
INFO: [ action_begin ] --START--
NOTIC: [8] Undefined index: userModifyPage D:\Apache HTTP Server\x64\WebApp\AppErp\Web\Api\Behaviors\PurviewBehavior.class.php 第 52 行.
NOTIC: [8] Undefined index: userModifyPage D:\Apache HTTP Server\x64\WebApp\AppErp\Web\Api\Behaviors\PurviewBehavior.class.php 第 58 行.

[ 2017-07-06T15:00:30+08:00 ] 192.168.1.240 /api/aproxy/userModifyPage?QxVersion=1.3&tokenKey=9b102f07cfa13184ef5d88c82c543317
INFO: [ app_init ] --START--
INFO: Run Behavior\BuildLiteBehavior [ RunTime:0.000000s ]
INFO: [ app_init ] --END-- [ RunTime:0.000000s ]
INFO: [ app_begin ] --START--
INFO: Run Behavior\ReadHtmlCacheBehavior [ RunTime:0.001000s ]
INFO: [ app_begin ] --END-- [ RunTime:0.001000s ]
INFO: [ action_begin ] --START--
NOTIC: [8] Undefined index: userModifyPage D:\Apache HTTP Server\x64\WebApp\AppErp\Web\Api\Behaviors\PurviewBehavior.class.php 第 52 行.
NOTIC: [8] Undefined index: userModifyPage D:\Apache HTTP Server\x64\WebApp\AppErp\Web\Api\Behaviors\PurviewBehavior.class.php 第 58 行.

[ 2017-07-06T15:01:11+08:00 ] 192.168.1.240 /api/aproxy/userModifyPage?QxVersion=1.3&tokenKey=9b102f07cfa13184ef5d88c82c543317
INFO: [ app_init ] --START--
INFO: Run Behavior\BuildLiteBehavior [ RunTime:0.000000s ]
INFO: [ app_init ] --END-- [ RunTime:0.000000s ]
INFO: [ app_begin ] --START--
INFO: Run Behavior\ReadHtmlCacheBehavior [ RunTime:0.000000s ]
INFO: [ app_begin ] --END-- [ RunTime:0.001001s ]
INFO: [ action_begin ] --START--
NOTIC: [8] Undefined index: userModifyPage D:\Apache HTTP Server\x64\WebApp\AppErp\Web\Api\Behaviors\PurviewBehavior.class.php 第 52 行.
NOTIC: [8] Undefined index: userModifyPage D:\Apache HTTP Server\x64\WebApp\AppErp\Web\Api\Behaviors\PurviewBehavior.class.php 第 58 行.

[ 2017-07-06T15:01:31+08:00 ] 192.168.1.240 /api/aproxy/userModifyPage?tokenKey=9b102f07cfa13184ef5d88c82c543317
INFO: [ app_init ] --START--
INFO: Run Behavior\BuildLiteBehavior [ RunTime:0.000000s ]
INFO: [ app_init ] --END-- [ RunTime:0.000000s ]
INFO: [ app_begin ] --START--
INFO: Run Behavior\ReadHtmlCacheBehavior [ RunTime:0.001000s ]
INFO: [ app_begin ] --END-- [ RunTime:0.001000s ]
INFO: [ action_begin ] --START--
NOTIC: [8] Undefined index: userModifyPage D:\Apache HTTP Server\x64\WebApp\AppErp\Web\Api\Behaviors\PurviewBehavior.class.php 第 52 行.
NOTIC: [8] Undefined index: userModifyPage D:\Apache HTTP Server\x64\WebApp\AppErp\Web\Api\Behaviors\PurviewBehavior.class.php 第 58 行.

[ 2017-07-06T15:01:46+08:00 ] 192.168.1.240 /api/aproxy/userModifyPage?QxVersion=1.3&tokenKey=9b102f07cfa13184ef5d88c82c543317
INFO: [ app_init ] --START--
INFO: Run Behavior\BuildLiteBehavior [ RunTime:0.000000s ]
INFO: [ app_init ] --END-- [ RunTime:0.001000s ]
INFO: [ app_begin ] --START--
INFO: Run Behavior\ReadHtmlCacheBehavior [ RunTime:0.000000s ]
INFO: [ app_begin ] --END-- [ RunTime:0.001000s ]
INFO: [ action_begin ] --START--
NOTIC: [8] Undefined index: userModifyPage D:\Apache HTTP Server\x64\WebApp\AppErp\Web\Api\Behaviors\PurviewBehavior.class.php 第 52 行.
NOTIC: [8] Undefined index: userModifyPage D:\Apache HTTP Server\x64\WebApp\AppErp\Web\Api\Behaviors\PurviewBehavior.class.php 第 58 行.

[ 2017-07-06T15:01:48+08:00 ] 192.168.1.240 /api/aproxy/userModifyPage?QxVersion=1.3&tokenKey=9b102f07cfa13184ef5d88c82c543317
INFO: [ app_init ] --START--
INFO: Run Behavior\BuildLiteBehavior [ RunTime:0.000000s ]
INFO: [ app_init ] --END-- [ RunTime:0.001000s ]
INFO: [ app_begin ] --START--
INFO: Run Behavior\ReadHtmlCacheBehavior [ RunTime:0.000000s ]
INFO: [ app_begin ] --END-- [ RunTime:0.000000s ]
INFO: [ action_begin ] --START--
NOTIC: [8] Undefined index: userModifyPage D:\Apache HTTP Server\x64\WebApp\AppErp\Web\Api\Behaviors\PurviewBehavior.class.php 第 52 行.
NOTIC: [8] Undefined index: userModifyPage D:\Apache HTTP Server\x64\WebApp\AppErp\Web\Api\Behaviors\PurviewBehavior.class.php 第 58 行.

[ 2017-07-06T15:02:43+08:00 ] 192.168.1.240 /api/aproxy/api/aproxy/stoneList?QxVersion=1.3&cpage=1&tokenKey=9b102f07cfa13184ef5d88c82c543317
INFO: [ app_init ] --START--
INFO: Run Behavior\BuildLiteBehavior [ RunTime:0.000000s ]
INFO: [ app_init ] --END-- [ RunTime:0.000000s ]
INFO: [ app_begin ] --START--
INFO: Run Behavior\ReadHtmlCacheBehavior [ RunTime:0.000000s ]
INFO: [ app_begin ] --END-- [ RunTime:0.001000s ]
INFO: [ action_begin ] --START--
NOTIC: [8] Undefined index: api D:\Apache HTTP Server\x64\WebApp\AppErp\Web\Api\Behaviors\PurviewBehavior.class.php 第 52 行.
NOTIC: [8] Undefined index: api D:\Apache HTTP Server\x64\WebApp\AppErp\Web\Api\Behaviors\PurviewBehavior.class.php 第 58 行.
NOTIC: [8] Undefined index: api D:\Apache HTTP Server\x64\WebApp\AppErp\Web\Api\Behaviors\PurviewBehavior.class.php 第 64 行.
INFO: Run Api\Behaviors\PurviewBehavior [ RunTime:0.014001s ]
INFO: Run Admin\Behaviors\AdminPurviewBehavior [ RunTime:0.001000s ]
INFO: [ action_begin ] --END-- [ RunTime:0.015001s ]
ERR: 非法操作:api

[ 2017-07-06T15:02:51+08:00 ] 192.168.1.240 /api/aproxy/stoneList?QxVersion=1.3&cpage=1&tokenKey=9b102f07cfa13184ef5d88c82c543317
INFO: [ app_init ] --START--
INFO: Run Behavior\BuildLiteBehavior [ RunTime:0.000000s ]
INFO: [ app_init ] --END-- [ RunTime:0.000000s ]
INFO: [ app_begin ] --START--
INFO: Run Behavior\ReadHtmlCacheBehavior [ RunTime:0.000000s ]
INFO: [ app_begin ] --END-- [ RunTime:0.001001s ]
INFO: [ action_begin ] --START--
NOTIC: [8] Undefined index: Rejectordererpuser D:\Apache HTTP Server\x64\WebApp\AppErp\Web\Common\Common\Api\flow\UserCls\flow.UserCls.UserSessionManage.php 第 39 行.
NOTIC: [8] Undefined index: tokenKey D:\Apache HTTP Server\x64\WebApp\AppErp\Web\Common\Common\Api\flow\UserCls\flow.UserCls.UserSessionManage.php 第 60 行.
NOTIC: [8] Undefined index: id D:\Apache HTTP Server\x64\WebApp\AppErp\Web\Common\Common\Api\flow\UserCls\flow.UserCls.UserSessionManage.php 第 73 行.
NOTIC: [8] Undefined index: orderErpId D:\Apache HTTP Server\x64\WebApp\AppErp\Web\Common\Common\Api\flow\UserCls\flow.UserCls.UserSessionManage.php 第 80 行.
SQL: SHOW COLUMNS FROM `app_member` [ RunTime:0.0570s ]
SQL: SELECT `id`,`userName`,`tokenKey`,`orderErpId`,`salesErpId`,`phone` FROM `app_member` WHERE `tokenKey` = '9b102f07cfa13184ef5d88c82c543317'  [ RunTime:0.0080s ]
SQL: insert into app_user_active (member_id) VALUE (132) [ RunTime:0.0100s ]
INFO: Run Api\Behaviors\PurviewBehavior [ RunTime:0.173010s ]
INFO: Run Admin\Behaviors\AdminPurviewBehavior [ RunTime:0.001000s ]
INFO: [ action_begin ] --END-- [ RunTime:0.174010s ]
NOTIC: [2048] Non-static method Api\Controller\StoneController::stoneList() should not be called statically, assuming $this from incompatible context D:\Apache HTTP Server\x64\WebApp\AppErp\Web\Api\Controller\Aproxy\Controller.Aproxy.stone.php 第 16 行.
NOTIC: [8] Undefined variable: mywayPost_Var D:\Apache HTTP Server\x64\WebApp\AppErp\Web\Common\Common\PublicCode\FunctionCode.class.php 第 316 行.
NOTIC: [2] Invalid argument supplied for foreach() D:\Apache HTTP Server\x64\WebApp\AppErp\Web\Common\Common\PublicCode\FunctionCode.class.php 第 316 行.
NOTIC: [8] Undefined index: HTTP_REFERER D:\Apache HTTP Server\x64\WebApp\AppErp\Web\Common\Common\PublicCode\FunctionCode.class.php 第 320 行.

[ 2017-07-06T15:04:08+08:00 ] 192.168.1.240 /api/aproxy/stoneList?QxVersion=1.3&cpage=1&tokenKey=9b102f07cfa13184ef5d88c82c543317
INFO: [ app_init ] --START--
INFO: Run Behavior\BuildLiteBehavior [ RunTime:0.000000s ]
INFO: [ app_init ] --END-- [ RunTime:0.001000s ]
INFO: [ app_begin ] --START--
INFO: Run Behavior\ReadHtmlCacheBehavior [ RunTime:0.000000s ]
INFO: [ app_begin ] --END-- [ RunTime:0.001000s ]
INFO: [ action_begin ] --START--
NOTIC: [8] Undefined index: Rejectordererpuser D:\Apache HTTP Server\x64\WebApp\AppErp\Web\Common\Common\Api\flow\UserCls\flow.UserCls.UserSessionManage.php 第 39 行.
SQL: SHOW COLUMNS FROM `app_member` [ RunTime:0.0250s ]
SQL: SELECT `id`,`userName`,`tokenKey`,`orderErpId`,`salesErpId`,`phone` FROM `app_member` WHERE `tokenKey` = '9b102f07cfa13184ef5d88c82c543317'  [ RunTime:0.0150s ]
SQL: insert into app_user_active (member_id) VALUE (132) [ RunTime:0.0090s ]
INFO: Run Api\Behaviors\PurviewBehavior [ RunTime:0.378021s ]
INFO: Run Admin\Behaviors\AdminPurviewBehavior [ RunTime:0.001000s ]
INFO: [ action_begin ] --END-- [ RunTime:0.381021s ]
NOTIC: [2048] Non-static method Api\Controller\StoneController::stoneList() should not be called statically, assuming $this from incompatible context D:\Apache HTTP Server\x64\WebApp\AppErp\Web\Api\Controller\Aproxy\Controller.Aproxy.stone.php 第 16 行.
NOTIC: [8] Undefined variable: mywayPost_Var D:\Apache HTTP Server\x64\WebApp\AppErp\Web\Common\Common\PublicCode\FunctionCode.class.php 第 316 行.
NOTIC: [2] Invalid argument supplied for foreach() D:\Apache HTTP Server\x64\WebApp\AppErp\Web\Common\Common\PublicCode\FunctionCode.class.php 第 316 行.
NOTIC: [8] Undefined index: HTTP_REFERER D:\Apache HTTP Server\x64\WebApp\AppErp\Web\Common\Common\PublicCode\FunctionCode.class.php 第 320 行.

[ 2017-07-06T15:10:09+08:00 ] 192.168.1.240 /api/aproxy/api/aproxy/stoneList?QxVersion=1.3&cpage=1&tokenKey=9b102f07cfa13184ef5d88c82c543317
INFO: [ app_init ] --START--
INFO: Run Behavior\BuildLiteBehavior [ RunTime:0.000000s ]
INFO: [ app_init ] --END-- [ RunTime:0.001000s ]
INFO: [ app_begin ] --START--
INFO: Run Behavior\ReadHtmlCacheBehavior [ RunTime:0.000000s ]
INFO: [ app_begin ] --END-- [ RunTime:0.000000s ]
INFO: [ action_begin ] --START--
NOTIC: [8] Undefined index: api D:\Apache HTTP Server\x64\WebApp\AppErp\Web\Api\Behaviors\PurviewBehavior.class.php 第 52 行.
NOTIC: [8] Undefined index: api D:\Apache HTTP Server\x64\WebApp\AppErp\Web\Api\Behaviors\PurviewBehavior.class.php 第 58 行.
NOTIC: [8] Undefined index: api D:\Apache HTTP Server\x64\WebApp\AppErp\Web\Api\Behaviors\PurviewBehavior.class.php 第 64 行.
INFO: Run Api\Behaviors\PurviewBehavior [ RunTime:0.002000s ]
INFO: Run Admin\Behaviors\AdminPurviewBehavior [ RunTime:0.000000s ]
INFO: [ action_begin ] --END-- [ RunTime:0.002000s ]
ERR: 非法操作:api

[ 2017-07-06T15:10:14+08:00 ] 192.168.1.240 /api/aproxy/userModifyPage?QxVersion=1.3&tokenKey=9b102f07cfa13184ef5d88c82c543317
INFO: [ app_init ] --START--
INFO: Run Behavior\BuildLiteBehavior [ RunTime:0.000000s ]
INFO: [ app_init ] --END-- [ RunTime:0.001000s ]
INFO: [ app_begin ] --START--
INFO: Run Behavior\ReadHtmlCacheBehavior [ RunTime:0.001000s ]
INFO: [ app_begin ] --END-- [ RunTime:0.002000s ]
INFO: [ action_begin ] --START--
NOTIC: [8] Undefined index: userModifyPage D:\Apache HTTP Server\x64\WebApp\AppErp\Web\Api\Behaviors\PurviewBehavior.class.php 第 52 行.
NOTIC: [8] Undefined index: userModifyPage D:\Apache HTTP Server\x64\WebApp\AppErp\Web\Api\Behaviors\PurviewBehavior.class.php 第 58 行.
SQL: SHOW COLUMNS FROM `app_member` [ RunTime:0.2210s ]
SQL: SELECT `id`,`userName`,`tokenKey`,`orderErpId`,`salesErpId`,`phone` FROM `app_member` WHERE `tokenKey` = '9b102f07cfa13184ef5d88c82c543317'  [ RunTime:0.0110s ]
SQL: insert into app_user_active (member_id) VALUE (132) [ RunTime:0.0460s ]
INFO: Run Api\Behaviors\PurviewBehavior [ RunTime:0.347020s ]
INFO: Run Admin\Behaviors\AdminPurviewBehavior [ RunTime:0.001000s ]
INFO: [ action_begin ] --END-- [ RunTime:0.348020s ]
NOTIC: [2048] Non-static method Api\Controller\UserController::userModifyPage() should not be called statically, assuming $this from incompatible context D:\Apache HTTP Server\x64\WebApp\AppErp\Web\Api\Controller\Aproxy\Controller.Aproxy.UserProxy.php 第 95 行.
SQL: SHOW COLUMNS FROM `app_member_address` [ RunTime:0.8410s ]
SQL: SELECT `id`,`name`,`province_id`,`city_id`,`area_id`,`phone`,`addr` FROM `app_member_address` WHERE `member_id` = 132 ORDER BY `isDefaultDate` desc,`id` desc LIMIT 1   [ RunTime:0.7840s ]
SQL: SELECT `userName`,`headPic`,`phone`,`trueName`,`modelAddtion`,`stoneAddtion`,`IsMasterAccount` FROM `app_member` WHERE `tokenKey` = '9b102f07cfa13184ef5d88c82c543317'  [ RunTime:0.4030s ]
NOTIC: [8] Undefined index: HTTPS D:\Apache HTTP Server\x64\WebApp\AppErp\Web\Common\Common\PublicCode\FunctionCode.class.php 第 335 行.
SQL: SELECT `SetFunction` FROM `app_member` WHERE ( tokenKey='9b102f07cfa13184ef5d88c82c543317' ) LIMIT 1   [ RunTime:0.2650s ]
SQL: SELECT `id`,`stoneAddtion` FROM `app_member` WHERE ( (IsMasterAccount=1 and id=132) or myMasterAccountMId=132 ) ORDER BY id desc  [ RunTime:0.0370s ]
SQL: SELECT `id`,`stoneAddtion` FROM `app_member` WHERE ( (IsMasterAccount=1 and id=132) or myMasterAccountMId=132 ) ORDER BY id desc  [ RunTime:0.1690s ]
SQL: SELECT `id`,`stoneAddtion` FROM `app_member` WHERE ( (IsMasterAccount=1 and id=132) or myMasterAccountMId=132 ) ORDER BY id desc  [ RunTime:0.0070s ]
SQL: SELECT `id`,`stoneAddtion` FROM `app_member` WHERE ( (IsMasterAccount=1 and id=132) or myMasterAccountMId=132 ) ORDER BY id desc  [ RunTime:0.0240s ]
SQL: SELECT `id`,`stoneAddtion` FROM `app_member` WHERE ( (IsMasterAccount=1 and id=132) or myMasterAccountMId=132 ) ORDER BY id desc  [ RunTime:0.0090s ]
SQL: SELECT `id`,`stoneAddtion` FROM `app_member` WHERE ( (IsMasterAccount=1 and id=132) or myMasterAccountMId=132 ) ORDER BY id desc  [ RunTime:0.0110s ]
SQL: SELECT `id`,`modelAddtion` FROM `app_member` WHERE ( (IsMasterAccount=1 and id=132) or myMasterAccountMId=132 ) ORDER BY id desc  [ RunTime:0.0100s ]
INFO: [ app_end ] --START--
INFO: Run Behavior\ShowPageTraceBehavior [ RunTime:0.001000s ]
INFO: [ app_end ] --END-- [ RunTime:0.002000s ]

[ 2017-07-06T15:10:24+08:00 ] 192.168.1.240 /api/aproxy/userModifyPage?QxVersion=1.3&tokenKey=9b102f07cfa13184ef5d88c82c543317
INFO: [ app_init ] --START--
INFO: Run Behavior\BuildLiteBehavior [ RunTime:0.000000s ]
INFO: [ app_init ] --END-- [ RunTime:0.000000s ]
INFO: [ app_begin ] --START--
INFO: Run Behavior\ReadHtmlCacheBehavior [ RunTime:0.001000s ]
INFO: [ app_begin ] --END-- [ RunTime:0.001000s ]
INFO: [ action_begin ] --START--
NOTIC: [8] Undefined index: userModifyPage D:\Apache HTTP Server\x64\WebApp\AppErp\Web\Api\Behaviors\PurviewBehavior.class.php 第 52 行.
NOTIC: [8] Undefined index: userModifyPage D:\Apache HTTP Server\x64\WebApp\AppErp\Web\Api\Behaviors\PurviewBehavior.class.php 第 58 行.
NOTIC: [8] Undefined index: Rejectanyuser D:\Apache HTTP Server\x64\WebApp\AppErp\Web\Common\Common\Api\flow\UserCls\flow.UserCls.UserSessionManage.php 第 39 行.
INFO: Run Api\Behaviors\PurviewBehavior [ RunTime:0.003000s ]
INFO: Run Admin\Behaviors\AdminPurviewBehavior [ RunTime:0.001000s ]
INFO: [ action_begin ] --END-- [ RunTime:0.004000s ]
NOTIC: [2048] Non-static method Api\Controller\UserController::userModifyPage() should not be called statically, assuming $this from incompatible context D:\Apache HTTP Server\x64\WebApp\AppErp\Web\Api\Controller\Aproxy\Controller.Aproxy.UserProxy.php 第 95 行.
SQL: SHOW COLUMNS FROM `app_member_address` [ RunTime:0.4870s ]
SQL: SELECT `id`,`name`,`province_id`,`city_id`,`area_id`,`phone`,`addr` FROM `app_member_address` WHERE `member_id` = 132 ORDER BY `isDefaultDate` desc,`id` desc LIMIT 1   [ RunTime:0.0440s ]
SQL: SHOW COLUMNS FROM `app_member` [ RunTime:0.1510s ]
SQL: SELECT `userName`,`headPic`,`phone`,`trueName`,`modelAddtion`,`stoneAddtion`,`IsMasterAccount` FROM `app_member` WHERE `tokenKey` = '9b102f07cfa13184ef5d88c82c543317'  [ RunTime:0.1910s ]
NOTIC: [8] Undefined index: HTTPS D:\Apache HTTP Server\x64\WebApp\AppErp\Web\Common\Common\PublicCode\FunctionCode.class.php 第 335 行.
SQL: SELECT `SetFunction` FROM `app_member` WHERE ( tokenKey='9b102f07cfa13184ef5d88c82c543317' ) LIMIT 1   [ RunTime:0.0140s ]
SQL: SELECT `id`,`stoneAddtion` FROM `app_member` WHERE ( (IsMasterAccount=1 and id=132) or myMasterAccountMId=132 ) ORDER BY id desc  [ RunTime:0.1140s ]
SQL: SELECT `id`,`stoneAddtion` FROM `app_member` WHERE ( (IsMasterAccount=1 and id=132) or myMasterAccountMId=132 ) ORDER BY id desc  [ RunTime:0.1070s ]
SQL: SELECT `id`,`stoneAddtion` FROM `app_member` WHERE ( (IsMasterAccount=1 and id=132) or myMasterAccountMId=132 ) ORDER BY id desc  [ RunTime:0.0300s ]
SQL: SELECT `id`,`stoneAddtion` FROM `app_member` WHERE ( (IsMasterAccount=1 and id=132) or myMasterAccountMId=132 ) ORDER BY id desc  [ RunTime:0.0090s ]
SQL: SELECT `id`,`stoneAddtion` FROM `app_member` WHERE ( (IsMasterAccount=1 and id=132) or myMasterAccountMId=132 ) ORDER BY id desc  [ RunTime:0.0110s ]
SQL: SELECT `id`,`stoneAddtion` FROM `app_member` WHERE ( (IsMasterAccount=1 and id=132) or myMasterAccountMId=132 ) ORDER BY id desc  [ RunTime:0.0110s ]
INFO: [ app_end ] --START--
INFO: Run Behavior\ShowPageTraceBehavior [ RunTime:0.001000s ]
INFO: [ app_end ] --END-- [ RunTime:0.002000s ]

[ 2017-07-06T15:12:10+08:00 ] 192.168.1.240 /api/aproxy/userModifyPage?QxVersion=1.3&tokenKey=9b102f07cfa13184ef5d88c82c543317
INFO: [ app_init ] --START--
INFO: Run Behavior\BuildLiteBehavior [ RunTime:0.000000s ]
INFO: [ app_init ] --END-- [ RunTime:0.001000s ]
INFO: [ app_begin ] --START--
INFO: Run Behavior\ReadHtmlCacheBehavior [ RunTime:0.000000s ]
INFO: [ app_begin ] --END-- [ RunTime:0.000000s ]
INFO: [ action_begin ] --START--
NOTIC: [8] Undefined index: userModifyPage D:\Apache HTTP Server\x64\WebApp\AppErp\Web\Api\Behaviors\PurviewBehavior.class.php 第 52 行.
NOTIC: [8] Undefined index: userModifyPage D:\Apache HTTP Server\x64\WebApp\AppErp\Web\Api\Behaviors\PurviewBehavior.class.php 第 58 行.
NOTIC: [8] Undefined index: Rejectanyuser D:\Apache HTTP Server\x64\WebApp\AppErp\Web\Common\Common\Api\flow\UserCls\flow.UserCls.UserSessionManage.php 第 39 行.
INFO: Run Api\Behaviors\PurviewBehavior [ RunTime:0.003000s ]
INFO: Run Admin\Behaviors\AdminPurviewBehavior [ RunTime:0.000000s ]
INFO: [ action_begin ] --END-- [ RunTime:0.004000s ]
NOTIC: [2048] Non-static method Api\Controller\UserController::userModifyPage() should not be called statically, assuming $this from incompatible context D:\Apache HTTP Server\x64\WebApp\AppErp\Web\Api\Controller\Aproxy\Controller.Aproxy.UserProxy.php 第 95 行.
SQL: SHOW COLUMNS FROM `app_member_address` [ RunTime:0.0400s ]
SQL: SELECT `id`,`name`,`province_id`,`city_id`,`area_id`,`phone`,`addr` FROM `app_member_address` WHERE `member_id` = 132 ORDER BY `isDefaultDate` desc,`id` desc LIMIT 1   [ RunTime:0.0090s ]
SQL: SHOW COLUMNS FROM `app_member` [ RunTime:0.0380s ]
SQL: SELECT `userName`,`headPic`,`phone`,`trueName`,`modelAddtion`,`stoneAddtion`,`IsMasterAccount` FROM `app_member` WHERE `tokenKey` = '9b102f07cfa13184ef5d88c82c543317'  [ RunTime:0.0080s ]
NOTIC: [8] Undefined index: HTTPS D:\Apache HTTP Server\x64\WebApp\AppErp\Web\Common\Common\PublicCode\FunctionCode.class.php 第 335 行.
SQL: SELECT `SetFunction` FROM `app_member` WHERE ( tokenKey='9b102f07cfa13184ef5d88c82c543317' ) LIMIT 1   [ RunTime:0.0150s ]
SQL: SELECT `id`,`stoneAddtion` FROM `app_member` WHERE ( (IsMasterAccount=1 and id=132) or myMasterAccountMId=132 ) ORDER BY id desc  [ RunTime:0.0420s ]
SQL: SELECT `id`,`stoneAddtion` FROM `app_member` WHERE ( (IsMasterAccount=1 and id=132) or myMasterAccountMId=132 ) ORDER BY id desc  [ RunTime:0.0090s ]
SQL: SELECT `id`,`stoneAddtion` FROM `app_member` WHERE ( (IsMasterAccount=1 and id=132) or myMasterAccountMId=132 ) ORDER BY id desc  [ RunTime:0.0090s ]
SQL: SELECT `id`,`stoneAddtion` FROM `app_member` WHERE ( (IsMasterAccount=1 and id=132) or myMasterAccountMId=132 ) ORDER BY id desc  [ RunTime:0.0910s ]
SQL: SELECT `id`,`stoneAddtion` FROM `app_member` WHERE ( (IsMasterAccount=1 and id=132) or myMasterAccountMId=132 ) ORDER BY id desc  [ RunTime:0.1040s ]
SQL: SELECT `id`,`stoneAddtion` FROM `app_member` WHERE ( (IsMasterAccount=1 and id=132) or myMasterAccountMId=132 ) ORDER BY id desc  [ RunTime:0.0250s ]
INFO: [ app_end ] --START--
INFO: Run Behavior\ShowPageTraceBehavior [ RunTime:0.001000s ]
INFO: [ app_end ] --END-- [ RunTime:0.001000s ]

[ 2017-07-06T15:14:52+08:00 ] 192.168.1.240 /api/aproxy/userModifyPage?QxVersion=1.3&tokenKey=9b102f07cfa13184ef5d88c82c543317
INFO: [ app_init ] --START--
INFO: Run Behavior\BuildLiteBehavior [ RunTime:0.001000s ]
INFO: [ app_init ] --END-- [ RunTime:0.001000s ]
INFO: [ app_begin ] --START--
INFO: Run Behavior\ReadHtmlCacheBehavior [ RunTime:0.000000s ]
INFO: [ app_begin ] --END-- [ RunTime:0.000000s ]
INFO: [ action_begin ] --START--
NOTIC: [8] Undefined index: userModifyPage D:\Apache HTTP Server\x64\WebApp\AppErp\Web\Api\Behaviors\PurviewBehavior.class.php 第 52 行.
NOTIC: [8] Undefined index: userModifyPage D:\Apache HTTP Server\x64\WebApp\AppErp\Web\Api\Behaviors\PurviewBehavior.class.php 第 58 行.
SQL: SHOW COLUMNS FROM `app_member` [ RunTime:0.4660s ]
SQL: SELECT `id`,`userName`,`tokenKey`,`orderErpId`,`salesErpId`,`phone` FROM `app_member` WHERE `tokenKey` = '9b102f07cfa13184ef5d88c82c543317'  [ RunTime:0.0180s ]
SQL: insert into app_user_active (member_id) VALUE (132) [ RunTime:0.0450s ]
INFO: Run Api\Behaviors\PurviewBehavior [ RunTime:0.942054s ]
INFO: Run Admin\Behaviors\AdminPurviewBehavior [ RunTime:0.002000s ]
INFO: [ action_begin ] --END-- [ RunTime:0.946054s ]
NOTIC: [2048] Non-static method Api\Controller\UserController::userModifyPage() should not be called statically, assuming $this from incompatible context D:\Apache HTTP Server\x64\WebApp\AppErp\Web\Api\Controller\Aproxy\Controller.Aproxy.UserProxy.php 第 95 行.
SQL: SHOW COLUMNS FROM `app_member_address` [ RunTime:0.0180s ]
SQL: SELECT `id`,`name`,`province_id`,`city_id`,`area_id`,`phone`,`addr` FROM `app_member_address` WHERE `member_id` = 132 ORDER BY `isDefaultDate` desc,`id` desc LIMIT 1   [ RunTime:0.2930s ]
SQL: SELECT `userName`,`headPic`,`phone`,`trueName`,`modelAddtion`,`stoneAddtion`,`IsMasterAccount` FROM `app_member` WHERE `tokenKey` = '9b102f07cfa13184ef5d88c82c543317'  [ RunTime:0.0080s ]
NOTIC: [8] Undefined index: HTTPS D:\Apache HTTP Server\x64\WebApp\AppErp\Web\Common\Common\PublicCode\FunctionCode.class.php 第 335 行.
SQL: SELECT `SetFunction` FROM `app_member` WHERE ( tokenKey='9b102f07cfa13184ef5d88c82c543317' ) LIMIT 1   [ RunTime:0.1120s ]
SQL: SELECT `id`,`stoneAddtion` FROM `app_member` WHERE ( (IsMasterAccount=1 and id=132) or myMasterAccountMId=132 ) ORDER BY id desc  [ RunTime:0.0270s ]
SQL: SELECT `id`,`stoneAddtion` FROM `app_member` WHERE ( (IsMasterAccount=1 and id=132) or myMasterAccountMId=132 ) ORDER BY id desc  [ RunTime:0.1320s ]
SQL: SELECT `id`,`stoneAddtion` FROM `app_member` WHERE ( (IsMasterAccount=1 and id=132) or myMasterAccountMId=132 ) ORDER BY id desc  [ RunTime:0.1020s ]
SQL: SELECT `id`,`modelAddtion` FROM `app_member` WHERE ( (IsMasterAccount=1 and id=132) or myMasterAccountMId=132 ) ORDER BY id desc  [ RunTime:0.0250s ]
INFO: [ app_end ] --START--
INFO: Run Behavior\ShowPageTraceBehavior [ RunTime:0.001000s ]
INFO: [ app_end ] --END-- [ RunTime:0.001000s ]

[ 2017-07-06T15:15:41+08:00 ] 192.168.1.240 /api/aproxy/userModifyPage?QxVersion=1.3&tokenKey=9b102f07cfa13184ef5d88c82c543317
INFO: [ app_init ] --START--
INFO: Run Behavior\BuildLiteBehavior [ RunTime:0.000000s ]
INFO: [ app_init ] --END-- [ RunTime:0.002000s ]
INFO: [ app_begin ] --START--
INFO: Run Behavior\ReadHtmlCacheBehavior [ RunTime:0.000000s ]
INFO: [ app_begin ] --END-- [ RunTime:0.002000s ]
INFO: [ action_begin ] --START--
NOTIC: [8] Undefined index: userModifyPage D:\Apache HTTP Server\x64\WebApp\AppErp\Web\Api\Behaviors\PurviewBehavior.class.php 第 52 行.
NOTIC: [8] Undefined index: userModifyPage D:\Apache HTTP Server\x64\WebApp\AppErp\Web\Api\Behaviors\PurviewBehavior.class.php 第 58 行.
NOTIC: [8] Undefined index: Rejectanyuser D:\Apache HTTP Server\x64\WebApp\AppErp\Web\Common\Common\Api\flow\UserCls\flow.UserCls.UserSessionManage.php 第 39 行.
INFO: Run Api\Behaviors\PurviewBehavior [ RunTime:0.008001s ]
INFO: Run Admin\Behaviors\AdminPurviewBehavior [ RunTime:0.001000s ]
INFO: [ action_begin ] --END-- [ RunTime:0.010001s ]
NOTIC: [2048] Non-static method Api\Controller\UserController::userModifyPage() should not be called statically, assuming $this from incompatible context D:\Apache HTTP Server\x64\WebApp\AppErp\Web\Api\Controller\Aproxy\Controller.Aproxy.UserProxy.php 第 95 行.
SQL: SHOW COLUMNS FROM `app_member_address` [ RunTime:0.1390s ]
SQL: SELECT `id`,`name`,`province_id`,`city_id`,`area_id`,`phone`,`addr` FROM `app_member_address` WHERE `member_id` = 132 ORDER BY `isDefaultDate` desc,`id` desc LIMIT 1   [ RunTime:0.9591s ]
SQL: SHOW COLUMNS FROM `app_member` [ RunTime:0.6670s ]
SQL: SELECT `userName`,`headPic`,`phone`,`trueName`,`modelAddtion`,`stoneAddtion`,`IsMasterAccount` FROM `app_member` WHERE `tokenKey` = '9b102f07cfa13184ef5d88c82c543317'  [ RunTime:0.0420s ]
NOTIC: [8] Undefined index: HTTPS D:\Apache HTTP Server\x64\WebApp\AppErp\Web\Common\Common\PublicCode\FunctionCode.class.php 第 335 行.
SQL: SELECT `SetFunction` FROM `app_member` WHERE ( tokenKey='9b102f07cfa13184ef5d88c82c543317' ) LIMIT 1   [ RunTime:0.0170s ]
SQL: SELECT `id`,`stoneAddtion` FROM `app_member` WHERE ( (IsMasterAccount=1 and id=132) or myMasterAccountMId=132 ) ORDER BY id desc  [ RunTime:0.2790s ]
SQL: SELECT `id`,`stoneAddtion` FROM `app_member` WHERE ( (IsMasterAccount=1 and id=132) or myMasterAccountMId=132 ) ORDER BY id desc  [ RunTime:0.1690s ]
SQL: SELECT `id`,`stoneAddtion` FROM `app_member` WHERE ( (IsMasterAccount=1 and id=132) or myMasterAccountMId=132 ) ORDER BY id desc  [ RunTime:1.3711s ]
SQL: SELECT `id`,`modelAddtion` FROM `app_member` WHERE ( (IsMasterAccount=1 and id=132) or myMasterAccountMId=132 ) ORDER BY id desc  [ RunTime:0.1000s ]
INFO: [ app_end ] --START--
INFO: Run Behavior\ShowPageTraceBehavior [ RunTime:0.000000s ]
INFO: [ app_end ] --END-- [ RunTime:0.002000s ]

[ 2017-07-06T15:16:18+08:00 ] 192.168.1.240 /api/aproxy/userModifyPage?QxVersion=1.3&tokenKey=9b102f07cfa13184ef5d88c82c543317
INFO: [ app_init ] --START--
INFO: Run Behavior\BuildLiteBehavior [ RunTime:0.000000s ]
INFO: [ app_init ] --END-- [ RunTime:0.001000s ]
INFO: [ app_begin ] --START--
INFO: Run Behavior\ReadHtmlCacheBehavior [ RunTime:0.000000s ]
INFO: [ app_begin ] --END-- [ RunTime:0.001000s ]
INFO: [ action_begin ] --START--
NOTIC: [8] Undefined index: userModifyPage D:\Apache HTTP Server\x64\WebApp\AppErp\Web\Api\Behaviors\PurviewBehavior.class.php 第 52 行.
NOTIC: [8] Undefined index: userModifyPage D:\Apache HTTP Server\x64\WebApp\AppErp\Web\Api\Behaviors\PurviewBehavior.class.php 第 58 行.
NOTIC: [8] Undefined index: Rejectanyuser D:\Apache HTTP Server\x64\WebApp\AppErp\Web\Common\Common\Api\flow\UserCls\flow.UserCls.UserSessionManage.php 第 39 行.
INFO: Run Api\Behaviors\PurviewBehavior [ RunTime:0.004000s ]
INFO: Run Admin\Behaviors\AdminPurviewBehavior [ RunTime:0.000000s ]
INFO: [ action_begin ] --END-- [ RunTime:0.005000s ]
NOTIC: [2048] Non-static method Api\Controller\UserController::userModifyPage() should not be called statically, assuming $this from incompatible context D:\Apache HTTP Server\x64\WebApp\AppErp\Web\Api\Controller\Aproxy\Controller.Aproxy.UserProxy.php 第 95 行.
SQL: SHOW COLUMNS FROM `app_member_address` [ RunTime:0.2520s ]
SQL: SELECT `id`,`name`,`province_id`,`city_id`,`area_id`,`phone`,`addr` FROM `app_member_address` WHERE `member_id` = 132 ORDER BY `isDefaultDate` desc,`id` desc LIMIT 1   [ RunTime:0.2220s ]
SQL: SHOW COLUMNS FROM `app_member` [ RunTime:0.0250s ]
SQL: SELECT `userName`,`headPic`,`phone`,`trueName`,`modelAddtion`,`stoneAddtion`,`IsMasterAccount` FROM `app_member` WHERE `tokenKey` = '9b102f07cfa13184ef5d88c82c543317'  [ RunTime:0.1220s ]
NOTIC: [8] Undefined index: HTTPS D:\Apache HTTP Server\x64\WebApp\AppErp\Web\Common\Common\PublicCode\FunctionCode.class.php 第 335 行.
SQL: SELECT `SetFunction` FROM `app_member` WHERE ( tokenKey='9b102f07cfa13184ef5d88c82c543317' ) LIMIT 1   [ RunTime:0.0270s ]
SQL: SELECT `id`,`stoneAddtion` FROM `app_member` WHERE ( (IsMasterAccount=1 and id=132) or myMasterAccountMId=132 ) ORDER BY id desc  [ RunTime:0.3810s ]
SQL: SELECT `id`,`stoneAddtion` FROM `app_member` WHERE ( (IsMasterAccount=1 and id=132) or myMasterAccountMId=132 ) ORDER BY id desc  [ RunTime:0.0240s ]
SQL: SELECT `id`,`stoneAddtion` FROM `app_member` WHERE ( (IsMasterAccount=1 and id=132) or myMasterAccountMId=132 ) ORDER BY id desc  [ RunTime:0.0320s ]
SQL: SELECT `id`,`modelAddtion` FROM `app_member` WHERE ( (IsMasterAccount=1 and id=132) or myMasterAccountMId=132 ) ORDER BY id desc  [ RunTime:0.0370s ]
INFO: [ app_end ] --START--
INFO: Run Behavior\ShowPageTraceBehavior [ RunTime:0.001000s ]
INFO: [ app_end ] --END-- [ RunTime:0.002000s ]

[ 2017-07-06T15:34:39+08:00 ] 192.168.1.240 /api/aproxy/modelListPage?QxVersion=1.3&tokenKey=9b102f07cfa13184ef5d88c82c543317
INFO: [ app_init ] --START--
INFO: Run Behavior\BuildLiteBehavior [ RunTime:0.000000s ]
INFO: [ app_init ] --END-- [ RunTime:0.001000s ]
INFO: [ app_begin ] --START--
INFO: Run Behavior\ReadHtmlCacheBehavior [ RunTime:0.000000s ]
INFO: [ app_begin ] --END-- [ RunTime:0.000000s ]
INFO: [ action_begin ] --START--
SQL: SHOW COLUMNS FROM `app_member` [ RunTime:0.0070s ]
SQL: SELECT `id`,`userName`,`tokenKey`,`orderErpId`,`salesErpId`,`phone` FROM `app_member` WHERE `tokenKey` = '9b102f07cfa13184ef5d88c82c543317'  [ RunTime:0.0060s ]
SQL: insert into app_user_active (member_id) VALUE (132) [ RunTime:0.0080s ]
INFO: Run Api\Behaviors\PurviewBehavior [ RunTime:0.067004s ]
INFO: Run Admin\Behaviors\AdminPurviewBehavior [ RunTime:0.002000s ]
INFO: [ action_begin ] --END-- [ RunTime:0.069004s ]
NOTIC: [2048] Non-static method Api\Controller\ModelController::modelListPage() should not be called statically, assuming $this from incompatible context D:\Apache HTTP Server\x64\WebApp\AppErp\Web\Api\Controller\Aproxy\Controller.Aproxy.ModelProxy.php 第 14 行.

[ 2017-07-06T15:48:18+08:00 ] 192.168.1.240 /api/aproxy/modelListPage?QxVersion=1.3&tokenKey=9b102f07cfa13184ef5d88c82c543317
INFO: [ app_init ] --START--
INFO: Run Behavior\BuildLiteBehavior [ RunTime:0.000000s ]
INFO: [ app_init ] --END-- [ RunTime:0.000000s ]
INFO: [ app_begin ] --START--
INFO: Run Behavior\ReadHtmlCacheBehavior [ RunTime:0.000000s ]
INFO: [ app_begin ] --END-- [ RunTime:0.001000s ]
INFO: [ action_begin ] --START--
SQL: SHOW COLUMNS FROM `app_member` [ RunTime:0.0060s ]
SQL: SELECT `id`,`userName`,`tokenKey`,`orderErpId`,`salesErpId`,`phone` FROM `app_member` WHERE `tokenKey` = '9b102f07cfa13184ef5d88c82c543317'  [ RunTime:0.0050s ]
SQL: insert into app_user_active (member_id) VALUE (132) [ RunTime:0.0080s ]
INFO: Run Api\Behaviors\PurviewBehavior [ RunTime:0.058004s ]
INFO: Run Admin\Behaviors\AdminPurviewBehavior [ RunTime:0.001000s ]
INFO: [ action_begin ] --END-- [ RunTime:0.059004s ]
NOTIC: [2048] Non-static method Api\Controller\ModelController::modelListPage() should not be called statically, assuming $this from incompatible context D:\Apache HTTP Server\x64\WebApp\AppErp\Web\Api\Controller\Aproxy\Controller.Aproxy.ModelProxy.php 第 14 行.
SQL: SELECT `id`,`stoneAddtion` FROM `app_member` WHERE ( (IsMasterAccount=1 and id=132) or myMasterAccountMId=132 ) ORDER BY id desc  [ RunTime:0.0060s ]
SQL: SELECT `id`,`stoneAddtion` FROM `app_member` WHERE ( (IsMasterAccount=1 and id=132) or myMasterAccountMId=132 ) ORDER BY id desc  [ RunTime:0.0050s ]
SQL: SELECT `id`,`modelAddtion` FROM `app_member` WHERE ( (IsMasterAccount=1 and id=132) or myMasterAccountMId=132 ) ORDER BY id desc  [ RunTime:0.0050s ]
SQL: SELECT id,name as title,FORMAT(ifnull(price,0),2)*1.11 as price,CONCAT('http://124.172.169.117:9888/',pic) as pic FROM app_model_product c  order by priorSort desc,updateDateforSort desc,id desc limit 0,12 [ RunTime:0.0050s ]
NOTIC: [8] Undefined index: Rejectordererpuser D:\Apache HTTP Server\x64\WebApp\AppErp\Web\Common\Common\Api\flow\UserCls\flow.UserCls.UserSessionManage.php 第 39 行.
SQL: SELECT `id`,`userName`,`tokenKey`,`orderErpId`,`salesErpId`,`phone` FROM `app_member` WHERE `tokenKey` = '9b102f07cfa13184ef5d88c82c543317'  [ RunTime:0.0040s ]
SQL: SELECT count(*) as cou FROM app_model_product c  [ RunTime:0.0040s ]
SQL: SHOW COLUMNS FROM `app_model_category` [ RunTime:0.0050s ]
SQL: SELECT `id`,name as title,`sort` FROM `app_model_category` WHERE `model_category_id` = 0 AND `group` = 'filter' ORDER BY `sort` asc  [ RunTime:0.0050s ]
SQL: SELECT `id`,name as title,id as  'value','category' as 'groupKey',0 as isSelect FROM `app_model_category` WHERE `model_category_id` = 179  [ RunTime:0.0040s ]
SQL: SHOW COLUMNS FROM `app_model_category` [ RunTime:0.0060s ]
SQL: SELECT `id`,name as title FROM app_model_category aa WHERE ( exists (select * from app_model_category a where aa.model_category_id = a.id and sign='custom') )  [ RunTime:0.0050s ]
SQL: SELECT
                    count(*) as cou
                FROM
                    app_model_main_order_current_detail a
                WHERE
                    EXISTS (
                        SELECT
                            *
                        FROM
                            app_model_product
                        WHERE
                            id = a.model_product_id
                    )
                 AND orderStatus =0  AND member_id=132 [ RunTime:0.0060s ]
SQL: SELECT `SetFunction` FROM `app_member` WHERE ( tokenKey='9b102f07cfa13184ef5d88c82c543317' ) LIMIT 1   [ RunTime:0.0050s ]
INFO: [ app_end ] --START--
INFO: Run Behavior\ShowPageTraceBehavior [ RunTime:0.000000s ]
INFO: [ app_end ] --END-- [ RunTime:0.000000s ]

