[ 2017-08-02T15:48:25+08:00 ] 192.168.1.240 /api/Aproxy/modelListPage?QxVersion=1.5&category=18%7C33&cpage=1&tokenKey=91da3aa50e35609023c0dac46c850376
INFO: [ app_init ] --START--
INFO: Run Behavior\BuildLiteBehavior [ RunTime:0.000000s ]
INFO: [ app_init ] --END-- [ RunTime:0.005000s ]
INFO: [ app_begin ] --START--
INFO: Run Behavior\ReadHtmlCacheBehavior [ RunTime:0.002000s ]
INFO: [ app_begin ] --END-- [ RunTime:0.003000s ]
INFO: [ action_begin ] --START--
SQL: SHOW COLUMNS FROM `app_member` [ RunTime:0.0050s ]
SQL: SELECT `id`,`userName`,`tokenKey`,`orderErpId`,`salesErpId`,`phone` FROM `app_member` WHERE `tokenKey` = '91da3aa50e35609023c0dac46c850376'  [ RunTime:0.0040s ]
NOTIC: [8] Undefined offset: 0 D:\Apache HTTP Server\x64\WebApp\AppErp\Web\Common\Common\Api\flow\UserCls\UserPurview\flow.UserCls.UserPurview.UserPurviewCode.php 第 14 行.
NOTIC: [8] Undefined offset: 0 D:\Apache HTTP Server\x64\WebApp\AppErp\Web\Common\Common\Api\flow\UserCls\UserPurview\flow.UserCls.UserPurview.UserPurviewCode.php 第 15 行.
NOTIC: [8] Undefined offset: 0 D:\Apache HTTP Server\x64\WebApp\AppErp\Web\Common\Common\Api\flow\UserCls\UserPurview\flow.UserCls.UserPurview.UserPurviewCode.php 第 16 行.
NOTIC: [8] Undefined offset: 0 D:\Apache HTTP Server\x64\WebApp\AppErp\Web\Common\Common\Api\flow\UserCls\UserPurview\flow.UserCls.UserPurview.UserPurviewCode.php 第 17 行.
NOTIC: [8] Undefined offset: 0 D:\Apache HTTP Server\x64\WebApp\AppErp\Web\Common\Common\Api\flow\UserCls\UserPurview\flow.UserCls.UserPurview.UserPurviewCode.php 第 18 行.

[ 2017-08-02T15:48:49+08:00 ] 192.168.1.240 /api/Aproxy/modelListPage?QxVersion=1.5&category=18%7C33&cpage=1&tokenKey=91da3aa50e35609023c0dac46c850376
INFO: [ app_init ] --START--
INFO: Run Behavior\BuildLiteBehavior [ RunTime:0.000000s ]
INFO: [ app_init ] --END-- [ RunTime:0.000000s ]
INFO: [ app_begin ] --START--
INFO: Run Behavior\ReadHtmlCacheBehavior [ RunTime:0.001000s ]
INFO: [ app_begin ] --END-- [ RunTime:0.001000s ]
INFO: [ action_begin ] --START--

[ 2017-08-02T15:48:53+08:00 ] 192.168.1.240 /api/Aproxy/modelListPage?QxVersion=1.5&category=18%7C33&cpage=1&tokenKey=91da3aa50e35609023c0dac46c850376
INFO: [ app_init ] --START--
INFO: Run Behavior\BuildLiteBehavior [ RunTime:0.000000s ]
INFO: [ app_init ] --END-- [ RunTime:0.001000s ]
INFO: [ app_begin ] --START--
INFO: Run Behavior\ReadHtmlCacheBehavior [ RunTime:0.000000s ]
INFO: [ app_begin ] --END-- [ RunTime:0.001000s ]
INFO: [ action_begin ] --START--

[ 2017-08-02T15:49:20+08:00 ] 192.168.1.240 /api/Aproxy/modelListPage?QxVersion=1.5&category=18%7C33&cpage=1&tokenKey=be5fc01f10a42d5d8d5d4537ed808bad
INFO: [ app_init ] --START--
INFO: Run Behavior\BuildLiteBehavior [ RunTime:0.000000s ]
INFO: [ app_init ] --END-- [ RunTime:0.000000s ]
INFO: [ app_begin ] --START--
INFO: Run Behavior\ReadHtmlCacheBehavior [ RunTime:0.001001s ]
INFO: [ app_begin ] --END-- [ RunTime:0.001001s ]
INFO: [ action_begin ] --START--
SQL: SHOW COLUMNS FROM `app_member` [ RunTime:0.0050s ]
SQL: SELECT `id`,`userName`,`tokenKey`,`orderErpId`,`salesErpId`,`phone` FROM `app_member` WHERE `tokenKey` = 'be5fc01f10a42d5d8d5d4537ed808bad'  [ RunTime:0.0040s ]
SQL: insert into app_user_active (member_id) VALUE (10) [ RunTime:0.0070s ]
INFO: Run Api\Behaviors\PurviewBehavior [ RunTime:0.102005s ]
INFO: Run Admin\Behaviors\AdminPurviewBehavior [ RunTime:0.017001s ]
INFO: [ action_begin ] --END-- [ RunTime:0.120006s ]
NOTIC: [2048] Non-static method Api\Controller\ModelController::modelListPage() should not be called statically, assuming $this from incompatible context D:\Apache HTTP Server\x64\WebApp\AppErp\Web\Api\Controller\Aproxy\Controller.Aproxy.ModelProxy.php 第 14 行.
SQL: SELECT `id`,`stoneAddtion` FROM `app_member` WHERE ( (IsMasterAccount=1 and id=10) or myMasterAccountMId=10 ) ORDER BY id desc  [ RunTime:0.0040s ]
SQL: SELECT `id`,`stoneAddtion` FROM `app_member` WHERE ( (IsMasterAccount=1 and id=10) or myMasterAccountMId=10 ) ORDER BY id desc  [ RunTime:0.0040s ]
SQL: SELECT `id`,`stoneAddtion` FROM `app_member` WHERE ( (IsMasterAccount=1 and id=10) or myMasterAccountMId=10 ) ORDER BY id desc  [ RunTime:0.0040s ]
SQL: SELECT `id`,`stoneAddtion` FROM `app_member` WHERE ( (IsMasterAccount=1 and id=10) or myMasterAccountMId=10 ) ORDER BY id desc  [ RunTime:0.0040s ]
SQL: SELECT id,name as title,FORMAT(ifnull(price,0),2)*1 as price,CONCAT('http://124.172.169.117:9888/',pic) as pic,CONCAT('http://124.172.169.117:9888/',picm) as picm,CONCAT('http://124.172.169.117:9888/',picb) as picb FROM app_model_product c  where  EXISTS ( SELECT * FROM app_model_product_category b WHERE EXISTS (SELECT * FROM app_model_category a WHERE `group`='filter' and (( id in (18,33)or model_category_id in (18,33))) and b.model_category_id = id) AND c.id = b.model_product_id) order by priorSort desc,updateDateforSort desc,id desc limit 0,12 [ RunTime:0.5440s ]
NOTIC: [8] Undefined index: Rejectordererpuser D:\Apache HTTP Server\x64\WebApp\AppErp\Web\Common\Common\Api\flow\UserCls\flow.UserCls.UserSessionManage.php 第 39 行.
SQL: SELECT count(*) as cou FROM app_model_product c  where  EXISTS ( SELECT * FROM app_model_product_category b WHERE EXISTS (SELECT * FROM app_model_category a WHERE `group`='filter' and (( id in (18,33)or model_category_id in (18,33))) and b.model_category_id = id) AND c.id = b.model_product_id) [ RunTime:0.4920s ]
SQL: select id,name as title,id as 'value','category' as 'groupKey' from app_model_category where  id in (18,33) [ RunTime:0.0040s ]
SQL: SHOW COLUMNS FROM `app_model_category` [ RunTime:0.0050s ]
SQL: SELECT `id`,name as title,`sign`,`sort` FROM `app_model_category` WHERE `model_category_id` = 0 AND `group` = 'filter' ORDER BY `sort` asc  [ RunTime:0.0050s ]
SQL: SELECT `id`,name as title,id as  'value','category' as 'groupKey',if(position(concat('|',`id`,'|') in '|18|33|')>0,1,0) as isSelect FROM `app_model_category` WHERE `model_category_id` = 5  [ RunTime:0.0040s ]
SQL: SELECT `id`,name as title,id as  'value','category' as 'groupKey',if(position(concat('|',`id`,'|') in '|18|33|')>0,1,0) as isSelect FROM `app_model_category` WHERE `model_category_id` = 1  [ RunTime:0.0040s ]
SQL: SELECT `id`,name as title,id as  'value','category' as 'groupKey',if(position(concat('|',`id`,'|') in '|18|33|')>0,1,0) as isSelect FROM `app_model_category` WHERE `model_category_id` = 2  [ RunTime:0.0050s ]
SQL: SELECT `id`,name as title,id as  'value','category' as 'groupKey',if(position(concat('|',`id`,'|') in '|18|33|')>0,1,0) as isSelect FROM `app_model_category` WHERE `model_category_id` = 3  [ RunTime:0.0050s ]
SQL: SELECT `id`,name as title,id as  'value','category' as 'groupKey',if(position(concat('|',`id`,'|') in '|18|33|')>0,1,0) as isSelect FROM `app_model_category` WHERE `model_category_id` = 4  [ RunTime:0.0050s ]
SQL: SELECT `id`,name as title,id as  'value','category' as 'groupKey',if(position(concat('|',`id`,'|') in '|18|33|')>0,1,0) as isSelect FROM `app_model_category` WHERE `model_category_id` = 6  [ RunTime:0.0040s ]
NOTIC: [8] Undefined index: sign D:\Apache HTTP Server\x64\WebApp\AppErp\Web\Common\Common\PublicCode\FunctionCode.class.php 第 46 行.
NOTIC: [8] Undefined index: sign D:\Apache HTTP Server\x64\WebApp\AppErp\Web\Common\Common\PublicCode\FunctionCode.class.php 第 46 行.
NOTIC: [8] Undefined index: sign D:\Apache HTTP Server\x64\WebApp\AppErp\Web\Common\Common\PublicCode\FunctionCode.class.php 第 46 行.
NOTIC: [8] Undefined index: sign D:\Apache HTTP Server\x64\WebApp\AppErp\Web\Common\Common\PublicCode\FunctionCode.class.php 第 46 行.
NOTIC: [8] Undefined index: sign D:\Apache HTTP Server\x64\WebApp\AppErp\Web\Common\Common\PublicCode\FunctionCode.class.php 第 46 行.
NOTIC: [8] Undefined index: sign D:\Apache HTTP Server\x64\WebApp\AppErp\Web\Common\Common\PublicCode\FunctionCode.class.php 第 46 行.
SQL: SHOW COLUMNS FROM `app_model_category` [ RunTime:0.0050s ]
SQL: SELECT `id`,name as title FROM app_model_category aa WHERE ( exists (select * from app_model_category a where aa.model_category_id = a.id and sign='custom') )  [ RunTime:0.0040s ]
SQL: SELECT
                    count(*) as cou
                FROM
                    app_model_main_order_current_detail a
                WHERE
                    EXISTS (
                        SELECT
                            *
                        FROM
                            app_model_product
                        WHERE
                            id = a.model_product_id
                    )
                 AND orderStatus =0  AND member_id=10 [ RunTime:0.0050s ]
INFO: [ app_end ] --START--
INFO: Run Behavior\ShowPageTraceBehavior [ RunTime:0.034002s ]
INFO: [ app_end ] --END-- [ RunTime:0.036002s ]

[ 2017-08-02T15:51:02+08:00 ] 192.168.1.240 /api/Aproxy/modelListPage?QxVersion=1.5&category=18%7C33&cpage=1&tokenKey=be5fc01f10a42d5d8d5d4537ed808bad
INFO: [ app_init ] --START--
INFO: Run Behavior\BuildLiteBehavior [ RunTime:0.000000s ]
INFO: [ app_init ] --END-- [ RunTime:0.001000s ]
INFO: [ app_begin ] --START--
INFO: Run Behavior\ReadHtmlCacheBehavior [ RunTime:0.000000s ]
INFO: [ app_begin ] --END-- [ RunTime:0.001000s ]
INFO: [ action_begin ] --START--
NOTIC: [8] Undefined index: Rejectordererpuser D:\Apache HTTP Server\x64\WebApp\AppErp\Web\Common\Common\Api\flow\UserCls\flow.UserCls.UserSessionManage.php 第 39 行.
INFO: Run Api\Behaviors\PurviewBehavior [ RunTime:0.007000s ]
INFO: Run Admin\Behaviors\AdminPurviewBehavior [ RunTime:0.000000s ]
INFO: [ action_begin ] --END-- [ RunTime:0.009000s ]
NOTIC: [2048] Non-static method Api\Controller\ModelController::modelListPage() should not be called statically, assuming $this from incompatible context D:\Apache HTTP Server\x64\WebApp\AppErp\Web\Api\Controller\Aproxy\Controller.Aproxy.ModelProxy.php 第 14 行.
SQL: SHOW COLUMNS FROM `app_member` [ RunTime:0.0040s ]
SQL: SELECT `id`,`stoneAddtion` FROM `app_member` WHERE ( (IsMasterAccount=1 and id=10) or myMasterAccountMId=10 ) ORDER BY id desc  [ RunTime:0.0040s ]
SQL: SELECT `id`,`stoneAddtion` FROM `app_member` WHERE ( (IsMasterAccount=1 and id=10) or myMasterAccountMId=10 ) ORDER BY id desc  [ RunTime:0.0040s ]
SQL: SELECT `id`,`stoneAddtion` FROM `app_member` WHERE ( (IsMasterAccount=1 and id=10) or myMasterAccountMId=10 ) ORDER BY id desc  [ RunTime:0.0040s ]
SQL: SELECT `id`,`stoneAddtion` FROM `app_member` WHERE ( (IsMasterAccount=1 and id=10) or myMasterAccountMId=10 ) ORDER BY id desc  [ RunTime:0.0040s ]
SQL: SELECT id,name as title,FORMAT(ifnull(price,0),2)*1 as price,CONCAT('http://124.172.169.117:9888/',pic) as pic,CONCAT('http://124.172.169.117:9888/',picm) as picm,CONCAT('http://124.172.169.117:9888/',picb) as picb FROM app_model_product c  where  EXISTS ( SELECT * FROM app_model_product_category b WHERE EXISTS (SELECT * FROM app_model_category a WHERE `group`='filter' and (( id in (18,33)or model_category_id in (18,33))) and b.model_category_id = id) AND c.id = b.model_product_id) order by priorSort desc,updateDateforSort desc,id desc limit 0,12 [ RunTime:0.5450s ]
NOTIC: [8] Undefined index: Rejectordererpuser D:\Apache HTTP Server\x64\WebApp\AppErp\Web\Common\Common\Api\flow\UserCls\flow.UserCls.UserSessionManage.php 第 39 行.
SQL: SELECT count(*) as cou FROM app_model_product c  where  EXISTS ( SELECT * FROM app_model_product_category b WHERE EXISTS (SELECT * FROM app_model_category a WHERE `group`='filter' and (( id in (18,33)or model_category_id in (18,33))) and b.model_category_id = id) AND c.id = b.model_product_id) [ RunTime:0.5010s ]
SQL: select id,name as title,id as 'value','category' as 'groupKey' from app_model_category where  id in (18,33) [ RunTime:0.0050s ]
SQL: SHOW COLUMNS FROM `app_model_category` [ RunTime:0.0050s ]
SQL: SELECT `id`,name as title,`sign`,`sort` FROM `app_model_category` WHERE `model_category_id` = 0 AND `group` = 'filter' ORDER BY `sort` asc  [ RunTime:0.0080s ]
SQL: SELECT `id`,name as title,id as  'value','category' as 'groupKey',if(position(concat('|',`id`,'|') in '|18|33|')>0,1,0) as isSelect FROM `app_model_category` WHERE `model_category_id` = 5  [ RunTime:0.0060s ]
SQL: SELECT `id`,name as title,id as  'value','category' as 'groupKey',if(position(concat('|',`id`,'|') in '|18|33|')>0,1,0) as isSelect FROM `app_model_category` WHERE `model_category_id` = 1  [ RunTime:0.0060s ]
SQL: SELECT `id`,name as title,id as  'value','category' as 'groupKey',if(position(concat('|',`id`,'|') in '|18|33|')>0,1,0) as isSelect FROM `app_model_category` WHERE `model_category_id` = 2  [ RunTime:0.0090s ]
SQL: SELECT `id`,name as title,id as  'value','category' as 'groupKey',if(position(concat('|',`id`,'|') in '|18|33|')>0,1,0) as isSelect FROM `app_model_category` WHERE `model_category_id` = 3  [ RunTime:0.0110s ]
SQL: SELECT `id`,name as title,id as  'value','category' as 'groupKey',if(position(concat('|',`id`,'|') in '|18|33|')>0,1,0) as isSelect FROM `app_model_category` WHERE `model_category_id` = 4  [ RunTime:0.0050s ]
SQL: SELECT `id`,name as title,id as  'value','category' as 'groupKey',if(position(concat('|',`id`,'|') in '|18|33|')>0,1,0) as isSelect FROM `app_model_category` WHERE `model_category_id` = 6  [ RunTime:0.0050s ]
SQL: SHOW COLUMNS FROM `app_model_category` [ RunTime:0.0090s ]
SQL: SELECT `id`,name as title FROM app_model_category aa WHERE ( exists (select * from app_model_category a where aa.model_category_id = a.id and sign='custom') )  [ RunTime:0.0120s ]
SQL: SELECT
                    count(*) as cou
                FROM
                    app_model_main_order_current_detail a
                WHERE
                    EXISTS (
                        SELECT
                            *
                        FROM
                            app_model_product
                        WHERE
                            id = a.model_product_id
                    )
                 AND orderStatus =0  AND member_id=10 [ RunTime:0.0080s ]
INFO: [ app_end ] --START--
INFO: Run Behavior\ShowPageTraceBehavior [ RunTime:0.001001s ]
INFO: [ app_end ] --END-- [ RunTime:0.001001s ]

[ 2017-08-02T15:58:38+08:00 ] 192.168.1.240 /api/Aproxy/modelListPage?QxVersion=1.5&category=18%7C33&cpage=1&tokenKey=be5fc01f10a42d5d8d5d4537ed808bad
INFO: [ app_init ] --START--
INFO: Run Behavior\BuildLiteBehavior [ RunTime:0.000000s ]
INFO: [ app_init ] --END-- [ RunTime:0.001000s ]
INFO: [ app_begin ] --START--
INFO: Run Behavior\ReadHtmlCacheBehavior [ RunTime:0.000000s ]
INFO: [ app_begin ] --END-- [ RunTime:0.000000s ]
INFO: [ action_begin ] --START--
SQL: SHOW COLUMNS FROM `app_member` [ RunTime:0.0050s ]
SQL: SELECT `id`,`userName`,`tokenKey`,`orderErpId`,`salesErpId`,`phone` FROM `app_member` WHERE `tokenKey` = 'be5fc01f10a42d5d8d5d4537ed808bad'  [ RunTime:0.0050s ]
SQL: insert into app_user_active (member_id) VALUE (10) [ RunTime:0.0070s ]
INFO: Run Api\Behaviors\PurviewBehavior [ RunTime:0.047003s ]
INFO: Run Admin\Behaviors\AdminPurviewBehavior [ RunTime:0.000000s ]
INFO: [ action_begin ] --END-- [ RunTime:0.047003s ]
NOTIC: [2048] Non-static method Api\Controller\ModelController::modelListPage() should not be called statically, assuming $this from incompatible context D:\Apache HTTP Server\x64\WebApp\AppErp\Web\Api\Controller\Aproxy\Controller.Aproxy.ModelProxy.php 第 14 行.
SQL: SELECT `id`,`stoneAddtion` FROM `app_member` WHERE ( (IsMasterAccount=1 and id=10) or myMasterAccountMId=10 ) ORDER BY id desc  [ RunTime:0.0050s ]
SQL: SELECT `id`,`stoneAddtion` FROM `app_member` WHERE ( (IsMasterAccount=1 and id=10) or myMasterAccountMId=10 ) ORDER BY id desc  [ RunTime:0.0050s ]
SQL: SELECT `id`,`stoneAddtion` FROM `app_member` WHERE ( (IsMasterAccount=1 and id=10) or myMasterAccountMId=10 ) ORDER BY id desc  [ RunTime:0.0040s ]
SQL: SELECT `id`,`stoneAddtion` FROM `app_member` WHERE ( (IsMasterAccount=1 and id=10) or myMasterAccountMId=10 ) ORDER BY id desc  [ RunTime:0.0060s ]
SQL: SELECT id,name as title,FORMAT(ifnull(price,0),2)*1 as price,CONCAT('http://124.172.169.117:9888/',pic) as pic,CONCAT('http://124.172.169.117:9888/',picm) as picm,CONCAT('http://124.172.169.117:9888/',picb) as picb FROM app_model_product c  where  EXISTS ( SELECT * FROM app_model_product_category b WHERE EXISTS (SELECT * FROM app_model_category a WHERE `group`='filter' and (( id in (18,33)or model_category_id in (18,33))) and b.model_category_id = id) AND c.id = b.model_product_id) order by priorSort desc,updateDateforSort desc,id desc limit 0,12 [ RunTime:0.5780s ]
NOTIC: [8] Undefined index: Rejectordererpuser D:\Apache HTTP Server\x64\WebApp\AppErp\Web\Common\Common\Api\flow\UserCls\flow.UserCls.UserSessionManage.php 第 39 行.
SQL: SELECT count(*) as cou FROM app_model_product c  where  EXISTS ( SELECT * FROM app_model_product_category b WHERE EXISTS (SELECT * FROM app_model_category a WHERE `group`='filter' and (( id in (18,33)or model_category_id in (18,33))) and b.model_category_id = id) AND c.id = b.model_product_id) [ RunTime:0.4890s ]
SQL: select id,name as title,id as 'value','category' as 'groupKey' from app_model_category where  id in (18,33) [ RunTime:0.0050s ]
SQL: SHOW COLUMNS FROM `app_model_category` [ RunTime:0.0050s ]
SQL: SELECT `id`,name as title,`sign`,`sort` FROM `app_model_category` WHERE `model_category_id` = 0 AND `group` = 'filter' ORDER BY `sort` asc  [ RunTime:0.0040s ]
SQL: SELECT `id`,name as title,id as  'value','category' as 'groupKey',if(position(concat('|',`id`,'|') in '|18|33|')>0,1,0) as isSelect FROM `app_model_category` WHERE `model_category_id` = 5  [ RunTime:0.0050s ]
SQL: SELECT `id`,name as title,id as  'value','category' as 'groupKey',if(position(concat('|',`id`,'|') in '|18|33|')>0,1,0) as isSelect FROM `app_model_category` WHERE `model_category_id` = 1  [ RunTime:0.0060s ]
SQL: SELECT `id`,name as title,id as  'value','category' as 'groupKey',if(position(concat('|',`id`,'|') in '|18|33|')>0,1,0) as isSelect FROM `app_model_category` WHERE `model_category_id` = 2  [ RunTime:0.0040s ]
SQL: SELECT `id`,name as title,id as  'value','category' as 'groupKey',if(position(concat('|',`id`,'|') in '|18|33|')>0,1,0) as isSelect FROM `app_model_category` WHERE `model_category_id` = 3  [ RunTime:0.0050s ]
SQL: SELECT `id`,name as title,id as  'value','category' as 'groupKey',if(position(concat('|',`id`,'|') in '|18|33|')>0,1,0) as isSelect FROM `app_model_category` WHERE `model_category_id` = 4  [ RunTime:0.0050s ]
SQL: SELECT `id`,name as title,id as  'value','category' as 'groupKey',if(position(concat('|',`id`,'|') in '|18|33|')>0,1,0) as isSelect FROM `app_model_category` WHERE `model_category_id` = 6  [ RunTime:0.0050s ]
SQL: SHOW COLUMNS FROM `app_model_category` [ RunTime:0.0060s ]
SQL: SELECT `id`,name as title FROM app_model_category aa WHERE ( exists (select * from app_model_category a where aa.model_category_id = a.id and sign='custom') )  [ RunTime:0.0040s ]
SQL: SELECT
                    count(*) as cou
                FROM
                    app_model_main_order_current_detail a
                WHERE
                    EXISTS (
                        SELECT
                            *
                        FROM
                            app_model_product
                        WHERE
                            id = a.model_product_id
                    )
                 AND orderStatus =0  AND member_id=10 [ RunTime:0.0070s ]
INFO: [ app_end ] --START--
INFO: Run Behavior\ShowPageTraceBehavior [ RunTime:0.001000s ]
INFO: [ app_end ] --END-- [ RunTime:0.001000s ]

