[ 2017-07-05T10:54:24+08:00 ] 192.168.1.240 /api/Aproxy/userModifyPage?tokenKey=378098f6b2063c51c164b9decb8f7ef0
INFO: [ app_init ] --START--
INFO: Run Behavior\BuildLiteBehavior [ RunTime:0.000000s ]
INFO: [ app_init ] --END-- [ RunTime:0.002000s ]
INFO: [ app_begin ] --START--
INFO: Run Behavior\ReadHtmlCacheBehavior [ RunTime:0.004000s ]
INFO: [ app_begin ] --END-- [ RunTime:0.004000s ]
INFO: [ action_begin ] --START--
NOTIC: [8] Undefined index: userModifyPage D:\Apache HTTP Server\x64\WebApp\AppErp\Web\Api\Behaviors\PurviewBehavior.class.php 第 52 行.
NOTIC: [8] Undefined index: userModifyPage D:\Apache HTTP Server\x64\WebApp\AppErp\Web\Api\Behaviors\PurviewBehavior.class.php 第 58 行.
SQL: SHOW COLUMNS FROM `app_member` [ RunTime:0.0440s ]
SQL: SELECT `id`,`userName`,`tokenKey`,`orderErpId`,`salesErpId`,`phone` FROM `app_member` WHERE `tokenKey` = '378098f6b2063c51c164b9decb8f7ef0'  [ RunTime:0.0880s ]
NOTIC: [8] Undefined offset: 0 D:\Apache HTTP Server\x64\WebApp\AppErp\Web\Common\Common\Api\flow\UserCls\UserPurview\flow.UserCls.UserPurview.UserPurviewCode.php 第 14 行.
NOTIC: [8] Undefined offset: 0 D:\Apache HTTP Server\x64\WebApp\AppErp\Web\Common\Common\Api\flow\UserCls\UserPurview\flow.UserCls.UserPurview.UserPurviewCode.php 第 15 行.
NOTIC: [8] Undefined offset: 0 D:\Apache HTTP Server\x64\WebApp\AppErp\Web\Common\Common\Api\flow\UserCls\UserPurview\flow.UserCls.UserPurview.UserPurviewCode.php 第 16 行.
NOTIC: [8] Undefined offset: 0 D:\Apache HTTP Server\x64\WebApp\AppErp\Web\Common\Common\Api\flow\UserCls\UserPurview\flow.UserCls.UserPurview.UserPurviewCode.php 第 17 行.
NOTIC: [8] Undefined offset: 0 D:\Apache HTTP Server\x64\WebApp\AppErp\Web\Common\Common\Api\flow\UserCls\UserPurview\flow.UserCls.UserPurview.UserPurviewCode.php 第 18 行.

[ 2017-07-05T10:56:48+08:00 ] 192.168.1.240 /api/Aproxy/userModifyPage?tokenKey=be5fc01f10a42d5d8d5d4537ed808bad
INFO: [ app_init ] --START--
INFO: Run Behavior\BuildLiteBehavior [ RunTime:0.000000s ]
INFO: [ app_init ] --END-- [ RunTime:0.001000s ]
INFO: [ app_begin ] --START--
INFO: Run Behavior\ReadHtmlCacheBehavior [ RunTime:0.000000s ]
INFO: [ app_begin ] --END-- [ RunTime:0.001000s ]
INFO: [ action_begin ] --START--
NOTIC: [8] Undefined index: userModifyPage D:\Apache HTTP Server\x64\WebApp\AppErp\Web\Api\Behaviors\PurviewBehavior.class.php 第 52 行.
NOTIC: [8] Undefined index: userModifyPage D:\Apache HTTP Server\x64\WebApp\AppErp\Web\Api\Behaviors\PurviewBehavior.class.php 第 58 行.
SQL: SHOW COLUMNS FROM `app_member` [ RunTime:0.0350s ]
SQL: SELECT `id`,`userName`,`tokenKey`,`orderErpId`,`salesErpId`,`phone` FROM `app_member` WHERE `tokenKey` = 'be5fc01f10a42d5d8d5d4537ed808bad'  [ RunTime:0.0380s ]
SQL: insert into app_user_active (member_id) VALUE (10) [ RunTime:0.1400s ]
INFO: Run Api\Behaviors\PurviewBehavior [ RunTime:0.342020s ]
INFO: Run Admin\Behaviors\AdminPurviewBehavior [ RunTime:0.008000s ]
INFO: [ action_begin ] --END-- [ RunTime:0.351020s ]
NOTIC: [2048] Non-static method Api\Controller\UserController::userModifyPage() should not be called statically, assuming $this from incompatible context D:\Apache HTTP Server\x64\WebApp\AppErp\Web\Api\Controller\Aproxy\Controller.Aproxy.UserProxy.php 第 95 行.
SQL: SHOW COLUMNS FROM `app_member_address` [ RunTime:0.1510s ]
SQL: SELECT `id`,`name`,`province_id`,`city_id`,`area_id`,`phone`,`addr` FROM `app_member_address` WHERE `member_id` = 10 ORDER BY `isDefaultDate` desc,`id` desc LIMIT 1   [ RunTime:0.1020s ]
SQL: SHOW COLUMNS FROM `app_province` [ RunTime:0.1400s ]
SQL: SELECT `id`,`name` FROM `app_province` WHERE `id` = 3  [ RunTime:0.0370s ]
SQL: SHOW COLUMNS FROM `app_city` [ RunTime:0.0490s ]
SQL: SELECT `id`,`name` FROM `app_city` WHERE `id` = 75  [ RunTime:0.0080s ]
SQL: SHOW COLUMNS FROM `app_area` [ RunTime:0.0540s ]
SQL: SELECT `id`,`name` FROM `app_area` WHERE `id` = 1165  [ RunTime:0.0110s ]
SQL: SELECT `userName`,`headPic`,`phone`,`trueName`,`modelAddtion`,`stoneAddtion`,`IsMasterAccount` FROM `app_member` WHERE `tokenKey` = 'be5fc01f10a42d5d8d5d4537ed808bad'  [ RunTime:0.0360s ]
INFO: [ app_end ] --START--
INFO: Run Behavior\ShowPageTraceBehavior [ RunTime:0.018001s ]
INFO: [ app_end ] --END-- [ RunTime:0.018001s ]

[ 2017-07-05T10:57:14+08:00 ] 192.168.1.240 /api/Aproxy/userModifyPage?tokenKey=be5fc01f10a42d5d8d5d4537ed808bad
INFO: [ app_init ] --START--
INFO: Run Behavior\BuildLiteBehavior [ RunTime:0.001000s ]
INFO: [ app_init ] --END-- [ RunTime:0.001000s ]
INFO: [ app_begin ] --START--
INFO: Run Behavior\ReadHtmlCacheBehavior [ RunTime:0.001000s ]
INFO: [ app_begin ] --END-- [ RunTime:0.001000s ]
INFO: [ action_begin ] --START--
NOTIC: [8] Undefined index: userModifyPage D:\Apache HTTP Server\x64\WebApp\AppErp\Web\Api\Behaviors\PurviewBehavior.class.php 第 52 行.
NOTIC: [8] Undefined index: userModifyPage D:\Apache HTTP Server\x64\WebApp\AppErp\Web\Api\Behaviors\PurviewBehavior.class.php 第 58 行.
NOTIC: [8] Undefined index: Rejectanyuser D:\Apache HTTP Server\x64\WebApp\AppErp\Web\Common\Common\Api\flow\UserCls\flow.UserCls.UserSessionManage.php 第 39 行.
INFO: Run Api\Behaviors\PurviewBehavior [ RunTime:0.009001s ]
INFO: Run Admin\Behaviors\AdminPurviewBehavior [ RunTime:0.002000s ]
INFO: [ action_begin ] --END-- [ RunTime:0.011001s ]
NOTIC: [2048] Non-static method Api\Controller\UserController::userModifyPage() should not be called statically, assuming $this from incompatible context D:\Apache HTTP Server\x64\WebApp\AppErp\Web\Api\Controller\Aproxy\Controller.Aproxy.UserProxy.php 第 95 行.
SQL: SHOW COLUMNS FROM `app_member_address` [ RunTime:0.0110s ]
SQL: SELECT `id`,`name`,`province_id`,`city_id`,`area_id`,`phone`,`addr` FROM `app_member_address` WHERE `member_id` = 10 ORDER BY `isDefaultDate` desc,`id` desc LIMIT 1   [ RunTime:0.0120s ]
SQL: SHOW COLUMNS FROM `app_province` [ RunTime:0.0450s ]
SQL: SELECT `id`,`name` FROM `app_province` WHERE `id` = 3  [ RunTime:0.0250s ]
SQL: SHOW COLUMNS FROM `app_city` [ RunTime:0.0110s ]
SQL: SELECT `id`,`name` FROM `app_city` WHERE `id` = 75  [ RunTime:0.0080s ]
SQL: SHOW COLUMNS FROM `app_area` [ RunTime:0.0140s ]
SQL: SELECT `id`,`name` FROM `app_area` WHERE `id` = 1165  [ RunTime:0.0350s ]
SQL: SHOW COLUMNS FROM `app_member` [ RunTime:0.0800s ]
SQL: SELECT `userName`,`headPic`,`phone`,`trueName`,`modelAddtion`,`stoneAddtion`,`IsMasterAccount` FROM `app_member` WHERE `tokenKey` = 'be5fc01f10a42d5d8d5d4537ed808bad'  [ RunTime:0.0140s ]
INFO: [ app_end ] --START--
INFO: Run Behavior\ShowPageTraceBehavior [ RunTime:0.001000s ]
INFO: [ app_end ] --END-- [ RunTime:0.001000s ]

[ 2017-07-05T10:57:44+08:00 ] 192.168.1.240 /api/Aproxy/userModifyPage?tokenKey=be5fc01f10a42d5d8d5d4537ed808bad
INFO: [ app_init ] --START--
INFO: Run Behavior\BuildLiteBehavior [ RunTime:0.000000s ]
INFO: [ app_init ] --END-- [ RunTime:0.001000s ]
INFO: [ app_begin ] --START--
INFO: Run Behavior\ReadHtmlCacheBehavior [ RunTime:0.001000s ]
INFO: [ app_begin ] --END-- [ RunTime:0.001000s ]
INFO: [ action_begin ] --START--
NOTIC: [8] Undefined index: userModifyPage D:\Apache HTTP Server\x64\WebApp\AppErp\Web\Api\Behaviors\PurviewBehavior.class.php 第 52 行.
NOTIC: [8] Undefined index: userModifyPage D:\Apache HTTP Server\x64\WebApp\AppErp\Web\Api\Behaviors\PurviewBehavior.class.php 第 58 行.
NOTIC: [8] Undefined index: Rejectanyuser D:\Apache HTTP Server\x64\WebApp\AppErp\Web\Common\Common\Api\flow\UserCls\flow.UserCls.UserSessionManage.php 第 39 行.
INFO: Run Api\Behaviors\PurviewBehavior [ RunTime:0.007000s ]
INFO: Run Admin\Behaviors\AdminPurviewBehavior [ RunTime:0.001000s ]
INFO: [ action_begin ] --END-- [ RunTime:0.008000s ]
NOTIC: [2048] Non-static method Api\Controller\UserController::userModifyPage() should not be called statically, assuming $this from incompatible context D:\Apache HTTP Server\x64\WebApp\AppErp\Web\Api\Controller\Aproxy\Controller.Aproxy.UserProxy.php 第 95 行.
SQL: SHOW COLUMNS FROM `app_member_address` [ RunTime:0.0500s ]
SQL: SELECT `id`,`name`,`province_id`,`city_id`,`area_id`,`phone`,`addr` FROM `app_member_address` WHERE `member_id` = 10 ORDER BY `isDefaultDate` desc,`id` desc LIMIT 1   [ RunTime:0.0100s ]
SQL: SHOW COLUMNS FROM `app_province` [ RunTime:0.0480s ]
SQL: SELECT `id`,`name` FROM `app_province` WHERE `id` = 3  [ RunTime:0.0080s ]
SQL: SHOW COLUMNS FROM `app_city` [ RunTime:0.0460s ]
SQL: SELECT `id`,`name` FROM `app_city` WHERE `id` = 75  [ RunTime:0.0110s ]
SQL: SHOW COLUMNS FROM `app_area` [ RunTime:0.0490s ]
SQL: SELECT `id`,`name` FROM `app_area` WHERE `id` = 1165  [ RunTime:0.0090s ]
SQL: SHOW COLUMNS FROM `app_member` [ RunTime:0.0460s ]
SQL: SELECT `userName`,`headPic`,`phone`,`trueName`,`modelAddtion`,`stoneAddtion`,`IsMasterAccount` FROM `app_member` WHERE `tokenKey` = 'be5fc01f10a42d5d8d5d4537ed808bad'  [ RunTime:0.0070s ]
INFO: [ app_end ] --START--
INFO: Run Behavior\ShowPageTraceBehavior [ RunTime:0.000000s ]
INFO: [ app_end ] --END-- [ RunTime:0.000000s ]

[ 2017-07-05T11:11:04+08:00 ] 192.168.1.240 /api/Aproxy/userModifyPage?tokenKey=be5fc01f10a42d5d8d5d4537ed808bad
INFO: [ app_init ] --START--
INFO: Run Behavior\BuildLiteBehavior [ RunTime:0.001000s ]
INFO: [ app_init ] --END-- [ RunTime:0.001000s ]
INFO: [ app_begin ] --START--
INFO: Run Behavior\ReadHtmlCacheBehavior [ RunTime:0.001000s ]
INFO: [ app_begin ] --END-- [ RunTime:0.001000s ]
INFO: [ action_begin ] --START--
NOTIC: [8] Undefined index: userModifyPage D:\Apache HTTP Server\x64\WebApp\AppErp\Web\Api\Behaviors\PurviewBehavior.class.php 第 52 行.
NOTIC: [8] Undefined index: userModifyPage D:\Apache HTTP Server\x64\WebApp\AppErp\Web\Api\Behaviors\PurviewBehavior.class.php 第 58 行.
SQL: SHOW COLUMNS FROM `app_member` [ RunTime:0.1060s ]
SQL: SELECT `id`,`userName`,`tokenKey`,`orderErpId`,`salesErpId`,`phone` FROM `app_member` WHERE `tokenKey` = 'be5fc01f10a42d5d8d5d4537ed808bad'  [ RunTime:0.0090s ]
SQL: insert into app_user_active (member_id) VALUE (10) [ RunTime:0.0210s ]
INFO: Run Api\Behaviors\PurviewBehavior [ RunTime:0.784045s ]
INFO: Run Admin\Behaviors\AdminPurviewBehavior [ RunTime:0.001000s ]
INFO: [ action_begin ] --END-- [ RunTime:0.786045s ]
NOTIC: [2048] Non-static method Api\Controller\UserController::userModifyPage() should not be called statically, assuming $this from incompatible context D:\Apache HTTP Server\x64\WebApp\AppErp\Web\Api\Controller\Aproxy\Controller.Aproxy.UserProxy.php 第 95 行.
SQL: SHOW COLUMNS FROM `app_member_address` [ RunTime:0.0850s ]
SQL: SELECT `id`,`name`,`province_id`,`city_id`,`area_id`,`phone`,`addr` FROM `app_member_address` WHERE `member_id` = 10 ORDER BY `isDefaultDate` desc,`id` desc LIMIT 1   [ RunTime:0.3260s ]
SQL: SHOW COLUMNS FROM `app_province` [ RunTime:0.0590s ]
SQL: SELECT `id`,`name` FROM `app_province` WHERE `id` = 3  [ RunTime:0.0220s ]
SQL: SHOW COLUMNS FROM `app_city` [ RunTime:0.0140s ]
SQL: SELECT `id`,`name` FROM `app_city` WHERE `id` = 75  [ RunTime:0.0080s ]
SQL: SHOW COLUMNS FROM `app_area` [ RunTime:0.0410s ]
SQL: SELECT `id`,`name` FROM `app_area` WHERE `id` = 1165  [ RunTime:0.0130s ]
SQL: SELECT `userName`,`headPic`,`phone`,`trueName`,`modelAddtion`,`stoneAddtion`,`IsMasterAccount` FROM `app_member` WHERE `tokenKey` = 'be5fc01f10a42d5d8d5d4537ed808bad'  [ RunTime:0.0090s ]
SQL: SELECT `id`,`stoneAddtion` FROM `app_member` WHERE ( (IsMasterAccount=1 and id=10) or myMasterAccountMId=10 ) ORDER BY id desc  [ RunTime:0.0080s ]
SQL: SELECT `id`,`modelAddtion` FROM `app_member` WHERE ( (IsMasterAccount=1 and id=10) or myMasterAccountMId=10 ) ORDER BY id desc  [ RunTime:0.0080s ]
SQL: SELECT `id`,`stoneAddtion` FROM `app_member` WHERE ( (IsMasterAccount=1 and id=10) or myMasterAccountMId=10 ) ORDER BY id desc  [ RunTime:0.0080s ]
SQL: SELECT `id`,`modelAddtion` FROM `app_member` WHERE ( (IsMasterAccount=1 and id=10) or myMasterAccountMId=10 ) ORDER BY id desc  [ RunTime:0.0110s ]
INFO: [ app_end ] --START--
INFO: Run Behavior\ShowPageTraceBehavior [ RunTime:0.001000s ]
INFO: [ app_end ] --END-- [ RunTime:0.001000s ]

[ 2017-07-05T11:11:58+08:00 ] 192.168.1.240 /api/Aproxy/userModifyPage?tokenKey=be5fc01f10a42d5d8d5d4537ed808bad
INFO: [ app_init ] --START--
INFO: Run Behavior\BuildLiteBehavior [ RunTime:0.000000s ]
INFO: [ app_init ] --END-- [ RunTime:0.000000s ]
INFO: [ app_begin ] --START--
INFO: Run Behavior\ReadHtmlCacheBehavior [ RunTime:0.002000s ]
INFO: [ app_begin ] --END-- [ RunTime:0.002000s ]
INFO: [ action_begin ] --START--
NOTIC: [8] Undefined index: userModifyPage D:\Apache HTTP Server\x64\WebApp\AppErp\Web\Api\Behaviors\PurviewBehavior.class.php 第 52 行.
NOTIC: [8] Undefined index: userModifyPage D:\Apache HTTP Server\x64\WebApp\AppErp\Web\Api\Behaviors\PurviewBehavior.class.php 第 58 行.
NOTIC: [8] Undefined index: Rejectanyuser D:\Apache HTTP Server\x64\WebApp\AppErp\Web\Common\Common\Api\flow\UserCls\flow.UserCls.UserSessionManage.php 第 39 行.
INFO: Run Api\Behaviors\PurviewBehavior [ RunTime:0.006000s ]
INFO: Run Admin\Behaviors\AdminPurviewBehavior [ RunTime:0.001001s ]
INFO: [ action_begin ] --END-- [ RunTime:0.007001s ]
NOTIC: [2048] Non-static method Api\Controller\UserController::userModifyPage() should not be called statically, assuming $this from incompatible context D:\Apache HTTP Server\x64\WebApp\AppErp\Web\Api\Controller\Aproxy\Controller.Aproxy.UserProxy.php 第 95 行.
SQL: SHOW COLUMNS FROM `app_member_address` [ RunTime:0.0110s ]
SQL: SELECT `id`,`name`,`province_id`,`city_id`,`area_id`,`phone`,`addr` FROM `app_member_address` WHERE `member_id` = 10 ORDER BY `isDefaultDate` desc,`id` desc LIMIT 1   [ RunTime:0.0200s ]
SQL: SHOW COLUMNS FROM `app_province` [ RunTime:0.0160s ]
SQL: SELECT `id`,`name` FROM `app_province` WHERE `id` = 3  [ RunTime:0.0120s ]
SQL: SHOW COLUMNS FROM `app_city` [ RunTime:0.0100s ]
SQL: SELECT `id`,`name` FROM `app_city` WHERE `id` = 75  [ RunTime:0.0070s ]
SQL: SHOW COLUMNS FROM `app_area` [ RunTime:0.0080s ]
SQL: SELECT `id`,`name` FROM `app_area` WHERE `id` = 1165  [ RunTime:0.0090s ]
SQL: SHOW COLUMNS FROM `app_member` [ RunTime:0.0100s ]
SQL: SELECT `userName`,`headPic`,`phone`,`trueName`,`modelAddtion`,`stoneAddtion`,`IsMasterAccount` FROM `app_member` WHERE `tokenKey` = 'be5fc01f10a42d5d8d5d4537ed808bad'  [ RunTime:0.0450s ]
SQL: SELECT `id`,`stoneAddtion` FROM `app_member` WHERE ( (IsMasterAccount=1 and id=10) or myMasterAccountMId=10 ) ORDER BY id desc  [ RunTime:0.0060s ]
SQL: SELECT `id`,`modelAddtion` FROM `app_member` WHERE ( (IsMasterAccount=1 and id=10) or myMasterAccountMId=10 ) ORDER BY id desc  [ RunTime:0.0450s ]
SQL: SELECT `id`,`stoneAddtion` FROM `app_member` WHERE ( (IsMasterAccount=1 and id=10) or myMasterAccountMId=10 ) ORDER BY id desc  [ RunTime:0.0120s ]
SQL: SELECT `id`,`modelAddtion` FROM `app_member` WHERE ( (IsMasterAccount=1 and id=10) or myMasterAccountMId=10 ) ORDER BY id desc  [ RunTime:0.0450s ]
INFO: [ app_end ] --START--
INFO: Run Behavior\ShowPageTraceBehavior [ RunTime:0.000000s ]
INFO: [ app_end ] --END-- [ RunTime:0.001000s ]

[ 2017-07-05T11:12:13+08:00 ] 192.168.1.240 /api/Aproxy/userModifyPage?tokenKey=be5fc01f10a42d5d8d5d4537ed808bad
INFO: [ app_init ] --START--
INFO: Run Behavior\BuildLiteBehavior [ RunTime:0.000000s ]
INFO: [ app_init ] --END-- [ RunTime:0.001000s ]
INFO: [ app_begin ] --START--
INFO: Run Behavior\ReadHtmlCacheBehavior [ RunTime:0.001000s ]
INFO: [ app_begin ] --END-- [ RunTime:0.001000s ]
INFO: [ action_begin ] --START--
NOTIC: [8] Undefined index: userModifyPage D:\Apache HTTP Server\x64\WebApp\AppErp\Web\Api\Behaviors\PurviewBehavior.class.php 第 52 行.
NOTIC: [8] Undefined index: userModifyPage D:\Apache HTTP Server\x64\WebApp\AppErp\Web\Api\Behaviors\PurviewBehavior.class.php 第 58 行.
NOTIC: [8] Undefined index: Rejectanyuser D:\Apache HTTP Server\x64\WebApp\AppErp\Web\Common\Common\Api\flow\UserCls\flow.UserCls.UserSessionManage.php 第 39 行.
INFO: Run Api\Behaviors\PurviewBehavior [ RunTime:0.011000s ]
INFO: Run Admin\Behaviors\AdminPurviewBehavior [ RunTime:0.002000s ]
INFO: [ action_begin ] --END-- [ RunTime:0.013000s ]
NOTIC: [2048] Non-static method Api\Controller\UserController::userModifyPage() should not be called statically, assuming $this from incompatible context D:\Apache HTTP Server\x64\WebApp\AppErp\Web\Api\Controller\Aproxy\Controller.Aproxy.UserProxy.php 第 95 行.
SQL: SHOW COLUMNS FROM `app_member_address` [ RunTime:0.0090s ]
SQL: SELECT `id`,`name`,`province_id`,`city_id`,`area_id`,`phone`,`addr` FROM `app_member_address` WHERE `member_id` = 10 ORDER BY `isDefaultDate` desc,`id` desc LIMIT 1   [ RunTime:0.0080s ]
SQL: SHOW COLUMNS FROM `app_province` [ RunTime:0.0120s ]
SQL: SELECT `id`,`name` FROM `app_province` WHERE `id` = 3  [ RunTime:0.0100s ]
SQL: SHOW COLUMNS FROM `app_city` [ RunTime:0.0130s ]
SQL: SELECT `id`,`name` FROM `app_city` WHERE `id` = 75  [ RunTime:0.0220s ]
SQL: SHOW COLUMNS FROM `app_area` [ RunTime:0.0830s ]
SQL: SELECT `id`,`name` FROM `app_area` WHERE `id` = 1165  [ RunTime:0.0100s ]
SQL: SHOW COLUMNS FROM `app_member` [ RunTime:0.0690s ]
SQL: SELECT `userName`,`headPic`,`phone`,`trueName`,`modelAddtion`,`stoneAddtion`,`IsMasterAccount` FROM `app_member` WHERE `tokenKey` = 'be5fc01f10a42d5d8d5d4537ed808bad'  [ RunTime:0.0470s ]
SQL: SELECT `id`,`stoneAddtion` FROM `app_member` WHERE ( (IsMasterAccount=1 and id=10) or myMasterAccountMId=10 ) ORDER BY id desc  [ RunTime:0.0150s ]
SQL: SELECT `id`,`modelAddtion` FROM `app_member` WHERE ( (IsMasterAccount=1 and id=10) or myMasterAccountMId=10 ) ORDER BY id desc  [ RunTime:0.0120s ]
INFO: [ app_end ] --START--
INFO: Run Behavior\ShowPageTraceBehavior [ RunTime:0.000000s ]
INFO: [ app_end ] --END-- [ RunTime:0.000000s ]

[ 2017-07-05T11:13:00+08:00 ] 192.168.1.240 /api/Aproxy/userModifyPage?tokenKey=be5fc01f10a42d5d8d5d4537ed808bad
INFO: [ app_init ] --START--
INFO: Run Behavior\BuildLiteBehavior [ RunTime:0.000000s ]
INFO: [ app_init ] --END-- [ RunTime:0.000000s ]
INFO: [ app_begin ] --START--
INFO: Run Behavior\ReadHtmlCacheBehavior [ RunTime:0.001000s ]
INFO: [ app_begin ] --END-- [ RunTime:0.001000s ]
INFO: [ action_begin ] --START--
NOTIC: [8] Undefined index: userModifyPage D:\Apache HTTP Server\x64\WebApp\AppErp\Web\Api\Behaviors\PurviewBehavior.class.php 第 52 行.
NOTIC: [8] Undefined index: userModifyPage D:\Apache HTTP Server\x64\WebApp\AppErp\Web\Api\Behaviors\PurviewBehavior.class.php 第 58 行.
NOTIC: [8] Undefined index: Rejectanyuser D:\Apache HTTP Server\x64\WebApp\AppErp\Web\Common\Common\Api\flow\UserCls\flow.UserCls.UserSessionManage.php 第 39 行.
INFO: Run Api\Behaviors\PurviewBehavior [ RunTime:0.006000s ]
INFO: Run Admin\Behaviors\AdminPurviewBehavior [ RunTime:0.000000s ]
INFO: [ action_begin ] --END-- [ RunTime:0.007000s ]
NOTIC: [2048] Non-static method Api\Controller\UserController::userModifyPage() should not be called statically, assuming $this from incompatible context D:\Apache HTTP Server\x64\WebApp\AppErp\Web\Api\Controller\Aproxy\Controller.Aproxy.UserProxy.php 第 95 行.
SQL: SHOW COLUMNS FROM `app_member_address` [ RunTime:0.0480s ]
SQL: SELECT `id`,`name`,`province_id`,`city_id`,`area_id`,`phone`,`addr` FROM `app_member_address` WHERE `member_id` = 10 ORDER BY `isDefaultDate` desc,`id` desc LIMIT 1   [ RunTime:0.0090s ]
SQL: SHOW COLUMNS FROM `app_province` [ RunTime:0.0490s ]
SQL: SELECT `id`,`name` FROM `app_province` WHERE `id` = 3  [ RunTime:0.0260s ]
SQL: SHOW COLUMNS FROM `app_city` [ RunTime:0.0350s ]
SQL: SELECT `id`,`name` FROM `app_city` WHERE `id` = 75  [ RunTime:0.0070s ]
SQL: SHOW COLUMNS FROM `app_area` [ RunTime:0.0490s ]
SQL: SELECT `id`,`name` FROM `app_area` WHERE `id` = 1165  [ RunTime:0.0100s ]
SQL: SHOW COLUMNS FROM `app_member` [ RunTime:0.0460s ]
SQL: SELECT `userName`,`headPic`,`phone`,`trueName`,`modelAddtion`,`stoneAddtion`,`IsMasterAccount` FROM `app_member` WHERE `tokenKey` = 'be5fc01f10a42d5d8d5d4537ed808bad'  [ RunTime:0.0410s ]
SQL: SELECT `id`,`stoneAddtion` FROM `app_member` WHERE ( (IsMasterAccount=1 and id=10) or myMasterAccountMId=10 ) ORDER BY id desc  [ RunTime:0.0100s ]
SQL: SELECT `id`,`modelAddtion` FROM `app_member` WHERE ( (IsMasterAccount=1 and id=10) or myMasterAccountMId=10 ) ORDER BY id desc  [ RunTime:0.0770s ]
INFO: [ app_end ] --START--
INFO: Run Behavior\ShowPageTraceBehavior [ RunTime:0.000000s ]
INFO: [ app_end ] --END-- [ RunTime:0.001000s ]

[ 2017-07-05T11:14:25+08:00 ] 192.168.1.240 /api/Aproxy/userModifyPage?tokenKey=be5fc01f10a42d5d8d5d4537ed808bad
INFO: [ app_init ] --START--
INFO: Run Behavior\BuildLiteBehavior [ RunTime:0.000000s ]
INFO: [ app_init ] --END-- [ RunTime:0.000000s ]
INFO: [ app_begin ] --START--
INFO: Run Behavior\ReadHtmlCacheBehavior [ RunTime:0.000000s ]
INFO: [ app_begin ] --END-- [ RunTime:0.000000s ]
INFO: [ action_begin ] --START--
NOTIC: [8] Undefined index: userModifyPage D:\Apache HTTP Server\x64\WebApp\AppErp\Web\Api\Behaviors\PurviewBehavior.class.php 第 52 行.
NOTIC: [8] Undefined index: userModifyPage D:\Apache HTTP Server\x64\WebApp\AppErp\Web\Api\Behaviors\PurviewBehavior.class.php 第 58 行.
SQL: SHOW COLUMNS FROM `app_member` [ RunTime:0.0400s ]
SQL: SELECT `id`,`userName`,`tokenKey`,`orderErpId`,`salesErpId`,`phone` FROM `app_member` WHERE `tokenKey` = 'be5fc01f10a42d5d8d5d4537ed808bad'  [ RunTime:0.0170s ]
SQL: insert into app_user_active (member_id) VALUE (10) [ RunTime:0.0110s ]
INFO: Run Api\Behaviors\PurviewBehavior [ RunTime:0.132008s ]
INFO: Run Admin\Behaviors\AdminPurviewBehavior [ RunTime:0.000000s ]
INFO: [ action_begin ] --END-- [ RunTime:0.133008s ]
NOTIC: [2048] Non-static method Api\Controller\UserController::userModifyPage() should not be called statically, assuming $this from incompatible context D:\Apache HTTP Server\x64\WebApp\AppErp\Web\Api\Controller\Aproxy\Controller.Aproxy.UserProxy.php 第 95 行.
SQL: SHOW COLUMNS FROM `app_member_address` [ RunTime:0.0090s ]
SQL: SELECT `id`,`name`,`province_id`,`city_id`,`area_id`,`phone`,`addr` FROM `app_member_address` WHERE `member_id` = 10 ORDER BY `isDefaultDate` desc,`id` desc LIMIT 1   [ RunTime:0.0570s ]
SQL: SHOW COLUMNS FROM `app_province` [ RunTime:0.0170s ]
SQL: SELECT `id`,`name` FROM `app_province` WHERE `id` = 3  [ RunTime:0.0090s ]
SQL: SHOW COLUMNS FROM `app_city` [ RunTime:0.0120s ]
SQL: SELECT `id`,`name` FROM `app_city` WHERE `id` = 75  [ RunTime:0.0070s ]
SQL: SHOW COLUMNS FROM `app_area` [ RunTime:0.0080s ]
SQL: SELECT `id`,`name` FROM `app_area` WHERE `id` = 1165  [ RunTime:0.0060s ]
SQL: SELECT `userName`,`headPic`,`phone`,`trueName`,`modelAddtion`,`stoneAddtion`,`IsMasterAccount` FROM `app_member` WHERE `tokenKey` = 'be5fc01f10a42d5d8d5d4537ed808bad'  [ RunTime:0.0130s ]
SQL: SELECT `id`,`stoneAddtion` FROM `app_member` WHERE ( (IsMasterAccount=1 and id=10) or myMasterAccountMId=10 ) ORDER BY id desc  [ RunTime:0.0760s ]
SQL: SELECT `id`,`modelAddtion` FROM `app_member` WHERE ( (IsMasterAccount=1 and id=10) or myMasterAccountMId=10 ) ORDER BY id desc  [ RunTime:0.0060s ]
INFO: [ app_end ] --START--
INFO: Run Behavior\ShowPageTraceBehavior [ RunTime:0.001000s ]
INFO: [ app_end ] --END-- [ RunTime:0.001000s ]

[ 2017-07-05T11:15:31+08:00 ] 192.168.1.240 /api/Aproxy/userModifyPage?tokenKey=be5fc01f10a42d5d8d5d4537ed808bad
INFO: [ app_init ] --START--
INFO: Run Behavior\BuildLiteBehavior [ RunTime:0.000000s ]
INFO: [ app_init ] --END-- [ RunTime:0.001000s ]
INFO: [ app_begin ] --START--
INFO: Run Behavior\ReadHtmlCacheBehavior [ RunTime:0.000000s ]
INFO: [ app_begin ] --END-- [ RunTime:0.001000s ]
INFO: [ action_begin ] --START--
NOTIC: [8] Undefined index: userModifyPage D:\Apache HTTP Server\x64\WebApp\AppErp\Web\Api\Behaviors\PurviewBehavior.class.php 第 52 行.
NOTIC: [8] Undefined index: userModifyPage D:\Apache HTTP Server\x64\WebApp\AppErp\Web\Api\Behaviors\PurviewBehavior.class.php 第 58 行.
NOTIC: [8] Undefined index: Rejectanyuser D:\Apache HTTP Server\x64\WebApp\AppErp\Web\Common\Common\Api\flow\UserCls\flow.UserCls.UserSessionManage.php 第 39 行.
INFO: Run Api\Behaviors\PurviewBehavior [ RunTime:0.007000s ]
INFO: Run Admin\Behaviors\AdminPurviewBehavior [ RunTime:0.000000s ]
INFO: [ action_begin ] --END-- [ RunTime:0.007000s ]
NOTIC: [2048] Non-static method Api\Controller\UserController::userModifyPage() should not be called statically, assuming $this from incompatible context D:\Apache HTTP Server\x64\WebApp\AppErp\Web\Api\Controller\Aproxy\Controller.Aproxy.UserProxy.php 第 95 行.
SQL: SHOW COLUMNS FROM `app_member_address` [ RunTime:0.0230s ]
SQL: SELECT `id`,`name`,`province_id`,`city_id`,`area_id`,`phone`,`addr` FROM `app_member_address` WHERE `member_id` = 10 ORDER BY `isDefaultDate` desc,`id` desc LIMIT 1   [ RunTime:0.0090s ]
SQL: SHOW COLUMNS FROM `app_province` [ RunTime:0.0160s ]
SQL: SELECT `id`,`name` FROM `app_province` WHERE `id` = 3  [ RunTime:0.0370s ]
SQL: SHOW COLUMNS FROM `app_city` [ RunTime:0.0090s ]
SQL: SELECT `id`,`name` FROM `app_city` WHERE `id` = 75  [ RunTime:0.0190s ]
SQL: SHOW COLUMNS FROM `app_area` [ RunTime:0.0410s ]
SQL: SELECT `id`,`name` FROM `app_area` WHERE `id` = 1165  [ RunTime:0.0080s ]
SQL: SHOW COLUMNS FROM `app_member` [ RunTime:0.0230s ]
SQL: SELECT `userName`,`headPic`,`phone`,`trueName`,`modelAddtion`,`stoneAddtion`,`IsMasterAccount` FROM `app_member` WHERE `tokenKey` = 'be5fc01f10a42d5d8d5d4537ed808bad'  [ RunTime:0.0080s ]
SQL: SELECT `id`,`stoneAddtion` FROM `app_member` WHERE ( (IsMasterAccount=1 and id=10) or myMasterAccountMId=10 ) ORDER BY id desc  [ RunTime:0.0070s ]
SQL: SELECT `id`,`modelAddtion` FROM `app_member` WHERE ( (IsMasterAccount=1 and id=10) or myMasterAccountMId=10 ) ORDER BY id desc  [ RunTime:0.0080s ]
INFO: [ app_end ] --START--
INFO: Run Behavior\ShowPageTraceBehavior [ RunTime:0.001000s ]
INFO: [ app_end ] --END-- [ RunTime:0.001000s ]

[ 2017-07-05T11:29:31+08:00 ] 192.168.1.240 /api/Aproxy/modifyUserIsShowOriginalPriceDo?tokenKey=be5fc01f10a42d5d8d5d4537ed808bad&value=1
INFO: [ app_init ] --START--
INFO: Run Behavior\BuildLiteBehavior [ RunTime:0.000000s ]
INFO: [ app_init ] --END-- [ RunTime:0.001000s ]
INFO: [ app_begin ] --START--
INFO: Run Behavior\ReadHtmlCacheBehavior [ RunTime:0.001000s ]
INFO: [ app_begin ] --END-- [ RunTime:0.002000s ]
INFO: [ action_begin ] --START--
SQL: SHOW COLUMNS FROM `app_member` [ RunTime:0.0110s ]
SQL: SELECT `id`,`userName`,`tokenKey`,`orderErpId`,`salesErpId`,`phone` FROM `app_member` WHERE `tokenKey` = 'be5fc01f10a42d5d8d5d4537ed808bad'  [ RunTime:0.0080s ]
SQL: insert into app_user_active (member_id) VALUE (10) [ RunTime:0.0130s ]
INFO: Run Api\Behaviors\PurviewBehavior [ RunTime:0.090005s ]
INFO: Run Admin\Behaviors\AdminPurviewBehavior [ RunTime:0.000000s ]
INFO: [ action_begin ] --END-- [ RunTime:0.092005s ]
NOTIC: [2048] Non-static method Api\Controller\UserController::modifyUserIsShowOriginalPriceDo() should not be called statically, assuming $this from incompatible context D:\Apache HTTP Server\x64\WebApp\AppErp\Web\Api\Controller\Aproxy\Controller.Aproxy.UserProxy.php 第 111 行.
SQL: SELECT `id`,`IsMasterAccount` FROM `app_member` WHERE ( id=10 )  [ RunTime:0.0140s ]
NOTIC: [8] Undefined index: IsMasterAccount D:\Apache HTTP Server\x64\WebApp\AppErp\Web\Common\Common\Api\flow\UserCls\UserPurview\flow.UserCls.UserPurview.UserParameter.php 第 47 行.
INFO: [ app_end ] --START--
INFO: Run Behavior\ShowPageTraceBehavior [ RunTime:0.001000s ]
INFO: [ app_end ] --END-- [ RunTime:0.001000s ]

[ 2017-07-05T11:29:50+08:00 ] 192.168.1.240 /api/Aproxy/modifyUserIsShowOriginalPriceDo?tokenKey=be5fc01f10a42d5d8d5d4537ed808bad&value=1
INFO: [ app_init ] --START--
INFO: Run Behavior\BuildLiteBehavior [ RunTime:0.000000s ]
INFO: [ app_init ] --END-- [ RunTime:0.001000s ]
INFO: [ app_begin ] --START--
INFO: Run Behavior\ReadHtmlCacheBehavior [ RunTime:0.001000s ]
INFO: [ app_begin ] --END-- [ RunTime:0.001000s ]
INFO: [ action_begin ] --START--
NOTIC: [8] Undefined index: Rejectordererpuser D:\Apache HTTP Server\x64\WebApp\AppErp\Web\Common\Common\Api\flow\UserCls\flow.UserCls.UserSessionManage.php 第 39 行.
INFO: Run Api\Behaviors\PurviewBehavior [ RunTime:0.010000s ]
INFO: Run Admin\Behaviors\AdminPurviewBehavior [ RunTime:0.001000s ]
INFO: [ action_begin ] --END-- [ RunTime:0.012000s ]
NOTIC: [2048] Non-static method Api\Controller\UserController::modifyUserIsShowOriginalPriceDo() should not be called statically, assuming $this from incompatible context D:\Apache HTTP Server\x64\WebApp\AppErp\Web\Api\Controller\Aproxy\Controller.Aproxy.UserProxy.php 第 111 行.
SQL: SHOW COLUMNS FROM `app_member` [ RunTime:0.0090s ]
SQL: SELECT `id`,`IsMasterAccount` FROM `app_member` WHERE ( id=10 )  [ RunTime:0.0090s ]
NOTIC: [8] Undefined index: IsMasterAccount D:\Apache HTTP Server\x64\WebApp\AppErp\Web\Common\Common\Api\flow\UserCls\UserPurview\flow.UserCls.UserPurview.UserParameter.php 第 47 行.
INFO: [ app_end ] --START--
INFO: Run Behavior\ShowPageTraceBehavior [ RunTime:0.000000s ]
INFO: [ app_end ] --END-- [ RunTime:0.000000s ]

[ 2017-07-05T11:30:02+08:00 ] 192.168.1.240 /api/Aproxy/modifyUserIsShowOriginalPriceDo?tokenKey=be5fc01f10a42d5d8d5d4537ed808bad&value=1
INFO: [ app_init ] --START--
INFO: Run Behavior\BuildLiteBehavior [ RunTime:0.000000s ]
INFO: [ app_init ] --END-- [ RunTime:0.001000s ]
INFO: [ app_begin ] --START--
INFO: Run Behavior\ReadHtmlCacheBehavior [ RunTime:0.000000s ]
INFO: [ app_begin ] --END-- [ RunTime:0.000000s ]
INFO: [ action_begin ] --START--
NOTIC: [8] Undefined index: Rejectordererpuser D:\Apache HTTP Server\x64\WebApp\AppErp\Web\Common\Common\Api\flow\UserCls\flow.UserCls.UserSessionManage.php 第 39 行.
INFO: Run Api\Behaviors\PurviewBehavior [ RunTime:0.004001s ]
INFO: Run Admin\Behaviors\AdminPurviewBehavior [ RunTime:0.000000s ]
INFO: [ action_begin ] --END-- [ RunTime:0.004001s ]
NOTIC: [2048] Non-static method Api\Controller\UserController::modifyUserIsShowOriginalPriceDo() should not be called statically, assuming $this from incompatible context D:\Apache HTTP Server\x64\WebApp\AppErp\Web\Api\Controller\Aproxy\Controller.Aproxy.UserProxy.php 第 111 行.
SQL: SHOW COLUMNS FROM `app_member` [ RunTime:0.0090s ]
SQL: SELECT `id`,`IsMasterAccount` FROM `app_member` WHERE ( id=10 )  [ RunTime:0.0080s ]
NOTIC: [8] Undefined index: IsMasterAccount D:\Apache HTTP Server\x64\WebApp\AppErp\Web\Common\Common\Api\flow\UserCls\UserPurview\flow.UserCls.UserPurview.UserParameter.php 第 47 行.
INFO: [ app_end ] --START--
INFO: Run Behavior\ShowPageTraceBehavior [ RunTime:0.000000s ]
INFO: [ app_end ] --END-- [ RunTime:0.001000s ]

[ 2017-07-05T11:30:20+08:00 ] 192.168.1.240 /api/Aproxy/modifyUserIsShowOriginalPriceDo?tokenKey=be5fc01f10a42d5d8d5d4537ed808bad&value=1
INFO: [ app_init ] --START--
INFO: Run Behavior\BuildLiteBehavior [ RunTime:0.000000s ]
INFO: [ app_init ] --END-- [ RunTime:0.001000s ]
INFO: [ app_begin ] --START--
INFO: Run Behavior\ReadHtmlCacheBehavior [ RunTime:0.001000s ]
INFO: [ app_begin ] --END-- [ RunTime:0.001000s ]
INFO: [ action_begin ] --START--
NOTIC: [8] Undefined index: Rejectordererpuser D:\Apache HTTP Server\x64\WebApp\AppErp\Web\Common\Common\Api\flow\UserCls\flow.UserCls.UserSessionManage.php 第 39 行.
INFO: Run Api\Behaviors\PurviewBehavior [ RunTime:0.009001s ]
INFO: Run Admin\Behaviors\AdminPurviewBehavior [ RunTime:0.000000s ]
INFO: [ action_begin ] --END-- [ RunTime:0.009001s ]
NOTIC: [2048] Non-static method Api\Controller\UserController::modifyUserIsShowOriginalPriceDo() should not be called statically, assuming $this from incompatible context D:\Apache HTTP Server\x64\WebApp\AppErp\Web\Api\Controller\Aproxy\Controller.Aproxy.UserProxy.php 第 111 行.
SQL: SHOW COLUMNS FROM `app_member` [ RunTime:0.0190s ]
SQL: SELECT `id`,`IsMasterAccount` FROM `app_member` WHERE ( id=10 )  [ RunTime:0.0370s ]
NOTIC: [8] Undefined index: IsMasterAccount D:\Apache HTTP Server\x64\WebApp\AppErp\Web\Common\Common\Api\flow\UserCls\UserPurview\flow.UserCls.UserPurview.UserParameter.php 第 47 行.
INFO: [ app_end ] --START--
INFO: Run Behavior\ShowPageTraceBehavior [ RunTime:0.000000s ]
INFO: [ app_end ] --END-- [ RunTime:0.000000s ]

[ 2017-07-05T11:30:38+08:00 ] 192.168.1.240 /api/Aproxy/modifyUserIsShowOriginalPriceDo?tokenKey=be5fc01f10a42d5d8d5d4537ed808bad&value=1
INFO: [ app_init ] --START--
INFO: Run Behavior\BuildLiteBehavior [ RunTime:0.000000s ]
INFO: [ app_init ] --END-- [ RunTime:0.001000s ]
INFO: [ app_begin ] --START--
INFO: Run Behavior\ReadHtmlCacheBehavior [ RunTime:0.001000s ]
INFO: [ app_begin ] --END-- [ RunTime:0.001000s ]
INFO: [ action_begin ] --START--
NOTIC: [8] Undefined index: Rejectordererpuser D:\Apache HTTP Server\x64\WebApp\AppErp\Web\Common\Common\Api\flow\UserCls\flow.UserCls.UserSessionManage.php 第 39 行.
INFO: Run Api\Behaviors\PurviewBehavior [ RunTime:0.003001s ]
INFO: Run Admin\Behaviors\AdminPurviewBehavior [ RunTime:0.000000s ]
INFO: [ action_begin ] --END-- [ RunTime:0.004001s ]
NOTIC: [2048] Non-static method Api\Controller\UserController::modifyUserIsShowOriginalPriceDo() should not be called statically, assuming $this from incompatible context D:\Apache HTTP Server\x64\WebApp\AppErp\Web\Api\Controller\Aproxy\Controller.Aproxy.UserProxy.php 第 111 行.
SQL: SHOW COLUMNS FROM `app_member` [ RunTime:0.0140s ]
SQL: SELECT `id`,`IsMasterAccount` FROM `app_member` WHERE ( id=10 )  [ RunTime:0.0420s ]
NOTIC: [8] Undefined index: IsMasterAccount xdebug://debug-eval 第 1 行.

[ 2017-07-05T11:30:47+08:00 ] 192.168.1.240 /api/Aproxy/modifyUserIsShowOriginalPriceDo?tokenKey=be5fc01f10a42d5d8d5d4537ed808bad&value=1
INFO: [ app_init ] --START--
INFO: Run Behavior\BuildLiteBehavior [ RunTime:0.001000s ]
INFO: [ app_init ] --END-- [ RunTime:0.001000s ]
INFO: [ app_begin ] --START--
INFO: Run Behavior\ReadHtmlCacheBehavior [ RunTime:0.001000s ]
INFO: [ app_begin ] --END-- [ RunTime:0.001000s ]
INFO: [ action_begin ] --START--
NOTIC: [8] Undefined index: Rejectordererpuser D:\Apache HTTP Server\x64\WebApp\AppErp\Web\Common\Common\Api\flow\UserCls\flow.UserCls.UserSessionManage.php 第 39 行.
INFO: Run Api\Behaviors\PurviewBehavior [ RunTime:0.005001s ]
INFO: Run Admin\Behaviors\AdminPurviewBehavior [ RunTime:0.000000s ]
INFO: [ action_begin ] --END-- [ RunTime:0.005001s ]
NOTIC: [2048] Non-static method Api\Controller\UserController::modifyUserIsShowOriginalPriceDo() should not be called statically, assuming $this from incompatible context D:\Apache HTTP Server\x64\WebApp\AppErp\Web\Api\Controller\Aproxy\Controller.Aproxy.UserProxy.php 第 111 行.
SQL: SHOW COLUMNS FROM `app_member` [ RunTime:0.0080s ]
SQL: SELECT `id`,`IsMasterAccount` FROM `app_member` WHERE ( id=10 )  [ RunTime:0.0130s ]
INFO: [ app_end ] --START--
INFO: Run Behavior\ShowPageTraceBehavior [ RunTime:0.001000s ]
INFO: [ app_end ] --END-- [ RunTime:0.001000s ]

[ 2017-07-05T11:30:54+08:00 ] 192.168.1.240 /api/Aproxy/modifyUserIsShowOriginalPriceDo?tokenKey=be5fc01f10a42d5d8d5d4537ed808bad&value=1
INFO: [ app_init ] --START--
INFO: Run Behavior\BuildLiteBehavior [ RunTime:0.000000s ]
INFO: [ app_init ] --END-- [ RunTime:0.000000s ]
INFO: [ app_begin ] --START--
INFO: Run Behavior\ReadHtmlCacheBehavior [ RunTime:0.001000s ]
INFO: [ app_begin ] --END-- [ RunTime:0.001000s ]
INFO: [ action_begin ] --START--
NOTIC: [8] Undefined index: Rejectordererpuser D:\Apache HTTP Server\x64\WebApp\AppErp\Web\Common\Common\Api\flow\UserCls\flow.UserCls.UserSessionManage.php 第 39 行.
INFO: Run Api\Behaviors\PurviewBehavior [ RunTime:0.004000s ]
INFO: Run Admin\Behaviors\AdminPurviewBehavior [ RunTime:0.000000s ]
INFO: [ action_begin ] --END-- [ RunTime:0.004000s ]
NOTIC: [2048] Non-static method Api\Controller\UserController::modifyUserIsShowOriginalPriceDo() should not be called statically, assuming $this from incompatible context D:\Apache HTTP Server\x64\WebApp\AppErp\Web\Api\Controller\Aproxy\Controller.Aproxy.UserProxy.php 第 111 行.
SQL: SHOW COLUMNS FROM `app_member` [ RunTime:0.0110s ]
SQL: SELECT `id`,`IsMasterAccount` FROM `app_member` WHERE ( id=10 )  [ RunTime:0.0100s ]
INFO: [ app_end ] --START--
INFO: Run Behavior\ShowPageTraceBehavior [ RunTime:0.000000s ]
INFO: [ app_end ] --END-- [ RunTime:0.000000s ]

[ 2017-07-05T11:31:09+08:00 ] 192.168.1.240 /api/Aproxy/modifyUserIsShowOriginalPriceDo?tokenKey=be5fc01f10a42d5d8d5d4537ed808bad&value=1
INFO: [ app_init ] --START--
INFO: Run Behavior\BuildLiteBehavior [ RunTime:0.000000s ]
INFO: [ app_init ] --END-- [ RunTime:0.000000s ]
INFO: [ app_begin ] --START--
INFO: Run Behavior\ReadHtmlCacheBehavior [ RunTime:0.000000s ]
INFO: [ app_begin ] --END-- [ RunTime:0.000000s ]
INFO: [ action_begin ] --START--
NOTIC: [8] Undefined index: Rejectordererpuser D:\Apache HTTP Server\x64\WebApp\AppErp\Web\Common\Common\Api\flow\UserCls\flow.UserCls.UserSessionManage.php 第 39 行.
INFO: Run Api\Behaviors\PurviewBehavior [ RunTime:0.006000s ]
INFO: Run Admin\Behaviors\AdminPurviewBehavior [ RunTime:0.000000s ]
INFO: [ action_begin ] --END-- [ RunTime:0.008001s ]
NOTIC: [2048] Non-static method Api\Controller\UserController::modifyUserIsShowOriginalPriceDo() should not be called statically, assuming $this from incompatible context D:\Apache HTTP Server\x64\WebApp\AppErp\Web\Api\Controller\Aproxy\Controller.Aproxy.UserProxy.php 第 111 行.
SQL: SHOW COLUMNS FROM `app_member` [ RunTime:0.0140s ]
SQL: SELECT `id`,`IsMasterAccount` FROM `app_member` WHERE ( id=10 )  [ RunTime:0.0100s ]
INFO: [ app_end ] --START--
INFO: Run Behavior\ShowPageTraceBehavior [ RunTime:0.000000s ]
INFO: [ app_end ] --END-- [ RunTime:0.000000s ]

[ 2017-07-05T11:31:30+08:00 ] 192.168.1.240 /api/Aproxy/getUserIsShowOriginalPrice?tokenKey=be5fc01f10a42d5d8d5d4537ed808bad&value=1
INFO: [ app_init ] --START--
INFO: Run Behavior\BuildLiteBehavior [ RunTime:0.000000s ]
INFO: [ app_init ] --END-- [ RunTime:0.000000s ]
INFO: [ app_begin ] --START--
INFO: Run Behavior\ReadHtmlCacheBehavior [ RunTime:0.000000s ]
INFO: [ app_begin ] --END-- [ RunTime:0.001000s ]
INFO: [ action_begin ] --START--
NOTIC: [8] Undefined index: getUserIsShowOriginalPrice D:\Apache HTTP Server\x64\WebApp\AppErp\Web\Api\Behaviors\PurviewBehavior.class.php 第 52 行.
NOTIC: [8] Undefined index: getUserIsShowOriginalPrice D:\Apache HTTP Server\x64\WebApp\AppErp\Web\Api\Behaviors\PurviewBehavior.class.php 第 58 行.
NOTIC: [8] Undefined index: getUserIsShowOriginalPrice D:\Apache HTTP Server\x64\WebApp\AppErp\Web\Api\Behaviors\PurviewBehavior.class.php 第 64 行.
INFO: Run Api\Behaviors\PurviewBehavior [ RunTime:0.002000s ]
INFO: Run Admin\Behaviors\AdminPurviewBehavior [ RunTime:0.001000s ]
INFO: [ action_begin ] --END-- [ RunTime:0.004000s ]
ERR: 非法操作:getUserIsShowOriginalPrice

[ 2017-07-05T11:31:43+08:00 ] 192.168.1.240 /api/Aproxy/modifyUserIsShowOriginalPriceDo?tokenKey=be5fc01f10a42d5d8d5d4537ed808bad&value=1
INFO: [ app_init ] --START--
INFO: Run Behavior\BuildLiteBehavior [ RunTime:0.000000s ]
INFO: [ app_init ] --END-- [ RunTime:0.000000s ]
INFO: [ app_begin ] --START--
INFO: Run Behavior\ReadHtmlCacheBehavior [ RunTime:0.000000s ]
INFO: [ app_begin ] --END-- [ RunTime:0.001000s ]
INFO: [ action_begin ] --START--
NOTIC: [8] Undefined index: Rejectordererpuser D:\Apache HTTP Server\x64\WebApp\AppErp\Web\Common\Common\Api\flow\UserCls\flow.UserCls.UserSessionManage.php 第 39 行.
INFO: Run Api\Behaviors\PurviewBehavior [ RunTime:0.004000s ]
INFO: Run Admin\Behaviors\AdminPurviewBehavior [ RunTime:0.000000s ]
INFO: [ action_begin ] --END-- [ RunTime:0.004000s ]
NOTIC: [2048] Non-static method Api\Controller\UserController::modifyUserIsShowOriginalPriceDo() should not be called statically, assuming $this from incompatible context D:\Apache HTTP Server\x64\WebApp\AppErp\Web\Api\Controller\Aproxy\Controller.Aproxy.UserProxy.php 第 111 行.
SQL: SHOW COLUMNS FROM `app_member` [ RunTime:0.0820s ]
SQL: SELECT `id`,`IsMasterAccount` FROM `app_member` WHERE ( id=10 )  [ RunTime:0.0380s ]
INFO: [ app_end ] --START--
INFO: Run Behavior\ShowPageTraceBehavior [ RunTime:0.000000s ]
INFO: [ app_end ] --END-- [ RunTime:0.001000s ]

[ 2017-07-05T11:31:49+08:00 ] 192.168.1.240 /api/Aproxy/userModifyPage?tokenKey=be5fc01f10a42d5d8d5d4537ed808bad
INFO: [ app_init ] --START--
INFO: Run Behavior\BuildLiteBehavior [ RunTime:0.000000s ]
INFO: [ app_init ] --END-- [ RunTime:0.000000s ]
INFO: [ app_begin ] --START--
INFO: Run Behavior\ReadHtmlCacheBehavior [ RunTime:0.000000s ]
INFO: [ app_begin ] --END-- [ RunTime:0.001000s ]
INFO: [ action_begin ] --START--
NOTIC: [8] Undefined index: userModifyPage D:\Apache HTTP Server\x64\WebApp\AppErp\Web\Api\Behaviors\PurviewBehavior.class.php 第 52 行.
NOTIC: [8] Undefined index: userModifyPage D:\Apache HTTP Server\x64\WebApp\AppErp\Web\Api\Behaviors\PurviewBehavior.class.php 第 58 行.
NOTIC: [8] Undefined index: Rejectanyuser D:\Apache HTTP Server\x64\WebApp\AppErp\Web\Common\Common\Api\flow\UserCls\flow.UserCls.UserSessionManage.php 第 39 行.
INFO: Run Api\Behaviors\PurviewBehavior [ RunTime:0.004000s ]
INFO: Run Admin\Behaviors\AdminPurviewBehavior [ RunTime:0.000000s ]
INFO: [ action_begin ] --END-- [ RunTime:0.005000s ]
NOTIC: [2048] Non-static method Api\Controller\UserController::userModifyPage() should not be called statically, assuming $this from incompatible context D:\Apache HTTP Server\x64\WebApp\AppErp\Web\Api\Controller\Aproxy\Controller.Aproxy.UserProxy.php 第 95 行.
SQL: SHOW COLUMNS FROM `app_member_address` [ RunTime:0.0430s ]
SQL: SELECT `id`,`name`,`province_id`,`city_id`,`area_id`,`phone`,`addr` FROM `app_member_address` WHERE `member_id` = 10 ORDER BY `isDefaultDate` desc,`id` desc LIMIT 1   [ RunTime:0.0090s ]
SQL: SHOW COLUMNS FROM `app_province` [ RunTime:0.0570s ]
SQL: SELECT `id`,`name` FROM `app_province` WHERE `id` = 3  [ RunTime:0.0100s ]
SQL: SHOW COLUMNS FROM `app_city` [ RunTime:0.0090s ]
SQL: SELECT `id`,`name` FROM `app_city` WHERE `id` = 75  [ RunTime:0.0510s ]
SQL: SHOW COLUMNS FROM `app_area` [ RunTime:0.0140s ]
SQL: SELECT `id`,`name` FROM `app_area` WHERE `id` = 1165  [ RunTime:0.0410s ]
SQL: SHOW COLUMNS FROM `app_member` [ RunTime:0.0600s ]
SQL: SELECT `userName`,`headPic`,`phone`,`trueName`,`modelAddtion`,`stoneAddtion`,`IsMasterAccount` FROM `app_member` WHERE `tokenKey` = 'be5fc01f10a42d5d8d5d4537ed808bad'  [ RunTime:0.0100s ]
SQL: SELECT `id`,`stoneAddtion` FROM `app_member` WHERE ( (IsMasterAccount=1 and id=10) or myMasterAccountMId=10 ) ORDER BY id desc  [ RunTime:0.0480s ]
SQL: SELECT `id`,`modelAddtion` FROM `app_member` WHERE ( (IsMasterAccount=1 and id=10) or myMasterAccountMId=10 ) ORDER BY id desc  [ RunTime:0.0070s ]
INFO: [ app_end ] --START--
INFO: Run Behavior\ShowPageTraceBehavior [ RunTime:0.000000s ]
INFO: [ app_end ] --END-- [ RunTime:0.001000s ]

[ 2017-07-05T11:31:53+08:00 ] 192.168.1.240 /api/Aproxy/userModifyPage?tokenKey=be5fc01f10a42d5d8d5d4537ed808bad
INFO: [ app_init ] --START--
INFO: Run Behavior\BuildLiteBehavior [ RunTime:0.000000s ]
INFO: [ app_init ] --END-- [ RunTime:0.001000s ]
INFO: [ app_begin ] --START--
INFO: Run Behavior\ReadHtmlCacheBehavior [ RunTime:0.000000s ]
INFO: [ app_begin ] --END-- [ RunTime:0.000000s ]
INFO: [ action_begin ] --START--
NOTIC: [8] Undefined index: userModifyPage D:\Apache HTTP Server\x64\WebApp\AppErp\Web\Api\Behaviors\PurviewBehavior.class.php 第 52 行.
NOTIC: [8] Undefined index: userModifyPage D:\Apache HTTP Server\x64\WebApp\AppErp\Web\Api\Behaviors\PurviewBehavior.class.php 第 58 行.
NOTIC: [8] Undefined index: Rejectanyuser D:\Apache HTTP Server\x64\WebApp\AppErp\Web\Common\Common\Api\flow\UserCls\flow.UserCls.UserSessionManage.php 第 39 行.
INFO: Run Api\Behaviors\PurviewBehavior [ RunTime:0.005000s ]
INFO: Run Admin\Behaviors\AdminPurviewBehavior [ RunTime:0.001000s ]
INFO: [ action_begin ] --END-- [ RunTime:0.006000s ]
NOTIC: [2048] Non-static method Api\Controller\UserController::userModifyPage() should not be called statically, assuming $this from incompatible context D:\Apache HTTP Server\x64\WebApp\AppErp\Web\Api\Controller\Aproxy\Controller.Aproxy.UserProxy.php 第 95 行.
SQL: SHOW COLUMNS FROM `app_member_address` [ RunTime:0.0130s ]
SQL: SELECT `id`,`name`,`province_id`,`city_id`,`area_id`,`phone`,`addr` FROM `app_member_address` WHERE `member_id` = 10 ORDER BY `isDefaultDate` desc,`id` desc LIMIT 1   [ RunTime:0.0460s ]
SQL: SHOW COLUMNS FROM `app_province` [ RunTime:0.0070s ]
SQL: SELECT `id`,`name` FROM `app_province` WHERE `id` = 3  [ RunTime:0.0060s ]
SQL: SHOW COLUMNS FROM `app_city` [ RunTime:0.0580s ]
SQL: SELECT `id`,`name` FROM `app_city` WHERE `id` = 75  [ RunTime:0.0540s ]
SQL: SHOW COLUMNS FROM `app_area` [ RunTime:0.0480s ]
SQL: SELECT `id`,`name` FROM `app_area` WHERE `id` = 1165  [ RunTime:0.0320s ]
SQL: SHOW COLUMNS FROM `app_member` [ RunTime:0.0580s ]
SQL: SELECT `userName`,`headPic`,`phone`,`trueName`,`modelAddtion`,`stoneAddtion`,`IsMasterAccount` FROM `app_member` WHERE `tokenKey` = 'be5fc01f10a42d5d8d5d4537ed808bad'  [ RunTime:0.0590s ]
SQL: SELECT `id`,`stoneAddtion` FROM `app_member` WHERE ( (IsMasterAccount=1 and id=10) or myMasterAccountMId=10 ) ORDER BY id desc  [ RunTime:0.0590s ]
SQL: SELECT `id`,`modelAddtion` FROM `app_member` WHERE ( (IsMasterAccount=1 and id=10) or myMasterAccountMId=10 ) ORDER BY id desc  [ RunTime:0.0400s ]
INFO: [ app_end ] --START--
INFO: Run Behavior\ShowPageTraceBehavior [ RunTime:0.000000s ]
INFO: [ app_end ] --END-- [ RunTime:0.001000s ]

[ 2017-07-05T11:33:31+08:00 ] 192.168.1.240 /api/Aproxy/userModifyPage?tokenKey=be5fc01f10a42d5d8d5d4537ed808bad
INFO: [ app_init ] --START--
INFO: Run Behavior\BuildLiteBehavior [ RunTime:0.000000s ]
INFO: [ app_init ] --END-- [ RunTime:0.000000s ]
INFO: [ app_begin ] --START--
INFO: Run Behavior\ReadHtmlCacheBehavior [ RunTime:0.000000s ]
INFO: [ app_begin ] --END-- [ RunTime:0.000000s ]
INFO: [ action_begin ] --START--
NOTIC: [8] Undefined index: userModifyPage D:\Apache HTTP Server\x64\WebApp\AppErp\Web\Api\Behaviors\PurviewBehavior.class.php 第 52 行.
NOTIC: [8] Undefined index: userModifyPage D:\Apache HTTP Server\x64\WebApp\AppErp\Web\Api\Behaviors\PurviewBehavior.class.php 第 58 行.
SQL: SHOW COLUMNS FROM `app_member` [ RunTime:0.0190s ]
SQL: SELECT `id`,`userName`,`tokenKey`,`orderErpId`,`salesErpId`,`phone` FROM `app_member` WHERE `tokenKey` = 'be5fc01f10a42d5d8d5d4537ed808bad'  [ RunTime:0.0090s ]
SQL: insert into app_user_active (member_id) VALUE (10) [ RunTime:0.0180s ]
INFO: Run Api\Behaviors\PurviewBehavior [ RunTime:0.094005s ]
INFO: Run Admin\Behaviors\AdminPurviewBehavior [ RunTime:0.000000s ]
INFO: [ action_begin ] --END-- [ RunTime:0.094005s ]
NOTIC: [2048] Non-static method Api\Controller\UserController::userModifyPage() should not be called statically, assuming $this from incompatible context D:\Apache HTTP Server\x64\WebApp\AppErp\Web\Api\Controller\Aproxy\Controller.Aproxy.UserProxy.php 第 95 行.
SQL: SHOW COLUMNS FROM `app_member_address` [ RunTime:0.0250s ]
SQL: SELECT `id`,`name`,`province_id`,`city_id`,`area_id`,`phone`,`addr` FROM `app_member_address` WHERE `member_id` = 10 ORDER BY `isDefaultDate` desc,`id` desc LIMIT 1   [ RunTime:0.0150s ]
SQL: SHOW COLUMNS FROM `app_province` [ RunTime:0.0270s ]
SQL: SELECT `id`,`name` FROM `app_province` WHERE `id` = 3  [ RunTime:0.0100s ]
SQL: SHOW COLUMNS FROM `app_city` [ RunTime:0.0910s ]
SQL: SELECT `id`,`name` FROM `app_city` WHERE `id` = 75  [ RunTime:0.0220s ]
SQL: SHOW COLUMNS FROM `app_area` [ RunTime:0.0290s ]
SQL: SELECT `id`,`name` FROM `app_area` WHERE `id` = 1165  [ RunTime:0.0080s ]
SQL: SELECT `userName`,`headPic`,`phone`,`trueName`,`modelAddtion`,`stoneAddtion`,`IsMasterAccount` FROM `app_member` WHERE `tokenKey` = 'be5fc01f10a42d5d8d5d4537ed808bad'  [ RunTime:0.0760s ]
SQL: SELECT `id`,`stoneAddtion` FROM `app_member` WHERE ( (IsMasterAccount=1 and id=10) or myMasterAccountMId=10 ) ORDER BY id desc  [ RunTime:0.0470s ]
SQL: SELECT `id`,`modelAddtion` FROM `app_member` WHERE ( (IsMasterAccount=1 and id=10) or myMasterAccountMId=10 ) ORDER BY id desc  [ RunTime:0.0400s ]
INFO: [ app_end ] --START--
INFO: Run Behavior\ShowPageTraceBehavior [ RunTime:0.001000s ]
INFO: [ app_end ] --END-- [ RunTime:0.003000s ]

[ 2017-07-05T11:34:22+08:00 ] 192.168.1.240 /api/Aproxy/userModifyPage?tokenKey=be5fc01f10a42d5d8d5d4537ed808bad
INFO: [ app_init ] --START--
INFO: Run Behavior\BuildLiteBehavior [ RunTime:0.000000s ]
INFO: [ app_init ] --END-- [ RunTime:0.000000s ]
INFO: [ app_begin ] --START--
INFO: Run Behavior\ReadHtmlCacheBehavior [ RunTime:0.000000s ]
INFO: [ app_begin ] --END-- [ RunTime:0.001000s ]
INFO: [ action_begin ] --START--
NOTIC: [8] Undefined index: userModifyPage D:\Apache HTTP Server\x64\WebApp\AppErp\Web\Api\Behaviors\PurviewBehavior.class.php 第 52 行.
NOTIC: [8] Undefined index: userModifyPage D:\Apache HTTP Server\x64\WebApp\AppErp\Web\Api\Behaviors\PurviewBehavior.class.php 第 58 行.
NOTIC: [8] Undefined index: Rejectanyuser D:\Apache HTTP Server\x64\WebApp\AppErp\Web\Common\Common\Api\flow\UserCls\flow.UserCls.UserSessionManage.php 第 39 行.
INFO: Run Api\Behaviors\PurviewBehavior [ RunTime:0.003000s ]
INFO: Run Admin\Behaviors\AdminPurviewBehavior [ RunTime:0.000000s ]
INFO: [ action_begin ] --END-- [ RunTime:0.005000s ]
NOTIC: [2048] Non-static method Api\Controller\UserController::userModifyPage() should not be called statically, assuming $this from incompatible context D:\Apache HTTP Server\x64\WebApp\AppErp\Web\Api\Controller\Aproxy\Controller.Aproxy.UserProxy.php 第 95 行.
SQL: SHOW COLUMNS FROM `app_member_address` [ RunTime:0.0140s ]
SQL: SELECT `id`,`name`,`province_id`,`city_id`,`area_id`,`phone`,`addr` FROM `app_member_address` WHERE `member_id` = 10 ORDER BY `isDefaultDate` desc,`id` desc LIMIT 1   [ RunTime:0.0070s ]
SQL: SHOW COLUMNS FROM `app_province` [ RunTime:0.0100s ]
SQL: SELECT `id`,`name` FROM `app_province` WHERE `id` = 3  [ RunTime:0.0110s ]
SQL: SHOW COLUMNS FROM `app_city` [ RunTime:0.0080s ]
SQL: SELECT `id`,`name` FROM `app_city` WHERE `id` = 75  [ RunTime:0.0080s ]
SQL: SHOW COLUMNS FROM `app_area` [ RunTime:0.0090s ]
SQL: SELECT `id`,`name` FROM `app_area` WHERE `id` = 1165  [ RunTime:0.0180s ]
SQL: SHOW COLUMNS FROM `app_member` [ RunTime:0.0130s ]
SQL: SELECT `userName`,`headPic`,`phone`,`trueName`,`modelAddtion`,`stoneAddtion`,`IsMasterAccount` FROM `app_member` WHERE `tokenKey` = 'be5fc01f10a42d5d8d5d4537ed808bad'  [ RunTime:0.0210s ]
SQL: SELECT `id`,`stoneAddtion` FROM `app_member` WHERE ( (IsMasterAccount=1 and id=10) or myMasterAccountMId=10 ) ORDER BY id desc  [ RunTime:0.0090s ]
SQL: SELECT `id`,`modelAddtion` FROM `app_member` WHERE ( (IsMasterAccount=1 and id=10) or myMasterAccountMId=10 ) ORDER BY id desc  [ RunTime:0.0080s ]
INFO: [ app_end ] --START--
INFO: Run Behavior\ShowPageTraceBehavior [ RunTime:0.000000s ]
INFO: [ app_end ] --END-- [ RunTime:0.001000s ]

[ 2017-07-05T11:34:26+08:00 ] 192.168.1.240 /api/Aproxy/userModifyPage?tokenKey=be5fc01f10a42d5d8d5d4537ed808bad
INFO: [ app_init ] --START--
INFO: Run Behavior\BuildLiteBehavior [ RunTime:0.000000s ]
INFO: [ app_init ] --END-- [ RunTime:0.001000s ]
INFO: [ app_begin ] --START--
INFO: Run Behavior\ReadHtmlCacheBehavior [ RunTime:0.000000s ]
INFO: [ app_begin ] --END-- [ RunTime:0.000000s ]
INFO: [ action_begin ] --START--
NOTIC: [8] Undefined index: userModifyPage D:\Apache HTTP Server\x64\WebApp\AppErp\Web\Api\Behaviors\PurviewBehavior.class.php 第 52 行.
NOTIC: [8] Undefined index: userModifyPage D:\Apache HTTP Server\x64\WebApp\AppErp\Web\Api\Behaviors\PurviewBehavior.class.php 第 58 行.
NOTIC: [8] Undefined index: Rejectanyuser D:\Apache HTTP Server\x64\WebApp\AppErp\Web\Common\Common\Api\flow\UserCls\flow.UserCls.UserSessionManage.php 第 39 行.
INFO: Run Api\Behaviors\PurviewBehavior [ RunTime:0.003000s ]
INFO: Run Admin\Behaviors\AdminPurviewBehavior [ RunTime:0.001000s ]
INFO: [ action_begin ] --END-- [ RunTime:0.004000s ]
NOTIC: [2048] Non-static method Api\Controller\UserController::userModifyPage() should not be called statically, assuming $this from incompatible context D:\Apache HTTP Server\x64\WebApp\AppErp\Web\Api\Controller\Aproxy\Controller.Aproxy.UserProxy.php 第 95 行.
SQL: SHOW COLUMNS FROM `app_member_address` [ RunTime:0.0100s ]
SQL: SELECT `id`,`name`,`province_id`,`city_id`,`area_id`,`phone`,`addr` FROM `app_member_address` WHERE `member_id` = 10 ORDER BY `isDefaultDate` desc,`id` desc LIMIT 1   [ RunTime:0.0460s ]
SQL: SHOW COLUMNS FROM `app_province` [ RunTime:0.0160s ]
SQL: SELECT `id`,`name` FROM `app_province` WHERE `id` = 3  [ RunTime:0.0460s ]
SQL: SHOW COLUMNS FROM `app_city` [ RunTime:0.0110s ]
SQL: SELECT `id`,`name` FROM `app_city` WHERE `id` = 75  [ RunTime:0.0510s ]
SQL: SHOW COLUMNS FROM `app_area` [ RunTime:0.0090s ]
SQL: SELECT `id`,`name` FROM `app_area` WHERE `id` = 1165  [ RunTime:0.0430s ]
SQL: SHOW COLUMNS FROM `app_member` [ RunTime:0.0120s ]
SQL: SELECT `userName`,`headPic`,`phone`,`trueName`,`modelAddtion`,`stoneAddtion`,`IsMasterAccount` FROM `app_member` WHERE `tokenKey` = 'be5fc01f10a42d5d8d5d4537ed808bad'  [ RunTime:0.0410s ]
SQL: SELECT `id`,`stoneAddtion` FROM `app_member` WHERE ( (IsMasterAccount=1 and id=10) or myMasterAccountMId=10 ) ORDER BY id desc  [ RunTime:0.0380s ]
SQL: SELECT `id`,`modelAddtion` FROM `app_member` WHERE ( (IsMasterAccount=1 and id=10) or myMasterAccountMId=10 ) ORDER BY id desc  [ RunTime:0.0140s ]
INFO: [ app_end ] --START--
INFO: Run Behavior\ShowPageTraceBehavior [ RunTime:0.001000s ]
INFO: [ app_end ] --END-- [ RunTime:0.001000s ]

[ 2017-07-05T11:34:33+08:00 ] 192.168.1.240 /api/Aproxy/userModifyPage?tokenKey=be5fc01f10a42d5d8d5d4537ed808bad
INFO: [ app_init ] --START--
INFO: Run Behavior\BuildLiteBehavior [ RunTime:0.000000s ]
INFO: [ app_init ] --END-- [ RunTime:0.000000s ]
INFO: [ app_begin ] --START--
INFO: Run Behavior\ReadHtmlCacheBehavior [ RunTime:0.001000s ]
INFO: [ app_begin ] --END-- [ RunTime:0.001000s ]
INFO: [ action_begin ] --START--
NOTIC: [8] Undefined index: userModifyPage D:\Apache HTTP Server\x64\WebApp\AppErp\Web\Api\Behaviors\PurviewBehavior.class.php 第 52 行.
NOTIC: [8] Undefined index: userModifyPage D:\Apache HTTP Server\x64\WebApp\AppErp\Web\Api\Behaviors\PurviewBehavior.class.php 第 58 行.
NOTIC: [8] Undefined index: Rejectanyuser D:\Apache HTTP Server\x64\WebApp\AppErp\Web\Common\Common\Api\flow\UserCls\flow.UserCls.UserSessionManage.php 第 39 行.
INFO: Run Api\Behaviors\PurviewBehavior [ RunTime:0.004000s ]
INFO: Run Admin\Behaviors\AdminPurviewBehavior [ RunTime:0.000000s ]
INFO: [ action_begin ] --END-- [ RunTime:0.004000s ]
NOTIC: [2048] Non-static method Api\Controller\UserController::userModifyPage() should not be called statically, assuming $this from incompatible context D:\Apache HTTP Server\x64\WebApp\AppErp\Web\Api\Controller\Aproxy\Controller.Aproxy.UserProxy.php 第 95 行.
SQL: SHOW COLUMNS FROM `app_member_address` [ RunTime:0.0110s ]
SQL: SELECT `id`,`name`,`province_id`,`city_id`,`area_id`,`phone`,`addr` FROM `app_member_address` WHERE `member_id` = 10 ORDER BY `isDefaultDate` desc,`id` desc LIMIT 1   [ RunTime:0.0100s ]
SQL: SHOW COLUMNS FROM `app_province` [ RunTime:0.0160s ]
SQL: SELECT `id`,`name` FROM `app_province` WHERE `id` = 3  [ RunTime:0.0080s ]
SQL: SHOW COLUMNS FROM `app_city` [ RunTime:0.0100s ]
SQL: SELECT `id`,`name` FROM `app_city` WHERE `id` = 75  [ RunTime:0.0080s ]
SQL: SHOW COLUMNS FROM `app_area` [ RunTime:0.0100s ]
SQL: SELECT `id`,`name` FROM `app_area` WHERE `id` = 1165  [ RunTime:0.0080s ]
SQL: SHOW COLUMNS FROM `app_member` [ RunTime:0.0080s ]
SQL: SELECT `userName`,`headPic`,`phone`,`trueName`,`modelAddtion`,`stoneAddtion`,`IsMasterAccount` FROM `app_member` WHERE `tokenKey` = 'be5fc01f10a42d5d8d5d4537ed808bad'  [ RunTime:0.0090s ]
SQL: SELECT `id`,`stoneAddtion` FROM `app_member` WHERE ( (IsMasterAccount=1 and id=10) or myMasterAccountMId=10 ) ORDER BY id desc  [ RunTime:0.0090s ]
SQL: SELECT `id`,`modelAddtion` FROM `app_member` WHERE ( (IsMasterAccount=1 and id=10) or myMasterAccountMId=10 ) ORDER BY id desc  [ RunTime:0.0070s ]
INFO: [ app_end ] --START--
INFO: Run Behavior\ShowPageTraceBehavior [ RunTime:0.000000s ]
INFO: [ app_end ] --END-- [ RunTime:0.001000s ]

[ 2017-07-05T11:34:49+08:00 ] 192.168.1.240 /api/Aproxy/userModifyPage?tokenKey=be5fc01f10a42d5d8d5d4537ed808bad
INFO: [ app_init ] --START--
INFO: Run Behavior\BuildLiteBehavior [ RunTime:0.000000s ]
INFO: [ app_init ] --END-- [ RunTime:0.001000s ]
INFO: [ app_begin ] --START--
INFO: Run Behavior\ReadHtmlCacheBehavior [ RunTime:0.001000s ]
INFO: [ app_begin ] --END-- [ RunTime:0.001000s ]
INFO: [ action_begin ] --START--
NOTIC: [8] Undefined index: userModifyPage D:\Apache HTTP Server\x64\WebApp\AppErp\Web\Api\Behaviors\PurviewBehavior.class.php 第 52 行.
NOTIC: [8] Undefined index: userModifyPage D:\Apache HTTP Server\x64\WebApp\AppErp\Web\Api\Behaviors\PurviewBehavior.class.php 第 58 行.
NOTIC: [8] Undefined index: Rejectanyuser D:\Apache HTTP Server\x64\WebApp\AppErp\Web\Common\Common\Api\flow\UserCls\flow.UserCls.UserSessionManage.php 第 39 行.
INFO: Run Api\Behaviors\PurviewBehavior [ RunTime:0.007000s ]
INFO: Run Admin\Behaviors\AdminPurviewBehavior [ RunTime:0.001000s ]
INFO: [ action_begin ] --END-- [ RunTime:0.008000s ]
NOTIC: [2048] Non-static method Api\Controller\UserController::userModifyPage() should not be called statically, assuming $this from incompatible context D:\Apache HTTP Server\x64\WebApp\AppErp\Web\Api\Controller\Aproxy\Controller.Aproxy.UserProxy.php 第 95 行.
SQL: SHOW COLUMNS FROM `app_member_address` [ RunTime:0.0490s ]
SQL: SELECT `id`,`name`,`province_id`,`city_id`,`area_id`,`phone`,`addr` FROM `app_member_address` WHERE `member_id` = 10 ORDER BY `isDefaultDate` desc,`id` desc LIMIT 1   [ RunTime:0.0090s ]
SQL: SHOW COLUMNS FROM `app_province` [ RunTime:0.0500s ]
SQL: SELECT `id`,`name` FROM `app_province` WHERE `id` = 3  [ RunTime:0.0510s ]
SQL: SHOW COLUMNS FROM `app_city` [ RunTime:0.0100s ]
SQL: SELECT `id`,`name` FROM `app_city` WHERE `id` = 75  [ RunTime:0.0470s ]
SQL: SHOW COLUMNS FROM `app_area` [ RunTime:0.0080s ]
SQL: SELECT `id`,`name` FROM `app_area` WHERE `id` = 1165  [ RunTime:0.0480s ]
SQL: SHOW COLUMNS FROM `app_member` [ RunTime:0.0120s ]
SQL: SELECT `userName`,`headPic`,`phone`,`trueName`,`modelAddtion`,`stoneAddtion`,`IsMasterAccount` FROM `app_member` WHERE `tokenKey` = 'be5fc01f10a42d5d8d5d4537ed808bad'  [ RunTime:0.0510s ]
SQL: SELECT `id`,`stoneAddtion` FROM `app_member` WHERE ( (IsMasterAccount=1 and id=10) or myMasterAccountMId=10 ) ORDER BY id desc  [ RunTime:0.0490s ]
SQL: SELECT `id`,`modelAddtion` FROM `app_member` WHERE ( (IsMasterAccount=1 and id=10) or myMasterAccountMId=10 ) ORDER BY id desc  [ RunTime:0.0320s ]
INFO: [ app_end ] --START--
INFO: Run Behavior\ShowPageTraceBehavior [ RunTime:0.000000s ]
INFO: [ app_end ] --END-- [ RunTime:0.001000s ]

