[ 2017-07-06T10:00:35+08:00 ] 192.168.1.240 /admin
INFO: [ app_init ] --START--
INFO: Run Behavior\BuildLiteBehavior [ RunTime:0.000000s ]
INFO: [ app_init ] --END-- [ RunTime:0.004001s ]
INFO: [ app_begin ] --START--
INFO: Run Behavior\ReadHtmlCacheBehavior [ RunTime:0.003000s ]
INFO: [ app_begin ] --END-- [ RunTime:0.003000s ]
INFO: [ action_begin ] --START--
NOTIC: [8] Undefined index: index D:\Apache HTTP Server\x64\WebApp\AppErp\Web\Api\Behaviors\PurviewBehavior.class.php 第 52 行.
NOTIC: [8] Undefined index: index D:\Apache HTTP Server\x64\WebApp\AppErp\Web\Api\Behaviors\PurviewBehavior.class.php 第 58 行.
NOTIC: [8] Undefined index: index D:\Apache HTTP Server\x64\WebApp\AppErp\Web\Api\Behaviors\PurviewBehavior.class.php 第 64 行.
INFO: Run Api\Behaviors\PurviewBehavior [ RunTime:0.033002s ]
INFO: Run Admin\Behaviors\AdminPurviewBehavior [ RunTime:0.015001s ]
INFO: [ action_begin ] --END-- [ RunTime:0.050003s ]
INFO: [ view_parse ] --START--
INFO: [ template_filter ] --START--
INFO: Run Behavior\ContentReplaceBehavior [ RunTime:0.001000s ]
INFO: [ template_filter ] --END-- [ RunTime:0.002000s ]
INFO: Run Behavior\ParseTemplateBehavior [ RunTime:0.036002s ]
INFO: [ view_parse ] --END-- [ RunTime:0.036002s ]
INFO: [ view_filter ] --START--
INFO: Run Behavior\WriteHtmlCacheBehavior [ RunTime:0.001000s ]
INFO: [ view_filter ] --END-- [ RunTime:0.002000s ]
INFO: [ app_end ] --START--
INFO: Run Behavior\ShowPageTraceBehavior [ RunTime:0.003000s ]
INFO: [ app_end ] --END-- [ RunTime:0.003000s ]

[ 2017-07-06T10:00:37+08:00 ] 192.168.1.240 /admin/index/login
INFO: [ app_init ] --START--
INFO: Run Behavior\BuildLiteBehavior [ RunTime:0.000000s ]
INFO: [ app_init ] --END-- [ RunTime:0.001000s ]
INFO: [ app_begin ] --START--
INFO: Run Behavior\ReadHtmlCacheBehavior [ RunTime:0.000000s ]
INFO: [ app_begin ] --END-- [ RunTime:0.001000s ]
INFO: [ action_begin ] --START--
NOTIC: [8] Undefined index: login D:\Apache HTTP Server\x64\WebApp\AppErp\Web\Api\Behaviors\PurviewBehavior.class.php 第 52 行.
NOTIC: [8] Undefined index: login D:\Apache HTTP Server\x64\WebApp\AppErp\Web\Api\Behaviors\PurviewBehavior.class.php 第 58 行.
NOTIC: [8] Undefined index: login D:\Apache HTTP Server\x64\WebApp\AppErp\Web\Api\Behaviors\PurviewBehavior.class.php 第 64 行.
INFO: Run Api\Behaviors\PurviewBehavior [ RunTime:0.004000s ]
INFO: Run Admin\Behaviors\AdminPurviewBehavior [ RunTime:0.001000s ]
INFO: [ action_begin ] --END-- [ RunTime:0.005000s ]
INFO: [ view_parse ] --START--
INFO: [ template_filter ] --START--
INFO: Run Behavior\ContentReplaceBehavior [ RunTime:0.000000s ]
INFO: [ template_filter ] --END-- [ RunTime:0.000000s ]
INFO: Run Behavior\ParseTemplateBehavior [ RunTime:0.045002s ]
INFO: [ view_parse ] --END-- [ RunTime:0.045002s ]
INFO: [ view_filter ] --START--
INFO: Run Behavior\WriteHtmlCacheBehavior [ RunTime:0.000000s ]
INFO: [ view_filter ] --END-- [ RunTime:0.000000s ]
INFO: [ app_end ] --START--
INFO: Run Behavior\ShowPageTraceBehavior [ RunTime:0.000000s ]
INFO: [ app_end ] --END-- [ RunTime:0.001000s ]

[ 2017-07-06T10:01:51+08:00 ] 192.168.1.240 /admin/AdminApi/loginDo?pwd=mstar&user=qianxi
INFO: [ app_init ] --START--
INFO: Run Behavior\BuildLiteBehavior [ RunTime:0.000000s ]
INFO: [ app_init ] --END-- [ RunTime:0.001000s ]
INFO: [ app_begin ] --START--
INFO: Run Behavior\ReadHtmlCacheBehavior [ RunTime:0.000000s ]
INFO: [ app_begin ] --END-- [ RunTime:0.001000s ]
INFO: [ action_begin ] --START--
NOTIC: [8] Undefined index: loginDo D:\Apache HTTP Server\x64\WebApp\AppErp\Web\Api\Behaviors\PurviewBehavior.class.php 第 52 行.
NOTIC: [8] Undefined index: loginDo D:\Apache HTTP Server\x64\WebApp\AppErp\Web\Api\Behaviors\PurviewBehavior.class.php 第 58 行.
NOTIC: [8] Undefined index: loginDo D:\Apache HTTP Server\x64\WebApp\AppErp\Web\Api\Behaviors\PurviewBehavior.class.php 第 64 行.
INFO: Run Api\Behaviors\PurviewBehavior [ RunTime:0.004000s ]
INFO: Run Admin\Behaviors\AdminPurviewBehavior [ RunTime:0.001000s ]
INFO: [ action_begin ] --END-- [ RunTime:0.005000s ]
INFO: [ app_end ] --START--
INFO: Run Behavior\ShowPageTraceBehavior [ RunTime:0.001000s ]
INFO: [ app_end ] --END-- [ RunTime:0.001000s ]

[ 2017-07-06T10:01:53+08:00 ] 192.168.1.240 /admin/index
INFO: [ app_init ] --START--
INFO: Run Behavior\BuildLiteBehavior [ RunTime:0.000000s ]
INFO: [ app_init ] --END-- [ RunTime:0.001000s ]
INFO: [ app_begin ] --START--
INFO: Run Behavior\ReadHtmlCacheBehavior [ RunTime:0.001000s ]
INFO: [ app_begin ] --END-- [ RunTime:0.001000s ]
INFO: [ action_begin ] --START--
NOTIC: [8] Undefined index: index D:\Apache HTTP Server\x64\WebApp\AppErp\Web\Api\Behaviors\PurviewBehavior.class.php 第 52 行.
NOTIC: [8] Undefined index: index D:\Apache HTTP Server\x64\WebApp\AppErp\Web\Api\Behaviors\PurviewBehavior.class.php 第 58 行.
NOTIC: [8] Undefined index: index D:\Apache HTTP Server\x64\WebApp\AppErp\Web\Api\Behaviors\PurviewBehavior.class.php 第 64 行.
INFO: Run Api\Behaviors\PurviewBehavior [ RunTime:0.003000s ]
INFO: Run Admin\Behaviors\AdminPurviewBehavior [ RunTime:0.001001s ]
INFO: [ action_begin ] --END-- [ RunTime:0.006001s ]
INFO: [ view_parse ] --START--
INFO: [ template_filter ] --START--
INFO: Run Behavior\ContentReplaceBehavior [ RunTime:0.000000s ]
INFO: [ template_filter ] --END-- [ RunTime:0.001000s ]
INFO: Run Behavior\ParseTemplateBehavior [ RunTime:0.017001s ]
INFO: [ view_parse ] --END-- [ RunTime:0.017001s ]
INFO: [ view_filter ] --START--
INFO: Run Behavior\WriteHtmlCacheBehavior [ RunTime:0.001000s ]
INFO: [ view_filter ] --END-- [ RunTime:0.001000s ]
INFO: [ app_end ] --START--
INFO: Run Behavior\ShowPageTraceBehavior [ RunTime:0.001000s ]
INFO: [ app_end ] --END-- [ RunTime:0.001000s ]

[ 2017-07-06T10:01:55+08:00 ] 192.168.1.240 /admin/index/indexTop
INFO: [ app_init ] --START--
INFO: Run Behavior\BuildLiteBehavior [ RunTime:0.000000s ]
INFO: [ app_init ] --END-- [ RunTime:0.001000s ]
INFO: [ app_begin ] --START--
INFO: Run Behavior\ReadHtmlCacheBehavior [ RunTime:0.000000s ]
INFO: [ app_begin ] --END-- [ RunTime:0.003000s ]
INFO: [ action_begin ] --START--
NOTIC: [8] Undefined index: indexTop D:\Apache HTTP Server\x64\WebApp\AppErp\Web\Api\Behaviors\PurviewBehavior.class.php 第 52 行.
NOTIC: [8] Undefined index: indexTop D:\Apache HTTP Server\x64\WebApp\AppErp\Web\Api\Behaviors\PurviewBehavior.class.php 第 58 行.
NOTIC: [8] Undefined index: indexTop D:\Apache HTTP Server\x64\WebApp\AppErp\Web\Api\Behaviors\PurviewBehavior.class.php 第 64 行.
INFO: Run Api\Behaviors\PurviewBehavior [ RunTime:0.003000s ]
INFO: Run Admin\Behaviors\AdminPurviewBehavior [ RunTime:0.001000s ]
INFO: [ action_begin ] --END-- [ RunTime:0.005000s ]
INFO: [ view_parse ] --START--
INFO: [ template_filter ] --START--
INFO: Run Behavior\ContentReplaceBehavior [ RunTime:0.000000s ]
INFO: [ template_filter ] --END-- [ RunTime:0.000000s ]
INFO: Run Behavior\ParseTemplateBehavior [ RunTime:0.025002s ]
INFO: [ view_parse ] --END-- [ RunTime:0.025002s ]
INFO: [ view_filter ] --START--
INFO: Run Behavior\WriteHtmlCacheBehavior [ RunTime:0.000000s ]
INFO: [ view_filter ] --END-- [ RunTime:0.001000s ]
INFO: [ app_end ] --START--
INFO: Run Behavior\ShowPageTraceBehavior [ RunTime:0.000000s ]
INFO: [ app_end ] --END-- [ RunTime:0.000000s ]

[ 2017-07-06T10:01:56+08:00 ] 192.168.1.240 /admin/index/indexLeft
INFO: [ app_init ] --START--
INFO: Run Behavior\BuildLiteBehavior [ RunTime:0.001000s ]
INFO: [ app_init ] --END-- [ RunTime:0.001000s ]
INFO: [ app_begin ] --START--
INFO: Run Behavior\ReadHtmlCacheBehavior [ RunTime:0.000000s ]
INFO: [ app_begin ] --END-- [ RunTime:0.002000s ]
INFO: [ action_begin ] --START--
NOTIC: [8] Undefined index: indexLeft D:\Apache HTTP Server\x64\WebApp\AppErp\Web\Api\Behaviors\PurviewBehavior.class.php 第 52 行.
NOTIC: [8] Undefined index: indexLeft D:\Apache HTTP Server\x64\WebApp\AppErp\Web\Api\Behaviors\PurviewBehavior.class.php 第 58 行.
NOTIC: [8] Undefined index: indexLeft D:\Apache HTTP Server\x64\WebApp\AppErp\Web\Api\Behaviors\PurviewBehavior.class.php 第 64 行.
INFO: Run Api\Behaviors\PurviewBehavior [ RunTime:0.005001s ]
INFO: Run Admin\Behaviors\AdminPurviewBehavior [ RunTime:0.001000s ]
INFO: [ action_begin ] --END-- [ RunTime:0.007001s ]
INFO: [ view_parse ] --START--
INFO: [ template_filter ] --START--
INFO: Run Behavior\ContentReplaceBehavior [ RunTime:0.001000s ]
INFO: [ template_filter ] --END-- [ RunTime:0.001000s ]
INFO: Run Behavior\ParseTemplateBehavior [ RunTime:0.027002s ]
INFO: [ view_parse ] --END-- [ RunTime:0.028002s ]
INFO: [ view_filter ] --START--
INFO: Run Behavior\WriteHtmlCacheBehavior [ RunTime:0.000000s ]
INFO: [ view_filter ] --END-- [ RunTime:0.001000s ]
INFO: [ app_end ] --START--
INFO: Run Behavior\ShowPageTraceBehavior [ RunTime:0.001000s ]
INFO: [ app_end ] --END-- [ RunTime:0.001000s ]

[ 2017-07-06T10:01:57+08:00 ] 192.168.1.240 /admin/index/indexMain
INFO: [ app_init ] --START--
INFO: Run Behavior\BuildLiteBehavior [ RunTime:0.000000s ]
INFO: [ app_init ] --END-- [ RunTime:0.001000s ]
INFO: [ app_begin ] --START--
INFO: Run Behavior\ReadHtmlCacheBehavior [ RunTime:0.000000s ]
INFO: [ app_begin ] --END-- [ RunTime:0.002000s ]
INFO: [ action_begin ] --START--
NOTIC: [8] Undefined index: indexMain D:\Apache HTTP Server\x64\WebApp\AppErp\Web\Api\Behaviors\PurviewBehavior.class.php 第 52 行.
NOTIC: [8] Undefined index: indexMain D:\Apache HTTP Server\x64\WebApp\AppErp\Web\Api\Behaviors\PurviewBehavior.class.php 第 58 行.
NOTIC: [8] Undefined index: indexMain D:\Apache HTTP Server\x64\WebApp\AppErp\Web\Api\Behaviors\PurviewBehavior.class.php 第 64 行.
INFO: Run Api\Behaviors\PurviewBehavior [ RunTime:0.004000s ]
INFO: Run Admin\Behaviors\AdminPurviewBehavior [ RunTime:0.001000s ]
INFO: [ action_begin ] --END-- [ RunTime:0.007000s ]
INFO: [ view_parse ] --START--
INFO: [ template_filter ] --START--
INFO: Run Behavior\ContentReplaceBehavior [ RunTime:0.001000s ]
INFO: [ template_filter ] --END-- [ RunTime:0.001000s ]
INFO: Run Behavior\ParseTemplateBehavior [ RunTime:0.017001s ]
INFO: [ view_parse ] --END-- [ RunTime:0.018001s ]
INFO: [ view_filter ] --START--
INFO: Run Behavior\WriteHtmlCacheBehavior [ RunTime:0.000000s ]
INFO: [ view_filter ] --END-- [ RunTime:0.002000s ]
INFO: [ app_end ] --START--
INFO: Run Behavior\ShowPageTraceBehavior [ RunTime:0.000000s ]
INFO: [ app_end ] --END-- [ RunTime:0.002000s ]

[ 2017-07-06T11:59:17+08:00 ] 192.168.1.240 /admin
INFO: [ app_init ] --START--
INFO: Run Behavior\BuildLiteBehavior [ RunTime:0.000000s ]
INFO: [ app_init ] --END-- [ RunTime:0.001000s ]
INFO: [ app_begin ] --START--
INFO: Run Behavior\ReadHtmlCacheBehavior [ RunTime:0.001000s ]
INFO: [ app_begin ] --END-- [ RunTime:0.002000s ]
INFO: [ action_begin ] --START--
NOTIC: [8] Undefined index: index D:\Apache HTTP Server\x64\WebApp\AppErp\Web\Api\Behaviors\PurviewBehavior.class.php 第 52 行.
NOTIC: [8] Undefined index: index D:\Apache HTTP Server\x64\WebApp\AppErp\Web\Api\Behaviors\PurviewBehavior.class.php 第 58 行.
NOTIC: [8] Undefined index: index D:\Apache HTTP Server\x64\WebApp\AppErp\Web\Api\Behaviors\PurviewBehavior.class.php 第 64 行.
INFO: Run Api\Behaviors\PurviewBehavior [ RunTime:0.003000s ]
INFO: Run Admin\Behaviors\AdminPurviewBehavior [ RunTime:0.001000s ]
INFO: [ action_begin ] --END-- [ RunTime:0.004000s ]
INFO: [ view_parse ] --START--
INFO: [ template_filter ] --START--
INFO: Run Behavior\ContentReplaceBehavior [ RunTime:0.001000s ]
INFO: [ template_filter ] --END-- [ RunTime:0.001000s ]
INFO: Run Behavior\ParseTemplateBehavior [ RunTime:0.011001s ]
INFO: [ view_parse ] --END-- [ RunTime:0.011001s ]
INFO: [ view_filter ] --START--
INFO: Run Behavior\WriteHtmlCacheBehavior [ RunTime:0.001000s ]
INFO: [ view_filter ] --END-- [ RunTime:0.001000s ]
INFO: [ app_end ] --START--
INFO: Run Behavior\ShowPageTraceBehavior [ RunTime:0.001000s ]
INFO: [ app_end ] --END-- [ RunTime:0.001000s ]

[ 2017-07-06T11:59:17+08:00 ] 192.168.1.240 /admin/index/login
INFO: [ app_init ] --START--
INFO: Run Behavior\BuildLiteBehavior [ RunTime:0.000000s ]
INFO: [ app_init ] --END-- [ RunTime:0.000000s ]
INFO: [ app_begin ] --START--
INFO: Run Behavior\ReadHtmlCacheBehavior [ RunTime:0.000000s ]
INFO: [ app_begin ] --END-- [ RunTime:0.000000s ]
INFO: [ action_begin ] --START--
NOTIC: [8] Undefined index: login D:\Apache HTTP Server\x64\WebApp\AppErp\Web\Api\Behaviors\PurviewBehavior.class.php 第 52 行.
NOTIC: [8] Undefined index: login D:\Apache HTTP Server\x64\WebApp\AppErp\Web\Api\Behaviors\PurviewBehavior.class.php 第 58 行.
NOTIC: [8] Undefined index: login D:\Apache HTTP Server\x64\WebApp\AppErp\Web\Api\Behaviors\PurviewBehavior.class.php 第 64 行.
INFO: Run Api\Behaviors\PurviewBehavior [ RunTime:0.001000s ]
INFO: Run Admin\Behaviors\AdminPurviewBehavior [ RunTime:0.000000s ]
INFO: [ action_begin ] --END-- [ RunTime:0.002000s ]
INFO: [ view_parse ] --START--
INFO: [ template_filter ] --START--
INFO: Run Behavior\ContentReplaceBehavior [ RunTime:0.000000s ]
INFO: [ template_filter ] --END-- [ RunTime:0.000000s ]
INFO: Run Behavior\ParseTemplateBehavior [ RunTime:0.008000s ]
INFO: [ view_parse ] --END-- [ RunTime:0.008000s ]
INFO: [ view_filter ] --START--
INFO: Run Behavior\WriteHtmlCacheBehavior [ RunTime:0.000000s ]
INFO: [ view_filter ] --END-- [ RunTime:0.000000s ]
INFO: [ app_end ] --START--
INFO: Run Behavior\ShowPageTraceBehavior [ RunTime:0.000000s ]
INFO: [ app_end ] --END-- [ RunTime:0.000000s ]

[ 2017-07-06T11:59:20+08:00 ] 192.168.1.240 /admin/AdminApi/loginDo?pwd=mstar&user=qianxi
INFO: [ app_init ] --START--
INFO: Run Behavior\BuildLiteBehavior [ RunTime:0.000000s ]
INFO: [ app_init ] --END-- [ RunTime:0.002000s ]
INFO: [ app_begin ] --START--
INFO: Run Behavior\ReadHtmlCacheBehavior [ RunTime:0.000000s ]
INFO: [ app_begin ] --END-- [ RunTime:0.001000s ]
INFO: [ action_begin ] --START--
NOTIC: [8] Undefined index: loginDo D:\Apache HTTP Server\x64\WebApp\AppErp\Web\Api\Behaviors\PurviewBehavior.class.php 第 52 行.
NOTIC: [8] Undefined index: loginDo D:\Apache HTTP Server\x64\WebApp\AppErp\Web\Api\Behaviors\PurviewBehavior.class.php 第 58 行.
NOTIC: [8] Undefined index: loginDo D:\Apache HTTP Server\x64\WebApp\AppErp\Web\Api\Behaviors\PurviewBehavior.class.php 第 64 行.
INFO: Run Api\Behaviors\PurviewBehavior [ RunTime:0.004000s ]
INFO: Run Admin\Behaviors\AdminPurviewBehavior [ RunTime:0.001000s ]
INFO: [ action_begin ] --END-- [ RunTime:0.006000s ]
INFO: [ app_end ] --START--
INFO: Run Behavior\ShowPageTraceBehavior [ RunTime:0.001001s ]
INFO: [ app_end ] --END-- [ RunTime:0.001001s ]

[ 2017-07-06T11:59:20+08:00 ] 192.168.1.240 /admin/index
INFO: [ app_init ] --START--
INFO: Run Behavior\BuildLiteBehavior [ RunTime:0.000000s ]
INFO: [ app_init ] --END-- [ RunTime:0.000000s ]
INFO: [ app_begin ] --START--
INFO: Run Behavior\ReadHtmlCacheBehavior [ RunTime:0.000000s ]
INFO: [ app_begin ] --END-- [ RunTime:0.000000s ]
INFO: [ action_begin ] --START--
NOTIC: [8] Undefined index: index D:\Apache HTTP Server\x64\WebApp\AppErp\Web\Api\Behaviors\PurviewBehavior.class.php 第 52 行.
NOTIC: [8] Undefined index: index D:\Apache HTTP Server\x64\WebApp\AppErp\Web\Api\Behaviors\PurviewBehavior.class.php 第 58 行.
NOTIC: [8] Undefined index: index D:\Apache HTTP Server\x64\WebApp\AppErp\Web\Api\Behaviors\PurviewBehavior.class.php 第 64 行.
INFO: Run Api\Behaviors\PurviewBehavior [ RunTime:0.002000s ]
INFO: Run Admin\Behaviors\AdminPurviewBehavior [ RunTime:0.001000s ]
INFO: [ action_begin ] --END-- [ RunTime:0.004000s ]
INFO: [ view_parse ] --START--
INFO: [ template_filter ] --START--
INFO: Run Behavior\ContentReplaceBehavior [ RunTime:0.000000s ]
INFO: [ template_filter ] --END-- [ RunTime:0.001000s ]
INFO: Run Behavior\ParseTemplateBehavior [ RunTime:0.005000s ]
INFO: [ view_parse ] --END-- [ RunTime:0.005000s ]
INFO: [ view_filter ] --START--
INFO: Run Behavior\WriteHtmlCacheBehavior [ RunTime:0.001000s ]
INFO: [ view_filter ] --END-- [ RunTime:0.001000s ]
INFO: [ app_end ] --START--
INFO: Run Behavior\ShowPageTraceBehavior [ RunTime:0.000000s ]
INFO: [ app_end ] --END-- [ RunTime:0.000000s ]

[ 2017-07-06T11:59:21+08:00 ] 192.168.1.240 /admin/index/indexMain
INFO: [ app_init ] --START--
INFO: Run Behavior\BuildLiteBehavior [ RunTime:0.000000s ]
INFO: [ app_init ] --END-- [ RunTime:0.000000s ]
INFO: [ app_begin ] --START--
INFO: Run Behavior\ReadHtmlCacheBehavior [ RunTime:0.000000s ]
INFO: [ app_begin ] --END-- [ RunTime:0.000000s ]
INFO: [ action_begin ] --START--
NOTIC: [8] Undefined index: indexMain D:\Apache HTTP Server\x64\WebApp\AppErp\Web\Api\Behaviors\PurviewBehavior.class.php 第 52 行.
NOTIC: [8] Undefined index: indexMain D:\Apache HTTP Server\x64\WebApp\AppErp\Web\Api\Behaviors\PurviewBehavior.class.php 第 58 行.
NOTIC: [8] Undefined index: indexMain D:\Apache HTTP Server\x64\WebApp\AppErp\Web\Api\Behaviors\PurviewBehavior.class.php 第 64 行.
INFO: Run Api\Behaviors\PurviewBehavior [ RunTime:0.002000s ]
INFO: Run Admin\Behaviors\AdminPurviewBehavior [ RunTime:0.000000s ]
INFO: [ action_begin ] --END-- [ RunTime:0.003000s ]
INFO: [ view_parse ] --START--
INFO: [ template_filter ] --START--
INFO: Run Behavior\ContentReplaceBehavior [ RunTime:0.000000s ]
INFO: [ template_filter ] --END-- [ RunTime:0.000000s ]
INFO: Run Behavior\ParseTemplateBehavior [ RunTime:0.004000s ]
INFO: [ view_parse ] --END-- [ RunTime:0.004000s ]
INFO: [ view_filter ] --START--
INFO: Run Behavior\WriteHtmlCacheBehavior [ RunTime:0.000000s ]
INFO: [ view_filter ] --END-- [ RunTime:0.000000s ]
INFO: [ app_end ] --START--
INFO: Run Behavior\ShowPageTraceBehavior [ RunTime:0.001000s ]
INFO: [ app_end ] --END-- [ RunTime:0.001000s ]

[ 2017-07-06T11:59:21+08:00 ] 192.168.1.240 /admin/index/indexLeft
INFO: [ app_init ] --START--
INFO: Run Behavior\BuildLiteBehavior [ RunTime:0.000000s ]
INFO: [ app_init ] --END-- [ RunTime:0.000000s ]
INFO: [ app_begin ] --START--
INFO: Run Behavior\ReadHtmlCacheBehavior [ RunTime:0.001000s ]
INFO: [ app_begin ] --END-- [ RunTime:0.001000s ]
INFO: [ action_begin ] --START--
NOTIC: [8] Undefined index: indexLeft D:\Apache HTTP Server\x64\WebApp\AppErp\Web\Api\Behaviors\PurviewBehavior.class.php 第 52 行.
NOTIC: [8] Undefined index: indexLeft D:\Apache HTTP Server\x64\WebApp\AppErp\Web\Api\Behaviors\PurviewBehavior.class.php 第 58 行.
NOTIC: [8] Undefined index: indexLeft D:\Apache HTTP Server\x64\WebApp\AppErp\Web\Api\Behaviors\PurviewBehavior.class.php 第 64 行.
INFO: Run Api\Behaviors\PurviewBehavior [ RunTime:0.003000s ]
INFO: Run Admin\Behaviors\AdminPurviewBehavior [ RunTime:0.001000s ]
INFO: [ action_begin ] --END-- [ RunTime:0.004000s ]
INFO: [ view_parse ] --START--
INFO: [ template_filter ] --START--
INFO: Run Behavior\ContentReplaceBehavior [ RunTime:0.000000s ]
INFO: [ template_filter ] --END-- [ RunTime:0.000000s ]
INFO: Run Behavior\ParseTemplateBehavior [ RunTime:0.009001s ]
INFO: [ view_parse ] --END-- [ RunTime:0.009001s ]
INFO: [ view_filter ] --START--
INFO: Run Behavior\WriteHtmlCacheBehavior [ RunTime:0.001000s ]
INFO: [ view_filter ] --END-- [ RunTime:0.001000s ]
INFO: [ app_end ] --START--
INFO: Run Behavior\ShowPageTraceBehavior [ RunTime:0.001000s ]
INFO: [ app_end ] --END-- [ RunTime:0.001000s ]

[ 2017-07-06T11:59:21+08:00 ] 192.168.1.240 /admin/index/indexTop
INFO: [ app_init ] --START--
INFO: Run Behavior\BuildLiteBehavior [ RunTime:0.000000s ]
INFO: [ app_init ] --END-- [ RunTime:0.000000s ]
INFO: [ app_begin ] --START--
INFO: Run Behavior\ReadHtmlCacheBehavior [ RunTime:0.000000s ]
INFO: [ app_begin ] --END-- [ RunTime:0.001000s ]
INFO: [ action_begin ] --START--
NOTIC: [8] Undefined index: indexTop D:\Apache HTTP Server\x64\WebApp\AppErp\Web\Api\Behaviors\PurviewBehavior.class.php 第 52 行.
NOTIC: [8] Undefined index: indexTop D:\Apache HTTP Server\x64\WebApp\AppErp\Web\Api\Behaviors\PurviewBehavior.class.php 第 58 行.
NOTIC: [8] Undefined index: indexTop D:\Apache HTTP Server\x64\WebApp\AppErp\Web\Api\Behaviors\PurviewBehavior.class.php 第 64 行.
INFO: Run Api\Behaviors\PurviewBehavior [ RunTime:0.003000s ]
INFO: Run Admin\Behaviors\AdminPurviewBehavior [ RunTime:0.001000s ]
INFO: [ action_begin ] --END-- [ RunTime:0.004000s ]
INFO: [ view_parse ] --START--
INFO: [ template_filter ] --START--
INFO: Run Behavior\ContentReplaceBehavior [ RunTime:0.000000s ]
INFO: [ template_filter ] --END-- [ RunTime:0.001000s ]
INFO: Run Behavior\ParseTemplateBehavior [ RunTime:0.005001s ]
INFO: [ view_parse ] --END-- [ RunTime:0.006001s ]
INFO: [ view_filter ] --START--
INFO: Run Behavior\WriteHtmlCacheBehavior [ RunTime:0.001000s ]
INFO: [ view_filter ] --END-- [ RunTime:0.001000s ]
INFO: [ app_end ] --START--
INFO: Run Behavior\ShowPageTraceBehavior [ RunTime:0.000000s ]
INFO: [ app_end ] --END-- [ RunTime:0.001000s ]

[ 2017-07-06T11:59:23+08:00 ] 192.168.1.240 /admin/AdminApi/modelList
INFO: [ app_init ] --START--
INFO: Run Behavior\BuildLiteBehavior [ RunTime:0.000000s ]
INFO: [ app_init ] --END-- [ RunTime:0.001001s ]
INFO: [ app_begin ] --START--
INFO: Run Behavior\ReadHtmlCacheBehavior [ RunTime:0.000000s ]
INFO: [ app_begin ] --END-- [ RunTime:0.001000s ]
INFO: [ action_begin ] --START--
NOTIC: [8] Undefined index: modelList D:\Apache HTTP Server\x64\WebApp\AppErp\Web\Api\Behaviors\PurviewBehavior.class.php 第 52 行.
NOTIC: [8] Undefined index: modelList D:\Apache HTTP Server\x64\WebApp\AppErp\Web\Api\Behaviors\PurviewBehavior.class.php 第 58 行.
NOTIC: [8] Undefined index: modelList D:\Apache HTTP Server\x64\WebApp\AppErp\Web\Api\Behaviors\PurviewBehavior.class.php 第 64 行.
INFO: Run Api\Behaviors\PurviewBehavior [ RunTime:0.003000s ]
INFO: Run Admin\Behaviors\AdminPurviewBehavior [ RunTime:0.001000s ]
INFO: [ action_begin ] --END-- [ RunTime:0.004000s ]
SQL: SHOW COLUMNS FROM `app_model_product` [ RunTime:0.0100s ]
SQL: SELECT COUNT(*) AS tp_count FROM `app_model_product` LIMIT 1   [ RunTime:0.0110s ]
SQL: SELECT * FROM `app_model_product` ORDER BY updateDateforSort desc,id desc LIMIT 0,20   [ RunTime:0.0160s ]
INFO: [ view_parse ] --START--
INFO: [ template_filter ] --START--
INFO: Run Behavior\ContentReplaceBehavior [ RunTime:0.000000s ]
INFO: [ template_filter ] --END-- [ RunTime:0.000000s ]
INFO: Run Behavior\ParseTemplateBehavior [ RunTime:0.009000s ]
INFO: [ view_parse ] --END-- [ RunTime:0.010000s ]
INFO: [ view_filter ] --START--
INFO: Run Behavior\WriteHtmlCacheBehavior [ RunTime:0.000000s ]
INFO: [ view_filter ] --END-- [ RunTime:0.001000s ]
INFO: [ app_end ] --START--
INFO: Run Behavior\ShowPageTraceBehavior [ RunTime:0.000000s ]
INFO: [ app_end ] --END-- [ RunTime:0.001000s ]

[ 2017-07-06T11:59:23+08:00 ] 192.168.1.240 /admin/AdminApi/Images/mail_left_bg.gif
INFO: [ app_init ] --START--
INFO: Run Behavior\BuildLiteBehavior [ RunTime:0.000000s ]
INFO: [ app_init ] --END-- [ RunTime:0.000000s ]

[ 2017-07-06T11:59:23+08:00 ] 192.168.1.240 /admin/AdminApi/Images/mail_right_bg.gif
INFO: [ app_init ] --START--
INFO: Run Behavior\BuildLiteBehavior [ RunTime:0.001000s ]
INFO: [ app_init ] --END-- [ RunTime:0.001000s ]

[ 2017-07-06T11:59:28+08:00 ] 192.168.1.240 /admin/AdminApi/updateAppData
INFO: [ app_init ] --START--
INFO: Run Behavior\BuildLiteBehavior [ RunTime:0.000000s ]
INFO: [ app_init ] --END-- [ RunTime:0.002000s ]
INFO: [ app_begin ] --START--
INFO: Run Behavior\ReadHtmlCacheBehavior [ RunTime:0.001000s ]
INFO: [ app_begin ] --END-- [ RunTime:0.001000s ]
INFO: [ action_begin ] --START--
NOTIC: [8] Undefined index: updateAppData D:\Apache HTTP Server\x64\WebApp\AppErp\Web\Api\Behaviors\PurviewBehavior.class.php 第 52 行.
NOTIC: [8] Undefined index: updateAppData D:\Apache HTTP Server\x64\WebApp\AppErp\Web\Api\Behaviors\PurviewBehavior.class.php 第 58 行.
NOTIC: [8] Undefined index: updateAppData D:\Apache HTTP Server\x64\WebApp\AppErp\Web\Api\Behaviors\PurviewBehavior.class.php 第 64 行.
INFO: Run Api\Behaviors\PurviewBehavior [ RunTime:0.004001s ]
INFO: Run Admin\Behaviors\AdminPurviewBehavior [ RunTime:0.001000s ]
INFO: [ action_begin ] --END-- [ RunTime:0.006001s ]
SQL: SHOW COLUMNS FROM `app_update_model_log` [ RunTime:0.0090s ]
SQL: SELECT * FROM `app_update_model_log` WHERE ( ishaveUpdate=1 ) ORDER BY id desc LIMIT 50   [ RunTime:0.0120s ]
INFO: [ view_parse ] --START--
INFO: [ template_filter ] --START--
INFO: Run Behavior\ContentReplaceBehavior [ RunTime:0.000000s ]
INFO: [ template_filter ] --END-- [ RunTime:0.001000s ]
NOTIC: [8] Undefined property: stdClass::$updateData D:\Apache HTTP Server\x64\WebApp\AppErp\Web\Runtime\Cache\Admin\48b7402f65a4df1e627878ff4772c1e6.php 第 186 行.
NOTIC: [8] Undefined property: stdClass::$addData D:\Apache HTTP Server\x64\WebApp\AppErp\Web\Runtime\Cache\Admin\48b7402f65a4df1e627878ff4772c1e6.php 第 189 行.
NOTIC: [8] Undefined property: stdClass::$edate D:\Apache HTTP Server\x64\WebApp\AppErp\Web\Runtime\Cache\Admin\48b7402f65a4df1e627878ff4772c1e6.php 第 192 行.
NOTIC: [8] Undefined property: stdClass::$updateData D:\Apache HTTP Server\x64\WebApp\AppErp\Web\Runtime\Cache\Admin\48b7402f65a4df1e627878ff4772c1e6.php 第 186 行.
NOTIC: [8] Undefined property: stdClass::$addData D:\Apache HTTP Server\x64\WebApp\AppErp\Web\Runtime\Cache\Admin\48b7402f65a4df1e627878ff4772c1e6.php 第 189 行.
NOTIC: [8] Undefined property: stdClass::$edate D:\Apache HTTP Server\x64\WebApp\AppErp\Web\Runtime\Cache\Admin\48b7402f65a4df1e627878ff4772c1e6.php 第 192 行.
NOTIC: [8] Undefined property: stdClass::$updateData D:\Apache HTTP Server\x64\WebApp\AppErp\Web\Runtime\Cache\Admin\48b7402f65a4df1e627878ff4772c1e6.php 第 186 行.
NOTIC: [8] Undefined property: stdClass::$addData D:\Apache HTTP Server\x64\WebApp\AppErp\Web\Runtime\Cache\Admin\48b7402f65a4df1e627878ff4772c1e6.php 第 189 行.
NOTIC: [8] Undefined property: stdClass::$edate D:\Apache HTTP Server\x64\WebApp\AppErp\Web\Runtime\Cache\Admin\48b7402f65a4df1e627878ff4772c1e6.php 第 192 行.
NOTIC: [8] Undefined property: stdClass::$updateData D:\Apache HTTP Server\x64\WebApp\AppErp\Web\Runtime\Cache\Admin\48b7402f65a4df1e627878ff4772c1e6.php 第 186 行.
NOTIC: [8] Undefined property: stdClass::$addData D:\Apache HTTP Server\x64\WebApp\AppErp\Web\Runtime\Cache\Admin\48b7402f65a4df1e627878ff4772c1e6.php 第 189 行.
NOTIC: [8] Undefined property: stdClass::$edate D:\Apache HTTP Server\x64\WebApp\AppErp\Web\Runtime\Cache\Admin\48b7402f65a4df1e627878ff4772c1e6.php 第 192 行.
NOTIC: [8] Undefined property: stdClass::$updateData D:\Apache HTTP Server\x64\WebApp\AppErp\Web\Runtime\Cache\Admin\48b7402f65a4df1e627878ff4772c1e6.php 第 186 行.
NOTIC: [8] Undefined property: stdClass::$addData D:\Apache HTTP Server\x64\WebApp\AppErp\Web\Runtime\Cache\Admin\48b7402f65a4df1e627878ff4772c1e6.php 第 189 行.
NOTIC: [8] Undefined property: stdClass::$edate D:\Apache HTTP Server\x64\WebApp\AppErp\Web\Runtime\Cache\Admin\48b7402f65a4df1e627878ff4772c1e6.php 第 192 行.
NOTIC: [8] Undefined property: stdClass::$updateData D:\Apache HTTP Server\x64\WebApp\AppErp\Web\Runtime\Cache\Admin\48b7402f65a4df1e627878ff4772c1e6.php 第 186 行.
NOTIC: [8] Undefined property: stdClass::$addData D:\Apache HTTP Server\x64\WebApp\AppErp\Web\Runtime\Cache\Admin\48b7402f65a4df1e627878ff4772c1e6.php 第 189 行.
NOTIC: [8] Undefined property: stdClass::$edate D:\Apache HTTP Server\x64\WebApp\AppErp\Web\Runtime\Cache\Admin\48b7402f65a4df1e627878ff4772c1e6.php 第 192 行.
NOTIC: [8] Undefined property: stdClass::$updateData D:\Apache HTTP Server\x64\WebApp\AppErp\Web\Runtime\Cache\Admin\48b7402f65a4df1e627878ff4772c1e6.php 第 186 行.
NOTIC: [8] Undefined property: stdClass::$addData D:\Apache HTTP Server\x64\WebApp\AppErp\Web\Runtime\Cache\Admin\48b7402f65a4df1e627878ff4772c1e6.php 第 189 行.
NOTIC: [8] Undefined property: stdClass::$edate D:\Apache HTTP Server\x64\WebApp\AppErp\Web\Runtime\Cache\Admin\48b7402f65a4df1e627878ff4772c1e6.php 第 192 行.
NOTIC: [8] Undefined property: stdClass::$updateData D:\Apache HTTP Server\x64\WebApp\AppErp\Web\Runtime\Cache\Admin\48b7402f65a4df1e627878ff4772c1e6.php 第 186 行.
NOTIC: [8] Undefined property: stdClass::$addData D:\Apache HTTP Server\x64\WebApp\AppErp\Web\Runtime\Cache\Admin\48b7402f65a4df1e627878ff4772c1e6.php 第 189 行.
NOTIC: [8] Undefined property: stdClass::$edate D:\Apache HTTP Server\x64\WebApp\AppErp\Web\Runtime\Cache\Admin\48b7402f65a4df1e627878ff4772c1e6.php 第 192 行.
NOTIC: [8] Undefined property: stdClass::$updateData D:\Apache HTTP Server\x64\WebApp\AppErp\Web\Runtime\Cache\Admin\48b7402f65a4df1e627878ff4772c1e6.php 第 186 行.
NOTIC: [8] Undefined property: stdClass::$addData D:\Apache HTTP Server\x64\WebApp\AppErp\Web\Runtime\Cache\Admin\48b7402f65a4df1e627878ff4772c1e6.php 第 189 行.
NOTIC: [8] Undefined property: stdClass::$edate D:\Apache HTTP Server\x64\WebApp\AppErp\Web\Runtime\Cache\Admin\48b7402f65a4df1e627878ff4772c1e6.php 第 192 行.
NOTIC: [8] Undefined property: stdClass::$updateData D:\Apache HTTP Server\x64\WebApp\AppErp\Web\Runtime\Cache\Admin\48b7402f65a4df1e627878ff4772c1e6.php 第 186 行.
NOTIC: [8] Undefined property: stdClass::$addData D:\Apache HTTP Server\x64\WebApp\AppErp\Web\Runtime\Cache\Admin\48b7402f65a4df1e627878ff4772c1e6.php 第 189 行.
NOTIC: [8] Undefined property: stdClass::$edate D:\Apache HTTP Server\x64\WebApp\AppErp\Web\Runtime\Cache\Admin\48b7402f65a4df1e627878ff4772c1e6.php 第 192 行.
INFO: Run Behavior\ParseTemplateBehavior [ RunTime:0.020001s ]
INFO: [ view_parse ] --END-- [ RunTime:0.020001s ]
INFO: [ view_filter ] --START--
INFO: Run Behavior\WriteHtmlCacheBehavior [ RunTime:0.000000s ]
INFO: [ view_filter ] --END-- [ RunTime:0.001000s ]
INFO: [ app_end ] --START--
INFO: Run Behavior\ShowPageTraceBehavior [ RunTime:0.000000s ]
INFO: [ app_end ] --END-- [ RunTime:0.001000s ]

[ 2017-07-06T11:59:28+08:00 ] 192.168.1.240 /admin/AdminApi/Images/mail_left_bg.gif
INFO: [ app_init ] --START--
INFO: Run Behavior\BuildLiteBehavior [ RunTime:0.000000s ]
INFO: [ app_init ] --END-- [ RunTime:0.001000s ]

[ 2017-07-06T11:59:28+08:00 ] 192.168.1.240 /admin/AdminApi/Images/mail_right_bg.gif
INFO: [ app_init ] --START--
INFO: Run Behavior\BuildLiteBehavior [ RunTime:0.000000s ]
INFO: [ app_init ] --END-- [ RunTime:0.000000s ]

[ 2017-07-06T11:59:33+08:00 ] 192.168.1.240 /admin/AdminApi/updateAppDataDo
INFO: [ app_init ] --START--
INFO: Run Behavior\BuildLiteBehavior [ RunTime:0.000000s ]
INFO: [ app_init ] --END-- [ RunTime:0.000000s ]
INFO: [ app_begin ] --START--
INFO: Run Behavior\ReadHtmlCacheBehavior [ RunTime:0.000000s ]
INFO: [ app_begin ] --END-- [ RunTime:0.000000s ]
INFO: [ action_begin ] --START--
NOTIC: [8] Undefined index: updateAppDataDo D:\Apache HTTP Server\x64\WebApp\AppErp\Web\Api\Behaviors\PurviewBehavior.class.php 第 52 行.
NOTIC: [8] Undefined index: updateAppDataDo D:\Apache HTTP Server\x64\WebApp\AppErp\Web\Api\Behaviors\PurviewBehavior.class.php 第 58 行.
NOTIC: [8] Undefined index: updateAppDataDo D:\Apache HTTP Server\x64\WebApp\AppErp\Web\Api\Behaviors\PurviewBehavior.class.php 第 64 行.
INFO: Run Api\Behaviors\PurviewBehavior [ RunTime:0.003001s ]
INFO: Run Admin\Behaviors\AdminPurviewBehavior [ RunTime:0.001000s ]
INFO: [ action_begin ] --END-- [ RunTime:0.004001s ]
NOTIC: [2048] Non-static method Api\Controller\UpdateController::UpdateFromErpModelNow() should not be called statically, assuming $this from incompatible context D:\Apache HTTP Server\x64\WebApp\AppErp\Web\Admin\Controller\AdminApiController\Admin.Controller.SystemManage.php 第 35 行.
NOTIC: [2048] Non-static method Api\Controller\UpdateController::UpdateFromErpModelBase() should not be called statically, assuming $this from incompatible context D:\Apache HTTP Server\x64\WebApp\AppErp\Web\Api\Controller\Update\Controller.Update.Model.php 第 20 行.
SQL: SHOW COLUMNS FROM `app_model_category` [ RunTime:0.0080s ]
SQL: SELECT a.id,a.erpTypeId,a.name FROM app_model_category a,app_model_category b WHERE ( a.erpTypeId in (1,2,3,4,8,13) and b.sign='mode' and a.model_category_id=b.id )  [ RunTime:0.0070s ]
NOTIC: [2] Creating default object from empty value D:\Apache HTTP Server\x64\WebApp\AppErp\Web\Common\Common\Api\flow\UpdateCls\flow.UpdateCls.Model.php 第 277 行.
NOTIC: [2] Creating default object from empty value D:\Apache HTTP Server\x64\WebApp\AppErp\Web\Common\Common\Api\flow\UpdateCls\flow.UpdateCls.Model.php 第 277 行.
NOTIC: [2] Creating default object from empty value D:\Apache HTTP Server\x64\WebApp\AppErp\Web\Common\Common\Api\flow\UpdateCls\flow.UpdateCls.Model.php 第 277 行.
NOTIC: [2] Creating default object from empty value D:\Apache HTTP Server\x64\WebApp\AppErp\Web\Common\Common\Api\flow\UpdateCls\flow.UpdateCls.Model.php 第 277 行.
NOTIC: [2] Creating default object from empty value D:\Apache HTTP Server\x64\WebApp\AppErp\Web\Common\Common\Api\flow\UpdateCls\flow.UpdateCls.Model.php 第 277 行.
NOTIC: [2] Creating default object from empty value D:\Apache HTTP Server\x64\WebApp\AppErp\Web\Common\Common\Api\flow\UpdateCls\flow.UpdateCls.Model.php 第 277 行.
NOTIC: [8] Use of undefined constant data - assumed 'data' D:\Apache HTTP Server\x64\WebApp\AppErp\Web\Common\Common\Api\flow\UpdateCls\flow.UpdateCls.Model.php 第 292 行.
NOTIC: [8] Undefined variable: updateData D:\Apache HTTP Server\x64\WebApp\AppErp\Web\Common\Common\Api\flow\UpdateCls\flow.UpdateCls.Model.php 第 319 行.
NOTIC: [8] Undefined variable: addData D:\Apache HTTP Server\x64\WebApp\AppErp\Web\Common\Common\Api\flow\UpdateCls\flow.UpdateCls.Model.php 第 319 行.
SQL: SHOW COLUMNS FROM `app_model_category` [ RunTime:0.0080s ]

[ 2017-07-06T11:59:50+08:00 ] 192.168.1.240 /admin/AdminApi/updateAppData
INFO: [ app_init ] --START--
INFO: Run Behavior\BuildLiteBehavior [ RunTime:0.000000s ]
INFO: [ app_init ] --END-- [ RunTime:0.001000s ]
INFO: [ app_begin ] --START--
INFO: Run Behavior\ReadHtmlCacheBehavior [ RunTime:0.000000s ]
INFO: [ app_begin ] --END-- [ RunTime:0.001000s ]
INFO: [ action_begin ] --START--
NOTIC: [8] Undefined index: updateAppData D:\Apache HTTP Server\x64\WebApp\AppErp\Web\Api\Behaviors\PurviewBehavior.class.php 第 52 行.
NOTIC: [8] Undefined index: updateAppData D:\Apache HTTP Server\x64\WebApp\AppErp\Web\Api\Behaviors\PurviewBehavior.class.php 第 58 行.
NOTIC: [8] Undefined index: updateAppData D:\Apache HTTP Server\x64\WebApp\AppErp\Web\Api\Behaviors\PurviewBehavior.class.php 第 64 行.
INFO: Run Api\Behaviors\PurviewBehavior [ RunTime:0.004000s ]
INFO: Run Admin\Behaviors\AdminPurviewBehavior [ RunTime:0.001000s ]
INFO: [ action_begin ] --END-- [ RunTime:0.006000s ]
SQL: SHOW COLUMNS FROM `app_update_model_log` [ RunTime:0.0160s ]
SQL: SELECT * FROM `app_update_model_log` WHERE ( ishaveUpdate=1 ) ORDER BY id desc LIMIT 50   [ RunTime:0.0200s ]
INFO: [ view_parse ] --START--
INFO: [ template_filter ] --START--
INFO: Run Behavior\ContentReplaceBehavior [ RunTime:0.000000s ]
INFO: [ template_filter ] --END-- [ RunTime:0.001000s ]
NOTIC: [8] Undefined property: stdClass::$updateData D:\Apache HTTP Server\x64\WebApp\AppErp\Web\Runtime\Cache\Admin\48b7402f65a4df1e627878ff4772c1e6.php 第 186 行.
NOTIC: [8] Undefined property: stdClass::$addData D:\Apache HTTP Server\x64\WebApp\AppErp\Web\Runtime\Cache\Admin\48b7402f65a4df1e627878ff4772c1e6.php 第 189 行.
NOTIC: [8] Undefined property: stdClass::$edate D:\Apache HTTP Server\x64\WebApp\AppErp\Web\Runtime\Cache\Admin\48b7402f65a4df1e627878ff4772c1e6.php 第 192 行.
NOTIC: [8] Undefined property: stdClass::$updateData D:\Apache HTTP Server\x64\WebApp\AppErp\Web\Runtime\Cache\Admin\48b7402f65a4df1e627878ff4772c1e6.php 第 186 行.
NOTIC: [8] Undefined property: stdClass::$addData D:\Apache HTTP Server\x64\WebApp\AppErp\Web\Runtime\Cache\Admin\48b7402f65a4df1e627878ff4772c1e6.php 第 189 行.
NOTIC: [8] Undefined property: stdClass::$edate D:\Apache HTTP Server\x64\WebApp\AppErp\Web\Runtime\Cache\Admin\48b7402f65a4df1e627878ff4772c1e6.php 第 192 行.
NOTIC: [8] Undefined property: stdClass::$updateData D:\Apache HTTP Server\x64\WebApp\AppErp\Web\Runtime\Cache\Admin\48b7402f65a4df1e627878ff4772c1e6.php 第 186 行.
NOTIC: [8] Undefined property: stdClass::$addData D:\Apache HTTP Server\x64\WebApp\AppErp\Web\Runtime\Cache\Admin\48b7402f65a4df1e627878ff4772c1e6.php 第 189 行.
NOTIC: [8] Undefined property: stdClass::$edate D:\Apache HTTP Server\x64\WebApp\AppErp\Web\Runtime\Cache\Admin\48b7402f65a4df1e627878ff4772c1e6.php 第 192 行.
NOTIC: [8] Undefined property: stdClass::$updateData D:\Apache HTTP Server\x64\WebApp\AppErp\Web\Runtime\Cache\Admin\48b7402f65a4df1e627878ff4772c1e6.php 第 186 行.
NOTIC: [8] Undefined property: stdClass::$addData D:\Apache HTTP Server\x64\WebApp\AppErp\Web\Runtime\Cache\Admin\48b7402f65a4df1e627878ff4772c1e6.php 第 189 行.
NOTIC: [8] Undefined property: stdClass::$edate D:\Apache HTTP Server\x64\WebApp\AppErp\Web\Runtime\Cache\Admin\48b7402f65a4df1e627878ff4772c1e6.php 第 192 行.
NOTIC: [8] Undefined property: stdClass::$updateData D:\Apache HTTP Server\x64\WebApp\AppErp\Web\Runtime\Cache\Admin\48b7402f65a4df1e627878ff4772c1e6.php 第 186 行.
NOTIC: [8] Undefined property: stdClass::$addData D:\Apache HTTP Server\x64\WebApp\AppErp\Web\Runtime\Cache\Admin\48b7402f65a4df1e627878ff4772c1e6.php 第 189 行.
NOTIC: [8] Undefined property: stdClass::$edate D:\Apache HTTP Server\x64\WebApp\AppErp\Web\Runtime\Cache\Admin\48b7402f65a4df1e627878ff4772c1e6.php 第 192 行.
NOTIC: [8] Undefined property: stdClass::$updateData D:\Apache HTTP Server\x64\WebApp\AppErp\Web\Runtime\Cache\Admin\48b7402f65a4df1e627878ff4772c1e6.php 第 186 行.
NOTIC: [8] Undefined property: stdClass::$addData D:\Apache HTTP Server\x64\WebApp\AppErp\Web\Runtime\Cache\Admin\48b7402f65a4df1e627878ff4772c1e6.php 第 189 行.
NOTIC: [8] Undefined property: stdClass::$edate D:\Apache HTTP Server\x64\WebApp\AppErp\Web\Runtime\Cache\Admin\48b7402f65a4df1e627878ff4772c1e6.php 第 192 行.
NOTIC: [8] Undefined property: stdClass::$updateData D:\Apache HTTP Server\x64\WebApp\AppErp\Web\Runtime\Cache\Admin\48b7402f65a4df1e627878ff4772c1e6.php 第 186 行.
NOTIC: [8] Undefined property: stdClass::$addData D:\Apache HTTP Server\x64\WebApp\AppErp\Web\Runtime\Cache\Admin\48b7402f65a4df1e627878ff4772c1e6.php 第 189 行.
NOTIC: [8] Undefined property: stdClass::$edate D:\Apache HTTP Server\x64\WebApp\AppErp\Web\Runtime\Cache\Admin\48b7402f65a4df1e627878ff4772c1e6.php 第 192 行.
NOTIC: [8] Undefined property: stdClass::$updateData D:\Apache HTTP Server\x64\WebApp\AppErp\Web\Runtime\Cache\Admin\48b7402f65a4df1e627878ff4772c1e6.php 第 186 行.
NOTIC: [8] Undefined property: stdClass::$addData D:\Apache HTTP Server\x64\WebApp\AppErp\Web\Runtime\Cache\Admin\48b7402f65a4df1e627878ff4772c1e6.php 第 189 行.
NOTIC: [8] Undefined property: stdClass::$edate D:\Apache HTTP Server\x64\WebApp\AppErp\Web\Runtime\Cache\Admin\48b7402f65a4df1e627878ff4772c1e6.php 第 192 行.
NOTIC: [8] Undefined property: stdClass::$updateData D:\Apache HTTP Server\x64\WebApp\AppErp\Web\Runtime\Cache\Admin\48b7402f65a4df1e627878ff4772c1e6.php 第 186 行.
NOTIC: [8] Undefined property: stdClass::$addData D:\Apache HTTP Server\x64\WebApp\AppErp\Web\Runtime\Cache\Admin\48b7402f65a4df1e627878ff4772c1e6.php 第 189 行.
NOTIC: [8] Undefined property: stdClass::$edate D:\Apache HTTP Server\x64\WebApp\AppErp\Web\Runtime\Cache\Admin\48b7402f65a4df1e627878ff4772c1e6.php 第 192 行.
NOTIC: [8] Undefined property: stdClass::$updateData D:\Apache HTTP Server\x64\WebApp\AppErp\Web\Runtime\Cache\Admin\48b7402f65a4df1e627878ff4772c1e6.php 第 186 行.
NOTIC: [8] Undefined property: stdClass::$addData D:\Apache HTTP Server\x64\WebApp\AppErp\Web\Runtime\Cache\Admin\48b7402f65a4df1e627878ff4772c1e6.php 第 189 行.
NOTIC: [8] Undefined property: stdClass::$edate D:\Apache HTTP Server\x64\WebApp\AppErp\Web\Runtime\Cache\Admin\48b7402f65a4df1e627878ff4772c1e6.php 第 192 行.
INFO: Run Behavior\ParseTemplateBehavior [ RunTime:0.026002s ]
INFO: [ view_parse ] --END-- [ RunTime:0.027002s ]
INFO: [ view_filter ] --START--
INFO: Run Behavior\WriteHtmlCacheBehavior [ RunTime:0.000000s ]
INFO: [ view_filter ] --END-- [ RunTime:0.002000s ]
INFO: [ app_end ] --START--
INFO: Run Behavior\ShowPageTraceBehavior [ RunTime:0.000000s ]
INFO: [ app_end ] --END-- [ RunTime:0.001000s ]

[ 2017-07-06T11:59:50+08:00 ] 192.168.1.240 /admin/AdminApi/Images/mail_right_bg.gif
INFO: [ app_init ] --START--
INFO: Run Behavior\BuildLiteBehavior [ RunTime:0.001000s ]
INFO: [ app_init ] --END-- [ RunTime:0.002000s ]

[ 2017-07-06T11:59:50+08:00 ] 192.168.1.240 /admin/AdminApi/Images/mail_left_bg.gif
INFO: [ app_init ] --START--
INFO: Run Behavior\BuildLiteBehavior [ RunTime:0.001000s ]
INFO: [ app_init ] --END-- [ RunTime:0.001000s ]

[ 2017-07-06T11:59:54+08:00 ] 192.168.1.240 /admin/AdminApi/updateAppImageDataBath
INFO: [ app_init ] --START--
INFO: Run Behavior\BuildLiteBehavior [ RunTime:0.000000s ]
INFO: [ app_init ] --END-- [ RunTime:0.000000s ]
INFO: [ app_begin ] --START--
INFO: Run Behavior\ReadHtmlCacheBehavior [ RunTime:0.000000s ]
INFO: [ app_begin ] --END-- [ RunTime:0.000000s ]
INFO: [ action_begin ] --START--
NOTIC: [8] Undefined index: updateAppImageDataBath D:\Apache HTTP Server\x64\WebApp\AppErp\Web\Api\Behaviors\PurviewBehavior.class.php 第 52 行.
NOTIC: [8] Undefined index: updateAppImageDataBath D:\Apache HTTP Server\x64\WebApp\AppErp\Web\Api\Behaviors\PurviewBehavior.class.php 第 58 行.
NOTIC: [8] Undefined index: updateAppImageDataBath D:\Apache HTTP Server\x64\WebApp\AppErp\Web\Api\Behaviors\PurviewBehavior.class.php 第 64 行.
INFO: Run Api\Behaviors\PurviewBehavior [ RunTime:0.003000s ]
INFO: Run Admin\Behaviors\AdminPurviewBehavior [ RunTime:0.001000s ]
INFO: [ action_begin ] --END-- [ RunTime:0.005000s ]
INFO: [ view_parse ] --START--
INFO: [ template_filter ] --START--
INFO: Run Behavior\ContentReplaceBehavior [ RunTime:0.001000s ]
INFO: [ template_filter ] --END-- [ RunTime:0.001000s ]
INFO: Run Behavior\ParseTemplateBehavior [ RunTime:0.007001s ]
INFO: [ view_parse ] --END-- [ RunTime:0.008001s ]
INFO: [ view_filter ] --START--
INFO: Run Behavior\WriteHtmlCacheBehavior [ RunTime:0.000000s ]
INFO: [ view_filter ] --END-- [ RunTime:0.000000s ]
INFO: [ app_end ] --START--
INFO: Run Behavior\ShowPageTraceBehavior [ RunTime:0.000000s ]
INFO: [ app_end ] --END-- [ RunTime:0.000000s ]

[ 2017-07-06T11:59:54+08:00 ] 192.168.1.240 /admin/AdminApi/Images/mail_left_bg.gif
INFO: [ app_init ] --START--
INFO: Run Behavior\BuildLiteBehavior [ RunTime:0.000000s ]
INFO: [ app_init ] --END-- [ RunTime:0.001000s ]

[ 2017-07-06T11:59:54+08:00 ] 192.168.1.240 /admin/AdminApi/Images/mail_right_bg.gif
INFO: [ app_init ] --START--
INFO: Run Behavior\BuildLiteBehavior [ RunTime:0.001000s ]
INFO: [ app_init ] --END-- [ RunTime:0.001000s ]

[ 2017-07-06T11:59:58+08:00 ] 192.168.1.240 /admin/AdminApi/updateAppDataBath
INFO: [ app_init ] --START--
INFO: Run Behavior\BuildLiteBehavior [ RunTime:0.000000s ]
INFO: [ app_init ] --END-- [ RunTime:0.001000s ]
INFO: [ app_begin ] --START--
INFO: Run Behavior\ReadHtmlCacheBehavior [ RunTime:0.000000s ]
INFO: [ app_begin ] --END-- [ RunTime:0.001000s ]
INFO: [ action_begin ] --START--
NOTIC: [8] Undefined index: updateAppDataBath D:\Apache HTTP Server\x64\WebApp\AppErp\Web\Api\Behaviors\PurviewBehavior.class.php 第 52 行.
NOTIC: [8] Undefined index: updateAppDataBath D:\Apache HTTP Server\x64\WebApp\AppErp\Web\Api\Behaviors\PurviewBehavior.class.php 第 58 行.
NOTIC: [8] Undefined index: updateAppDataBath D:\Apache HTTP Server\x64\WebApp\AppErp\Web\Api\Behaviors\PurviewBehavior.class.php 第 64 行.
INFO: Run Api\Behaviors\PurviewBehavior [ RunTime:0.001000s ]
INFO: Run Admin\Behaviors\AdminPurviewBehavior [ RunTime:0.000000s ]
INFO: [ action_begin ] --END-- [ RunTime:0.001000s ]
INFO: [ view_parse ] --START--
INFO: [ template_filter ] --START--
INFO: Run Behavior\ContentReplaceBehavior [ RunTime:0.001000s ]
INFO: [ template_filter ] --END-- [ RunTime:0.001000s ]
INFO: Run Behavior\ParseTemplateBehavior [ RunTime:0.008000s ]
INFO: [ view_parse ] --END-- [ RunTime:0.010000s ]
INFO: [ view_filter ] --START--
INFO: Run Behavior\WriteHtmlCacheBehavior [ RunTime:0.000000s ]
INFO: [ view_filter ] --END-- [ RunTime:0.001000s ]
INFO: [ app_end ] --START--
INFO: Run Behavior\ShowPageTraceBehavior [ RunTime:0.001000s ]
INFO: [ app_end ] --END-- [ RunTime:0.001000s ]

[ 2017-07-06T11:59:58+08:00 ] 192.168.1.240 /admin/AdminApi/Images/mail_right_bg.gif
INFO: [ app_init ] --START--
INFO: Run Behavior\BuildLiteBehavior [ RunTime:0.000000s ]
INFO: [ app_init ] --END-- [ RunTime:0.001000s ]

[ 2017-07-06T11:59:58+08:00 ] 192.168.1.240 /admin/AdminApi/Images/mail_left_bg.gif
INFO: [ app_init ] --START--
INFO: Run Behavior\BuildLiteBehavior [ RunTime:0.000000s ]
INFO: [ app_init ] --END-- [ RunTime:0.000000s ]

[ 2017-07-06T12:01:23+08:00 ] 192.168.1.240 /admin/AdminApi/updateAppDataBathDo
INFO: [ app_init ] --START--
INFO: Run Behavior\BuildLiteBehavior [ RunTime:0.000000s ]
INFO: [ app_init ] --END-- [ RunTime:0.000000s ]
INFO: [ app_begin ] --START--
INFO: Run Behavior\ReadHtmlCacheBehavior [ RunTime:0.000000s ]
INFO: [ app_begin ] --END-- [ RunTime:0.001000s ]
INFO: [ action_begin ] --START--
NOTIC: [8] Undefined index: updateAppDataBathDo D:\Apache HTTP Server\x64\WebApp\AppErp\Web\Api\Behaviors\PurviewBehavior.class.php 第 52 行.
NOTIC: [8] Undefined index: updateAppDataBathDo D:\Apache HTTP Server\x64\WebApp\AppErp\Web\Api\Behaviors\PurviewBehavior.class.php 第 58 行.
NOTIC: [8] Undefined index: updateAppDataBathDo D:\Apache HTTP Server\x64\WebApp\AppErp\Web\Api\Behaviors\PurviewBehavior.class.php 第 64 行.
INFO: Run Api\Behaviors\PurviewBehavior [ RunTime:0.002001s ]
INFO: Run Admin\Behaviors\AdminPurviewBehavior [ RunTime:0.000000s ]
INFO: [ action_begin ] --END-- [ RunTime:0.003001s ]
NOTIC: [2048] Non-static method Api\Controller\UpdateController::UpdateFromErpModelByStringList() should not be called statically, assuming $this from incompatible context D:\Apache HTTP Server\x64\WebApp\AppErp\Web\Admin\Controller\AdminApiController\Admin.Controller.SystemManage.php 第 48 行.
SQL: SHOW COLUMNS FROM `app_model_category` [ RunTime:0.0080s ]
SQL: SELECT a.id,a.erpTypeId,a.name FROM app_model_category a,app_model_category b WHERE ( a.erpTypeId in (1,2,3,4,8,13) and b.sign='mode' and a.model_category_id=b.id )  [ RunTime:0.0070s ]
NOTIC: [2] Creating default object from empty value D:\Apache HTTP Server\x64\WebApp\AppErp\Web\Common\Common\Api\flow\UpdateCls\flow.UpdateCls.Model.php 第 277 行.
NOTIC: [2] Creating default object from empty value D:\Apache HTTP Server\x64\WebApp\AppErp\Web\Common\Common\Api\flow\UpdateCls\flow.UpdateCls.Model.php 第 277 行.
NOTIC: [2] Creating default object from empty value D:\Apache HTTP Server\x64\WebApp\AppErp\Web\Common\Common\Api\flow\UpdateCls\flow.UpdateCls.Model.php 第 277 行.
NOTIC: [2] Creating default object from empty value D:\Apache HTTP Server\x64\WebApp\AppErp\Web\Common\Common\Api\flow\UpdateCls\flow.UpdateCls.Model.php 第 277 行.
NOTIC: [2] Creating default object from empty value D:\Apache HTTP Server\x64\WebApp\AppErp\Web\Common\Common\Api\flow\UpdateCls\flow.UpdateCls.Model.php 第 277 行.
NOTIC: [2] Creating default object from empty value D:\Apache HTTP Server\x64\WebApp\AppErp\Web\Common\Common\Api\flow\UpdateCls\flow.UpdateCls.Model.php 第 277 行.
NOTIC: [8] Use of undefined constant data - assumed 'data' D:\Apache HTTP Server\x64\WebApp\AppErp\Web\Common\Common\Api\flow\UpdateCls\flow.UpdateCls.Model.php 第 292 行.
SQL: SHOW COLUMNS FROM `app_model_product` [ RunTime:0.0090s ]
SQL: SELECT `id`,`modelNum` FROM `app_model_product` WHERE ( modelNum in ('A0001','A0002','A0003','A0004') )  [ RunTime:0.0070s ]
SQL: SHOW COLUMNS FROM `app_model_category` [ RunTime:0.0100s ]

[ 2017-07-06T15:58:31+08:00 ] 192.168.1.240 /admin/index
INFO: [ app_init ] --START--
INFO: Run Behavior\BuildLiteBehavior [ RunTime:0.000000s ]
INFO: [ app_init ] --END-- [ RunTime:0.000000s ]
INFO: [ app_begin ] --START--
INFO: Run Behavior\ReadHtmlCacheBehavior [ RunTime:0.001000s ]
INFO: [ app_begin ] --END-- [ RunTime:0.001000s ]
INFO: [ action_begin ] --START--
NOTIC: [8] Undefined index: index D:\Apache HTTP Server\x64\WebApp\AppErp\Web\Api\Behaviors\PurviewBehavior.class.php 第 52 行.
NOTIC: [8] Undefined index: index D:\Apache HTTP Server\x64\WebApp\AppErp\Web\Api\Behaviors\PurviewBehavior.class.php 第 58 行.
NOTIC: [8] Undefined index: index D:\Apache HTTP Server\x64\WebApp\AppErp\Web\Api\Behaviors\PurviewBehavior.class.php 第 64 行.
INFO: Run Api\Behaviors\PurviewBehavior [ RunTime:0.004000s ]
INFO: Run Admin\Behaviors\AdminPurviewBehavior [ RunTime:0.000000s ]
INFO: [ action_begin ] --END-- [ RunTime:0.006000s ]
INFO: [ view_parse ] --START--
INFO: [ template_filter ] --START--
INFO: Run Behavior\ContentReplaceBehavior [ RunTime:0.001000s ]
INFO: [ template_filter ] --END-- [ RunTime:0.001000s ]
INFO: Run Behavior\ParseTemplateBehavior [ RunTime:0.019001s ]
INFO: [ view_parse ] --END-- [ RunTime:0.019001s ]
INFO: [ view_filter ] --START--
INFO: Run Behavior\WriteHtmlCacheBehavior [ RunTime:0.000000s ]
INFO: [ view_filter ] --END-- [ RunTime:0.000000s ]
INFO: [ app_end ] --START--
INFO: Run Behavior\ShowPageTraceBehavior [ RunTime:0.000000s ]
INFO: [ app_end ] --END-- [ RunTime:0.000000s ]

[ 2017-07-06T15:58:31+08:00 ] 192.168.1.240 /admin/index/indexTop
INFO: [ app_init ] --START--
INFO: Run Behavior\BuildLiteBehavior [ RunTime:0.000000s ]
INFO: [ app_init ] --END-- [ RunTime:0.000000s ]
INFO: [ app_begin ] --START--
INFO: Run Behavior\ReadHtmlCacheBehavior [ RunTime:0.000000s ]
INFO: [ app_begin ] --END-- [ RunTime:0.000000s ]
INFO: [ action_begin ] --START--
NOTIC: [8] Undefined index: indexTop D:\Apache HTTP Server\x64\WebApp\AppErp\Web\Api\Behaviors\PurviewBehavior.class.php 第 52 行.
NOTIC: [8] Undefined index: indexTop D:\Apache HTTP Server\x64\WebApp\AppErp\Web\Api\Behaviors\PurviewBehavior.class.php 第 58 行.
NOTIC: [8] Undefined index: indexTop D:\Apache HTTP Server\x64\WebApp\AppErp\Web\Api\Behaviors\PurviewBehavior.class.php 第 64 行.
INFO: Run Api\Behaviors\PurviewBehavior [ RunTime:0.001000s ]
INFO: Run Admin\Behaviors\AdminPurviewBehavior [ RunTime:0.001000s ]
INFO: [ action_begin ] --END-- [ RunTime:0.002000s ]
INFO: [ view_parse ] --START--
INFO: [ template_filter ] --START--
INFO: Run Behavior\ContentReplaceBehavior [ RunTime:0.000000s ]
INFO: [ template_filter ] --END-- [ RunTime:0.001000s ]
INFO: Run Behavior\ParseTemplateBehavior [ RunTime:0.010001s ]
INFO: [ view_parse ] --END-- [ RunTime:0.010001s ]
INFO: [ view_filter ] --START--
INFO: Run Behavior\WriteHtmlCacheBehavior [ RunTime:0.001000s ]
INFO: [ view_filter ] --END-- [ RunTime:0.001000s ]
INFO: [ app_end ] --START--
INFO: Run Behavior\ShowPageTraceBehavior [ RunTime:0.001000s ]
INFO: [ app_end ] --END-- [ RunTime:0.001000s ]

[ 2017-07-06T15:58:31+08:00 ] 192.168.1.240 /admin/index/indexLeft
INFO: [ app_init ] --START--
INFO: Run Behavior\BuildLiteBehavior [ RunTime:0.000000s ]
INFO: [ app_init ] --END-- [ RunTime:0.001000s ]
INFO: [ app_begin ] --START--
INFO: Run Behavior\ReadHtmlCacheBehavior [ RunTime:0.000000s ]
INFO: [ app_begin ] --END-- [ RunTime:0.000000s ]
INFO: [ action_begin ] --START--
NOTIC: [8] Undefined index: indexLeft D:\Apache HTTP Server\x64\WebApp\AppErp\Web\Api\Behaviors\PurviewBehavior.class.php 第 52 行.
NOTIC: [8] Undefined index: indexLeft D:\Apache HTTP Server\x64\WebApp\AppErp\Web\Api\Behaviors\PurviewBehavior.class.php 第 58 行.
NOTIC: [8] Undefined index: indexLeft D:\Apache HTTP Server\x64\WebApp\AppErp\Web\Api\Behaviors\PurviewBehavior.class.php 第 64 行.
INFO: Run Api\Behaviors\PurviewBehavior [ RunTime:0.002000s ]
INFO: Run Admin\Behaviors\AdminPurviewBehavior [ RunTime:0.000000s ]
INFO: [ action_begin ] --END-- [ RunTime:0.002000s ]
INFO: [ view_parse ] --START--
INFO: [ template_filter ] --START--
INFO: Run Behavior\ContentReplaceBehavior [ RunTime:0.000000s ]
INFO: [ template_filter ] --END-- [ RunTime:0.000000s ]
INFO: Run Behavior\ParseTemplateBehavior [ RunTime:0.008001s ]
INFO: [ view_parse ] --END-- [ RunTime:0.008001s ]
INFO: [ view_filter ] --START--
INFO: Run Behavior\WriteHtmlCacheBehavior [ RunTime:0.000000s ]
INFO: [ view_filter ] --END-- [ RunTime:0.000000s ]
INFO: [ app_end ] --START--
INFO: Run Behavior\ShowPageTraceBehavior [ RunTime:0.000000s ]
INFO: [ app_end ] --END-- [ RunTime:0.000000s ]

[ 2017-07-06T15:58:31+08:00 ] 192.168.1.240 /admin/index/indexMain
INFO: [ app_init ] --START--
INFO: Run Behavior\BuildLiteBehavior [ RunTime:0.000000s ]
INFO: [ app_init ] --END-- [ RunTime:0.001001s ]
INFO: [ app_begin ] --START--
INFO: Run Behavior\ReadHtmlCacheBehavior [ RunTime:0.000000s ]
INFO: [ app_begin ] --END-- [ RunTime:0.000000s ]
INFO: [ action_begin ] --START--
NOTIC: [8] Undefined index: indexMain D:\Apache HTTP Server\x64\WebApp\AppErp\Web\Api\Behaviors\PurviewBehavior.class.php 第 52 行.
NOTIC: [8] Undefined index: indexMain D:\Apache HTTP Server\x64\WebApp\AppErp\Web\Api\Behaviors\PurviewBehavior.class.php 第 58 行.
NOTIC: [8] Undefined index: indexMain D:\Apache HTTP Server\x64\WebApp\AppErp\Web\Api\Behaviors\PurviewBehavior.class.php 第 64 行.
INFO: Run Api\Behaviors\PurviewBehavior [ RunTime:0.002000s ]
INFO: Run Admin\Behaviors\AdminPurviewBehavior [ RunTime:0.001000s ]
INFO: [ action_begin ] --END-- [ RunTime:0.003000s ]
INFO: [ view_parse ] --START--
INFO: [ template_filter ] --START--
INFO: Run Behavior\ContentReplaceBehavior [ RunTime:0.000000s ]
INFO: [ template_filter ] --END-- [ RunTime:0.000000s ]
INFO: Run Behavior\ParseTemplateBehavior [ RunTime:0.006000s ]
INFO: [ view_parse ] --END-- [ RunTime:0.007000s ]
INFO: [ view_filter ] --START--
INFO: Run Behavior\WriteHtmlCacheBehavior [ RunTime:0.000000s ]
INFO: [ view_filter ] --END-- [ RunTime:0.000000s ]
INFO: [ app_end ] --START--
INFO: Run Behavior\ShowPageTraceBehavior [ RunTime:0.000000s ]
INFO: [ app_end ] --END-- [ RunTime:0.000000s ]

